#
# There is insufficient memory for the Java Runtime Environment to continue.
# Native memory allocation (malloc) failed to allocate 402528 bytes. Error detail: Chunk::new
# Possible reasons:
#   The system is out of physical RAM or swap space
#   This process is running with CompressedOops enabled, and the Java Heap may be blocking the growth of the native heap
# Possible solutions:
#   Reduce memory load on the system
#   Increase physical memory or swap space
#   Check if swap backing store is full
#   Decrease Java heap size (-Xmx/-Xms)
#   Decrease number of Java threads
#   Decrease Java thread stack sizes (-Xss)
#   Set larger code cache with -XX:ReservedCodeCacheSize=
#   JVM is running with Unscaled Compressed Oops mode in which the Java heap is
#     placed in the first 4GB address space. The Java Heap base address is the
#     maximum limit for the native heap growth. Please use -XX:HeapBaseMinAddress
#     to set the Java Heap base and to place the Java Heap above 4GB virtual address.
# This output file may be truncated or incomplete.
#
#  Out of Memory Error (arena.cpp:168), pid=29540, tid=10608
#
# JRE version: OpenJDK Runtime Environment Temurin-21.0.11+10 (21.0.11+10) (build 21.0.11+10-LTS)
# Java VM: OpenJDK 64-Bit Server VM Temurin-21.0.11+10 (21.0.11+10-LTS, mixed mode, sharing, tiered, compressed oops, compressed class ptrs, g1 gc, windows-amd64)
# No core dump will be written. Minidumps are not enabled by default on client versions of Windows
#

---------------  S U M M A R Y ------------

Command Line: --add-opens=java.base/java.lang=ALL-UNNAMED --add-opens=java.base/java.lang.invoke=ALL-UNNAMED --add-opens=java.base/java.util=ALL-UNNAMED --add-opens=java.prefs/java.util.prefs=ALL-UNNAMED --add-exports=jdk.compiler/com.sun.tools.javac.api=ALL-UNNAMED --add-exports=jdk.compiler/com.sun.tools.javac.util=ALL-UNNAMED --add-opens=java.base/java.util=ALL-UNNAMED --add-opens=java.prefs/java.util.prefs=ALL-UNNAMED --add-opens=java.base/java.nio.charset=ALL-UNNAMED --add-opens=java.base/java.net=ALL-UNNAMED --add-opens=java.base/java.util.concurrent=ALL-UNNAMED --add-opens=java.base/java.util.concurrent.atomic=ALL-UNNAMED --add-opens=java.xml/javax.xml.namespace=ALL-UNNAMED --add-opens=java.base/java.time=ALL-UNNAMED -XX:MaxMetaspaceSize=384m -XX:+HeapDumpOnOutOfMemoryError -Xmx1536m -Dfile.encoding=UTF-8 -Duser.country=US -Duser.language=en -Duser.variant -javaagent:C:\Users\prath\.gradle\wrapper\dists\gradle-9.3.1-bin\23ovyewtku6u96viwx3xl3oks\gradle-9.3.1\lib\agents\gradle-instrumentation-agent-9.3.1.jar org.gradle.launcher.daemon.bootstrap.GradleDaemon 9.3.1

Host: AMD Ryzen 5 5500U with Radeon Graphics         , 12 cores, 5G,  Windows 11 , 64 bit Build 26100 (10.0.26100.8737)
Time: Thu Jul  9 20:59:19 2026 India Standard Time elapsed time: 59.543416 seconds (0d 0h 0m 59s)

---------------  T H R E A D  ---------------

Current thread (0x00000243f17e8170):  JavaThread "C2 CompilerThread0" daemon [_thread_in_native, id=10608, stack(0x0000007936a00000,0x0000007936b00000) (1024K)]


Current CompileTask:
C2:59543 9305   !   4       java.util.concurrent.locks.AbstractQueuedSynchronizer::acquire (424 bytes)

Stack: [0x0000007936a00000,0x0000007936b00000]
Native frames: (J=compiled Java code, j=interpreted, Vv=VM code, C=native code)
V  [jvm.dll+0x6d7e19]
V  [jvm.dll+0x8b5096]
V  [jvm.dll+0x8b764e]
V  [jvm.dll+0x8b7d33]
V  [jvm.dll+0x284596]
V  [jvm.dll+0xc685d]
V  [jvm.dll+0xc6da1]
V  [jvm.dll+0x3bed6b]
V  [jvm.dll+0x38b2b2]
V  [jvm.dll+0x38a6fa]
V  [jvm.dll+0x24c700]
V  [jvm.dll+0x24bce0]
V  [jvm.dll+0x1cb4ae]
V  [jvm.dll+0x25baad]
V  [jvm.dll+0x25a03a]
V  [jvm.dll+0x3f868e]
V  [jvm.dll+0x85fb0d]
V  [jvm.dll+0x6d664d]
C  [ucrtbase.dll+0x2cd30]
C  [KERNEL32.DLL+0x2e957]
C  [ntdll.dll+0xaad6c]


---------------  P R O C E S S  ---------------

Threads class SMR info:
_java_thread_list=0x00000243f808dbe0, length=57, elements={
0x00000243da628870, 0x00000243f17ca5f0, 0x00000243f17cde80, 0x00000243f17d0740,
0x00000243f17d5440, 0x00000243f17de460, 0x00000243f17e7080, 0x00000243f17e8170,
0x00000243f17ee2d0, 0x00000243f1a33170, 0x00000243f1a30380, 0x00000243f1a2fcf0,
0x00000243f1a32ae0, 0x00000243f1a30a10, 0x00000243f1a310a0, 0x00000243f1a31dc0,
0x00000243f6c76e60, 0x00000243f6c767d0, 0x00000243f6c76140, 0x00000243f6c774f0,
0x00000243f6c77b80, 0x00000243f6c74d90, 0x00000243f6c75420, 0x00000243f6c788a0,
0x00000243f6c7bd20, 0x00000243f6c7c3b0, 0x00000243f6c7a2e0, 0x00000243f6c795c0,
0x00000243f6c79c50, 0x00000243f6c7a970, 0x00000243f6c7b000, 0x00000243f6c7b690,
0x00000243f1950600, 0x00000243f1950c90, 0x00000243f19519b0, 0x00000243f194ff70,
0x00000243f1953a80, 0x00000243f19547a0, 0x00000243f19554c0, 0x00000243f19526d0,
0x00000243f1952040, 0x00000243f19561e0, 0x00000243f1956f00, 0x00000243f1957590,
0x00000243fac68c90, 0x00000243fac6a040, 0x00000243fac6c110, 0x00000243fac6a6d0,
0x00000243fac6ad60, 0x00000243fac6b3f0, 0x00000243fac6ba80, 0x00000243fac6c7a0,
0x00000243fac69320, 0x00000243fac6ce30, 0x00000243fac699b0, 0x00000243fac6fc20,
0x00000243fac6db50
}

Java Threads: ( => current thread )
  0x00000243da628870 JavaThread "main"                              [_thread_blocked, id=26848, stack(0x0000007935c00000,0x0000007935d00000) (1024K)]
  0x00000243f17ca5f0 JavaThread "Reference Handler"          daemon [_thread_blocked, id=28576, stack(0x0000007936400000,0x0000007936500000) (1024K)]
  0x00000243f17cde80 JavaThread "Finalizer"                  daemon [_thread_blocked, id=28184, stack(0x0000007936500000,0x0000007936600000) (1024K)]
  0x00000243f17d0740 JavaThread "Signal Dispatcher"          daemon [_thread_blocked, id=16036, stack(0x0000007936600000,0x0000007936700000) (1024K)]
  0x00000243f17d5440 JavaThread "Attach Listener"            daemon [_thread_blocked, id=23632, stack(0x0000007936700000,0x0000007936800000) (1024K)]
  0x00000243f17de460 JavaThread "Service Thread"             daemon [_thread_blocked, id=29504, stack(0x0000007936800000,0x0000007936900000) (1024K)]
  0x00000243f17e7080 JavaThread "Monitor Deflation Thread"   daemon [_thread_blocked, id=12020, stack(0x0000007936900000,0x0000007936a00000) (1024K)]
=>0x00000243f17e8170 JavaThread "C2 CompilerThread0"         daemon [_thread_in_native, id=10608, stack(0x0000007936a00000,0x0000007936b00000) (1024K)]
  0x00000243f17ee2d0 JavaThread "C1 CompilerThread0"         daemon [_thread_blocked, id=29000, stack(0x0000007936b00000,0x0000007936c00000) (1024K)]
  0x00000243f1a33170 JavaThread "Common-Cleaner"             daemon [_thread_blocked, id=28068, stack(0x0000007936c00000,0x0000007936d00000) (1024K)]
  0x00000243f1a30380 JavaThread "Notification Thread"        daemon [_thread_blocked, id=19532, stack(0x0000007936d00000,0x0000007936e00000) (1024K)]
  0x00000243f1a2fcf0 JavaThread "Daemon health stats"               [_thread_blocked, id=9024, stack(0x0000007937300000,0x0000007937400000) (1024K)]
  0x00000243f1a32ae0 JavaThread "Incoming local TCP Connector on port 63572"        [_thread_in_native, id=11276, stack(0x0000007937400000,0x0000007937500000) (1024K)]
  0x00000243f1a30a10 JavaThread "Daemon periodic checks"            [_thread_blocked, id=2068, stack(0x0000007937500000,0x0000007937600000) (1024K)]
  0x00000243f1a310a0 JavaThread "Daemon"                            [_thread_blocked, id=29616, stack(0x0000007937600000,0x0000007937700000) (1024K)]
  0x00000243f1a31dc0 JavaThread "Handler for socket connection from /127.0.0.1:63572 to /127.0.0.1:63573"        [_thread_in_native, id=9336, stack(0x0000007937700000,0x0000007937800000) (1024K)]
  0x00000243f6c76e60 JavaThread "Cancel handler"                    [_thread_blocked, id=17160, stack(0x0000007937800000,0x0000007937900000) (1024K)]
  0x00000243f6c767d0 JavaThread "Daemon worker"                     [_thread_blocked, id=29060, stack(0x0000007937900000,0x0000007937a00000) (1024K)]
  0x00000243f6c76140 JavaThread "Asynchronous log dispatcher for DefaultDaemonConnection: socket connection from /127.0.0.1:63572 to /127.0.0.1:63573"        [_thread_blocked, id=25528, stack(0x0000007937a00000,0x0000007937b00000) (1024K)]
  0x00000243f6c774f0 JavaThread "Stdin handler"                     [_thread_blocked, id=20552, stack(0x0000007937b00000,0x0000007937c00000) (1024K)]
  0x00000243f6c77b80 JavaThread "Daemon client event forwarder"        [_thread_blocked, id=24016, stack(0x0000007937c00000,0x0000007937d00000) (1024K)]
  0x00000243f6c74d90 JavaThread "Cache worker for journal cache (C:\Users\prath\.gradle\caches\journal-1)"        [_thread_blocked, id=23452, stack(0x0000007937d00000,0x0000007937e00000) (1024K)]
  0x00000243f6c75420 JavaThread "File lock request listener"        [_thread_in_native, id=26132, stack(0x0000007937e00000,0x0000007937f00000) (1024K)]
  0x00000243f6c788a0 JavaThread "Cache worker for file hash cache (C:\Users\prath\.gradle\caches\9.3.1\fileHashes)"        [_thread_blocked, id=26796, stack(0x0000007938300000,0x0000007938400000) (1024K)]
  0x00000243f6c7bd20 JavaThread "Cache worker for file hash cache (D:\Training\project-a\projectvideo-app\projectvideo-frontend\android\.gradle\9.3.1\fileHashes)"        [_thread_blocked, id=27028, stack(0x0000007938700000,0x0000007938800000) (1024K)]
  0x00000243f6c7c3b0 JavaThread "Cache worker for Build Output Cleanup Cache (D:\Training\project-a\projectvideo-app\projectvideo-frontend\android\.gradle\buildOutputCleanup)"        [_thread_blocked, id=12540, stack(0x0000007938800000,0x0000007938900000) (1024K)]
  0x00000243f6c7a2e0 JavaThread "File watcher server"        daemon [_thread_in_native, id=8848, stack(0x0000007938900000,0x0000007938a00000) (1024K)]
  0x00000243f6c795c0 JavaThread "File watcher consumer"      daemon [_thread_blocked, id=22728, stack(0x0000007938a00000,0x0000007938b00000) (1024K)]
  0x00000243f6c79c50 JavaThread "Cache worker for checksums cache (D:\Training\project-a\projectvideo-app\projectvideo-frontend\android\.gradle\9.3.1\checksums)"        [_thread_blocked, id=27136, stack(0x0000007938600000,0x0000007938700000) (1024K)]
  0x00000243f6c7a970 JavaThread "Cache worker for file content cache (C:\Users\prath\.gradle\caches\9.3.1\fileContent)"        [_thread_blocked, id=22468, stack(0x0000007938b00000,0x0000007938c00000) (1024K)]
  0x00000243f6c7b000 JavaThread "Cache worker for cache directory md-supplier (C:\Users\prath\.gradle\caches\9.3.1\md-supplier)"        [_thread_blocked, id=7380, stack(0x0000007938c00000,0x0000007938d00000) (1024K)]
  0x00000243f6c7b690 JavaThread "Cache worker for cache directory md-rule (C:\Users\prath\.gradle\caches\9.3.1\md-rule)"        [_thread_blocked, id=27180, stack(0x0000007938d00000,0x0000007938e00000) (1024K)]
  0x00000243f1950600 JavaThread "jar transforms"                    [_thread_blocked, id=29640, stack(0x0000007939000000,0x0000007939100000) (1024K)]
  0x00000243f1950c90 JavaThread "Cache worker for Build Output Cleanup Cache (D:\Training\project-a\projectvideo-app\projectvideo-frontend\node_modules\@react-native\gradle-plugin\.gradle\buildOutputCleanup)"        [_thread_blocked, id=5152, stack(0x0000007939100000,0x0000007939200000) (1024K)]
  0x00000243f19519b0 JavaThread "Unconstrained build operations"        [_thread_blocked, id=7856, stack(0x0000007938e00000,0x0000007938f00000) (1024K)]
  0x00000243f194ff70 JavaThread "Unconstrained build operations Thread 2"        [_thread_blocked, id=28460, stack(0x0000007939200000,0x0000007939300000) (1024K)]
  0x00000243f1953a80 JavaThread "Unconstrained build operations Thread 3"        [_thread_blocked, id=2560, stack(0x0000007939300000,0x0000007939400000) (1024K)]
  0x00000243f19547a0 JavaThread "Unconstrained build operations Thread 4"        [_thread_blocked, id=29676, stack(0x0000007939400000,0x0000007939500000) (1024K)]
  0x00000243f19554c0 JavaThread "Unconstrained build operations Thread 5"        [_thread_blocked, id=14212, stack(0x0000007939500000,0x0000007939600000) (1024K)]
  0x00000243f19526d0 JavaThread "Unconstrained build operations Thread 6"        [_thread_blocked, id=20644, stack(0x0000007938f00000,0x0000007939000000) (1024K)]
  0x00000243f1952040 JavaThread "build event listener"              [_thread_blocked, id=26936, stack(0x0000007939600000,0x0000007939700000) (1024K)]
  0x00000243f19561e0 JavaThread "Memory manager"                    [_thread_blocked, id=29360, stack(0x0000007939700000,0x0000007939800000) (1024K)]
  0x00000243f1956f00 JavaThread "Problems report writer"            [_thread_blocked, id=26840, stack(0x0000007939800000,0x0000007939900000) (1024K)]
  0x00000243f1957590 JavaThread "ForkJoinPool.commonPool-worker-1" daemon [_thread_blocked, id=15224, stack(0x0000007939900000,0x0000007939a00000) (1024K)]
  0x00000243fac68c90 JavaThread "ForkJoinPool.commonPool-worker-2" daemon [_thread_blocked, id=28920, stack(0x0000007939a00000,0x0000007939b00000) (1024K)]
  0x00000243fac6a040 JavaThread "ForkJoinPool.commonPool-worker-3" daemon [_thread_blocked, id=29180, stack(0x0000007939b00000,0x0000007939c00000) (1024K)]
  0x00000243fac6c110 JavaThread "ForkJoinPool.commonPool-worker-4" daemon [_thread_blocked, id=14056, stack(0x0000007939c00000,0x0000007939d00000) (1024K)]
  0x00000243fac6a6d0 JavaThread "ForkJoinPool.commonPool-worker-5" daemon [_thread_blocked, id=25412, stack(0x0000007939d00000,0x0000007939e00000) (1024K)]
  0x00000243fac6ad60 JavaThread "ForkJoinPool.commonPool-worker-6" daemon [_thread_blocked, id=23460, stack(0x0000007939e00000,0x0000007939f00000) (1024K)]
  0x00000243fac6b3f0 JavaThread "ForkJoinPool.commonPool-worker-7" daemon [_thread_blocked, id=9912, stack(0x0000007939f00000,0x000000793a000000) (1024K)]
  0x00000243fac6ba80 JavaThread "ForkJoinPool.commonPool-worker-8" daemon [_thread_blocked, id=13248, stack(0x000000793a000000,0x000000793a100000) (1024K)]
  0x00000243fac6c7a0 JavaThread "ForkJoinPool.commonPool-worker-9" daemon [_thread_blocked, id=26232, stack(0x000000793a100000,0x000000793a200000) (1024K)]
  0x00000243fac69320 JavaThread "ForkJoinPool.commonPool-worker-10" daemon [_thread_blocked, id=15800, stack(0x000000793a200000,0x000000793a300000) (1024K)]
  0x00000243fac6ce30 JavaThread "ForkJoinPool.commonPool-worker-11" daemon [_thread_blocked, id=10212, stack(0x000000793a300000,0x000000793a400000) (1024K)]
  0x00000243fac699b0 JavaThread "Exec process"               daemon [_thread_in_native, id=20736, stack(0x000000793a400000,0x000000793a500000) (1024K)]
  0x00000243fac6fc20 JavaThread "Exec process Thread 2"      daemon [_thread_in_native, id=19564, stack(0x000000793a500000,0x000000793a600000) (1024K)]
  0x00000243fac6db50 JavaThread "Exec process Thread 3"      daemon [_thread_in_native, id=12932, stack(0x000000793a600000,0x000000793a700000) (1024K)]
Total: 57

Other Threads:
  0x00000243f17ae390 VMThread "VM Thread"                           [id=22860, stack(0x0000007936300000,0x0000007936400000) (1024K)]
  0x00000243f179c360 WatcherThread "VM Periodic Task Thread"        [id=7212, stack(0x0000007936200000,0x0000007936300000) (1024K)]
  0x00000243da66f870 WorkerThread "GC Thread#0"                     [id=23432, stack(0x0000007935d00000,0x0000007935e00000) (1024K)]
  0x00000243f1bb5560 WorkerThread "GC Thread#1"                     [id=3508, stack(0x0000007936e00000,0x0000007936f00000) (1024K)]
  0x00000243f1ad36b0 WorkerThread "GC Thread#2"                     [id=18380, stack(0x0000007936f00000,0x0000007937000000) (1024K)]
  0x00000243f6ab40f0 WorkerThread "GC Thread#3"                     [id=29204, stack(0x0000007937000000,0x0000007937100000) (1024K)]
  0x00000243f69dc180 WorkerThread "GC Thread#4"                     [id=4292, stack(0x0000007937100000,0x0000007937200000) (1024K)]
  0x00000243f744e830 WorkerThread "GC Thread#5"                     [id=26184, stack(0x0000007937200000,0x0000007937300000) (1024K)]
  0x00000243f78f2160 WorkerThread "GC Thread#6"                     [id=29680, stack(0x0000007937f00000,0x0000007938000000) (1024K)]
  0x00000243f78f2510 WorkerThread "GC Thread#7"                     [id=17668, stack(0x0000007938000000,0x0000007938100000) (1024K)]
  0x00000243f78f0ef0 WorkerThread "GC Thread#8"                     [id=21632, stack(0x0000007938100000,0x0000007938200000) (1024K)]
  0x00000243f78f0b40 WorkerThread "GC Thread#9"                     [id=13196, stack(0x0000007938200000,0x0000007938300000) (1024K)]
  0x00000243d820e720 ConcurrentGCThread "G1 Main Marker"            [id=18404, stack(0x0000007935e00000,0x0000007935f00000) (1024K)]
  0x00000243da67a110 WorkerThread "G1 Conc#0"                       [id=2224, stack(0x0000007935f00000,0x0000007936000000) (1024K)]
  0x00000243f94eeb60 WorkerThread "G1 Conc#1"                       [id=20572, stack(0x0000007938400000,0x0000007938500000) (1024K)]
  0x00000243f94f17a0 WorkerThread "G1 Conc#2"                       [id=17980, stack(0x0000007938500000,0x0000007938600000) (1024K)]
  0x00000243f166e530 ConcurrentGCThread "G1 Refine#0"               [id=2172, stack(0x0000007936000000,0x0000007936100000) (1024K)]
  0x00000243f166eec0 ConcurrentGCThread "G1 Service"                [id=11796, stack(0x0000007936100000,0x0000007936200000) (1024K)]
Total: 18

Threads with active compile tasks:
C2 CompilerThread0  59650 9305   !   4       java.util.concurrent.locks.AbstractQueuedSynchronizer::acquire (424 bytes)
Total: 1

VM state: not at safepoint (normal execution)

VM Mutex/Monitor currently owned by a thread: None

Heap address: 0x00000000a0000000, size: 1536 MB, Compressed Oops mode: 32-bit

CDS archive(s) mapped at: [0x0000024380000000-0x0000024380ba0000-0x0000024380ba0000), size 12189696, SharedBaseAddress: 0x0000024380000000, ArchiveRelocationMode: 1.
Compressed class space mapped at: 0x0000024381000000-0x0000024395000000, reserved size: 335544320
Narrow klass base: 0x0000024380000000, Narrow klass shift: 0, Narrow klass range: 0x100000000

GC Precious Log:
 CardTable entry size: 512
 Card Set container configuration: InlinePtr #cards 5 size 8 Array Of Cards #cards 12 size 40 Howl #buckets 4 coarsen threshold 1843 Howl Bitmap #cards 512 size 80 coarsen threshold 460 Card regions per heap region 1 cards per card region 2048
 CPUs: 12 total, 12 available
 Memory: 5989M
 Large Page Support: Disabled
 NUMA Support: Disabled
 Compressed Oops: Enabled (32-bit)
 Heap Region Size: 1M
 Heap Min Capacity: 8M
 Heap Initial Capacity: 94M
 Heap Max Capacity: 1536M
 Pre-touch: Disabled
 Parallel Workers: 10
 Concurrent Workers: 3
 Concurrent Refinement Workers: 10
 Periodic GC: Disabled

Heap:
 garbage-first heap   total 105472K, used 82401K [0x00000000a0000000, 0x0000000100000000)
  region size 1024K, 20 young (20480K), 4 survivors (4096K)
 Metaspace       used 73762K, committed 76096K, reserved 393216K
  class space    used 10808K, committed 11968K, reserved 327680K

Heap Regions: E=young(eden), S=young(survivor), O=old, HS=humongous(starts), HC=humongous(continues), CS=collection set, F=free, TAMS=top-at-mark-start, PB=parsable bottom
|   0|0x00000000a0000000, 0x00000000a0100000, 0x00000000a0100000|100%|HS|  |TAMS 0x00000000a0000000| PB 0x00000000a0000000| Complete 
|   1|0x00000000a0100000, 0x00000000a0200000, 0x00000000a0200000|100%|HC|  |TAMS 0x00000000a0100000| PB 0x00000000a0100000| Complete 
|   2|0x00000000a0200000, 0x00000000a0300000, 0x00000000a0300000|100%|HC|  |TAMS 0x00000000a0200000| PB 0x00000000a0200000| Complete 
|   3|0x00000000a0300000, 0x00000000a0400000, 0x00000000a0400000|100%|HC|  |TAMS 0x00000000a0300000| PB 0x00000000a0300000| Complete 
|   4|0x00000000a0400000, 0x00000000a0500000, 0x00000000a0500000|100%| O|  |TAMS 0x00000000a0400000| PB 0x00000000a0400000| Untracked 
|   5|0x00000000a0500000, 0x00000000a0600000, 0x00000000a0600000|100%| O|  |TAMS 0x00000000a0500000| PB 0x00000000a0500000| Untracked 
|   6|0x00000000a0600000, 0x00000000a0700000, 0x00000000a0700000|100%| O|  |TAMS 0x00000000a0600000| PB 0x00000000a0600000| Untracked 
|   7|0x00000000a0700000, 0x00000000a0800000, 0x00000000a0800000|100%|HS|  |TAMS 0x00000000a0700000| PB 0x00000000a0700000| Complete 
|   8|0x00000000a0800000, 0x00000000a0900000, 0x00000000a0900000|100%| O|  |TAMS 0x00000000a0800000| PB 0x00000000a0800000| Untracked 
|   9|0x00000000a0900000, 0x00000000a0a00000, 0x00000000a0a00000|100%| O|  |TAMS 0x00000000a0900000| PB 0x00000000a0900000| Untracked 
|  10|0x00000000a0a00000, 0x00000000a0b00000, 0x00000000a0b00000|100%| O|  |TAMS 0x00000000a0a00000| PB 0x00000000a0a00000| Untracked 
|  11|0x00000000a0b00000, 0x00000000a0c00000, 0x00000000a0c00000|100%| O|  |TAMS 0x00000000a0b00000| PB 0x00000000a0b00000| Untracked 
|  12|0x00000000a0c00000, 0x00000000a0d00000, 0x00000000a0d00000|100%| O|  |TAMS 0x00000000a0c00000| PB 0x00000000a0c00000| Untracked 
|  13|0x00000000a0d00000, 0x00000000a0e00000, 0x00000000a0e00000|100%| O|  |TAMS 0x00000000a0d00000| PB 0x00000000a0d00000| Untracked 
|  14|0x00000000a0e00000, 0x00000000a0f00000, 0x00000000a0f00000|100%| O|  |TAMS 0x00000000a0e00000| PB 0x00000000a0e00000| Untracked 
|  15|0x00000000a0f00000, 0x00000000a1000000, 0x00000000a1000000|100%| O|  |TAMS 0x00000000a0f00000| PB 0x00000000a0f00000| Untracked 
|  16|0x00000000a1000000, 0x00000000a1100000, 0x00000000a1100000|100%| O|  |TAMS 0x00000000a1000000| PB 0x00000000a1000000| Untracked 
|  17|0x00000000a1100000, 0x00000000a1200000, 0x00000000a1200000|100%| O|  |TAMS 0x00000000a1100000| PB 0x00000000a1100000| Untracked 
|  18|0x00000000a1200000, 0x00000000a1300000, 0x00000000a1300000|100%| O|  |TAMS 0x00000000a1200000| PB 0x00000000a1200000| Untracked 
|  19|0x00000000a1300000, 0x00000000a1400000, 0x00000000a1400000|100%| O|  |TAMS 0x00000000a1300000| PB 0x00000000a1300000| Untracked 
|  20|0x00000000a1400000, 0x00000000a1500000, 0x00000000a1500000|100%| O|  |TAMS 0x00000000a1400000| PB 0x00000000a1400000| Untracked 
|  21|0x00000000a1500000, 0x00000000a1600000, 0x00000000a1600000|100%| O|  |TAMS 0x00000000a1500000| PB 0x00000000a1500000| Untracked 
|  22|0x00000000a1600000, 0x00000000a1700000, 0x00000000a1700000|100%| O|  |TAMS 0x00000000a1600000| PB 0x00000000a1600000| Untracked 
|  23|0x00000000a1700000, 0x00000000a1800000, 0x00000000a1800000|100%| O|  |TAMS 0x00000000a1700000| PB 0x00000000a1700000| Untracked 
|  24|0x00000000a1800000, 0x00000000a1900000, 0x00000000a1900000|100%| O|  |TAMS 0x00000000a1800000| PB 0x00000000a1800000| Untracked 
|  25|0x00000000a1900000, 0x00000000a1a00000, 0x00000000a1a00000|100%| O|  |TAMS 0x00000000a1900000| PB 0x00000000a1900000| Untracked 
|  26|0x00000000a1a00000, 0x00000000a1b00000, 0x00000000a1b00000|100%| O|  |TAMS 0x00000000a1a00000| PB 0x00000000a1a00000| Untracked 
|  27|0x00000000a1b00000, 0x00000000a1c00000, 0x00000000a1c00000|100%| O|  |TAMS 0x00000000a1b00000| PB 0x00000000a1b00000| Untracked 
|  28|0x00000000a1c00000, 0x00000000a1c00000, 0x00000000a1d00000|  0%| F|  |TAMS 0x00000000a1c00000| PB 0x00000000a1c00000| Untracked 
|  29|0x00000000a1d00000, 0x00000000a1e00000, 0x00000000a1e00000|100%| O|  |TAMS 0x00000000a1d00000| PB 0x00000000a1d00000| Untracked 
|  30|0x00000000a1e00000, 0x00000000a1f00000, 0x00000000a1f00000|100%| O|  |TAMS 0x00000000a1e00000| PB 0x00000000a1e00000| Untracked 
|  31|0x00000000a1f00000, 0x00000000a2000000, 0x00000000a2000000|100%| O|  |TAMS 0x00000000a1f00000| PB 0x00000000a1f00000| Untracked 
|  32|0x00000000a2000000, 0x00000000a2100000, 0x00000000a2100000|100%| O|  |TAMS 0x00000000a2000000| PB 0x00000000a2000000| Untracked 
|  33|0x00000000a2100000, 0x00000000a2100000, 0x00000000a2200000|  0%| F|  |TAMS 0x00000000a2100000| PB 0x00000000a2100000| Untracked 
|  34|0x00000000a2200000, 0x00000000a2300000, 0x00000000a2300000|100%| O|  |TAMS 0x00000000a2200000| PB 0x00000000a2200000| Untracked 
|  35|0x00000000a2300000, 0x00000000a2400000, 0x00000000a2400000|100%| O|  |TAMS 0x00000000a2300000| PB 0x00000000a2300000| Untracked 
|  36|0x00000000a2400000, 0x00000000a2500000, 0x00000000a2500000|100%| O|  |TAMS 0x00000000a2400000| PB 0x00000000a2400000| Untracked 
|  37|0x00000000a2500000, 0x00000000a2600000, 0x00000000a2600000|100%| O|  |TAMS 0x00000000a2500000| PB 0x00000000a2500000| Untracked 
|  38|0x00000000a2600000, 0x00000000a2700000, 0x00000000a2700000|100%| O|  |TAMS 0x00000000a2600000| PB 0x00000000a2600000| Untracked 
|  39|0x00000000a2700000, 0x00000000a2800000, 0x00000000a2800000|100%| O|  |TAMS 0x00000000a2700000| PB 0x00000000a2700000| Untracked 
|  40|0x00000000a2800000, 0x00000000a2900000, 0x00000000a2900000|100%| O|  |TAMS 0x00000000a2800000| PB 0x00000000a2800000| Untracked 
|  41|0x00000000a2900000, 0x00000000a2a00000, 0x00000000a2a00000|100%| O|  |TAMS 0x00000000a2900000| PB 0x00000000a2900000| Untracked 
|  42|0x00000000a2a00000, 0x00000000a2b00000, 0x00000000a2b00000|100%| O|  |TAMS 0x00000000a2a00000| PB 0x00000000a2a00000| Untracked 
|  43|0x00000000a2b00000, 0x00000000a2c00000, 0x00000000a2c00000|100%|HS|  |TAMS 0x00000000a2b00000| PB 0x00000000a2b00000| Complete 
|  44|0x00000000a2c00000, 0x00000000a2d00000, 0x00000000a2d00000|100%|HC|  |TAMS 0x00000000a2c00000| PB 0x00000000a2c00000| Complete 
|  45|0x00000000a2d00000, 0x00000000a2e00000, 0x00000000a2e00000|100%|HC|  |TAMS 0x00000000a2d00000| PB 0x00000000a2d00000| Complete 
|  46|0x00000000a2e00000, 0x00000000a2f00000, 0x00000000a2f00000|100%| O|  |TAMS 0x00000000a2e00000| PB 0x00000000a2e00000| Untracked 
|  47|0x00000000a2f00000, 0x00000000a3000000, 0x00000000a3000000|100%| O|  |TAMS 0x00000000a2f00000| PB 0x00000000a2f00000| Untracked 
|  48|0x00000000a3000000, 0x00000000a3100000, 0x00000000a3100000|100%| O|  |TAMS 0x00000000a3000000| PB 0x00000000a3000000| Untracked 
|  49|0x00000000a3100000, 0x00000000a3200000, 0x00000000a3200000|100%| O|  |TAMS 0x00000000a3100000| PB 0x00000000a3100000| Untracked 
|  50|0x00000000a3200000, 0x00000000a3300000, 0x00000000a3300000|100%|HS|  |TAMS 0x00000000a3200000| PB 0x00000000a3200000| Complete 
|  51|0x00000000a3300000, 0x00000000a3400000, 0x00000000a3400000|100%|HC|  |TAMS 0x00000000a3300000| PB 0x00000000a3300000| Complete 
|  52|0x00000000a3400000, 0x00000000a3500000, 0x00000000a3500000|100%|HC|  |TAMS 0x00000000a3400000| PB 0x00000000a3400000| Complete 
|  53|0x00000000a3500000, 0x00000000a3600000, 0x00000000a3600000|100%| O|  |TAMS 0x00000000a3500000| PB 0x00000000a3500000| Untracked 
|  54|0x00000000a3600000, 0x00000000a3700000, 0x00000000a3700000|100%| O|  |TAMS 0x00000000a3600000| PB 0x00000000a3600000| Untracked 
|  55|0x00000000a3700000, 0x00000000a3800000, 0x00000000a3800000|100%| O|  |TAMS 0x00000000a3700000| PB 0x00000000a3700000| Untracked 
|  56|0x00000000a3800000, 0x00000000a3900000, 0x00000000a3900000|100%| O|  |TAMS 0x00000000a3800000| PB 0x00000000a3800000| Untracked 
|  57|0x00000000a3900000, 0x00000000a3a00000, 0x00000000a3a00000|100%| O|  |TAMS 0x00000000a3900000| PB 0x00000000a3900000| Untracked 
|  58|0x00000000a3a00000, 0x00000000a3b00000, 0x00000000a3b00000|100%| O|  |TAMS 0x00000000a3a00000| PB 0x00000000a3a00000| Untracked 
|  59|0x00000000a3b00000, 0x00000000a3c00000, 0x00000000a3c00000|100%| O|  |TAMS 0x00000000a3b00000| PB 0x00000000a3b00000| Untracked 
|  60|0x00000000a3c00000, 0x00000000a3d00000, 0x00000000a3d00000|100%| O|  |TAMS 0x00000000a3c00000| PB 0x00000000a3c00000| Untracked 
|  61|0x00000000a3d00000, 0x00000000a3e00000, 0x00000000a3e00000|100%| S|CS|TAMS 0x00000000a3d00000| PB 0x00000000a3d00000| Complete 
|  62|0x00000000a3e00000, 0x00000000a3f00000, 0x00000000a3f00000|100%| S|CS|TAMS 0x00000000a3e00000| PB 0x00000000a3e00000| Complete 
|  63|0x00000000a3f00000, 0x00000000a4000000, 0x00000000a4000000|100%| S|CS|TAMS 0x00000000a3f00000| PB 0x00000000a3f00000| Complete 
|  64|0x00000000a4000000, 0x00000000a4000000, 0x00000000a4100000|  0%| F|  |TAMS 0x00000000a4000000| PB 0x00000000a4000000| Untracked 
|  65|0x00000000a4100000, 0x00000000a4100000, 0x00000000a4200000|  0%| F|  |TAMS 0x00000000a4100000| PB 0x00000000a4100000| Untracked 
|  66|0x00000000a4200000, 0x00000000a4200000, 0x00000000a4300000|  0%| F|  |TAMS 0x00000000a4200000| PB 0x00000000a4200000| Untracked 
|  67|0x00000000a4300000, 0x00000000a4300000, 0x00000000a4400000|  0%| F|  |TAMS 0x00000000a4300000| PB 0x00000000a4300000| Untracked 
|  68|0x00000000a4400000, 0x00000000a4400000, 0x00000000a4500000|  0%| F|  |TAMS 0x00000000a4400000| PB 0x00000000a4400000| Untracked 
|  69|0x00000000a4500000, 0x00000000a4500000, 0x00000000a4600000|  0%| F|  |TAMS 0x00000000a4500000| PB 0x00000000a4500000| Untracked 
|  70|0x00000000a4600000, 0x00000000a4600000, 0x00000000a4700000|  0%| F|  |TAMS 0x00000000a4600000| PB 0x00000000a4600000| Untracked 
|  71|0x00000000a4700000, 0x00000000a4700000, 0x00000000a4800000|  0%| F|  |TAMS 0x00000000a4700000| PB 0x00000000a4700000| Untracked 
|  72|0x00000000a4800000, 0x00000000a4800000, 0x00000000a4900000|  0%| F|  |TAMS 0x00000000a4800000| PB 0x00000000a4800000| Untracked 
|  73|0x00000000a4900000, 0x00000000a4900000, 0x00000000a4a00000|  0%| F|  |TAMS 0x00000000a4900000| PB 0x00000000a4900000| Untracked 
|  74|0x00000000a4a00000, 0x00000000a4a00000, 0x00000000a4b00000|  0%| F|  |TAMS 0x00000000a4a00000| PB 0x00000000a4a00000| Untracked 
|  75|0x00000000a4b00000, 0x00000000a4b00000, 0x00000000a4c00000|  0%| F|  |TAMS 0x00000000a4b00000| PB 0x00000000a4b00000| Untracked 
|  76|0x00000000a4c00000, 0x00000000a4c00000, 0x00000000a4d00000|  0%| F|  |TAMS 0x00000000a4c00000| PB 0x00000000a4c00000| Untracked 
|  77|0x00000000a4d00000, 0x00000000a4d00000, 0x00000000a4e00000|  0%| F|  |TAMS 0x00000000a4d00000| PB 0x00000000a4d00000| Untracked 
|  78|0x00000000a4e00000, 0x00000000a4e00000, 0x00000000a4f00000|  0%| F|  |TAMS 0x00000000a4e00000| PB 0x00000000a4e00000| Untracked 
|  79|0x00000000a4f00000, 0x00000000a4f00000, 0x00000000a5000000|  0%| F|  |TAMS 0x00000000a4f00000| PB 0x00000000a4f00000| Untracked 
|  80|0x00000000a5000000, 0x00000000a5000000, 0x00000000a5100000|  0%| F|  |TAMS 0x00000000a5000000| PB 0x00000000a5000000| Untracked 
|  81|0x00000000a5100000, 0x00000000a5100000, 0x00000000a5200000|  0%| F|  |TAMS 0x00000000a5100000| PB 0x00000000a5100000| Untracked 
|  82|0x00000000a5200000, 0x00000000a5200000, 0x00000000a5300000|  0%| F|  |TAMS 0x00000000a5200000| PB 0x00000000a5200000| Untracked 
|  83|0x00000000a5300000, 0x00000000a537d948, 0x00000000a5400000| 49%| E|  |TAMS 0x00000000a5300000| PB 0x00000000a5300000| Complete 
|  84|0x00000000a5400000, 0x00000000a5500000, 0x00000000a5500000|100%| E|CS|TAMS 0x00000000a5400000| PB 0x00000000a5400000| Complete 
|  85|0x00000000a5500000, 0x00000000a5600000, 0x00000000a5600000|100%| E|CS|TAMS 0x00000000a5500000| PB 0x00000000a5500000| Complete 
|  86|0x00000000a5600000, 0x00000000a5700000, 0x00000000a5700000|100%| E|CS|TAMS 0x00000000a5600000| PB 0x00000000a5600000| Complete 
|  87|0x00000000a5700000, 0x00000000a5800000, 0x00000000a5800000|100%| E|CS|TAMS 0x00000000a5700000| PB 0x00000000a5700000| Complete 
|  88|0x00000000a5800000, 0x00000000a5900000, 0x00000000a5900000|100%| E|CS|TAMS 0x00000000a5800000| PB 0x00000000a5800000| Complete 
|  89|0x00000000a5900000, 0x00000000a5a00000, 0x00000000a5a00000|100%| E|CS|TAMS 0x00000000a5900000| PB 0x00000000a5900000| Complete 
|  90|0x00000000a5a00000, 0x00000000a5b00000, 0x00000000a5b00000|100%| E|CS|TAMS 0x00000000a5a00000| PB 0x00000000a5a00000| Complete 
|  91|0x00000000a5b00000, 0x00000000a5c00000, 0x00000000a5c00000|100%| E|CS|TAMS 0x00000000a5b00000| PB 0x00000000a5b00000| Complete 
|  92|0x00000000a5c00000, 0x00000000a5d00000, 0x00000000a5d00000|100%| E|CS|TAMS 0x00000000a5c00000| PB 0x00000000a5c00000| Complete 
|  93|0x00000000a5d00000, 0x00000000a5e00000, 0x00000000a5e00000|100%| E|CS|TAMS 0x00000000a5d00000| PB 0x00000000a5d00000| Complete 
|  94|0x00000000a5e00000, 0x00000000a5f00000, 0x00000000a5f00000|100%| E|CS|TAMS 0x00000000a5e00000| PB 0x00000000a5e00000| Complete 
|  95|0x00000000a5f00000, 0x00000000a6000000, 0x00000000a6000000|100%| E|CS|TAMS 0x00000000a5f00000| PB 0x00000000a5f00000| Complete 
|  96|0x00000000a6000000, 0x00000000a6100000, 0x00000000a6100000|100%| E|CS|TAMS 0x00000000a6000000| PB 0x00000000a6000000| Complete 
|  97|0x00000000a6100000, 0x00000000a6200000, 0x00000000a6200000|100%| E|CS|TAMS 0x00000000a6100000| PB 0x00000000a6100000| Complete 
|  98|0x00000000a6200000, 0x00000000a6300000, 0x00000000a6300000|100%| E|CS|TAMS 0x00000000a6200000| PB 0x00000000a6200000| Complete 
|  99|0x00000000a6300000, 0x00000000a63c11d0, 0x00000000a6400000| 75%| S|CS|TAMS 0x00000000a6300000| PB 0x00000000a6300000| Complete 
|1533|0x00000000ffd00000, 0x00000000ffdb7500, 0x00000000ffe00000| 71%| O|  |TAMS 0x00000000ffd00000| PB 0x00000000ffd00000| Untracked 
|1534|0x00000000ffe00000, 0x00000000fff00000, 0x00000000fff00000|100%| O|  |TAMS 0x00000000ffe00000| PB 0x00000000ffe00000| Untracked 
|1535|0x00000000fff00000, 0x0000000100000000, 0x0000000100000000|100%| O|  |TAMS 0x00000000fff00000| PB 0x00000000fff00000| Untracked 

Card table byte_map: [0x00000243ed090000,0x00000243ed390000] _byte_map_base: 0x00000243ecb90000

Marking Bits: (CMBitMap*) 0x00000243d8209fe0
 Bits: [0x00000243ed390000, 0x00000243eeb90000)

Polling page: 0x00000243d8480000

Metaspace:

Usage:
  Non-class:     61.48 MB used.
      Class:     10.56 MB used.
       Both:     72.03 MB used.

Virtual space:
  Non-class space:       64.00 MB reserved,      62.62 MB ( 98%) committed,  1 nodes.
      Class space:      320.00 MB reserved,      11.69 MB (  4%) committed,  1 nodes.
             Both:      384.00 MB reserved,      74.31 MB ( 19%) committed. 

Chunk freelists:
   Non-Class:  1.02 MB
       Class:  4.36 MB
        Both:  5.37 MB

MaxMetaspaceSize: 384.00 MB
CompressedClassSpaceSize: 320.00 MB
Initial GC threshold: 21.00 MB
Current GC threshold: 115.88 MB
CDS: on
 - commit_granule_bytes: 65536.
 - commit_granule_words: 8192.
 - virtual_space_node_default_size: 8388608.
 - enlarge_chunks_in_place: 1.
 - use_allocation_guard: 0.


Internal statistics:

num_allocs_failed_limit: 6.
num_arena_births: 4020.
num_arena_deaths: 0.
num_vsnodes_births: 2.
num_vsnodes_deaths: 0.
num_space_committed: 1189.
num_space_uncommitted: 0.
num_chunks_returned_to_freelist: 6.
num_chunks_taken_from_freelist: 7586.
num_chunk_merges: 3.
num_chunk_splits: 4934.
num_chunks_enlarged: 3074.
num_inconsistent_stats: 0.

CodeHeap 'non-profiled nmethods': size=120000Kb used=4185Kb max_used=4185Kb free=115814Kb
 bounds [0x00000243e52f0000, 0x00000243e5710000, 0x00000243ec820000]
CodeHeap 'profiled nmethods': size=120000Kb used=15311Kb max_used=15311Kb free=104688Kb
 bounds [0x00000243dd820000, 0x00000243de720000, 0x00000243e4d50000]
CodeHeap 'non-nmethods': size=5760Kb used=1958Kb max_used=2017Kb free=3801Kb
 bounds [0x00000243e4d50000, 0x00000243e4fc0000, 0x00000243e52f0000]
CodeCache: size=245760Kb, used=21454Kb, max_used=21513Kb, free=224303Kb
 total_blobs=8917, nmethods=8096, adapters=725, full_count=0
Compilation: enabled, stopped_count=0, restarted_count=0

Compilation events (20 events):
Event: 56.317 Thread 0x00000243f17ee2d0 9298       3       java.lang.ProcessEnvironment$CheckedEntry::getKey (13 bytes)
Event: 56.318 Thread 0x00000243f17ee2d0 nmethod 9298 0x00000243de70e890 code [0x00000243de70ea40, 0x00000243de70ed08]
Event: 56.321 Thread 0x00000243f17ee2d0 9299       3       java.lang.ProcessEnvironment$EntryComparator::compare (13 bytes)
Event: 56.322 Thread 0x00000243f17ee2d0 nmethod 9299 0x00000243de70ee10 code [0x00000243de70f020, 0x00000243de70f778]
Event: 56.322 Thread 0x00000243f17ee2d0 9300       3       java.lang.ProcessEnvironment$EntryComparator::compare (25 bytes)
Event: 56.322 Thread 0x00000243f17ee2d0 nmethod 9300 0x00000243de70f910 code [0x00000243de70fb00, 0x00000243de70ffe0]
Event: 56.330 Thread 0x00000243f17e8170 nmethod 9296 0x00000243e5700690 code [0x00000243e5700900, 0x00000243e5701b70]
Event: 56.331 Thread 0x00000243f17e8170 9282 %     4       jdk.internal.org.objectweb.asm.ClassReader::<init> @ 110 (371 bytes)
Event: 56.362 Thread 0x00000243f17e8170 nmethod 9282% 0x00000243e5702610 code [0x00000243e5702840, 0x00000243e5703500]
Event: 56.362 Thread 0x00000243f17e8170 9290       4       org.objectweb.asm.MethodVisitor::visitFieldInsn (20 bytes)
Event: 56.370 Thread 0x00000243f17e8170 nmethod 9290 0x00000243e5703b10 code [0x00000243e5703d00, 0x00000243e57040e8]
Event: 56.370 Thread 0x00000243f17e8170 9284       4       java.lang.invoke.TypeConvertingMethodAdapter::descriptorToName (36 bytes)
Event: 56.385 Thread 0x00000243f17e8170 nmethod 9284 0x00000243e5704790 code [0x00000243e5704980, 0x00000243e5705010]
Event: 56.385 Thread 0x00000243f17e8170 9302       4       jdk.internal.misc.VM::isSystemDomainLoader (17 bytes)
Event: 56.386 Thread 0x00000243f17e8170 nmethod 9302 0x00000243e5705490 code [0x00000243e5705620, 0x00000243e57056a8]
Event: 56.960 Thread 0x00000243f17e8170 9303   !   4       java.util.concurrent.locks.AbstractQueuedSynchronizer::tryInitializeHead (66 bytes)
Event: 56.966 Thread 0x00000243f17e8170 nmethod 9303 0x00000243e5705790 code [0x00000243e5705940, 0x00000243e5705c38]
Event: 57.006 Thread 0x00000243f17e8170 9304   !   4       java.util.concurrent.locks.AbstractQueuedSynchronizer$ConditionObject::newConditionNode (78 bytes)
Event: 57.014 Thread 0x00000243f17e8170 nmethod 9304 0x00000243e5705d10 code [0x00000243e5705f00, 0x00000243e57063c0]
Event: 57.492 Thread 0x00000243f17e8170 9305   !   4       java.util.concurrent.locks.AbstractQueuedSynchronizer::acquire (424 bytes)

GC Heap History (20 events):
Event: 46.088 GC heap before
{Heap before GC invocations=15 (full 0):
 garbage-first heap   total 86016K, used 78071K [0x00000000a0000000, 0x0000000100000000)
  region size 1024K, 40 young (40960K), 5 survivors (5120K)
 Metaspace       used 55269K, committed 57216K, reserved 393216K
  class space    used 8151K, committed 9088K, reserved 327680K
}
Event: 46.096 GC heap after
{Heap after GC invocations=16 (full 0):
 garbage-first heap   total 87040K, used 45613K [0x00000000a0000000, 0x0000000100000000)
  region size 1024K, 5 young (5120K), 5 survivors (5120K)
 Metaspace       used 55269K, committed 57216K, reserved 393216K
  class space    used 8151K, committed 9088K, reserved 327680K
}
Event: 46.253 GC heap before
{Heap before GC invocations=16 (full 0):
 garbage-first heap   total 87040K, used 49709K [0x00000000a0000000, 0x0000000100000000)
  region size 1024K, 10 young (10240K), 5 survivors (5120K)
 Metaspace       used 55662K, committed 57600K, reserved 393216K
  class space    used 8204K, committed 9152K, reserved 327680K
}
Event: 46.260 GC heap after
{Heap after GC invocations=17 (full 0):
 garbage-first heap   total 87040K, used 47351K [0x00000000a0000000, 0x0000000100000000)
  region size 1024K, 2 young (2048K), 2 survivors (2048K)
 Metaspace       used 55662K, committed 57600K, reserved 393216K
  class space    used 8204K, committed 9152K, reserved 327680K
}
Event: 47.837 GC heap before
{Heap before GC invocations=18 (full 0):
 garbage-first heap   total 87040K, used 84215K [0x00000000a0000000, 0x0000000100000000)
  region size 1024K, 32 young (32768K), 2 survivors (2048K)
 Metaspace       used 58702K, committed 60672K, reserved 393216K
  class space    used 8598K, committed 9536K, reserved 327680K
}
Event: 47.843 GC heap after
{Heap after GC invocations=19 (full 0):
 garbage-first heap   total 90112K, used 56003K [0x00000000a0000000, 0x0000000100000000)
  region size 1024K, 4 young (4096K), 4 survivors (4096K)
 Metaspace       used 58702K, committed 60672K, reserved 393216K
  class space    used 8598K, committed 9536K, reserved 327680K
}
Event: 48.778 GC heap before
{Heap before GC invocations=19 (full 0):
 garbage-first heap   total 90112K, used 82627K [0x00000000a0000000, 0x0000000100000000)
  region size 1024K, 30 young (30720K), 4 survivors (4096K)
 Metaspace       used 60568K, committed 62656K, reserved 393216K
  class space    used 8890K, committed 9920K, reserved 327680K
}
Event: 48.783 GC heap after
{Heap after GC invocations=20 (full 0):
 garbage-first heap   total 90112K, used 56351K [0x00000000a0000000, 0x0000000100000000)
  region size 1024K, 2 young (2048K), 2 survivors (2048K)
 Metaspace       used 60568K, committed 62656K, reserved 393216K
  class space    used 8890K, committed 9920K, reserved 327680K
}
Event: 49.528 GC heap before
{Heap before GC invocations=20 (full 0):
 garbage-first heap   total 90112K, used 82975K [0x00000000a0000000, 0x0000000100000000)
  region size 1024K, 28 young (28672K), 2 survivors (2048K)
 Metaspace       used 62238K, committed 64256K, reserved 393216K
  class space    used 9099K, committed 10112K, reserved 327680K
}
Event: 49.532 GC heap after
{Heap after GC invocations=21 (full 0):
 garbage-first heap   total 90112K, used 57702K [0x00000000a0000000, 0x0000000100000000)
  region size 1024K, 3 young (3072K), 3 survivors (3072K)
 Metaspace       used 62238K, committed 64256K, reserved 393216K
  class space    used 9099K, committed 10112K, reserved 327680K
}
Event: 50.297 GC heap before
{Heap before GC invocations=22 (full 0):
 garbage-first heap   total 97280K, used 83302K [0x00000000a0000000, 0x0000000100000000)
  region size 1024K, 28 young (28672K), 3 survivors (3072K)
 Metaspace       used 64669K, committed 66816K, reserved 393216K
  class space    used 9545K, committed 10624K, reserved 327680K
}
Event: 50.303 GC heap after
{Heap after GC invocations=23 (full 0):
 garbage-first heap   total 97280K, used 58824K [0x00000000a0000000, 0x0000000100000000)
  region size 1024K, 3 young (3072K), 3 survivors (3072K)
 Metaspace       used 64669K, committed 66816K, reserved 393216K
  class space    used 9545K, committed 10624K, reserved 327680K
}
Event: 51.283 GC heap before
{Heap before GC invocations=23 (full 0):
 garbage-first heap   total 97280K, used 89544K [0x00000000a0000000, 0x0000000100000000)
  region size 1024K, 33 young (33792K), 3 survivors (3072K)
 Metaspace       used 66875K, committed 68992K, reserved 393216K
  class space    used 9822K, committed 10880K, reserved 327680K
}
Event: 51.288 GC heap after
{Heap after GC invocations=24 (full 0):
 garbage-first heap   total 97280K, used 59524K [0x00000000a0000000, 0x0000000100000000)
  region size 1024K, 4 young (4096K), 4 survivors (4096K)
 Metaspace       used 66875K, committed 68992K, reserved 393216K
  class space    used 9822K, committed 10880K, reserved 327680K
}
Event: 52.238 GC heap before
{Heap before GC invocations=24 (full 0):
 garbage-first heap   total 97280K, used 90244K [0x00000000a0000000, 0x0000000100000000)
  region size 1024K, 34 young (34816K), 4 survivors (4096K)
 Metaspace       used 68905K, committed 71104K, reserved 393216K
  class space    used 10130K, committed 11200K, reserved 327680K
}
Event: 52.246 GC heap after
{Heap after GC invocations=25 (full 0):
 garbage-first heap   total 97280K, used 61027K [0x00000000a0000000, 0x0000000100000000)
  region size 1024K, 4 young (4096K), 4 survivors (4096K)
 Metaspace       used 68905K, committed 71104K, reserved 393216K
  class space    used 10130K, committed 11200K, reserved 327680K
}
Event: 53.523 GC heap before
{Heap before GC invocations=26 (full 0):
 garbage-first heap   total 102400K, used 90723K [0x00000000a0000000, 0x0000000100000000)
  region size 1024K, 33 young (33792K), 4 survivors (4096K)
 Metaspace       used 70770K, committed 72960K, reserved 393216K
  class space    used 10383K, committed 11456K, reserved 327680K
}
Event: 53.530 GC heap after
{Heap after GC invocations=27 (full 0):
 garbage-first heap   total 102400K, used 63952K [0x00000000a0000000, 0x0000000100000000)
  region size 1024K, 5 young (5120K), 5 survivors (5120K)
 Metaspace       used 70770K, committed 72960K, reserved 393216K
  class space    used 10383K, committed 11456K, reserved 327680K
}
Event: 55.643 GC heap before
{Heap before GC invocations=27 (full 0):
 garbage-first heap   total 102400K, used 94672K [0x00000000a0000000, 0x0000000100000000)
  region size 1024K, 35 young (35840K), 5 survivors (5120K)
 Metaspace       used 72199K, committed 74496K, reserved 393216K
  class space    used 10537K, committed 11648K, reserved 327680K
}
Event: 55.655 GC heap after
{Heap after GC invocations=28 (full 0):
 garbage-first heap   total 105472K, used 67041K [0x00000000a0000000, 0x0000000100000000)
  region size 1024K, 4 young (4096K), 4 survivors (4096K)
 Metaspace       used 72199K, committed 74496K, reserved 393216K
  class space    used 10537K, committed 11648K, reserved 327680K
}

Dll operation events (14 events):
Event: 0.044 Loaded shared library C:\Users\prath\.vscode\extensions\redhat.java-1.55.0-win32-x64\jre\21.0.11-win32-x86_64\bin\java.dll
Event: 0.178 Loaded shared library C:\Users\prath\.vscode\extensions\redhat.java-1.55.0-win32-x64\jre\21.0.11-win32-x86_64\bin\zip.dll
Event: 0.223 Loaded shared library C:\Users\prath\.vscode\extensions\redhat.java-1.55.0-win32-x64\jre\21.0.11-win32-x86_64\bin\instrument.dll
Event: 0.235 Loaded shared library C:\Users\prath\.vscode\extensions\redhat.java-1.55.0-win32-x64\jre\21.0.11-win32-x86_64\bin\net.dll
Event: 0.241 Loaded shared library C:\Users\prath\.vscode\extensions\redhat.java-1.55.0-win32-x64\jre\21.0.11-win32-x86_64\bin\nio.dll
Event: 0.247 Loaded shared library C:\Users\prath\.vscode\extensions\redhat.java-1.55.0-win32-x64\jre\21.0.11-win32-x86_64\bin\zip.dll
Event: 1.967 Loaded shared library C:\Users\prath\.vscode\extensions\redhat.java-1.55.0-win32-x64\jre\21.0.11-win32-x86_64\bin\jimage.dll
Event: 2.744 Loaded shared library C:\Users\prath\.vscode\extensions\redhat.java-1.55.0-win32-x64\jre\21.0.11-win32-x86_64\bin\verify.dll
Event: 2.862 Loaded shared library C:\Users\prath\.gradle\native\660c5614fbf4a5f2a75b1949f50a0caf5cd603558e7d8a26e50b933a0cfb79d1\windows-amd64\native-platform.dll
Event: 2.922 Loaded shared library C:\Users\prath\.gradle\native\0.2.8\x86_64-windows-gnu\gradle-fileevents.dll
Event: 7.588 Loaded shared library C:\Users\prath\.vscode\extensions\redhat.java-1.55.0-win32-x64\jre\21.0.11-win32-x86_64\bin\management.dll
Event: 7.604 Loaded shared library C:\Users\prath\.vscode\extensions\redhat.java-1.55.0-win32-x64\jre\21.0.11-win32-x86_64\bin\management_ext.dll
Event: 8.005 Loaded shared library C:\Users\prath\.vscode\extensions\redhat.java-1.55.0-win32-x64\jre\21.0.11-win32-x86_64\bin\extnet.dll
Event: 10.709 Loaded shared library C:\Users\prath\.vscode\extensions\redhat.java-1.55.0-win32-x64\jre\21.0.11-win32-x86_64\bin\sunmscapi.dll

Deoptimization events (20 events):
Event: 56.252 Thread 0x00000243fac68c90 Uncommon trap: trap_request=0xffffffde fr.pc=0x00000243e55c4afc relative=0x0000000000000efc
Event: 56.252 Thread 0x00000243fac68c90 Uncommon trap: reason=class_check action=maybe_recompile pc=0x00000243e55c4afc method=java.util.concurrent.ConcurrentHashMap.putVal(Ljava/lang/Object;Ljava/lang/Object;Z)Ljava/lang/Object; @ 159 c2
Event: 56.252 Thread 0x00000243fac68c90 DEOPT PACKING pc=0x00000243e55c4afc sp=0x0000007939afe590
Event: 56.252 Thread 0x00000243fac68c90 DEOPT UNPACKING pc=0x00000243e4da4422 sp=0x0000007939afe530 mode 2
Event: 56.263 Thread 0x00000243fac6c110 Uncommon trap: trap_request=0xffffffde fr.pc=0x00000243e55c4afc relative=0x0000000000000efc
Event: 56.263 Thread 0x00000243fac6c110 Uncommon trap: reason=class_check action=maybe_recompile pc=0x00000243e55c4afc method=java.util.concurrent.ConcurrentHashMap.putVal(Ljava/lang/Object;Ljava/lang/Object;Z)Ljava/lang/Object; @ 159 c2
Event: 56.263 Thread 0x00000243fac6c110 DEOPT PACKING pc=0x00000243e55c4afc sp=0x0000007939cfeb40
Event: 56.263 Thread 0x00000243fac6c110 DEOPT UNPACKING pc=0x00000243e4da4422 sp=0x0000007939cfeae0 mode 2
Event: 59.143 Thread 0x00000243fac6db50 Uncommon trap: trap_request=0xffffff45 fr.pc=0x00000243e5328104 relative=0x0000000000000824
Event: 59.143 Thread 0x00000243fac6db50 Uncommon trap: reason=unstable_if action=reinterpret pc=0x00000243e5328104 method=java.io.BufferedInputStream.implRead([BII)I @ 55 c2
Event: 59.143 Thread 0x00000243fac6db50 DEOPT PACKING pc=0x00000243e5328104 sp=0x000000793a6febf0
Event: 59.143 Thread 0x00000243fac6db50 DEOPT UNPACKING pc=0x00000243e4da4422 sp=0x000000793a6febb8 mode 2
Event: 59.143 Thread 0x00000243fac6db50 Uncommon trap: trap_request=0xffffff45 fr.pc=0x00000243e570170c relative=0x0000000000000e0c
Event: 59.143 Thread 0x00000243fac6db50 Uncommon trap: reason=unstable_if action=reinterpret pc=0x00000243e570170c method=java.util.concurrent.ConcurrentHashMap.putVal(Ljava/lang/Object;Ljava/lang/Object;Z)Ljava/lang/Object; @ 97 c2
Event: 59.143 Thread 0x00000243fac6db50 DEOPT PACKING pc=0x00000243e570170c sp=0x000000793a6fdff0
Event: 59.144 Thread 0x00000243fac6db50 DEOPT UNPACKING pc=0x00000243e4da4422 sp=0x000000793a6fdf78 mode 2
Event: 59.144 Thread 0x00000243fac6db50 Uncommon trap: trap_request=0xffffff54 fr.pc=0x00000243e5551600 relative=0x0000000000000640
Event: 59.144 Thread 0x00000243fac6db50 Uncommon trap: reason=speculate_null_assert action=make_not_entrant pc=0x00000243e5551600 method=jdk.internal.util.ReferencedKeyMap.internKey(Ljdk/internal/util/ReferencedKeyMap;Ljava/lang/Object;)Ljava/lang/Object; @ 28 c2
Event: 59.144 Thread 0x00000243fac6db50 DEOPT PACKING pc=0x00000243e5551600 sp=0x000000793a6fe0a0
Event: 59.144 Thread 0x00000243fac6db50 DEOPT UNPACKING pc=0x00000243e4da4422 sp=0x000000793a6fe078 mode 2

Classes loaded (20 events):
Event: 53.317 Loading class java/text/ParsePosition
Event: 53.318 Loading class java/text/ParsePosition done
Event: 53.333 Loading class java/text/CharacterIterator
Event: 53.334 Loading class java/text/CharacterIterator done
Event: 55.504 Loading class java/lang/AbstractMethodError
Event: 55.506 Loading class java/lang/AbstractMethodError done
Event: 56.220 Loading class java/util/stream/ReferencePipeline$15
Event: 56.221 Loading class java/util/stream/ReferencePipeline$15 done
Event: 56.229 Loading class java/util/stream/ReferencePipeline$15$1
Event: 56.229 Loading class java/util/stream/ReferencePipeline$15$1 done
Event: 56.318 Loading class java/lang/ProcessImpl
Event: 56.320 Loading class java/lang/ProcessImpl done
Event: 56.376 Loading class java/lang/ProcessHandleImpl
Event: 56.378 Loading class java/lang/ProcessHandleImpl done
Event: 56.380 Loading class java/lang/ProcessImpl$2
Event: 56.381 Loading class java/lang/ProcessImpl$2 done
Event: 56.381 Loading class java/lang/Process$PipeInputStream
Event: 56.381 Loading class java/lang/Process$PipeInputStream done
Event: 56.384 Loading class jdk/internal/event/ProcessStartEvent
Event: 56.384 Loading class jdk/internal/event/ProcessStartEvent done

Classes unloaded (0 events):
No events

Classes redefined (0 events):
No events

Internal exceptions (20 events):
Event: 53.224 Thread 0x00000243f6c767d0 Exception <a 'java/lang/ClassNotFoundException'{0x00000000a4d6c008}: org/gradle/api/internal/project/DefaultProject_DecoratedCustomizer> (0x00000000a4d6c008) 
thrown [s\src\hotspot\share\classfile\systemDictionary.cpp, line 313]
Event: 53.286 Thread 0x00000243f6c767d0 Exception <a 'java/lang/IncompatibleClassChangeError'{0x00000000a4cd5108}: Found class java.lang.Object, but interface was expected> (0x00000000a4cd5108) 
thrown [s\src\hotspot\share\interpreter\linkResolver.cpp, line 840]
Event: 53.368 Thread 0x00000243f6c767d0 Exception <a 'java/lang/ClassNotFoundException'{0x00000000a4a91e70}: org/gradle/api/internal/project/DefaultAntBuilderBeanInfo> (0x00000000a4a91e70) 
thrown [s\src\hotspot\share\classfile\systemDictionary.cpp, line 313]
Event: 53.372 Thread 0x00000243f6c767d0 Exception <a 'java/lang/ClassNotFoundException'{0x00000000a4ab1e88}: org/gradle/api/internal/project/ant/BasicAntBuilderBeanInfo> (0x00000000a4ab1e88) 
thrown [s\src\hotspot\share\classfile\systemDictionary.cpp, line 313]
Event: 53.376 Thread 0x00000243f6c767d0 Exception <a 'java/lang/ClassNotFoundException'{0x00000000a4ad12d0}: org/gradle/api/AntBuilderBeanInfo> (0x00000000a4ad12d0) 
thrown [s\src\hotspot\share\classfile\systemDictionary.cpp, line 313]
Event: 53.377 Thread 0x00000243f6c767d0 Exception <a 'java/lang/ClassNotFoundException'{0x00000000a4af0400}: groovy/ant/AntBuilderBeanInfo> (0x00000000a4af0400) 
thrown [s\src\hotspot\share\classfile\systemDictionary.cpp, line 313]
Event: 53.380 Thread 0x00000243f6c767d0 Exception <a 'java/lang/ClassNotFoundException'{0x00000000a49105a0}: groovy/util/BuilderSupportBeanInfo> (0x00000000a49105a0) 
thrown [s\src\hotspot\share\classfile\systemDictionary.cpp, line 313]
Event: 53.383 Thread 0x00000243f6c767d0 Exception <a 'java/lang/ClassNotFoundException'{0x00000000a492ffa0}: groovy/util/BuilderSupportCustomizer> (0x00000000a492ffa0) 
thrown [s\src\hotspot\share\classfile\systemDictionary.cpp, line 313]
Event: 53.387 Thread 0x00000243f6c767d0 Exception <a 'java/lang/ClassNotFoundException'{0x00000000a4951a30}: groovy/ant/AntBuilderCustomizer> (0x00000000a4951a30) 
thrown [s\src\hotspot\share\classfile\systemDictionary.cpp, line 313]
Event: 53.392 Thread 0x00000243f6c767d0 Exception <a 'java/lang/ClassNotFoundException'{0x00000000a4975b50}: org/gradle/api/AntBuilderCustomizer> (0x00000000a4975b50) 
thrown [s\src\hotspot\share\classfile\systemDictionary.cpp, line 313]
Event: 53.396 Thread 0x00000243f6c767d0 Exception <a 'java/lang/ClassNotFoundException'{0x00000000a49a0fb8}: org/gradle/api/internal/project/ant/BasicAntBuilderCustomizer> (0x00000000a49a0fb8) 
thrown [s\src\hotspot\share\classfile\systemDictionary.cpp, line 313]
Event: 53.401 Thread 0x00000243f6c767d0 Exception <a 'java/lang/ClassNotFoundException'{0x00000000a49d3b28}: org/gradle/api/internal/project/DefaultAntBuilderCustomizer> (0x00000000a49d3b28) 
thrown [s\src\hotspot\share\classfile\systemDictionary.cpp, line 313]
Event: 53.469 Thread 0x00000243f6c767d0 Exception <a 'java/lang/IncompatibleClassChangeError'{0x00000000a4771768}: Found class java.lang.Object, but interface was expected> (0x00000000a4771768) 
thrown [s\src\hotspot\share\interpreter\linkResolver.cpp, line 840]
Event: 55.839 Thread 0x00000243f6c767d0 Exception <a 'java/lang/NoSuchMethodError'{0x00000000a5e9d2b0}: 'void java.lang.invoke.DirectMethodHandle$Holder.invokeStatic(java.lang.Object, int, java.lang.Object)'> (0x00000000a5e9d2b0) 
thrown [s\src\hotspot\share\interpreter\linkResolver.cpp, line 773]
Event: 56.092 Thread 0x00000243f6c767d0 Exception <a 'java/lang/NoSuchMethodError'{0x00000000a59a9e18}: 'void java.lang.invoke.DirectMethodHandle$Holder.invokeStaticInit(java.lang.Object)'> (0x00000000a59a9e18) 
thrown [s\src\hotspot\share\interpreter\linkResolver.cpp, line 773]
Event: 56.231 Thread 0x00000243fac6a6d0 Implicit null exception at 0x00000243e5643f28 to 0x00000243e5643fe8
Event: 56.231 Thread 0x00000243fac6a6d0 Implicit null exception at 0x00000243e56d228d to 0x00000243e56d294c
Event: 56.233 Thread 0x00000243fac6b3f0 Implicit null exception at 0x00000243e55ab41c to 0x00000243e55ab4dc
Event: 56.375 Thread 0x00000243fac699b0 Exception <a 'java/lang/NoSuchMethodError'{0x00000000a546fcd0}: 'void java.lang.invoke.DirectMethodHandle$Holder.invokeStatic(java.lang.Object, long)'> (0x00000000a546fcd0) 
thrown [s\src\hotspot\share\interpreter\linkResolver.cpp, line 773]
Event: 56.379 Thread 0x00000243fac699b0 Exception <a 'java/lang/NoSuchMethodError'{0x00000000a5479ce8}: 'java.lang.Object java.lang.invoke.DirectMethodHandle$Holder.invokeStaticInit(java.lang.Object, long, java.lang.Object)'> (0x00000000a5479ce8) 
thrown [s\src\hotspot\share\interpreter\linkResolver.cpp, line 773]

ZGC Phase Switch (0 events):
No events

VM Operations (20 events):
Event: 52.307 Executing safepoint VM operation: G1PauseRemark
Event: 52.314 Executing safepoint VM operation: G1PauseRemark done
Event: 52.348 Executing safepoint VM operation: G1PauseCleanup
Event: 52.348 Executing safepoint VM operation: G1PauseCleanup done
Event: 53.306 Executing non-safepoint VM operation: HandshakeAllThreads (Deoptimize)
Event: 53.306 Executing non-safepoint VM operation: HandshakeAllThreads (Deoptimize) done
Event: 53.522 Executing safepoint VM operation: G1CollectForAllocation (G1 Evacuation Pause)
Event: 53.530 Executing safepoint VM operation: G1CollectForAllocation (G1 Evacuation Pause) done
Event: 54.537 Executing safepoint VM operation: Cleanup
Event: 54.537 Executing safepoint VM operation: Cleanup done
Event: 55.257 Executing safepoint VM operation: ICBufferFull
Event: 55.258 Executing safepoint VM operation: ICBufferFull done
Event: 55.643 Executing safepoint VM operation: G1CollectForAllocation (G1 Evacuation Pause)
Event: 55.655 Executing safepoint VM operation: G1CollectForAllocation (G1 Evacuation Pause) done
Event: 56.383 Executing non-safepoint VM operation: HandshakeAllThreads (Deoptimize)
Event: 56.384 Executing non-safepoint VM operation: HandshakeAllThreads (Deoptimize) done
Event: 57.383 Executing safepoint VM operation: Cleanup
Event: 57.383 Executing safepoint VM operation: Cleanup done
Event: 59.409 Executing safepoint VM operation: Cleanup
Event: 59.409 Executing safepoint VM operation: Cleanup done

Memory protections (0 events):
No events

Nmethod flushes (20 events):
Event: 52.312 Thread 0x00000243f17ae390 flushing  nmethod 0x00000243dd85a010
Event: 52.312 Thread 0x00000243f17ae390 flushing  nmethod 0x00000243dd980210
Event: 52.312 Thread 0x00000243f17ae390 flushing  nmethod 0x00000243dd9b0f90
Event: 52.312 Thread 0x00000243f17ae390 flushing  nmethod 0x00000243dd9da610
Event: 52.312 Thread 0x00000243f17ae390 flushing  nmethod 0x00000243dda15e90
Event: 52.312 Thread 0x00000243f17ae390 flushing  nmethod 0x00000243ddc42c10
Event: 52.312 Thread 0x00000243f17ae390 flushing  nmethod 0x00000243dddb9210
Event: 52.312 Thread 0x00000243f17ae390 flushing  nmethod 0x00000243de247a10
Event: 52.312 Thread 0x00000243f17ae390 flushing  nmethod 0x00000243dd834f10
Event: 52.312 Thread 0x00000243f17ae390 flushing  nmethod 0x00000243dd906f10
Event: 52.312 Thread 0x00000243f17ae390 flushing  nmethod 0x00000243ddc36d90
Event: 52.312 Thread 0x00000243f17ae390 flushing  nmethod 0x00000243ddc7ac10
Event: 52.312 Thread 0x00000243f17ae390 flushing  nmethod 0x00000243dd83d010
Event: 52.312 Thread 0x00000243f17ae390 flushing  nmethod 0x00000243dd8a2610
Event: 52.312 Thread 0x00000243f17ae390 flushing  nmethod 0x00000243dd9c8f90
Event: 52.312 Thread 0x00000243f17ae390 flushing  nmethod 0x00000243de232f90
Event: 52.312 Thread 0x00000243f17ae390 flushing  nmethod 0x00000243de233710
Event: 52.312 Thread 0x00000243f17ae390 flushing  nmethod 0x00000243de236d90
Event: 52.312 Thread 0x00000243f17ae390 flushing  nmethod 0x00000243de464090
Event: 52.312 Thread 0x00000243f17ae390 flushing  nmethod 0x00000243de4cab10

Events (20 events):
Event: 40.800 Thread 0x00000243f6c767d0 Thread added: 0x00000243f19526d0
Event: 47.833 Thread 0x00000243f17ee2d0 Thread added: 0x00000243f6cda260
Event: 48.049 Thread 0x00000243f6cda260 Thread exited: 0x00000243f6cda260
Event: 48.293 Thread 0x00000243f6c767d0 Thread added: 0x00000243f1952040
Event: 49.856 Thread 0x00000243f6c767d0 Thread added: 0x00000243f19561e0
Event: 51.313 Thread 0x00000243f6c767d0 Thread added: 0x00000243f1956f00
Event: 56.229 Thread 0x00000243f6c767d0 Thread added: 0x00000243f1957590
Event: 56.229 Thread 0x00000243f1957590 Thread added: 0x00000243fac68c90
Event: 56.230 Thread 0x00000243f1957590 Thread added: 0x00000243fac6a040
Event: 56.230 Thread 0x00000243fac68c90 Thread added: 0x00000243fac6c110
Event: 56.231 Thread 0x00000243fac6a040 Thread added: 0x00000243fac6a6d0
Event: 56.231 Thread 0x00000243fac68c90 Thread added: 0x00000243fac6ad60
Event: 56.231 Thread 0x00000243fac6c110 Thread added: 0x00000243fac6b3f0
Event: 56.232 Thread 0x00000243fac6c110 Thread added: 0x00000243fac6ba80
Event: 56.232 Thread 0x00000243fac6ad60 Thread added: 0x00000243fac6c7a0
Event: 56.234 Thread 0x00000243fac6ba80 Thread added: 0x00000243fac69320
Event: 56.235 Thread 0x00000243fac6c7a0 Thread added: 0x00000243fac6ce30
Event: 56.315 Thread 0x00000243fac6c110 Thread added: 0x00000243fac699b0
Event: 56.386 Thread 0x00000243fac699b0 Thread added: 0x00000243fac6fc20
Event: 56.387 Thread 0x00000243fac699b0 Thread added: 0x00000243fac6db50


Dynamic libraries:
0x00007ff7e9cb0000 - 0x00007ff7e9cbe000 	C:\Users\prath\.vscode\extensions\redhat.java-1.55.0-win32-x64\jre\21.0.11-win32-x86_64\bin\java.exe
0x00007ffc74560000 - 0x00007ffc747c6000 	C:\WINDOWS\SYSTEM32\ntdll.dll
0x00007ffc73cc0000 - 0x00007ffc73d89000 	C:\WINDOWS\System32\KERNEL32.DLL
0x00007ffc71b10000 - 0x00007ffc71f10000 	C:\WINDOWS\System32\KERNELBASE.dll
0x00007ffc718f0000 - 0x00007ffc71a3c000 	C:\WINDOWS\System32\ucrtbase.dll
0x00007ffc666d0000 - 0x00007ffc666ee000 	C:\Users\prath\.vscode\extensions\redhat.java-1.55.0-win32-x64\jre\21.0.11-win32-x86_64\bin\VCRUNTIME140.dll
0x00007ffc667a0000 - 0x00007ffc667b8000 	C:\Users\prath\.vscode\extensions\redhat.java-1.55.0-win32-x64\jre\21.0.11-win32-x86_64\bin\jli.dll
0x00007ffc74210000 - 0x00007ffc743d7000 	C:\WINDOWS\System32\USER32.dll
0x00007ffc718c0000 - 0x00007ffc718e7000 	C:\WINDOWS\System32\win32u.dll
0x00007ffc72e90000 - 0x00007ffc72ebb000 	C:\WINDOWS\System32\GDI32.dll
0x00007ffc720a0000 - 0x00007ffc721c9000 	C:\WINDOWS\System32\gdi32full.dll
0x00007ffc71780000 - 0x00007ffc71823000 	C:\WINDOWS\System32\msvcp_win.dll
0x00007ffc5bd70000 - 0x00007ffc5c002000 	C:\WINDOWS\WinSxS\amd64_microsoft.windows.common-controls_6595b64144ccf1df_6.0.26100.8737_none_3e092eaee333b772\COMCTL32.dll
0x00007ffc72de0000 - 0x00007ffc72e89000 	C:\WINDOWS\System32\msvcrt.dll
0x00007ffc741d0000 - 0x00007ffc74202000 	C:\WINDOWS\System32\IMM32.DLL
0x00007ffc66730000 - 0x00007ffc6673c000 	C:\Users\prath\.vscode\extensions\redhat.java-1.55.0-win32-x64\jre\21.0.11-win32-x86_64\bin\vcruntime140_1.dll
0x00007ffbc60c0000 - 0x00007ffbc614d000 	C:\Users\prath\.vscode\extensions\redhat.java-1.55.0-win32-x64\jre\21.0.11-win32-x86_64\bin\msvcp140.dll
0x00007ffb5dfc0000 - 0x00007ffb5ed62000 	C:\Users\prath\.vscode\extensions\redhat.java-1.55.0-win32-x64\jre\21.0.11-win32-x86_64\bin\server\jvm.dll
0x00007ffc72290000 - 0x00007ffc72347000 	C:\WINDOWS\System32\ADVAPI32.dll
0x00007ffc743e0000 - 0x00007ffc7448a000 	C:\WINDOWS\System32\sechost.dll
0x00007ffc73ed0000 - 0x00007ffc73fe8000 	C:\WINDOWS\System32\RPCRT4.dll
0x00007ffc72a10000 - 0x00007ffc72a90000 	C:\WINDOWS\System32\WS2_32.dll
0x00007ffc715e0000 - 0x00007ffc7163e000 	C:\WINDOWS\SYSTEM32\POWRPROF.dll
0x00007ffc6a540000 - 0x00007ffc6a54b000 	C:\WINDOWS\SYSTEM32\VERSION.dll
0x00007ffc6a550000 - 0x00007ffc6a586000 	C:\WINDOWS\SYSTEM32\WINMM.dll
0x00007ffc715c0000 - 0x00007ffc715d4000 	C:\WINDOWS\SYSTEM32\UMPDC.dll
0x00007ffc70460000 - 0x00007ffc7047b000 	C:\WINDOWS\SYSTEM32\kernel.appcore.dll
0x00007ffc66490000 - 0x00007ffc6649a000 	C:\Users\prath\.vscode\extensions\redhat.java-1.55.0-win32-x64\jre\21.0.11-win32-x86_64\bin\jimage.dll
0x00007ffc6ef90000 - 0x00007ffc6f1d2000 	C:\WINDOWS\SYSTEM32\DBGHELP.DLL
0x00007ffc73700000 - 0x00007ffc73a83000 	C:\WINDOWS\System32\combase.dll
0x00007ffc73bc0000 - 0x00007ffc73c99000 	C:\WINDOWS\System32\OLEAUT32.dll
0x00007ffc5d400000 - 0x00007ffc5d43b000 	C:\WINDOWS\SYSTEM32\dbgcore.DLL
0x00007ffc71a50000 - 0x00007ffc71afc000 	C:\WINDOWS\System32\bcryptPrimitives.dll
0x00007ffc61980000 - 0x00007ffc6198f000 	C:\Users\prath\.vscode\extensions\redhat.java-1.55.0-win32-x64\jre\21.0.11-win32-x86_64\bin\instrument.dll
0x00007ffc4fbe0000 - 0x00007ffc4fc00000 	C:\Users\prath\.vscode\extensions\redhat.java-1.55.0-win32-x64\jre\21.0.11-win32-x86_64\bin\java.dll
0x00007ffc72ed0000 - 0x00007ffc73662000 	C:\WINDOWS\System32\SHELL32.dll
0x00007ffc6f210000 - 0x00007ffc6faa2000 	C:\WINDOWS\SYSTEM32\windows.storage.dll
0x00007ffc73dc0000 - 0x00007ffc73eb7000 	C:\WINDOWS\System32\SHCORE.dll
0x00007ffc73b50000 - 0x00007ffc73bb7000 	C:\WINDOWS\System32\shlwapi.dll
0x00007ffc716a0000 - 0x00007ffc716c9000 	C:\WINDOWS\SYSTEM32\profapi.dll
0x00007ffc4bed0000 - 0x00007ffc4bee8000 	C:\Users\prath\.vscode\extensions\redhat.java-1.55.0-win32-x64\jre\21.0.11-win32-x86_64\bin\zip.dll
0x00007ffc61f40000 - 0x00007ffc61f50000 	C:\Users\prath\.vscode\extensions\redhat.java-1.55.0-win32-x64\jre\21.0.11-win32-x86_64\bin\net.dll
0x00007ffc679c0000 - 0x00007ffc67ae9000 	C:\WINDOWS\SYSTEM32\WINHTTP.dll
0x00007ffc70a10000 - 0x00007ffc70a7c000 	C:\WINDOWS\system32\mswsock.dll
0x00007ffc4b780000 - 0x00007ffc4b796000 	C:\Users\prath\.vscode\extensions\redhat.java-1.55.0-win32-x64\jre\21.0.11-win32-x86_64\bin\nio.dll
0x00007ffc60580000 - 0x00007ffc60590000 	C:\Users\prath\.vscode\extensions\redhat.java-1.55.0-win32-x64\jre\21.0.11-win32-x86_64\bin\verify.dll
0x00007ffc6bf20000 - 0x00007ffc6bf47000 	C:\Users\prath\.gradle\native\660c5614fbf4a5f2a75b1949f50a0caf5cd603558e7d8a26e50b933a0cfb79d1\windows-amd64\native-platform.dll
0x00007ffbc5fa0000 - 0x00007ffbc6017000 	C:\Users\prath\.gradle\native\0.2.8\x86_64-windows-gnu\gradle-fileevents.dll
0x00007ffc60570000 - 0x00007ffc6057a000 	C:\Users\prath\.vscode\extensions\redhat.java-1.55.0-win32-x64\jre\21.0.11-win32-x86_64\bin\management.dll
0x00007ffc60560000 - 0x00007ffc6056c000 	C:\Users\prath\.vscode\extensions\redhat.java-1.55.0-win32-x64\jre\21.0.11-win32-x86_64\bin\management_ext.dll
0x00007ffc72c10000 - 0x00007ffc72c18000 	C:\WINDOWS\System32\PSAPI.DLL
0x00007ffc6fde0000 - 0x00007ffc6fe13000 	C:\WINDOWS\SYSTEM32\IPHLPAPI.DLL
0x00007ffc72ec0000 - 0x00007ffc72eca000 	C:\WINDOWS\System32\NSI.dll
0x00007ffc60550000 - 0x00007ffc60559000 	C:\Users\prath\.vscode\extensions\redhat.java-1.55.0-win32-x64\jre\21.0.11-win32-x86_64\bin\extnet.dll
0x00007ffc70d30000 - 0x00007ffc70d4b000 	C:\WINDOWS\SYSTEM32\CRYPTSP.dll
0x00007ffc703c0000 - 0x00007ffc703f9000 	C:\WINDOWS\system32\rsaenh.dll
0x00007ffc70ad0000 - 0x00007ffc70b02000 	C:\WINDOWS\SYSTEM32\USERENV.dll
0x00007ffc71670000 - 0x00007ffc7169a000 	C:\WINDOWS\SYSTEM32\bcrypt.dll
0x00007ffc70d10000 - 0x00007ffc70d1c000 	C:\WINDOWS\SYSTEM32\CRYPTBASE.dll
0x00007ffc667e0000 - 0x00007ffc667ee000 	C:\Users\prath\.vscode\extensions\redhat.java-1.55.0-win32-x64\jre\21.0.11-win32-x86_64\bin\sunmscapi.dll
0x00007ffc71f20000 - 0x00007ffc72098000 	C:\WINDOWS\System32\CRYPT32.dll
0x00007ffc70f50000 - 0x00007ffc70f80000 	C:\WINDOWS\SYSTEM32\ncrypt.dll
0x00007ffc70f00000 - 0x00007ffc70f3f000 	C:\WINDOWS\SYSTEM32\NTASN1.dll
0x00007ffc661f0000 - 0x00007ffc661f8000 	C:\WINDOWS\system32\wshunix.dll

JVMTI agents:
C:\Users\prath\.gradle\wrapper\dists\gradle-9.3.1-bin\23ovyewtku6u96viwx3xl3oks\gradle-9.3.1\lib\agents\gradle-instrumentation-agent-9.3.1.jar path:C:\Users\prath\.vscode\extensions\redhat.java-1.55.0-win32-x64\jre\21.0.11-win32-x86_64\bin\instrument.dll, loaded, initialized, instrumentlib options:none

dbghelp: loaded successfully - version: 4.0.5 - missing functions: none
symbol engine: initialized successfully - sym options: 0x614 - pdb path: .;C:\Users\prath\.vscode\extensions\redhat.java-1.55.0-win32-x64\jre\21.0.11-win32-x86_64\bin;C:\WINDOWS\SYSTEM32;C:\WINDOWS\WinSxS\amd64_microsoft.windows.common-controls_6595b64144ccf1df_6.0.26100.8737_none_3e092eaee333b772;C:\Users\prath\.vscode\extensions\redhat.java-1.55.0-win32-x64\jre\21.0.11-win32-x86_64\bin\server;C:\Users\prath\.gradle\native\660c5614fbf4a5f2a75b1949f50a0caf5cd603558e7d8a26e50b933a0cfb79d1\windows-amd64;C:\Users\prath\.gradle\native\0.2.8\x86_64-windows-gnu

VM Arguments:
jvm_args: --add-opens=java.base/java.lang=ALL-UNNAMED --add-opens=java.base/java.lang.invoke=ALL-UNNAMED --add-opens=java.base/java.util=ALL-UNNAMED --add-opens=java.prefs/java.util.prefs=ALL-UNNAMED --add-exports=jdk.compiler/com.sun.tools.javac.api=ALL-UNNAMED --add-exports=jdk.compiler/com.sun.tools.javac.util=ALL-UNNAMED --add-opens=java.base/java.util=ALL-UNNAMED --add-opens=java.prefs/java.util.prefs=ALL-UNNAMED --add-opens=java.base/java.nio.charset=ALL-UNNAMED --add-opens=java.base/java.net=ALL-UNNAMED --add-opens=java.base/java.util.concurrent=ALL-UNNAMED --add-opens=java.base/java.util.concurrent.atomic=ALL-UNNAMED --add-opens=java.xml/javax.xml.namespace=ALL-UNNAMED --add-opens=java.base/java.time=ALL-UNNAMED -XX:MaxMetaspaceSize=384m -XX:+HeapDumpOnOutOfMemoryError -Xmx1536m -Dfile.encoding=UTF-8 -Duser.country=US -Duser.language=en -Duser.variant -javaagent:C:\Users\prath\.gradle\wrapper\dists\gradle-9.3.1-bin\23ovyewtku6u96viwx3xl3oks\gradle-9.3.1\lib\agents\gradle-instrumentation-agent-9.3.1.jar 
java_command: org.gradle.launcher.daemon.bootstrap.GradleDaemon 9.3.1
java_class_path (initial): C:\Users\prath\.gradle\wrapper\dists\gradle-9.3.1-bin\23ovyewtku6u96viwx3xl3oks\gradle-9.3.1\lib\gradle-daemon-main-9.3.1.jar
Launcher Type: SUN_STANDARD

[Global flags]
     intx CICompilerCount                          = 4                                         {product} {ergonomic}
   size_t CompressedClassSpaceSize                 = 335544320                                 {product} {ergonomic}
     uint ConcGCThreads                            = 3                                         {product} {ergonomic}
     uint G1ConcRefinementThreads                  = 10                                        {product} {ergonomic}
   size_t G1HeapRegionSize                         = 1048576                                   {product} {ergonomic}
    uintx GCDrainStackTargetSize                   = 64                                        {product} {ergonomic}
     bool HeapDumpOnOutOfMemoryError               = true                                   {manageable} {command line}
   size_t InitialHeapSize                          = 98566144                                  {product} {ergonomic}
   size_t MarkStackSize                            = 4194304                                   {product} {ergonomic}
   size_t MaxHeapSize                              = 1610612736                                {product} {command line}
   size_t MaxMetaspaceSize                         = 402653184                                 {product} {command line}
   size_t MaxNewSize                               = 965738496                                 {product} {ergonomic}
   size_t MinHeapDeltaBytes                        = 1048576                                   {product} {ergonomic}
   size_t MinHeapSize                              = 8388608                                   {product} {ergonomic}
    uintx NonNMethodCodeHeapSize                   = 5839372                                {pd product} {ergonomic}
    uintx NonProfiledCodeHeapSize                  = 122909434                              {pd product} {ergonomic}
    uintx ProfiledCodeHeapSize                     = 122909434                              {pd product} {ergonomic}
    uintx ReservedCodeCacheSize                    = 251658240                              {pd product} {ergonomic}
     bool SegmentedCodeCache                       = true                                      {product} {ergonomic}
   size_t SoftMaxHeapSize                          = 1610612736                             {manageable} {ergonomic}
     bool UseCompressedOops                        = true                           {product lp64_product} {ergonomic}
     bool UseG1GC                                  = true                                      {product} {ergonomic}
     bool UseLargePagesIndividualAllocation        = false                                  {pd product} {ergonomic}

Logging:
Log output configuration:
 #0: stdout all=warning uptime,level,tags foldmultilines=false
 #1: stderr all=off uptime,level,tags foldmultilines=false

Release file:
JAVA_VERSION="21.0.11" 
MODULES="java.base java.compiler java.datatransfer java.xml java.prefs java.desktop java.instrument java.logging java.management java.security.sasl java.naming java.rmi java.management.rmi java.net.http java.scripting java.security.jgss java.transaction.xa java.sql java.sql.rowset java.xml.crypto java.se java.smartcardio jdk.accessibility jdk.internal.jvmstat jdk.attach jdk.charsets jdk.internal.opt jdk.zipfs jdk.compiler jdk.crypto.ec jdk.crypto.cryptoki jdk.crypto.mscapi jdk.dynalink jdk.internal.ed jdk.editpad jdk.hotspot.agent jdk.httpserver jdk.internal.le jdk.internal.vm.ci jdk.internal.vm.compiler jdk.internal.vm.compiler.management jdk.jartool jdk.javadoc jdk.jcmd jdk.management jdk.management.agent jdk.jconsole jdk.jdeps jdk.jdwp.agent jdk.jdi jdk.jfr jdk.jshell jdk.jsobject jdk.jstatd jdk.localedata jdk.management.jfr jdk.naming.dns jdk.naming.rmi jdk.net jdk.nio.mapmode jdk.random jdk.sctp jdk.security.auth jdk.security.jgss jdk.unsupported jdk.unsupported.desktop jdk.xml.dom" 

Environment Variables:
JAVA_HOME=C:\Program Files\Microsoft\jdk-17.0.19.10-hotspot
CLASSPATH=.;D:\Training\java\mysql-connector-j-9.5.0.jar
PATH=C:\Users\prath\AppData\Local\Android\Sdk;C:\Users\prath\AppData\Local\Android\Sdk\platform-tools;C:\Users\prath\AppData\Local\Android\Sdk\emulator;C:\Program Files\Microsoft\jdk-17.0.19.10-hotspot\bin;C:\Windows\Microsoft.NET\Framework64\v4.0.30319;C:\Program Files (x86)\SQlite;C:\Program Files\MySQL\MySQL Server 8.0\bin;C:\Program Files\VideoLAN\VLC\;D:\Users\prath\AppData\Roaming\Python\Python311\Scripts;C:\Program Files\Python311\Scripts\;C:\Program Files\Python311\;C:\Program Files\Common Files\Oracle\Java\javapath;C:\WINDOWS\system32;C:\WINDOWS;C:\WINDOWS\System32\Wbem;C:\WINDOWS\System32\WindowsPowerShell\v1.0\;C:\WINDOWS\System32\OpenSSH\;C:\Program Files\Java\jdk-18.0.2.1\bin;C:\Program Files\Microsoft SQL Server\140\Tools\Binn\;C:\Program Files\Git\cmd;C:\Program Files\Microsoft SQL Server\150\Tools\Binn\;C:\Program Files\Microsoft SQL Server\Client SDK\ODBC\170\Tools\Binn\;C:\Program Files\dotnet\;C:\Users\prath\AppData\Roaming\Python\Python311\Scripts;C:\Program Files\WireGuard\;C:\Program Files\CodeBlocks\MinGW\bin;C:\Program Files\mysql-connector\mysql-connector-j-9.5.0\mysql-connector-j-9.5.0.jar;C:\Program Files\PostgreSQL\13\bin;C:\Program Files\PostgreSQL\18\bin;C:\Users\prath\AppData\Local\nvm;C:\nvm4w\nodejs;C:\ProgramData\chocolatey\bin;C:\Program Files\nodejs\;C:\Users\prath\AppData\Local\Android\Sdk\platform-tools;C:\Users\prath\AppData\Local\Android\Sdk\emulator;C:\Program Files\Microsoft\jdk-17.0.19.10-hotspot\bin;C:\Users\prath\AppData\Local\Android\Sdk\platform-tools;C:\Users\prath\AppData\Local\Android\Sdk\emulator;C:\Users\prath\AppData\Local\Android\Sdk;C:\Users\prath\AppData\Local\Microsoft\WindowsApps;C:\Users\prath\.dotnet\tools;C:\Users\prath\AppData\Local\Programs\Microsoft VS Code\bin;C:\Users\prath\AppData\Local\Microsoft\GitHubDesktop\bin;C:\Users\prath\AppData\Local\GitHubDesktop\bin;C:\Users\prath\AppData\Local\Programs\Hyper\resources\bin;C:\Program Files\sf\bin;C:\Program Files\Common Files\Oracle\Java\javapath\sf\bin;C:\Users\prath\Downloads\flutter\bin;C:\Users\prath\AppData\Local\nvm;C:\nvm4w\nodejs;C:\Users\prath\AppData\Roaming\npm;C:\Users\prath\AppData\Local\Programs\Antigravity IDE\bin
USERNAME=prath
OS=Windows_NT
PROCESSOR_IDENTIFIER=AMD64 Family 23 Model 104 Stepping 1, AuthenticAMD
TMP=C:\Users\prath\AppData\Local\Temp
TEMP=C:\Users\prath\AppData\Local\Temp




Periodic native trim disabled

---------------  S Y S T E M  ---------------

OS:
 Windows 11 , 64 bit Build 26100 (10.0.26100.8737)
OS uptime: 0 days 3:43 hours
Hyper-V role detected

CPU: total 12 (initial active 12) (12 cores per cpu, 2 threads per core) family 23 model 104 stepping 1 microcode 0x8608103, cx8, cmov, fxsr, ht, mmx, 3dnowpref, sse, sse2, sse3, ssse3, sse4a, sse4.1, sse4.2, popcnt, lzcnt, tsc, tscinvbit, avx, avx2, aes, clmul, bmi1, bmi2, adx, sha, fma, vzeroupper, clflush, clflushopt, hv, rdtscp, rdpid, f16c
Processor Information for the first 12 processors :
  Max Mhz: 2100, Current Mhz: 1686, Mhz Limit: 2100

Memory: 4k page, system-wide physical 5989M (183M free)
TotalPageFile size 24421M (AvailPageFile size 61M)
current process WorkingSet (physical memory assigned to process): 282M, peak: 304M
current process commit charge ("private bytes"): 352M, peak: 372M

vm_info: OpenJDK 64-Bit Server VM (21.0.11+10-LTS) for windows-amd64 JRE (21.0.11+10-LTS), built on 2026-04-21T00:00:00Z by "admin" with MS VC++ 17.12 (VS2022)

END.
