#
# There is insufficient memory for the Java Runtime Environment to continue.
# Native memory allocation (malloc) failed to allocate 1235536 bytes. Error detail: Chunk::new
# Possible reasons:
#   The system is out of physical RAM or swap space
#   This process is running with CompressedOops enabled, and the Java Heap may be blocking the growth of the native heap
# Possible solutions:
#   Reduce memory load on the system
#   Increase physical memory or swap space
#   Check if swap backing store is full
#   Decrease Java heap size (-Xmx/-Xms)
#   Decrease number of Java threads
#   Decrease Java thread stack sizes (-Xss)
#   Set larger code cache with -XX:ReservedCodeCacheSize=
#   JVM is running with Unscaled Compressed Oops mode in which the Java heap is
#     placed in the first 4GB address space. The Java Heap base address is the
#     maximum limit for the native heap growth. Please use -XX:HeapBaseMinAddress
#     to set the Java Heap base and to place the Java Heap above 4GB virtual address.
# This output file may be truncated or incomplete.
#
#  Out of Memory Error (arena.cpp:168), pid=16920, tid=15752
#
# JRE version: OpenJDK Runtime Environment Temurin-21.0.11+10 (21.0.11+10) (build 21.0.11+10-LTS)
# Java VM: OpenJDK 64-Bit Server VM Temurin-21.0.11+10 (21.0.11+10-LTS, mixed mode, sharing, tiered, compressed oops, compressed class ptrs, g1 gc, windows-amd64)
# No core dump will be written. Minidumps are not enabled by default on client versions of Windows
#

---------------  S U M M A R Y ------------

Command Line: --add-opens=java.base/java.util=ALL-UNNAMED --add-opens=java.base/java.lang=ALL-UNNAMED --add-opens=java.base/java.lang.invoke=ALL-UNNAMED --add-opens=java.prefs/java.util.prefs=ALL-UNNAMED --add-exports=jdk.compiler/com.sun.tools.javac.api=ALL-UNNAMED --add-exports=jdk.compiler/com.sun.tools.javac.util=ALL-UNNAMED --add-opens=java.base/java.nio.charset=ALL-UNNAMED --add-opens=java.base/java.net=ALL-UNNAMED --add-opens=java.base/java.util.concurrent.atomic=ALL-UNNAMED -XX:MaxMetaspaceSize=384m -XX:+HeapDumpOnOutOfMemoryError -Xms256m -Xmx512m -Dfile.encoding=utf8 -Duser.country=US -Duser.language=en -Duser.variant -javaagent:C:\Users\prath\.gradle\wrapper\dists\gradle-8.9-bin\90cnw93cvbtalezasaz0blq0a\gradle-8.9\lib\agents\gradle-instrumentation-agent-8.9.jar org.gradle.launcher.daemon.bootstrap.GradleDaemon 8.9

Host: AMD Ryzen 5 5500U with Radeon Graphics         , 12 cores, 5G,  Windows 11 , 64 bit Build 26100 (10.0.26100.8737)
Time: Thu Jul  9 20:57:35 2026 India Standard Time elapsed time: 59.746817 seconds (0d 0h 0m 59s)

---------------  T H R E A D  ---------------

Current thread (0x0000027877ea5050):  JavaThread "C2 CompilerThread1" daemon [_thread_in_native, id=15752, stack(0x00000089c9f00000,0x00000089ca000000) (1024K)]


Current CompileTask:
C2:59747 7316       4       sun.security.ec.ECOperations::setDouble (463 bytes)

Stack: [0x00000089c9f00000,0x00000089ca000000]
Native frames: (J=compiled Java code, j=interpreted, Vv=VM code, C=native code)
V  [jvm.dll+0x6d7e19]
V  [jvm.dll+0x8b5096]
V  [jvm.dll+0x8b764e]
V  [jvm.dll+0x8b7d33]
V  [jvm.dll+0x284596]
V  [jvm.dll+0xc685d]
V  [jvm.dll+0xc6da1]
V  [jvm.dll+0x2fb4ee]
V  [jvm.dll+0x5fe9a4]
V  [jvm.dll+0x255d67]
V  [jvm.dll+0x25612d]
V  [jvm.dll+0x24e6a0]
V  [jvm.dll+0x24bbe6]
V  [jvm.dll+0x1cb4ae]
V  [jvm.dll+0x25baad]
V  [jvm.dll+0x25a03a]
V  [jvm.dll+0x3f868e]
V  [jvm.dll+0x85fb0d]
V  [jvm.dll+0x6d664d]
C  [ucrtbase.dll+0x2cd30]
C  [KERNEL32.DLL+0x2e957]
C  [ntdll.dll+0xaad6c]


---------------  P R O C E S S  ---------------

Threads class SMR info:
_java_thread_list=0x000002787638f1f0, length=39, elements={
0x00000278599c8b20, 0x000002786f7b4c30, 0x000002786f7b76a0, 0x000002786f7bcab0,
0x000002786f7bf8d0, 0x000002786f7c44f0, 0x000002786f7c5230, 0x000002786f7ce2b0,
0x000002786f7d53a0, 0x000002786fa4f9f0, 0x000002786fa52150, 0x000002786fa51430,
0x000002786fa50da0, 0x000002786fa50080, 0x000002786fa4ecd0, 0x000002786fa4f360,
0x000002786fa50710, 0x0000027874d00500, 0x0000027874cff150, 0x0000027874d00b90,
0x0000027874cfd710, 0x0000027874cfdda0, 0x0000027874cff7e0, 0x0000027874cffe70,
0x0000027874d018b0, 0x0000027874cfe430, 0x0000027874d01f40, 0x0000027874cfeac0,
0x0000027874d02c60, 0x0000027874d032f0, 0x0000027874d025d0, 0x0000027874d046a0,
0x0000027876f7e550, 0x0000027876f7cb10, 0x0000027876f7dec0, 0x0000027876f7c480,
0x0000027876f7ff90, 0x0000027876f80620, 0x0000027877ea5050
}

Java Threads: ( => current thread )
  0x00000278599c8b20 JavaThread "main"                              [_thread_blocked, id=7252, stack(0x00000089c6600000,0x00000089c6700000) (1024K)]
  0x000002786f7b4c30 JavaThread "Reference Handler"          daemon [_thread_blocked, id=28880, stack(0x00000089c6e00000,0x00000089c6f00000) (1024K)]
  0x000002786f7b76a0 JavaThread "Finalizer"                  daemon [_thread_blocked, id=7280, stack(0x00000089c6f00000,0x00000089c7000000) (1024K)]
  0x000002786f7bcab0 JavaThread "Signal Dispatcher"          daemon [_thread_blocked, id=28164, stack(0x00000089c7000000,0x00000089c7100000) (1024K)]
  0x000002786f7bf8d0 JavaThread "Attach Listener"            daemon [_thread_blocked, id=19952, stack(0x00000089c7100000,0x00000089c7200000) (1024K)]
  0x000002786f7c44f0 JavaThread "Service Thread"             daemon [_thread_blocked, id=21020, stack(0x00000089c7200000,0x00000089c7300000) (1024K)]
  0x000002786f7c5230 JavaThread "Monitor Deflation Thread"   daemon [_thread_blocked, id=26812, stack(0x00000089c7300000,0x00000089c7400000) (1024K)]
  0x000002786f7ce2b0 JavaThread "C2 CompilerThread0"         daemon [_thread_in_native, id=20424, stack(0x00000089c7400000,0x00000089c7500000) (1024K)]
  0x000002786f7d53a0 JavaThread "C1 CompilerThread0"         daemon [_thread_blocked, id=26280, stack(0x00000089c7500000,0x00000089c7600000) (1024K)]
  0x000002786fa4f9f0 JavaThread "Common-Cleaner"             daemon [_thread_blocked, id=28460, stack(0x00000089c7600000,0x00000089c7700000) (1024K)]
  0x000002786fa52150 JavaThread "Notification Thread"        daemon [_thread_blocked, id=26732, stack(0x00000089c7700000,0x00000089c7800000) (1024K)]
  0x000002786fa51430 JavaThread "Daemon health stats"               [_thread_blocked, id=28056, stack(0x00000089c7d00000,0x00000089c7e00000) (1024K)]
  0x000002786fa50da0 JavaThread "Incoming local TCP Connector on port 61011"        [_thread_in_native, id=28500, stack(0x00000089c7e00000,0x00000089c7f00000) (1024K)]
  0x000002786fa50080 JavaThread "Daemon periodic checks"            [_thread_blocked, id=23380, stack(0x00000089c7f00000,0x00000089c8000000) (1024K)]
  0x000002786fa4ecd0 JavaThread "Daemon"                            [_thread_blocked, id=5152, stack(0x00000089c8000000,0x00000089c8100000) (1024K)]
  0x000002786fa4f360 JavaThread "Handler for socket connection from /127.0.0.1:61011 to /127.0.0.1:61013"        [_thread_in_native, id=26088, stack(0x00000089c8100000,0x00000089c8200000) (1024K)]
  0x000002786fa50710 JavaThread "Cancel handler"                    [_thread_blocked, id=2464, stack(0x00000089c8200000,0x00000089c8300000) (1024K)]
  0x0000027874d00500 JavaThread "Daemon worker"                     [_thread_blocked, id=9888, stack(0x00000089c8300000,0x00000089c8400000) (1024K)]
  0x0000027874cff150 JavaThread "Asynchronous log dispatcher for DefaultDaemonConnection: socket connection from /127.0.0.1:61011 to /127.0.0.1:61013"        [_thread_blocked, id=29372, stack(0x00000089c8400000,0x00000089c8500000) (1024K)]
  0x0000027874d00b90 JavaThread "Stdin handler"                     [_thread_blocked, id=7856, stack(0x00000089c8500000,0x00000089c8600000) (1024K)]
  0x0000027874cfd710 JavaThread "Daemon client event forwarder"        [_thread_blocked, id=1192, stack(0x00000089c8600000,0x00000089c8700000) (1024K)]
  0x0000027874cfdda0 JavaThread "Cache worker for journal cache (C:\Users\prath\.gradle\caches\journal-1)"        [_thread_blocked, id=18316, stack(0x00000089c8700000,0x00000089c8800000) (1024K)]
  0x0000027874cff7e0 JavaThread "File lock request listener"        [_thread_in_native, id=16344, stack(0x00000089c8800000,0x00000089c8900000) (1024K)]
  0x0000027874cffe70 JavaThread "Cache worker for file hash cache (C:\Users\prath\.gradle\caches\8.9\fileHashes)"        [_thread_blocked, id=6448, stack(0x00000089c8900000,0x00000089c8a00000) (1024K)]
  0x0000027874d018b0 JavaThread "Cache worker for file hash cache (D:\Training\project-a\projectvideo-app\projectvideo-frontend\node_modules\react-native-safe-area-context\android\.gradle\8.9\fileHashes)"        [_thread_blocked, id=7992, stack(0x00000089c9000000,0x00000089c9100000) (1024K)]
  0x0000027874cfe430 JavaThread "Cache worker for Build Output Cleanup Cache (D:\Training\project-a\projectvideo-app\projectvideo-frontend\node_modules\react-native-safe-area-context\android\.gradle\buildOutputCleanup)"        [_thread_blocked, id=28156, stack(0x00000089c9100000,0x00000089c9200000) (1024K)]
  0x0000027874d01f40 JavaThread "File watcher server"        daemon [_thread_in_native, id=10600, stack(0x00000089c9200000,0x00000089c9300000) (1024K)]
  0x0000027874cfeac0 JavaThread "File watcher consumer"      daemon [_thread_blocked, id=2560, stack(0x00000089c9300000,0x00000089c9400000) (1024K)]
  0x0000027874d02c60 JavaThread "Cache worker for checksums cache (D:\Training\project-a\projectvideo-app\projectvideo-frontend\node_modules\react-native-safe-area-context\android\.gradle\8.9\checksums)"        [_thread_blocked, id=27040, stack(0x00000089c9400000,0x00000089c9500000) (1024K)]
  0x0000027874d032f0 JavaThread "Cache worker for file content cache (C:\Users\prath\.gradle\caches\8.9\fileContent)"        [_thread_blocked, id=21036, stack(0x00000089c9500000,0x00000089c9600000) (1024K)]
  0x0000027874d025d0 JavaThread "Cache worker for cache directory md-rule (C:\Users\prath\.gradle\caches\8.9\md-rule)"        [_thread_blocked, id=27200, stack(0x00000089c9600000,0x00000089c9700000) (1024K)]
  0x0000027874d046a0 JavaThread "Cache worker for cache directory md-supplier (C:\Users\prath\.gradle\caches\8.9\md-supplier)"        [_thread_blocked, id=8580, stack(0x00000089c9700000,0x00000089c9800000) (1024K)]
  0x0000027876f7e550 JavaThread "jar transforms"                    [_thread_blocked, id=13516, stack(0x00000089c9800000,0x00000089c9900000) (1024K)]
  0x0000027876f7cb10 JavaThread "jar transforms Thread 2"           [_thread_blocked, id=24484, stack(0x00000089c9900000,0x00000089c9a00000) (1024K)]
  0x0000027876f7dec0 JavaThread "jar transforms Thread 3"           [_thread_blocked, id=27580, stack(0x00000089c9a00000,0x00000089c9b00000) (1024K)]
  0x0000027876f7c480 JavaThread "Unconstrained build operations"        [_thread_in_vm, id=23396, stack(0x00000089c9b00000,0x00000089c9c00000) (1024K)]
  0x0000027876f7ff90 JavaThread "Unconstrained build operations Thread 2"        [_thread_in_native, id=13296, stack(0x00000089c9c00000,0x00000089c9d00000) (1024K)]
  0x0000027876f80620 JavaThread "Unconstrained build operations Thread 3"        [_thread_blocked, id=28268, stack(0x00000089c9d00000,0x00000089c9e00000) (1024K)]
=>0x0000027877ea5050 JavaThread "C2 CompilerThread1"         daemon [_thread_in_native, id=15752, stack(0x00000089c9f00000,0x00000089ca000000) (1024K)]
Total: 39

Other Threads:
  0x000002786f799400 VMThread "VM Thread"                           [id=24668, stack(0x00000089c6d00000,0x00000089c6e00000) (1024K)]
  0x000002786f78df70 WatcherThread "VM Periodic Task Thread"        [id=23424, stack(0x00000089c6c00000,0x00000089c6d00000) (1024K)]
  0x00000278599f19a0 WorkerThread "GC Thread#0"                     [id=27252, stack(0x00000089c6700000,0x00000089c6800000) (1024K)]
  0x0000027874670350 WorkerThread "GC Thread#1"                     [id=13440, stack(0x00000089c7800000,0x00000089c7900000) (1024K)]
  0x00000278746c8810 WorkerThread "GC Thread#2"                     [id=17524, stack(0x00000089c7900000,0x00000089c7a00000) (1024K)]
  0x00000278746c8bc0 WorkerThread "GC Thread#3"                     [id=29412, stack(0x00000089c7a00000,0x00000089c7b00000) (1024K)]
  0x00000278743040a0 WorkerThread "GC Thread#4"                     [id=27992, stack(0x00000089c7b00000,0x00000089c7c00000) (1024K)]
  0x0000027874304450 WorkerThread "GC Thread#5"                     [id=29640, stack(0x00000089c7c00000,0x00000089c7d00000) (1024K)]
  0x0000027875fa7200 WorkerThread "GC Thread#6"                     [id=5572, stack(0x00000089c8a00000,0x00000089c8b00000) (1024K)]
  0x000002787638a2d0 WorkerThread "GC Thread#7"                     [id=25624, stack(0x00000089c8b00000,0x00000089c8c00000) (1024K)]
  0x000002787638a680 WorkerThread "GC Thread#8"                     [id=28036, stack(0x00000089c8c00000,0x00000089c8d00000) (1024K)]
  0x0000027876389060 WorkerThread "GC Thread#9"                     [id=27268, stack(0x00000089c8d00000,0x00000089c8e00000) (1024K)]
  0x00000278599f68a0 ConcurrentGCThread "G1 Main Marker"            [id=29328, stack(0x00000089c6800000,0x00000089c6900000) (1024K)]
  0x000002785765d200 WorkerThread "G1 Conc#0"                       [id=11072, stack(0x00000089c6900000,0x00000089c6a00000) (1024K)]
  0x000002787638ade0 WorkerThread "G1 Conc#1"                       [id=5184, stack(0x00000089c8e00000,0x00000089c8f00000) (1024K)]
  0x0000027876388900 WorkerThread "G1 Conc#2"                       [id=21452, stack(0x00000089c8f00000,0x00000089c9000000) (1024K)]
  0x0000027859a7e740 ConcurrentGCThread "G1 Refine#0"               [id=20544, stack(0x00000089c6a00000,0x00000089c6b00000) (1024K)]
  0x000002786f658480 ConcurrentGCThread "G1 Service"                [id=20008, stack(0x00000089c6b00000,0x00000089c6c00000) (1024K)]
Total: 18

Threads with active compile tasks:
C2 CompilerThread0  59860 7425       4       sun.security.util.math.intpoly.IntegerPolynomial25519::mult (943 bytes)
C2 CompilerThread1  59860 7316       4       sun.security.ec.ECOperations::setDouble (463 bytes)
Total: 2

VM state: not at safepoint (normal execution)

VM Mutex/Monitor currently owned by a thread: None

Heap address: 0x00000000e0000000, size: 512 MB, Compressed Oops mode: 32-bit

CDS archive(s) mapped at: [0x0000027800000000-0x0000027800ba0000-0x0000027800ba0000), size 12189696, SharedBaseAddress: 0x0000027800000000, ArchiveRelocationMode: 1.
Compressed class space mapped at: 0x0000027801000000-0x0000027815000000, reserved size: 335544320
Narrow klass base: 0x0000027800000000, Narrow klass shift: 0, Narrow klass range: 0x100000000

GC Precious Log:
 CardTable entry size: 512
 Card Set container configuration: InlinePtr #cards 5 size 8 Array Of Cards #cards 12 size 40 Howl #buckets 4 coarsen threshold 1843 Howl Bitmap #cards 512 size 80 coarsen threshold 460 Card regions per heap region 1 cards per card region 2048
 CPUs: 12 total, 12 available
 Memory: 5989M
 Large Page Support: Disabled
 NUMA Support: Disabled
 Compressed Oops: Enabled (32-bit)
 Heap Region Size: 1M
 Heap Min Capacity: 256M
 Heap Initial Capacity: 256M
 Heap Max Capacity: 512M
 Pre-touch: Disabled
 Parallel Workers: 10
 Concurrent Workers: 3
 Concurrent Refinement Workers: 10
 Periodic GC: Disabled

Heap:
 garbage-first heap   total 262144K, used 65397K [0x00000000e0000000, 0x0000000100000000)
  region size 1024K, 18 young (18432K), 9 survivors (9216K)
 Metaspace       used 61113K, committed 62784K, reserved 393216K
  class space    used 8721K, committed 9536K, reserved 327680K

Heap Regions: E=young(eden), S=young(survivor), O=old, HS=humongous(starts), HC=humongous(continues), CS=collection set, F=free, TAMS=top-at-mark-start, PB=parsable bottom
|   0|0x00000000e0000000, 0x00000000e0100000, 0x00000000e0100000|100%|HS|  |TAMS 0x00000000e0000000| PB 0x00000000e0000000| Complete 
|   1|0x00000000e0100000, 0x00000000e0200000, 0x00000000e0200000|100%|HC|  |TAMS 0x00000000e0100000| PB 0x00000000e0100000| Complete 
|   2|0x00000000e0200000, 0x00000000e0300000, 0x00000000e0300000|100%|HC|  |TAMS 0x00000000e0200000| PB 0x00000000e0200000| Complete 
|   3|0x00000000e0300000, 0x00000000e0400000, 0x00000000e0400000|100%|HC|  |TAMS 0x00000000e0300000| PB 0x00000000e0300000| Complete 
|   4|0x00000000e0400000, 0x00000000e0500000, 0x00000000e0500000|100%| O|  |TAMS 0x00000000e0400000| PB 0x00000000e0400000| Untracked 
|   5|0x00000000e0500000, 0x00000000e0600000, 0x00000000e0600000|100%| O|  |TAMS 0x00000000e0500000| PB 0x00000000e0500000| Untracked 
|   6|0x00000000e0600000, 0x00000000e0700000, 0x00000000e0700000|100%| O|  |TAMS 0x00000000e0600000| PB 0x00000000e0600000| Untracked 
|   7|0x00000000e0700000, 0x00000000e0800000, 0x00000000e0800000|100%| O|  |TAMS 0x00000000e0700000| PB 0x00000000e0700000| Untracked 
|   8|0x00000000e0800000, 0x00000000e0900000, 0x00000000e0900000|100%| O|  |TAMS 0x00000000e0800000| PB 0x00000000e0800000| Untracked 
|   9|0x00000000e0900000, 0x00000000e0a00000, 0x00000000e0a00000|100%| O|  |TAMS 0x00000000e0900000| PB 0x00000000e0900000| Untracked 
|  10|0x00000000e0a00000, 0x00000000e0b00000, 0x00000000e0b00000|100%| O|  |TAMS 0x00000000e0a00000| PB 0x00000000e0a00000| Untracked 
|  11|0x00000000e0b00000, 0x00000000e0c00000, 0x00000000e0c00000|100%|HS|  |TAMS 0x00000000e0b00000| PB 0x00000000e0b00000| Complete 
|  12|0x00000000e0c00000, 0x00000000e0d00000, 0x00000000e0d00000|100%| O|  |TAMS 0x00000000e0c00000| PB 0x00000000e0c00000| Untracked 
|  13|0x00000000e0d00000, 0x00000000e0e00000, 0x00000000e0e00000|100%| O|  |TAMS 0x00000000e0d00000| PB 0x00000000e0d00000| Untracked 
|  14|0x00000000e0e00000, 0x00000000e0f00000, 0x00000000e0f00000|100%| O|  |TAMS 0x00000000e0e00000| PB 0x00000000e0e00000| Untracked 
|  15|0x00000000e0f00000, 0x00000000e1000000, 0x00000000e1000000|100%| O|  |TAMS 0x00000000e0f00000| PB 0x00000000e0f00000| Untracked 
|  16|0x00000000e1000000, 0x00000000e1100000, 0x00000000e1100000|100%| O|  |TAMS 0x00000000e1000000| PB 0x00000000e1000000| Untracked 
|  17|0x00000000e1100000, 0x00000000e1200000, 0x00000000e1200000|100%| O|  |TAMS 0x00000000e1100000| PB 0x00000000e1100000| Untracked 
|  18|0x00000000e1200000, 0x00000000e1300000, 0x00000000e1300000|100%| O|  |TAMS 0x00000000e1200000| PB 0x00000000e1200000| Untracked 
|  19|0x00000000e1300000, 0x00000000e1400000, 0x00000000e1400000|100%| O|  |TAMS 0x00000000e1300000| PB 0x00000000e1300000| Untracked 
|  20|0x00000000e1400000, 0x00000000e1500000, 0x00000000e1500000|100%| O|  |TAMS 0x00000000e1400000| PB 0x00000000e1400000| Untracked 
|  21|0x00000000e1500000, 0x00000000e1600000, 0x00000000e1600000|100%| O|  |TAMS 0x00000000e1500000| PB 0x00000000e1500000| Untracked 
|  22|0x00000000e1600000, 0x00000000e1700000, 0x00000000e1700000|100%| O|  |TAMS 0x00000000e1600000| PB 0x00000000e1600000| Untracked 
|  23|0x00000000e1700000, 0x00000000e1800000, 0x00000000e1800000|100%| O|Cm|TAMS 0x00000000e1700000| PB 0x00000000e1700000| Complete 
|  24|0x00000000e1800000, 0x00000000e1900000, 0x00000000e1900000|100%| O|  |TAMS 0x00000000e1800000| PB 0x00000000e1800000| Untracked 
|  25|0x00000000e1900000, 0x00000000e1a00000, 0x00000000e1a00000|100%| O|  |TAMS 0x00000000e1900000| PB 0x00000000e1900000| Untracked 
|  26|0x00000000e1a00000, 0x00000000e1b00000, 0x00000000e1b00000|100%| O|  |TAMS 0x00000000e1a00000| PB 0x00000000e1a00000| Untracked 
|  27|0x00000000e1b00000, 0x00000000e1c00000, 0x00000000e1c00000|100%| O|  |TAMS 0x00000000e1b00000| PB 0x00000000e1b00000| Untracked 
|  28|0x00000000e1c00000, 0x00000000e1d00000, 0x00000000e1d00000|100%| O|  |TAMS 0x00000000e1c00000| PB 0x00000000e1c00000| Untracked 
|  29|0x00000000e1d00000, 0x00000000e1e00000, 0x00000000e1e00000|100%| O|  |TAMS 0x00000000e1d00000| PB 0x00000000e1d00000| Untracked 
|  30|0x00000000e1e00000, 0x00000000e1f00000, 0x00000000e1f00000|100%| O|  |TAMS 0x00000000e1e00000| PB 0x00000000e1e00000| Untracked 
|  31|0x00000000e1f00000, 0x00000000e2000000, 0x00000000e2000000|100%| O|  |TAMS 0x00000000e1f00000| PB 0x00000000e1f00000| Untracked 
|  32|0x00000000e2000000, 0x00000000e2100000, 0x00000000e2100000|100%| O|  |TAMS 0x00000000e2000000| PB 0x00000000e2000000| Untracked 
|  33|0x00000000e2100000, 0x00000000e2200000, 0x00000000e2200000|100%| O|  |TAMS 0x00000000e2100000| PB 0x00000000e2100000| Untracked 
|  34|0x00000000e2200000, 0x00000000e2300000, 0x00000000e2300000|100%| O|  |TAMS 0x00000000e2200000| PB 0x00000000e2200000| Untracked 
|  35|0x00000000e2300000, 0x00000000e2400000, 0x00000000e2400000|100%| O|  |TAMS 0x00000000e2300000| PB 0x00000000e2300000| Untracked 
|  36|0x00000000e2400000, 0x00000000e2500000, 0x00000000e2500000|100%| O|  |TAMS 0x00000000e2400000| PB 0x00000000e2400000| Untracked 
|  37|0x00000000e2500000, 0x00000000e2600000, 0x00000000e2600000|100%| O|  |TAMS 0x00000000e2500000| PB 0x00000000e2500000| Untracked 
|  38|0x00000000e2600000, 0x00000000e2700000, 0x00000000e2700000|100%| O|  |TAMS 0x00000000e2600000| PB 0x00000000e2600000| Untracked 
|  39|0x00000000e2700000, 0x00000000e2800000, 0x00000000e2800000|100%| O|  |TAMS 0x00000000e2700000| PB 0x00000000e2700000| Untracked 
|  40|0x00000000e2800000, 0x00000000e2900000, 0x00000000e2900000|100%| O|  |TAMS 0x00000000e2800000| PB 0x00000000e2800000| Untracked 
|  41|0x00000000e2900000, 0x00000000e2a00000, 0x00000000e2a00000|100%| O|  |TAMS 0x00000000e2900000| PB 0x00000000e2900000| Untracked 
|  42|0x00000000e2a00000, 0x00000000e2b00000, 0x00000000e2b00000|100%| O|  |TAMS 0x00000000e2a00000| PB 0x00000000e2a00000| Untracked 
|  43|0x00000000e2b00000, 0x00000000e2c00000, 0x00000000e2c00000|100%| O|  |TAMS 0x00000000e2b00000| PB 0x00000000e2b00000| Untracked 
|  44|0x00000000e2c00000, 0x00000000e2d00000, 0x00000000e2d00000|100%| O|  |TAMS 0x00000000e2c00000| PB 0x00000000e2c00000| Untracked 
|  45|0x00000000e2d00000, 0x00000000e2e00000, 0x00000000e2e00000|100%| O|  |TAMS 0x00000000e2d00000| PB 0x00000000e2d00000| Untracked 
|  46|0x00000000e2e00000, 0x00000000e2f00000, 0x00000000e2f00000|100%| O|  |TAMS 0x00000000e2e00000| PB 0x00000000e2e00000| Untracked 
|  47|0x00000000e2f00000, 0x00000000e2f4a658, 0x00000000e3000000| 29%| O|  |TAMS 0x00000000e2f00000| PB 0x00000000e2f00000| Untracked 
|  48|0x00000000e3000000, 0x00000000e3000000, 0x00000000e3100000|  0%| F|  |TAMS 0x00000000e3000000| PB 0x00000000e3000000| Untracked 
|  49|0x00000000e3100000, 0x00000000e3100000, 0x00000000e3200000|  0%| F|  |TAMS 0x00000000e3100000| PB 0x00000000e3100000| Untracked 
|  50|0x00000000e3200000, 0x00000000e3200000, 0x00000000e3300000|  0%| F|  |TAMS 0x00000000e3200000| PB 0x00000000e3200000| Untracked 
|  51|0x00000000e3300000, 0x00000000e3300000, 0x00000000e3400000|  0%| F|  |TAMS 0x00000000e3300000| PB 0x00000000e3300000| Untracked 
|  52|0x00000000e3400000, 0x00000000e3400000, 0x00000000e3500000|  0%| F|  |TAMS 0x00000000e3400000| PB 0x00000000e3400000| Untracked 
|  53|0x00000000e3500000, 0x00000000e3500000, 0x00000000e3600000|  0%| F|  |TAMS 0x00000000e3500000| PB 0x00000000e3500000| Untracked 
|  54|0x00000000e3600000, 0x00000000e3600000, 0x00000000e3700000|  0%| F|  |TAMS 0x00000000e3600000| PB 0x00000000e3600000| Untracked 
|  55|0x00000000e3700000, 0x00000000e3700000, 0x00000000e3800000|  0%| F|  |TAMS 0x00000000e3700000| PB 0x00000000e3700000| Untracked 
|  56|0x00000000e3800000, 0x00000000e3800000, 0x00000000e3900000|  0%| F|  |TAMS 0x00000000e3800000| PB 0x00000000e3800000| Untracked 
|  57|0x00000000e3900000, 0x00000000e3900000, 0x00000000e3a00000|  0%| F|  |TAMS 0x00000000e3900000| PB 0x00000000e3900000| Untracked 
|  58|0x00000000e3a00000, 0x00000000e3a00000, 0x00000000e3b00000|  0%| F|  |TAMS 0x00000000e3a00000| PB 0x00000000e3a00000| Untracked 
|  59|0x00000000e3b00000, 0x00000000e3b00000, 0x00000000e3c00000|  0%| F|  |TAMS 0x00000000e3b00000| PB 0x00000000e3b00000| Untracked 
|  60|0x00000000e3c00000, 0x00000000e3c00000, 0x00000000e3d00000|  0%| F|  |TAMS 0x00000000e3c00000| PB 0x00000000e3c00000| Untracked 
|  61|0x00000000e3d00000, 0x00000000e3d00000, 0x00000000e3e00000|  0%| F|  |TAMS 0x00000000e3d00000| PB 0x00000000e3d00000| Untracked 
|  62|0x00000000e3e00000, 0x00000000e3e00000, 0x00000000e3f00000|  0%| F|  |TAMS 0x00000000e3e00000| PB 0x00000000e3e00000| Untracked 
|  63|0x00000000e3f00000, 0x00000000e3f00000, 0x00000000e4000000|  0%| F|  |TAMS 0x00000000e3f00000| PB 0x00000000e3f00000| Untracked 
|  64|0x00000000e4000000, 0x00000000e4000000, 0x00000000e4100000|  0%| F|  |TAMS 0x00000000e4000000| PB 0x00000000e4000000| Untracked 
|  65|0x00000000e4100000, 0x00000000e4100000, 0x00000000e4200000|  0%| F|  |TAMS 0x00000000e4100000| PB 0x00000000e4100000| Untracked 
|  66|0x00000000e4200000, 0x00000000e4200000, 0x00000000e4300000|  0%| F|  |TAMS 0x00000000e4200000| PB 0x00000000e4200000| Untracked 
|  67|0x00000000e4300000, 0x00000000e4300000, 0x00000000e4400000|  0%| F|  |TAMS 0x00000000e4300000| PB 0x00000000e4300000| Untracked 
|  68|0x00000000e4400000, 0x00000000e4400000, 0x00000000e4500000|  0%| F|  |TAMS 0x00000000e4400000| PB 0x00000000e4400000| Untracked 
|  69|0x00000000e4500000, 0x00000000e4500000, 0x00000000e4600000|  0%| F|  |TAMS 0x00000000e4500000| PB 0x00000000e4500000| Untracked 
|  70|0x00000000e4600000, 0x00000000e4600000, 0x00000000e4700000|  0%| F|  |TAMS 0x00000000e4600000| PB 0x00000000e4600000| Untracked 
|  71|0x00000000e4700000, 0x00000000e4700000, 0x00000000e4800000|  0%| F|  |TAMS 0x00000000e4700000| PB 0x00000000e4700000| Untracked 
|  72|0x00000000e4800000, 0x00000000e4800000, 0x00000000e4900000|  0%| F|  |TAMS 0x00000000e4800000| PB 0x00000000e4800000| Untracked 
|  73|0x00000000e4900000, 0x00000000e4900000, 0x00000000e4a00000|  0%| F|  |TAMS 0x00000000e4900000| PB 0x00000000e4900000| Untracked 
|  74|0x00000000e4a00000, 0x00000000e4a00000, 0x00000000e4b00000|  0%| F|  |TAMS 0x00000000e4a00000| PB 0x00000000e4a00000| Untracked 
|  75|0x00000000e4b00000, 0x00000000e4b00000, 0x00000000e4c00000|  0%| F|  |TAMS 0x00000000e4b00000| PB 0x00000000e4b00000| Untracked 
|  76|0x00000000e4c00000, 0x00000000e4c00000, 0x00000000e4d00000|  0%| F|  |TAMS 0x00000000e4c00000| PB 0x00000000e4c00000| Untracked 
|  77|0x00000000e4d00000, 0x00000000e4d00000, 0x00000000e4e00000|  0%| F|  |TAMS 0x00000000e4d00000| PB 0x00000000e4d00000| Untracked 
|  78|0x00000000e4e00000, 0x00000000e4e00000, 0x00000000e4f00000|  0%| F|  |TAMS 0x00000000e4e00000| PB 0x00000000e4e00000| Untracked 
|  79|0x00000000e4f00000, 0x00000000e4f00000, 0x00000000e5000000|  0%| F|  |TAMS 0x00000000e4f00000| PB 0x00000000e4f00000| Untracked 
|  80|0x00000000e5000000, 0x00000000e5000000, 0x00000000e5100000|  0%| F|  |TAMS 0x00000000e5000000| PB 0x00000000e5000000| Untracked 
|  81|0x00000000e5100000, 0x00000000e5100000, 0x00000000e5200000|  0%| F|  |TAMS 0x00000000e5100000| PB 0x00000000e5100000| Untracked 
|  82|0x00000000e5200000, 0x00000000e5200000, 0x00000000e5300000|  0%| F|  |TAMS 0x00000000e5200000| PB 0x00000000e5200000| Untracked 
|  83|0x00000000e5300000, 0x00000000e5300000, 0x00000000e5400000|  0%| F|  |TAMS 0x00000000e5300000| PB 0x00000000e5300000| Untracked 
|  84|0x00000000e5400000, 0x00000000e5400000, 0x00000000e5500000|  0%| F|  |TAMS 0x00000000e5400000| PB 0x00000000e5400000| Untracked 
|  85|0x00000000e5500000, 0x00000000e5500000, 0x00000000e5600000|  0%| F|  |TAMS 0x00000000e5500000| PB 0x00000000e5500000| Untracked 
|  86|0x00000000e5600000, 0x00000000e5600000, 0x00000000e5700000|  0%| F|  |TAMS 0x00000000e5600000| PB 0x00000000e5600000| Untracked 
|  87|0x00000000e5700000, 0x00000000e5700000, 0x00000000e5800000|  0%| F|  |TAMS 0x00000000e5700000| PB 0x00000000e5700000| Untracked 
|  88|0x00000000e5800000, 0x00000000e5800000, 0x00000000e5900000|  0%| F|  |TAMS 0x00000000e5800000| PB 0x00000000e5800000| Untracked 
|  89|0x00000000e5900000, 0x00000000e5900000, 0x00000000e5a00000|  0%| F|  |TAMS 0x00000000e5900000| PB 0x00000000e5900000| Untracked 
|  90|0x00000000e5a00000, 0x00000000e5a00000, 0x00000000e5b00000|  0%| F|  |TAMS 0x00000000e5a00000| PB 0x00000000e5a00000| Untracked 
|  91|0x00000000e5b00000, 0x00000000e5b00000, 0x00000000e5c00000|  0%| F|  |TAMS 0x00000000e5b00000| PB 0x00000000e5b00000| Untracked 
|  92|0x00000000e5c00000, 0x00000000e5c00000, 0x00000000e5d00000|  0%| F|  |TAMS 0x00000000e5c00000| PB 0x00000000e5c00000| Untracked 
|  93|0x00000000e5d00000, 0x00000000e5d00000, 0x00000000e5e00000|  0%| F|  |TAMS 0x00000000e5d00000| PB 0x00000000e5d00000| Untracked 
|  94|0x00000000e5e00000, 0x00000000e5e00000, 0x00000000e5f00000|  0%| F|  |TAMS 0x00000000e5e00000| PB 0x00000000e5e00000| Untracked 
|  95|0x00000000e5f00000, 0x00000000e5f00000, 0x00000000e6000000|  0%| F|  |TAMS 0x00000000e5f00000| PB 0x00000000e5f00000| Untracked 
|  96|0x00000000e6000000, 0x00000000e6000000, 0x00000000e6100000|  0%| F|  |TAMS 0x00000000e6000000| PB 0x00000000e6000000| Untracked 
|  97|0x00000000e6100000, 0x00000000e6100000, 0x00000000e6200000|  0%| F|  |TAMS 0x00000000e6100000| PB 0x00000000e6100000| Untracked 
|  98|0x00000000e6200000, 0x00000000e6200000, 0x00000000e6300000|  0%| F|  |TAMS 0x00000000e6200000| PB 0x00000000e6200000| Untracked 
|  99|0x00000000e6300000, 0x00000000e6300000, 0x00000000e6400000|  0%| F|  |TAMS 0x00000000e6300000| PB 0x00000000e6300000| Untracked 
| 100|0x00000000e6400000, 0x00000000e6400000, 0x00000000e6500000|  0%| F|  |TAMS 0x00000000e6400000| PB 0x00000000e6400000| Untracked 
| 101|0x00000000e6500000, 0x00000000e6500000, 0x00000000e6600000|  0%| F|  |TAMS 0x00000000e6500000| PB 0x00000000e6500000| Untracked 
| 102|0x00000000e6600000, 0x00000000e6600000, 0x00000000e6700000|  0%| F|  |TAMS 0x00000000e6600000| PB 0x00000000e6600000| Untracked 
| 103|0x00000000e6700000, 0x00000000e6700000, 0x00000000e6800000|  0%| F|  |TAMS 0x00000000e6700000| PB 0x00000000e6700000| Untracked 
| 104|0x00000000e6800000, 0x00000000e6800000, 0x00000000e6900000|  0%| F|  |TAMS 0x00000000e6800000| PB 0x00000000e6800000| Untracked 
| 105|0x00000000e6900000, 0x00000000e6900000, 0x00000000e6a00000|  0%| F|  |TAMS 0x00000000e6900000| PB 0x00000000e6900000| Untracked 
| 106|0x00000000e6a00000, 0x00000000e6a00000, 0x00000000e6b00000|  0%| F|  |TAMS 0x00000000e6a00000| PB 0x00000000e6a00000| Untracked 
| 107|0x00000000e6b00000, 0x00000000e6b00000, 0x00000000e6c00000|  0%| F|  |TAMS 0x00000000e6b00000| PB 0x00000000e6b00000| Untracked 
| 108|0x00000000e6c00000, 0x00000000e6c00000, 0x00000000e6d00000|  0%| F|  |TAMS 0x00000000e6c00000| PB 0x00000000e6c00000| Untracked 
| 109|0x00000000e6d00000, 0x00000000e6d00000, 0x00000000e6e00000|  0%| F|  |TAMS 0x00000000e6d00000| PB 0x00000000e6d00000| Untracked 
| 110|0x00000000e6e00000, 0x00000000e6e00000, 0x00000000e6f00000|  0%| F|  |TAMS 0x00000000e6e00000| PB 0x00000000e6e00000| Untracked 
| 111|0x00000000e6f00000, 0x00000000e6f00000, 0x00000000e7000000|  0%| F|  |TAMS 0x00000000e6f00000| PB 0x00000000e6f00000| Untracked 
| 112|0x00000000e7000000, 0x00000000e7000000, 0x00000000e7100000|  0%| F|  |TAMS 0x00000000e7000000| PB 0x00000000e7000000| Untracked 
| 113|0x00000000e7100000, 0x00000000e7100000, 0x00000000e7200000|  0%| F|  |TAMS 0x00000000e7100000| PB 0x00000000e7100000| Untracked 
| 114|0x00000000e7200000, 0x00000000e7200000, 0x00000000e7300000|  0%| F|  |TAMS 0x00000000e7200000| PB 0x00000000e7200000| Untracked 
| 115|0x00000000e7300000, 0x00000000e7300000, 0x00000000e7400000|  0%| F|  |TAMS 0x00000000e7300000| PB 0x00000000e7300000| Untracked 
| 116|0x00000000e7400000, 0x00000000e7400000, 0x00000000e7500000|  0%| F|  |TAMS 0x00000000e7400000| PB 0x00000000e7400000| Untracked 
| 117|0x00000000e7500000, 0x00000000e7500000, 0x00000000e7600000|  0%| F|  |TAMS 0x00000000e7500000| PB 0x00000000e7500000| Untracked 
| 118|0x00000000e7600000, 0x00000000e7600000, 0x00000000e7700000|  0%| F|  |TAMS 0x00000000e7600000| PB 0x00000000e7600000| Untracked 
| 119|0x00000000e7700000, 0x00000000e7700000, 0x00000000e7800000|  0%| F|  |TAMS 0x00000000e7700000| PB 0x00000000e7700000| Untracked 
| 120|0x00000000e7800000, 0x00000000e7800000, 0x00000000e7900000|  0%| F|  |TAMS 0x00000000e7800000| PB 0x00000000e7800000| Untracked 
| 121|0x00000000e7900000, 0x00000000e7900000, 0x00000000e7a00000|  0%| F|  |TAMS 0x00000000e7900000| PB 0x00000000e7900000| Untracked 
| 122|0x00000000e7a00000, 0x00000000e7a00000, 0x00000000e7b00000|  0%| F|  |TAMS 0x00000000e7a00000| PB 0x00000000e7a00000| Untracked 
| 123|0x00000000e7b00000, 0x00000000e7b00000, 0x00000000e7c00000|  0%| F|  |TAMS 0x00000000e7b00000| PB 0x00000000e7b00000| Untracked 
| 124|0x00000000e7c00000, 0x00000000e7c00000, 0x00000000e7d00000|  0%| F|  |TAMS 0x00000000e7c00000| PB 0x00000000e7c00000| Untracked 
| 125|0x00000000e7d00000, 0x00000000e7d00000, 0x00000000e7e00000|  0%| F|  |TAMS 0x00000000e7d00000| PB 0x00000000e7d00000| Untracked 
| 126|0x00000000e7e00000, 0x00000000e7e00000, 0x00000000e7f00000|  0%| F|  |TAMS 0x00000000e7e00000| PB 0x00000000e7e00000| Untracked 
| 127|0x00000000e7f00000, 0x00000000e7f00000, 0x00000000e8000000|  0%| F|  |TAMS 0x00000000e7f00000| PB 0x00000000e7f00000| Untracked 
| 128|0x00000000e8000000, 0x00000000e8000000, 0x00000000e8100000|  0%| F|  |TAMS 0x00000000e8000000| PB 0x00000000e8000000| Untracked 
| 129|0x00000000e8100000, 0x00000000e8100000, 0x00000000e8200000|  0%| F|  |TAMS 0x00000000e8100000| PB 0x00000000e8100000| Untracked 
| 130|0x00000000e8200000, 0x00000000e8200000, 0x00000000e8300000|  0%| F|  |TAMS 0x00000000e8200000| PB 0x00000000e8200000| Untracked 
| 131|0x00000000e8300000, 0x00000000e8300000, 0x00000000e8400000|  0%| F|  |TAMS 0x00000000e8300000| PB 0x00000000e8300000| Untracked 
| 132|0x00000000e8400000, 0x00000000e8400000, 0x00000000e8500000|  0%| F|  |TAMS 0x00000000e8400000| PB 0x00000000e8400000| Untracked 
| 133|0x00000000e8500000, 0x00000000e8500000, 0x00000000e8600000|  0%| F|  |TAMS 0x00000000e8500000| PB 0x00000000e8500000| Untracked 
| 134|0x00000000e8600000, 0x00000000e8600000, 0x00000000e8700000|  0%| F|  |TAMS 0x00000000e8600000| PB 0x00000000e8600000| Untracked 
| 135|0x00000000e8700000, 0x00000000e8700000, 0x00000000e8800000|  0%| F|  |TAMS 0x00000000e8700000| PB 0x00000000e8700000| Untracked 
| 136|0x00000000e8800000, 0x00000000e8800000, 0x00000000e8900000|  0%| F|  |TAMS 0x00000000e8800000| PB 0x00000000e8800000| Untracked 
| 137|0x00000000e8900000, 0x00000000e8900000, 0x00000000e8a00000|  0%| F|  |TAMS 0x00000000e8900000| PB 0x00000000e8900000| Untracked 
| 138|0x00000000e8a00000, 0x00000000e8a00000, 0x00000000e8b00000|  0%| F|  |TAMS 0x00000000e8a00000| PB 0x00000000e8a00000| Untracked 
| 139|0x00000000e8b00000, 0x00000000e8b00000, 0x00000000e8c00000|  0%| F|  |TAMS 0x00000000e8b00000| PB 0x00000000e8b00000| Untracked 
| 140|0x00000000e8c00000, 0x00000000e8c00000, 0x00000000e8d00000|  0%| F|  |TAMS 0x00000000e8c00000| PB 0x00000000e8c00000| Untracked 
| 141|0x00000000e8d00000, 0x00000000e8d00000, 0x00000000e8e00000|  0%| F|  |TAMS 0x00000000e8d00000| PB 0x00000000e8d00000| Untracked 
| 142|0x00000000e8e00000, 0x00000000e8e00000, 0x00000000e8f00000|  0%| F|  |TAMS 0x00000000e8e00000| PB 0x00000000e8e00000| Untracked 
| 143|0x00000000e8f00000, 0x00000000e8f00000, 0x00000000e9000000|  0%| F|  |TAMS 0x00000000e8f00000| PB 0x00000000e8f00000| Untracked 
| 144|0x00000000e9000000, 0x00000000e9000000, 0x00000000e9100000|  0%| F|  |TAMS 0x00000000e9000000| PB 0x00000000e9000000| Untracked 
| 145|0x00000000e9100000, 0x00000000e9100000, 0x00000000e9200000|  0%| F|  |TAMS 0x00000000e9100000| PB 0x00000000e9100000| Untracked 
| 146|0x00000000e9200000, 0x00000000e9200000, 0x00000000e9300000|  0%| F|  |TAMS 0x00000000e9200000| PB 0x00000000e9200000| Untracked 
| 147|0x00000000e9300000, 0x00000000e9300000, 0x00000000e9400000|  0%| F|  |TAMS 0x00000000e9300000| PB 0x00000000e9300000| Untracked 
| 148|0x00000000e9400000, 0x00000000e9400000, 0x00000000e9500000|  0%| F|  |TAMS 0x00000000e9400000| PB 0x00000000e9400000| Untracked 
| 149|0x00000000e9500000, 0x00000000e9500000, 0x00000000e9600000|  0%| F|  |TAMS 0x00000000e9500000| PB 0x00000000e9500000| Untracked 
| 150|0x00000000e9600000, 0x00000000e9600000, 0x00000000e9700000|  0%| F|  |TAMS 0x00000000e9600000| PB 0x00000000e9600000| Untracked 
| 151|0x00000000e9700000, 0x00000000e9700000, 0x00000000e9800000|  0%| F|  |TAMS 0x00000000e9700000| PB 0x00000000e9700000| Untracked 
| 152|0x00000000e9800000, 0x00000000e9800000, 0x00000000e9900000|  0%| F|  |TAMS 0x00000000e9800000| PB 0x00000000e9800000| Untracked 
| 153|0x00000000e9900000, 0x00000000e9900000, 0x00000000e9a00000|  0%| F|  |TAMS 0x00000000e9900000| PB 0x00000000e9900000| Untracked 
| 154|0x00000000e9a00000, 0x00000000e9a00000, 0x00000000e9b00000|  0%| F|  |TAMS 0x00000000e9a00000| PB 0x00000000e9a00000| Untracked 
| 155|0x00000000e9b00000, 0x00000000e9b00000, 0x00000000e9c00000|  0%| F|  |TAMS 0x00000000e9b00000| PB 0x00000000e9b00000| Untracked 
| 156|0x00000000e9c00000, 0x00000000e9c00000, 0x00000000e9d00000|  0%| F|  |TAMS 0x00000000e9c00000| PB 0x00000000e9c00000| Untracked 
| 157|0x00000000e9d00000, 0x00000000e9d00000, 0x00000000e9e00000|  0%| F|  |TAMS 0x00000000e9d00000| PB 0x00000000e9d00000| Untracked 
| 158|0x00000000e9e00000, 0x00000000e9e00000, 0x00000000e9f00000|  0%| F|  |TAMS 0x00000000e9e00000| PB 0x00000000e9e00000| Untracked 
| 159|0x00000000e9f00000, 0x00000000e9f00000, 0x00000000ea000000|  0%| F|  |TAMS 0x00000000e9f00000| PB 0x00000000e9f00000| Untracked 
| 160|0x00000000ea000000, 0x00000000ea000000, 0x00000000ea100000|  0%| F|  |TAMS 0x00000000ea000000| PB 0x00000000ea000000| Untracked 
| 161|0x00000000ea100000, 0x00000000ea100000, 0x00000000ea200000|  0%| F|  |TAMS 0x00000000ea100000| PB 0x00000000ea100000| Untracked 
| 162|0x00000000ea200000, 0x00000000ea200000, 0x00000000ea300000|  0%| F|  |TAMS 0x00000000ea200000| PB 0x00000000ea200000| Untracked 
| 163|0x00000000ea300000, 0x00000000ea300000, 0x00000000ea400000|  0%| F|  |TAMS 0x00000000ea300000| PB 0x00000000ea300000| Untracked 
| 164|0x00000000ea400000, 0x00000000ea400000, 0x00000000ea500000|  0%| F|  |TAMS 0x00000000ea400000| PB 0x00000000ea400000| Untracked 
| 165|0x00000000ea500000, 0x00000000ea500000, 0x00000000ea600000|  0%| F|  |TAMS 0x00000000ea500000| PB 0x00000000ea500000| Untracked 
| 166|0x00000000ea600000, 0x00000000ea600000, 0x00000000ea700000|  0%| F|  |TAMS 0x00000000ea600000| PB 0x00000000ea600000| Untracked 
| 167|0x00000000ea700000, 0x00000000ea700000, 0x00000000ea800000|  0%| F|  |TAMS 0x00000000ea700000| PB 0x00000000ea700000| Untracked 
| 168|0x00000000ea800000, 0x00000000ea800000, 0x00000000ea900000|  0%| F|  |TAMS 0x00000000ea800000| PB 0x00000000ea800000| Untracked 
| 169|0x00000000ea900000, 0x00000000ea900000, 0x00000000eaa00000|  0%| F|  |TAMS 0x00000000ea900000| PB 0x00000000ea900000| Untracked 
| 170|0x00000000eaa00000, 0x00000000eaa00000, 0x00000000eab00000|  0%| F|  |TAMS 0x00000000eaa00000| PB 0x00000000eaa00000| Untracked 
| 171|0x00000000eab00000, 0x00000000eab00000, 0x00000000eac00000|  0%| F|  |TAMS 0x00000000eab00000| PB 0x00000000eab00000| Untracked 
| 172|0x00000000eac00000, 0x00000000eac00000, 0x00000000ead00000|  0%| F|  |TAMS 0x00000000eac00000| PB 0x00000000eac00000| Untracked 
| 173|0x00000000ead00000, 0x00000000ead00000, 0x00000000eae00000|  0%| F|  |TAMS 0x00000000ead00000| PB 0x00000000ead00000| Untracked 
| 174|0x00000000eae00000, 0x00000000eae00000, 0x00000000eaf00000|  0%| F|  |TAMS 0x00000000eae00000| PB 0x00000000eae00000| Untracked 
| 175|0x00000000eaf00000, 0x00000000eaf00000, 0x00000000eb000000|  0%| F|  |TAMS 0x00000000eaf00000| PB 0x00000000eaf00000| Untracked 
| 176|0x00000000eb000000, 0x00000000eb000000, 0x00000000eb100000|  0%| F|  |TAMS 0x00000000eb000000| PB 0x00000000eb000000| Untracked 
| 177|0x00000000eb100000, 0x00000000eb100000, 0x00000000eb200000|  0%| F|  |TAMS 0x00000000eb100000| PB 0x00000000eb100000| Untracked 
| 178|0x00000000eb200000, 0x00000000eb200000, 0x00000000eb300000|  0%| F|  |TAMS 0x00000000eb200000| PB 0x00000000eb200000| Untracked 
| 179|0x00000000eb300000, 0x00000000eb300000, 0x00000000eb400000|  0%| F|  |TAMS 0x00000000eb300000| PB 0x00000000eb300000| Untracked 
| 180|0x00000000eb400000, 0x00000000eb400000, 0x00000000eb500000|  0%| F|  |TAMS 0x00000000eb400000| PB 0x00000000eb400000| Untracked 
| 181|0x00000000eb500000, 0x00000000eb500000, 0x00000000eb600000|  0%| F|  |TAMS 0x00000000eb500000| PB 0x00000000eb500000| Untracked 
| 182|0x00000000eb600000, 0x00000000eb600000, 0x00000000eb700000|  0%| F|  |TAMS 0x00000000eb600000| PB 0x00000000eb600000| Untracked 
| 183|0x00000000eb700000, 0x00000000eb700000, 0x00000000eb800000|  0%| F|  |TAMS 0x00000000eb700000| PB 0x00000000eb700000| Untracked 
| 184|0x00000000eb800000, 0x00000000eb800000, 0x00000000eb900000|  0%| F|  |TAMS 0x00000000eb800000| PB 0x00000000eb800000| Untracked 
| 185|0x00000000eb900000, 0x00000000eb900000, 0x00000000eba00000|  0%| F|  |TAMS 0x00000000eb900000| PB 0x00000000eb900000| Untracked 
| 186|0x00000000eba00000, 0x00000000eba00000, 0x00000000ebb00000|  0%| F|  |TAMS 0x00000000eba00000| PB 0x00000000eba00000| Untracked 
| 187|0x00000000ebb00000, 0x00000000ebb00000, 0x00000000ebc00000|  0%| F|  |TAMS 0x00000000ebb00000| PB 0x00000000ebb00000| Untracked 
| 188|0x00000000ebc00000, 0x00000000ebc00000, 0x00000000ebd00000|  0%| F|  |TAMS 0x00000000ebc00000| PB 0x00000000ebc00000| Untracked 
| 189|0x00000000ebd00000, 0x00000000ebd00000, 0x00000000ebe00000|  0%| F|  |TAMS 0x00000000ebd00000| PB 0x00000000ebd00000| Untracked 
| 190|0x00000000ebe00000, 0x00000000ebe00000, 0x00000000ebf00000|  0%| F|  |TAMS 0x00000000ebe00000| PB 0x00000000ebe00000| Untracked 
| 191|0x00000000ebf00000, 0x00000000ebf00000, 0x00000000ec000000|  0%| F|  |TAMS 0x00000000ebf00000| PB 0x00000000ebf00000| Untracked 
| 192|0x00000000ec000000, 0x00000000ec000000, 0x00000000ec100000|  0%| F|  |TAMS 0x00000000ec000000| PB 0x00000000ec000000| Untracked 
| 193|0x00000000ec100000, 0x00000000ec100000, 0x00000000ec200000|  0%| F|  |TAMS 0x00000000ec100000| PB 0x00000000ec100000| Untracked 
| 194|0x00000000ec200000, 0x00000000ec200000, 0x00000000ec300000|  0%| F|  |TAMS 0x00000000ec200000| PB 0x00000000ec200000| Untracked 
| 195|0x00000000ec300000, 0x00000000ec300000, 0x00000000ec400000|  0%| F|  |TAMS 0x00000000ec300000| PB 0x00000000ec300000| Untracked 
| 196|0x00000000ec400000, 0x00000000ec400000, 0x00000000ec500000|  0%| F|  |TAMS 0x00000000ec400000| PB 0x00000000ec400000| Untracked 
| 197|0x00000000ec500000, 0x00000000ec500000, 0x00000000ec600000|  0%| F|  |TAMS 0x00000000ec500000| PB 0x00000000ec500000| Untracked 
| 198|0x00000000ec600000, 0x00000000ec600000, 0x00000000ec700000|  0%| F|  |TAMS 0x00000000ec600000| PB 0x00000000ec600000| Untracked 
| 199|0x00000000ec700000, 0x00000000ec700000, 0x00000000ec800000|  0%| F|  |TAMS 0x00000000ec700000| PB 0x00000000ec700000| Untracked 
| 200|0x00000000ec800000, 0x00000000ec800000, 0x00000000ec900000|  0%| F|  |TAMS 0x00000000ec800000| PB 0x00000000ec800000| Untracked 
| 201|0x00000000ec900000, 0x00000000ec900000, 0x00000000eca00000|  0%| F|  |TAMS 0x00000000ec900000| PB 0x00000000ec900000| Untracked 
| 202|0x00000000eca00000, 0x00000000eca00000, 0x00000000ecb00000|  0%| F|  |TAMS 0x00000000eca00000| PB 0x00000000eca00000| Untracked 
| 203|0x00000000ecb00000, 0x00000000ecb00000, 0x00000000ecc00000|  0%| F|  |TAMS 0x00000000ecb00000| PB 0x00000000ecb00000| Untracked 
| 204|0x00000000ecc00000, 0x00000000ecc00000, 0x00000000ecd00000|  0%| F|  |TAMS 0x00000000ecc00000| PB 0x00000000ecc00000| Untracked 
| 205|0x00000000ecd00000, 0x00000000ecd00000, 0x00000000ece00000|  0%| F|  |TAMS 0x00000000ecd00000| PB 0x00000000ecd00000| Untracked 
| 206|0x00000000ece00000, 0x00000000ece00000, 0x00000000ecf00000|  0%| F|  |TAMS 0x00000000ece00000| PB 0x00000000ece00000| Untracked 
| 207|0x00000000ecf00000, 0x00000000ecf00000, 0x00000000ed000000|  0%| F|  |TAMS 0x00000000ecf00000| PB 0x00000000ecf00000| Untracked 
| 208|0x00000000ed000000, 0x00000000ed000000, 0x00000000ed100000|  0%| F|  |TAMS 0x00000000ed000000| PB 0x00000000ed000000| Untracked 
| 209|0x00000000ed100000, 0x00000000ed100000, 0x00000000ed200000|  0%| F|  |TAMS 0x00000000ed100000| PB 0x00000000ed100000| Untracked 
| 210|0x00000000ed200000, 0x00000000ed200000, 0x00000000ed300000|  0%| F|  |TAMS 0x00000000ed200000| PB 0x00000000ed200000| Untracked 
| 211|0x00000000ed300000, 0x00000000ed300000, 0x00000000ed400000|  0%| F|  |TAMS 0x00000000ed300000| PB 0x00000000ed300000| Untracked 
| 212|0x00000000ed400000, 0x00000000ed400000, 0x00000000ed500000|  0%| F|  |TAMS 0x00000000ed400000| PB 0x00000000ed400000| Untracked 
| 213|0x00000000ed500000, 0x00000000ed500000, 0x00000000ed600000|  0%| F|  |TAMS 0x00000000ed500000| PB 0x00000000ed500000| Untracked 
| 214|0x00000000ed600000, 0x00000000ed600000, 0x00000000ed700000|  0%| F|  |TAMS 0x00000000ed600000| PB 0x00000000ed600000| Untracked 
| 215|0x00000000ed700000, 0x00000000ed700000, 0x00000000ed800000|  0%| F|  |TAMS 0x00000000ed700000| PB 0x00000000ed700000| Untracked 
| 216|0x00000000ed800000, 0x00000000ed800000, 0x00000000ed900000|  0%| F|  |TAMS 0x00000000ed800000| PB 0x00000000ed800000| Untracked 
| 217|0x00000000ed900000, 0x00000000ed900000, 0x00000000eda00000|  0%| F|  |TAMS 0x00000000ed900000| PB 0x00000000ed900000| Untracked 
| 218|0x00000000eda00000, 0x00000000eda00000, 0x00000000edb00000|  0%| F|  |TAMS 0x00000000eda00000| PB 0x00000000eda00000| Untracked 
| 219|0x00000000edb00000, 0x00000000edb00000, 0x00000000edc00000|  0%| F|  |TAMS 0x00000000edb00000| PB 0x00000000edb00000| Untracked 
| 220|0x00000000edc00000, 0x00000000edc00000, 0x00000000edd00000|  0%| F|  |TAMS 0x00000000edc00000| PB 0x00000000edc00000| Untracked 
| 221|0x00000000edd00000, 0x00000000edd00000, 0x00000000ede00000|  0%| F|  |TAMS 0x00000000edd00000| PB 0x00000000edd00000| Untracked 
| 222|0x00000000ede00000, 0x00000000ede00000, 0x00000000edf00000|  0%| F|  |TAMS 0x00000000ede00000| PB 0x00000000ede00000| Untracked 
| 223|0x00000000edf00000, 0x00000000edf00000, 0x00000000ee000000|  0%| F|  |TAMS 0x00000000edf00000| PB 0x00000000edf00000| Untracked 
| 224|0x00000000ee000000, 0x00000000ee000000, 0x00000000ee100000|  0%| F|  |TAMS 0x00000000ee000000| PB 0x00000000ee000000| Untracked 
| 225|0x00000000ee100000, 0x00000000ee100000, 0x00000000ee200000|  0%| F|  |TAMS 0x00000000ee100000| PB 0x00000000ee100000| Untracked 
| 226|0x00000000ee200000, 0x00000000ee200000, 0x00000000ee300000|  0%| F|  |TAMS 0x00000000ee200000| PB 0x00000000ee200000| Untracked 
| 227|0x00000000ee300000, 0x00000000ee300000, 0x00000000ee400000|  0%| F|  |TAMS 0x00000000ee300000| PB 0x00000000ee300000| Untracked 
| 228|0x00000000ee400000, 0x00000000ee400000, 0x00000000ee500000|  0%| F|  |TAMS 0x00000000ee400000| PB 0x00000000ee400000| Untracked 
| 229|0x00000000ee500000, 0x00000000ee500000, 0x00000000ee600000|  0%| F|  |TAMS 0x00000000ee500000| PB 0x00000000ee500000| Untracked 
| 230|0x00000000ee600000, 0x00000000ee600000, 0x00000000ee700000|  0%| F|  |TAMS 0x00000000ee600000| PB 0x00000000ee600000| Untracked 
| 231|0x00000000ee700000, 0x00000000ee700000, 0x00000000ee800000|  0%| F|  |TAMS 0x00000000ee700000| PB 0x00000000ee700000| Untracked 
| 232|0x00000000ee800000, 0x00000000ee800000, 0x00000000ee900000|  0%| F|  |TAMS 0x00000000ee800000| PB 0x00000000ee800000| Untracked 
| 233|0x00000000ee900000, 0x00000000ee900000, 0x00000000eea00000|  0%| F|  |TAMS 0x00000000ee900000| PB 0x00000000ee900000| Untracked 
| 234|0x00000000eea00000, 0x00000000eea00000, 0x00000000eeb00000|  0%| F|  |TAMS 0x00000000eea00000| PB 0x00000000eea00000| Untracked 
| 235|0x00000000eeb00000, 0x00000000eeb00000, 0x00000000eec00000|  0%| F|  |TAMS 0x00000000eeb00000| PB 0x00000000eeb00000| Untracked 
| 236|0x00000000eec00000, 0x00000000eec00000, 0x00000000eed00000|  0%| F|  |TAMS 0x00000000eec00000| PB 0x00000000eec00000| Untracked 
| 237|0x00000000eed00000, 0x00000000eed00000, 0x00000000eee00000|  0%| F|  |TAMS 0x00000000eed00000| PB 0x00000000eed00000| Untracked 
| 238|0x00000000eee00000, 0x00000000eee80000, 0x00000000eef00000| 50%| E|  |TAMS 0x00000000eee00000| PB 0x00000000eee00000| Complete 
| 239|0x00000000eef00000, 0x00000000ef000000, 0x00000000ef000000|100%| E|CS|TAMS 0x00000000eef00000| PB 0x00000000eef00000| Complete 
| 240|0x00000000ef000000, 0x00000000ef100000, 0x00000000ef100000|100%| E|CS|TAMS 0x00000000ef000000| PB 0x00000000ef000000| Complete 
| 241|0x00000000ef100000, 0x00000000ef200000, 0x00000000ef200000|100%| E|CS|TAMS 0x00000000ef100000| PB 0x00000000ef100000| Complete 
| 242|0x00000000ef200000, 0x00000000ef300000, 0x00000000ef300000|100%| E|CS|TAMS 0x00000000ef200000| PB 0x00000000ef200000| Complete 
| 243|0x00000000ef300000, 0x00000000ef400000, 0x00000000ef400000|100%| E|CS|TAMS 0x00000000ef300000| PB 0x00000000ef300000| Complete 
| 244|0x00000000ef400000, 0x00000000ef493080, 0x00000000ef500000| 57%| S|CS|TAMS 0x00000000ef400000| PB 0x00000000ef400000| Complete 
| 245|0x00000000ef500000, 0x00000000ef600000, 0x00000000ef600000|100%| S|CS|TAMS 0x00000000ef500000| PB 0x00000000ef500000| Complete 
| 246|0x00000000ef600000, 0x00000000ef700000, 0x00000000ef700000|100%| S|CS|TAMS 0x00000000ef600000| PB 0x00000000ef600000| Complete 
| 247|0x00000000ef700000, 0x00000000ef800000, 0x00000000ef800000|100%| S|CS|TAMS 0x00000000ef700000| PB 0x00000000ef700000| Complete 
| 248|0x00000000ef800000, 0x00000000ef900000, 0x00000000ef900000|100%| S|CS|TAMS 0x00000000ef800000| PB 0x00000000ef800000| Complete 
| 249|0x00000000ef900000, 0x00000000efa00000, 0x00000000efa00000|100%| S|CS|TAMS 0x00000000ef900000| PB 0x00000000ef900000| Complete 
| 250|0x00000000efa00000, 0x00000000efb00000, 0x00000000efb00000|100%| S|CS|TAMS 0x00000000efa00000| PB 0x00000000efa00000| Complete 
| 251|0x00000000efb00000, 0x00000000efc00000, 0x00000000efc00000|100%| S|CS|TAMS 0x00000000efb00000| PB 0x00000000efb00000| Complete 
| 252|0x00000000efc00000, 0x00000000efd00000, 0x00000000efd00000|100%| S|CS|TAMS 0x00000000efc00000| PB 0x00000000efc00000| Complete 
| 253|0x00000000efd00000, 0x00000000efe00000, 0x00000000efe00000|100%| E|CS|TAMS 0x00000000efd00000| PB 0x00000000efd00000| Complete 
| 254|0x00000000efe00000, 0x00000000eff00000, 0x00000000eff00000|100%| E|CS|TAMS 0x00000000efe00000| PB 0x00000000efe00000| Complete 
| 255|0x00000000eff00000, 0x00000000f0000000, 0x00000000f0000000|100%| E|CS|TAMS 0x00000000eff00000| PB 0x00000000eff00000| Complete 

Card table byte_map: [0x000002786c210000,0x000002786c310000] _byte_map_base: 0x000002786bb10000

Marking Bits: (CMBitMap*) 0x00000278599f1fc0
 Bits: [0x000002786c310000, 0x000002786cb10000)

Polling page: 0x0000027857870000

Metaspace:

Usage:
  Non-class:     51.30 MB used.
      Class:      8.53 MB used.
       Both:     59.83 MB used.

Virtual space:
  Non-class space:       64.00 MB reserved,      52.12 MB ( 81%) committed,  1 nodes.
      Class space:      320.00 MB reserved,       9.31 MB (  3%) committed,  1 nodes.
             Both:      384.00 MB reserved,      61.44 MB ( 16%) committed. 

Chunk freelists:
   Non-Class:  11.00 MB
       Class:  6.64 MB
        Both:  17.64 MB

MaxMetaspaceSize: 384.00 MB
CompressedClassSpaceSize: 320.00 MB
Initial GC threshold: 21.00 MB
Current GC threshold: 99.62 MB
CDS: on
 - commit_granule_bytes: 65536.
 - commit_granule_words: 8192.
 - virtual_space_node_default_size: 8388608.
 - enlarge_chunks_in_place: 1.
 - use_allocation_guard: 0.


Internal statistics:

num_allocs_failed_limit: 15.
num_arena_births: 2956.
num_arena_deaths: 0.
num_vsnodes_births: 2.
num_vsnodes_deaths: 0.
num_space_committed: 983.
num_space_uncommitted: 0.
num_chunks_returned_to_freelist: 15.
num_chunks_taken_from_freelist: 5589.
num_chunk_merges: 9.
num_chunk_splits: 3633.
num_chunks_enlarged: 2237.
num_inconsistent_stats: 0.

CodeHeap 'non-profiled nmethods': size=120000Kb used=3667Kb max_used=3825Kb free=116333Kb
 bounds [0x0000027864690000, 0x0000027864a50000, 0x000002786bbc0000]
CodeHeap 'profiled nmethods': size=120000Kb used=12892Kb max_used=13546Kb free=107107Kb
 bounds [0x000002785cbc0000, 0x000002785d900000, 0x00000278640f0000]
CodeHeap 'non-nmethods': size=5760Kb used=2655Kb max_used=2680Kb free=3104Kb
 bounds [0x00000278640f0000, 0x00000278643a0000, 0x0000027864690000]
CodeCache: size=245760Kb, used=19214Kb, max_used=20051Kb, free=226544Kb
 total_blobs=7467, nmethods=6552, adapters=819, full_count=0
Compilation: enabled, stopped_count=0, restarted_count=0

Compilation events (20 events):
Event: 57.669 Thread 0x000002786f7ce2b0 7399       4       java.lang.invoke.MemberName::init (53 bytes)
Event: 57.674 Thread 0x000002786f7ce2b0 nmethod 7399 0x00000278648e5e10 code [0x00000278648e5fa0, 0x00000278648e62f0]
Event: 57.674 Thread 0x000002786f7ce2b0 7400       4       java.lang.invoke.MemberName::flagsMods (45 bytes)
Event: 57.674 Thread 0x000002786f7ce2b0 nmethod 7400 0x00000278648e5b10 code [0x00000278648e5c80, 0x00000278648e5cf8]
Event: 57.711 Thread 0x000002786f7ce2b0 7406       4       sun.security.provider.SHA::implCompress0 (478 bytes)
Event: 57.722 Thread 0x000002786f7d53a0 7407       3       java.io.DataOutputStream::<init> (19 bytes)
Event: 57.723 Thread 0x000002786f7d53a0 nmethod 7407 0x000002785cf33110 code [0x000002785cf332e0, 0x000002785cf33798]
Event: 57.723 Thread 0x000002786f7d53a0 7408   !   3       java.io.RandomAccessFile::writeBytes (31 bytes)
Event: 57.724 Thread 0x000002786f7d53a0 nmethod 7408 0x000002785d442310 code [0x000002785d4424e0, 0x000002785d442718]
Event: 57.731 Thread 0x000002786f7d53a0 7409       3       java.lang.Character::toLowerCase (9 bytes)
Event: 57.732 Thread 0x000002786f7d53a0 nmethod 7409 0x000002785d371c90 code [0x000002785d371e40, 0x000002785d372038]
Event: 57.741 Thread 0x000002786f7d53a0 7410       3       com.google.common.collect.MapMakerInternalMap$WeakKeyDummyValueEntry$LinkedWeakKeyDummyValueEntry::getNext (5 bytes)
Event: 57.742 Thread 0x000002786f7d53a0 nmethod 7410 0x000002785cf46110 code [0x000002785cf462a0, 0x000002785cf463c0]
Event: 58.712 Thread 0x000002786f7d53a0 7411       3       java.lang.AbstractStringBuilder::append (67 bytes)
Event: 58.713 Thread 0x000002786f7d53a0 nmethod 7411 0x000002785ce9d710 code [0x000002785ce9d920, 0x000002785ce9dfa0]
Event: 58.717 Thread 0x000002786f7d53a0 7413       1       org.gradle.cache.internal.filelock.DefaultLockStateSerializer$SequenceNumberLockState::access$100 (5 bytes)
Event: 58.718 Thread 0x000002786f7d53a0 nmethod 7413 0x00000278648e5810 code [0x00000278648e59a0, 0x00000278648e5a50]
Event: 58.718 Thread 0x000002786f7d53a0 7414       1       org.gradle.cache.internal.filelock.DefaultLockStateSerializer$SequenceNumberLockState::access$200 (5 bytes)
Event: 58.718 Thread 0x000002786f7d53a0 nmethod 7414 0x00000278648e5510 code [0x00000278648e56a0, 0x00000278648e5750]
Event: 58.756 Thread 0x000002786f7d53a0 7415       3       org.gradle.cache.internal.btree.BlockPayload::getPos (8 bytes)

GC Heap History (18 events):
Event: 1.198 GC heap before
{Heap before GC invocations=0 (full 0):
 garbage-first heap   total 262144K, used 26624K [0x00000000e0000000, 0x0000000100000000)
  region size 1024K, 23 young (23552K), 0 survivors (0K)
 Metaspace       used 1118K, committed 1216K, reserved 393216K
  class space    used 80K, committed 128K, reserved 327680K
}
Event: 1.206 GC heap after
{Heap after GC invocations=1 (full 0):
 garbage-first heap   total 262144K, used 10293K [0x00000000e0000000, 0x0000000100000000)
  region size 1024K, 3 young (3072K), 3 survivors (3072K)
 Metaspace       used 1118K, committed 1216K, reserved 393216K
  class space    used 80K, committed 128K, reserved 327680K
}
Event: 3.479 GC heap before
{Heap before GC invocations=1 (full 0):
 garbage-first heap   total 262144K, used 41013K [0x00000000e0000000, 0x0000000100000000)
  region size 1024K, 33 young (33792K), 3 survivors (3072K)
 Metaspace       used 4293K, committed 4480K, reserved 393216K
  class space    used 546K, committed 640K, reserved 327680K
}
Event: 3.487 GC heap after
{Heap after GC invocations=2 (full 0):
 garbage-first heap   total 262144K, used 11999K [0x00000000e0000000, 0x0000000100000000)
  region size 1024K, 2 young (2048K), 2 survivors (2048K)
 Metaspace       used 4293K, committed 4480K, reserved 393216K
  class space    used 546K, committed 640K, reserved 327680K
}
Event: 16.239 GC heap before
{Heap before GC invocations=2 (full 0):
 garbage-first heap   total 262144K, used 144095K [0x00000000e0000000, 0x0000000100000000)
  region size 1024K, 130 young (133120K), 2 survivors (2048K)
 Metaspace       used 20780K, committed 21504K, reserved 393216K
  class space    used 3064K, committed 3456K, reserved 327680K
}
Event: 16.257 GC heap after
{Heap after GC invocations=3 (full 0):
 garbage-first heap   total 262144K, used 24910K [0x00000000e0000000, 0x0000000100000000)
  region size 1024K, 14 young (14336K), 14 survivors (14336K)
 Metaspace       used 20780K, committed 21504K, reserved 393216K
  class space    used 3064K, committed 3456K, reserved 327680K
}
Event: 26.510 GC heap before
{Heap before GC invocations=4 (full 0):
 garbage-first heap   total 262144K, used 166222K [0x00000000e0000000, 0x0000000100000000)
  region size 1024K, 153 young (156672K), 14 survivors (14336K)
 Metaspace       used 34750K, committed 35968K, reserved 393216K
  class space    used 5228K, committed 5824K, reserved 327680K
}
Event: 26.532 GC heap after
{Heap after GC invocations=5 (full 0):
 garbage-first heap   total 262144K, used 34259K [0x00000000e0000000, 0x0000000100000000)
  region size 1024K, 10 young (10240K), 10 survivors (10240K)
 Metaspace       used 34750K, committed 35968K, reserved 393216K
  class space    used 5228K, committed 5824K, reserved 327680K
}
Event: 27.241 GC heap before
{Heap before GC invocations=5 (full 0):
 garbage-first heap   total 262144K, used 96723K [0x00000000e0000000, 0x0000000100000000)
  region size 1024K, 72 young (73728K), 10 survivors (10240K)
 Metaspace       used 34802K, committed 35968K, reserved 393216K
  class space    used 5232K, committed 5824K, reserved 327680K
}
Event: 27.254 GC heap after
{Heap after GC invocations=6 (full 0):
 garbage-first heap   total 262144K, used 37754K [0x00000000e0000000, 0x0000000100000000)
  region size 1024K, 13 young (13312K), 13 survivors (13312K)
 Metaspace       used 34802K, committed 35968K, reserved 393216K
  class space    used 5232K, committed 5824K, reserved 327680K
}
Event: 28.554 GC heap before
{Heap before GC invocations=6 (full 0):
 garbage-first heap   total 262144K, used 92026K [0x00000000e0000000, 0x0000000100000000)
  region size 1024K, 67 young (68608K), 13 survivors (13312K)
 Metaspace       used 35117K, committed 36288K, reserved 393216K
  class space    used 5271K, committed 5824K, reserved 327680K
}
Event: 28.572 GC heap after
{Heap after GC invocations=7 (full 0):
 garbage-first heap   total 262144K, used 40605K [0x00000000e0000000, 0x0000000100000000)
  region size 1024K, 8 young (8192K), 8 survivors (8192K)
 Metaspace       used 35117K, committed 36288K, reserved 393216K
  class space    used 5271K, committed 5824K, reserved 327680K
}
Event: 44.449 GC heap before
{Heap before GC invocations=8 (full 0):
 garbage-first heap   total 262144K, used 196253K [0x00000000e0000000, 0x0000000100000000)
  region size 1024K, 153 young (156672K), 8 survivors (8192K)
 Metaspace       used 48671K, committed 50048K, reserved 393216K
  class space    used 6924K, committed 7616K, reserved 327680K
}
Event: 44.468 GC heap after
{Heap after GC invocations=9 (full 0):
 garbage-first heap   total 262144K, used 49708K [0x00000000e0000000, 0x0000000100000000)
  region size 1024K, 17 young (17408K), 17 survivors (17408K)
 Metaspace       used 48671K, committed 50048K, reserved 393216K
  class space    used 6924K, committed 7616K, reserved 327680K
}
Event: 53.667 GC heap before
{Heap before GC invocations=9 (full 0):
 garbage-first heap   total 262144K, used 158252K [0x00000000e0000000, 0x0000000100000000)
  region size 1024K, 125 young (128000K), 17 survivors (17408K)
 Metaspace       used 59063K, committed 60608K, reserved 393216K
  class space    used 8442K, committed 9216K, reserved 327680K
}
Event: 53.693 GC heap after
{Heap after GC invocations=10 (full 0):
 garbage-first heap   total 262144K, used 56535K [0x00000000e0000000, 0x0000000100000000)
  region size 1024K, 17 young (17408K), 17 survivors (17408K)
 Metaspace       used 59063K, committed 60608K, reserved 393216K
  class space    used 8442K, committed 9216K, reserved 327680K
}
Event: 55.009 GC heap before
{Heap before GC invocations=10 (full 0):
 garbage-first heap   total 262144K, used 58583K [0x00000000e0000000, 0x0000000100000000)
  region size 1024K, 20 young (20480K), 17 survivors (17408K)
 Metaspace       used 59386K, committed 60928K, reserved 393216K
  class space    used 8478K, committed 9216K, reserved 327680K
}
Event: 55.032 GC heap after
{Heap after GC invocations=11 (full 0):
 garbage-first heap   total 262144K, used 57205K [0x00000000e0000000, 0x0000000100000000)
  region size 1024K, 9 young (9216K), 9 survivors (9216K)
 Metaspace       used 59386K, committed 60928K, reserved 393216K
  class space    used 8478K, committed 9216K, reserved 327680K
}

Dll operation events (14 events):
Event: 0.039 Loaded shared library C:\Users\prath\.vscode\extensions\redhat.java-1.55.0-win32-x64\jre\21.0.11-win32-x86_64\bin\java.dll
Event: 0.170 Loaded shared library C:\Users\prath\.vscode\extensions\redhat.java-1.55.0-win32-x64\jre\21.0.11-win32-x86_64\bin\zip.dll
Event: 0.214 Loaded shared library C:\Users\prath\.vscode\extensions\redhat.java-1.55.0-win32-x64\jre\21.0.11-win32-x86_64\bin\instrument.dll
Event: 0.225 Loaded shared library C:\Users\prath\.vscode\extensions\redhat.java-1.55.0-win32-x64\jre\21.0.11-win32-x86_64\bin\net.dll
Event: 0.234 Loaded shared library C:\Users\prath\.vscode\extensions\redhat.java-1.55.0-win32-x64\jre\21.0.11-win32-x86_64\bin\nio.dll
Event: 0.241 Loaded shared library C:\Users\prath\.vscode\extensions\redhat.java-1.55.0-win32-x64\jre\21.0.11-win32-x86_64\bin\zip.dll
Event: 0.834 Loaded shared library C:\Users\prath\.vscode\extensions\redhat.java-1.55.0-win32-x64\jre\21.0.11-win32-x86_64\bin\jimage.dll
Event: 1.226 Loaded shared library C:\Users\prath\.vscode\extensions\redhat.java-1.55.0-win32-x64\jre\21.0.11-win32-x86_64\bin\verify.dll
Event: 1.535 Loaded shared library C:\Users\prath\.gradle\native\c067742578af261105cb4f569cf0c3c89f3d7b1fecec35dd04571415982c5e48\windows-amd64\native-platform.dll
Event: 2.205 Loaded shared library C:\Users\prath\.gradle\native\100fb08df4bc3b14c8652ba06237920a3bd2aa13389f12d3474272988ae205f9\windows-amd64\native-platform-file-events.dll
Event: 5.457 Loaded shared library C:\Users\prath\.vscode\extensions\redhat.java-1.55.0-win32-x64\jre\21.0.11-win32-x86_64\bin\management.dll
Event: 5.479 Loaded shared library C:\Users\prath\.vscode\extensions\redhat.java-1.55.0-win32-x64\jre\21.0.11-win32-x86_64\bin\management_ext.dll
Event: 6.468 Loaded shared library C:\Users\prath\.vscode\extensions\redhat.java-1.55.0-win32-x64\jre\21.0.11-win32-x86_64\bin\extnet.dll
Event: 7.987 Loaded shared library C:\Users\prath\.vscode\extensions\redhat.java-1.55.0-win32-x64\jre\21.0.11-win32-x86_64\bin\sunmscapi.dll

Deoptimization events (20 events):
Event: 57.624 Thread 0x0000027874d00500 Uncommon trap: trap_request=0xffffff45 fr.pc=0x00000278647937c8 relative=0x00000000000000a8
Event: 57.624 Thread 0x0000027874d00500 Uncommon trap: reason=unstable_if action=reinterpret pc=0x00000278647937c8 method=java.lang.CharacterDataLatin1.digit(II)I @ 7 c2
Event: 57.624 Thread 0x0000027874d00500 DEOPT PACKING pc=0x00000278647937c8 sp=0x00000089c83f5ca0
Event: 57.624 Thread 0x0000027874d00500 DEOPT UNPACKING pc=0x0000027864144422 sp=0x00000089c83f5c20 mode 2
Event: 57.627 Thread 0x0000027876f7ff90 Uncommon trap: trap_request=0xffffff45 fr.pc=0x00000278646ed2d4 relative=0x00000000000005f4
Event: 57.627 Thread 0x0000027876f7ff90 Uncommon trap: reason=unstable_if action=reinterpret pc=0x00000278646ed2d4 method=java.lang.AbstractStringBuilder.append(Ljava/lang/String;)Ljava/lang/AbstractStringBuilder; @ 1 c2
Event: 57.627 Thread 0x0000027876f7ff90 DEOPT PACKING pc=0x00000278646ed2d4 sp=0x00000089c9cfd160
Event: 57.627 Thread 0x0000027876f7ff90 DEOPT UNPACKING pc=0x0000027864144422 sp=0x00000089c9cfd138 mode 2
Event: 57.711 Thread 0x0000027876f7c480 DEOPT PACKING pc=0x000002785cf9f97d sp=0x00000089c9bfd020
Event: 57.711 Thread 0x0000027876f7c480 DEOPT UNPACKING pc=0x0000027864144bc2 sp=0x00000089c9bfc4b8 mode 0
Event: 58.706 Thread 0x0000027876f7c480 DEOPT PACKING pc=0x000002785cf9f97d sp=0x00000089c9bfd020
Event: 58.706 Thread 0x0000027876f7c480 DEOPT UNPACKING pc=0x0000027864144bc2 sp=0x00000089c9bfc4b8 mode 0
Event: 58.755 Thread 0x0000027876f7c480 DEOPT PACKING pc=0x000002785cf9f97d sp=0x00000089c9bfd070
Event: 58.755 Thread 0x0000027876f7c480 DEOPT UNPACKING pc=0x0000027864144bc2 sp=0x00000089c9bfc508 mode 0
Event: 58.755 Thread 0x0000027876f7c480 DEOPT PACKING pc=0x000002785cf9f97d sp=0x00000089c9bfd070
Event: 58.755 Thread 0x0000027876f7c480 DEOPT UNPACKING pc=0x0000027864144bc2 sp=0x00000089c9bfc508 mode 0
Event: 58.755 Thread 0x0000027876f7c480 DEOPT PACKING pc=0x000002785cf9f97d sp=0x00000089c9bfd070
Event: 58.755 Thread 0x0000027876f7c480 DEOPT UNPACKING pc=0x0000027864144bc2 sp=0x00000089c9bfc508 mode 0
Event: 58.756 Thread 0x0000027876f7c480 DEOPT PACKING pc=0x000002785cf9f97d sp=0x00000089c9bfd070
Event: 58.756 Thread 0x0000027876f7c480 DEOPT UNPACKING pc=0x0000027864144bc2 sp=0x00000089c9bfc508 mode 0

Classes loaded (20 events):
Event: 56.549 Loading class java/util/ReverseOrderListView$Rand
Event: 56.549 Loading class java/util/ReverseOrderListView$Rand done
Event: 56.549 Loading class java/util/ImmutableCollections$SubList
Event: 56.551 Loading class java/util/ImmutableCollections$SubList done
Event: 56.554 Loading class java/lang/invoke/MethodHandleImpl$Makers
Event: 56.554 Loading class java/lang/invoke/MethodHandleImpl$Makers done
Event: 56.554 Loading class java/lang/invoke/MethodHandleImpl$Makers$1
Event: 56.555 Loading class java/lang/invoke/MethodHandleImpl$Makers$1 done
Event: 56.555 Loading class java/lang/invoke/MethodHandleImpl$Makers$2
Event: 56.555 Loading class java/lang/invoke/MethodHandleImpl$Makers$2 done
Event: 56.555 Loading class java/lang/invoke/MethodHandleImpl$Makers$3
Event: 56.555 Loading class java/lang/invoke/MethodHandleImpl$Makers$3 done
Event: 56.555 Loading class java/lang/invoke/MethodHandleImpl$CountingWrapper
Event: 56.555 Loading class java/lang/invoke/MethodHandleImpl$CountingWrapper done
Event: 56.560 Loading class java/lang/invoke/MethodHandleImpl$TableSwitchCacheKey
Event: 56.561 Loading class java/lang/invoke/MethodHandleImpl$TableSwitchCacheKey done
Event: 57.614 Loading class java/nio/charset/UnsupportedCharsetException
Event: 57.614 Loading class java/nio/charset/UnsupportedCharsetException done
Event: 57.622 Loading class java/text/CalendarBuilder
Event: 57.623 Loading class java/text/CalendarBuilder done

Classes unloaded (0 events):
No events

Classes redefined (0 events):
No events

Internal exceptions (20 events):
Event: 51.462 Thread 0x0000027874d00500 Exception <a 'java/lang/ClassNotFoundException'{0x00000000ebc66f28}: org/gradle/api/internal/artifacts/dsl/dependencies/DefaultDependencyHandlerCustomizer> (0x00000000ebc66f28) 
thrown [s\src\hotspot\share\classfile\systemDictionary.cpp, line 313]
Event: 51.468 Thread 0x0000027874d00500 Exception <a 'java/lang/ClassNotFoundException'{0x00000000ebcbe328}: org/gradle/api/internal/artifacts/dsl/dependencies/DefaultDependencyHandler_DecoratedCustomizer> (0x00000000ebcbe328) 
thrown [s\src\hotspot\share\classfile\systemDictionary.cpp, line 313]
Event: 51.581 Thread 0x0000027874d00500 Exception <a 'java/lang/NoSuchMethodError'{0x00000000eb9cd730}: 'java.lang.Object java.lang.invoke.DirectMethodHandle$Holder.newInvokeSpecial(java.lang.Object, int, java.lang.Object)'> (0x00000000eb9cd730) 
thrown [s\src\hotspot\share\interpreter\linkResolver.cpp, line 773]
Event: 51.764 Thread 0x0000027874d00500 Exception <a 'java/lang/NoSuchMethodError'{0x00000000eb422580}: 'java.lang.Object java.lang.invoke.DirectMethodHandle$Holder.newInvokeSpecial(java.lang.Object, java.lang.Object, java.lang.Object, int)'> (0x00000000eb422580) 
thrown [s\src\hotspot\share\interpreter\linkResolver.cpp, line 773]
Event: 51.765 Thread 0x0000027874d00500 Exception <a 'java/lang/NoSuchMethodError'{0x00000000eb426bd8}: 'java.lang.Object java.lang.invoke.Invokers$Holder.linkToTargetMethod(java.lang.Object, java.lang.Object, int, java.lang.Object)'> (0x00000000eb426bd8) 
thrown [s\src\hotspot\share\interpreter\linkResolver.cpp, line 773]
Event: 51.857 Thread 0x0000027874d00500 Exception <a 'java/lang/NoSuchMethodError'{0x00000000eb261f50}: 'java.lang.Object java.lang.invoke.DirectMethodHandle$Holder.invokeSpecial(java.lang.Object, java.lang.Object, long, java.lang.Object, java.lang.Object)'> (0x00000000eb261f50) 
thrown [s\src\hotspot\share\interpreter\linkResolver.cpp, line 773]
Event: 52.431 Thread 0x0000027876f7c480 Exception <a 'sun/nio/fs/WindowsException'{0x00000000ea84ac60}> (0x00000000ea84ac60) 
thrown [s\src\hotspot\share\prims\jni.cpp, line 520]
Event: 56.537 Thread 0x0000027876f7c480 Exception <a 'java/lang/NoSuchMethodError'{0x00000000ef3701a8}: 'java.lang.Object java.lang.invoke.DirectMethodHandle$Holder.invokeStaticInit(java.lang.Object, java.lang.Object, java.lang.Object, java.lang.Object, java.lang.Object)'> (0x00000000ef3701a8) 
thrown [s\src\hotspot\share\interpreter\linkResolver.cpp, line 773]
Event: 56.539 Thread 0x0000027876f7c480 Exception <a 'java/lang/NoSuchMethodError'{0x00000000ef374d98}: 'java.lang.Object java.lang.invoke.Invokers$Holder.invoke_MT(java.lang.Object, java.lang.Object, java.lang.Object, java.lang.Object, java.lang.Object, java.lang.Object)'> (0x00000000ef374d98) 
thrown [s\src\hotspot\share\interpreter\linkResolver.cpp, line 773]
Event: 56.541 Thread 0x0000027876f7c480 Exception <a 'java/lang/NoSuchMethodError'{0x00000000ef234a40}: 'int java.lang.invoke.DirectMethodHandle$Holder.invokeStaticInit(java.lang.Object, java.lang.Object, java.lang.Object, java.lang.Object, java.lang.Object)'> (0x00000000ef234a40) 
thrown [s\src\hotspot\share\interpreter\linkResolver.cpp, line 773]
Event: 56.541 Thread 0x0000027876f7c480 Exception <a 'java/lang/NoSuchMethodError'{0x00000000ef238a50}: 'int java.lang.invoke.DirectMethodHandle$Holder.invokeStaticInit(java.lang.Object, int)'> (0x00000000ef238a50) 
thrown [s\src\hotspot\share\interpreter\linkResolver.cpp, line 773]
Event: 56.544 Thread 0x0000027876f7c480 Exception <a 'java/lang/NoSuchMethodError'{0x00000000ef240558}: 'int java.lang.invoke.DirectMethodHandle$Holder.invokeStaticInit(java.lang.Object, java.lang.Object, java.lang.Object, java.lang.Object, java.lang.Object, java.lang.Object)'> (0x00000000ef240558) 
thrown [s\src\hotspot\share\interpreter\linkResolver.cpp, line 773]
Event: 56.552 Thread 0x0000027876f7c480 Exception <a 'java/lang/NoSuchMethodError'{0x00000000ef256228}: 'java.lang.Object java.lang.invoke.DirectMethodHandle$Holder.invokeStatic(java.lang.Object, int, java.lang.Object, java.lang.Object)'> (0x00000000ef256228) 
thrown [s\src\hotspot\share\interpreter\linkResolver.cpp, line 773]
Event: 56.553 Thread 0x0000027876f7c480 Exception <a 'java/lang/NoSuchMethodError'{0x00000000ef25a828}: 'java.lang.Object java.lang.invoke.DirectMethodHandle$Holder.invokeSpecial(java.lang.Object, java.lang.Object, int, java.lang.Object, java.lang.Object)'> (0x00000000ef25a828) 
thrown [s\src\hotspot\share\interpreter\linkResolver.cpp, line 773]
Event: 56.553 Thread 0x0000027876f7c480 Exception <a 'java/lang/NoSuchMethodError'{0x00000000ef25e710}: 'java.lang.Object java.lang.invoke.DelegatingMethodHandle$Holder.delegate(java.lang.Object, int, java.lang.Object, java.lang.Object)'> (0x00000000ef25e710) 
thrown [s\src\hotspot\share\interpreter\linkResolver.cpp, line 773]
Event: 56.557 Thread 0x0000027876f7c480 Implicit null exception at 0x00000278649df5f8 to 0x00000278649df994
Event: 56.562 Thread 0x0000027876f7c480 Implicit null exception at 0x000002786486e275 to 0x000002786486e350
Event: 56.568 Thread 0x0000027876f7c480 Exception <a 'java/lang/NoSuchMethodError'{0x00000000ef297110}: 'int java.lang.invoke.DirectMethodHandle$Holder.invokeSpecial(java.lang.Object, java.lang.Object, int)'> (0x00000000ef297110) 
thrown [s\src\hotspot\share\interpreter\linkResolver.cpp, line 773]
Event: 56.570 Thread 0x0000027876f7c480 Exception <a 'java/lang/NoSuchMethodError'{0x00000000ef29f2d8}: 'int java.lang.invoke.Invokers$Holder.linkToTargetMethod(java.lang.Object, int, java.lang.Object)'> (0x00000000ef29f2d8) 
thrown [s\src\hotspot\share\interpreter\linkResolver.cpp, line 773]
Event: 57.627 Thread 0x0000027876f7ff90 Implicit null exception at 0x00000278646ecd20 to 0x00000278646ed2bc

ZGC Phase Switch (0 events):
No events

VM Operations (20 events):
Event: 53.091 Executing safepoint VM operation: Cleanup done
Event: 53.587 Executing non-safepoint VM operation: HandshakeAllThreads (Deoptimize)
Event: 53.588 Executing non-safepoint VM operation: HandshakeAllThreads (Deoptimize) done
Event: 53.667 Executing safepoint VM operation: CollectForMetadataAllocation (Metadata GC Threshold)
Event: 53.694 Executing safepoint VM operation: CollectForMetadataAllocation (Metadata GC Threshold) done
Event: 54.708 Executing safepoint VM operation: Cleanup
Event: 55.005 Executing safepoint VM operation: Cleanup done
Event: 55.009 Executing safepoint VM operation: CollectForMetadataAllocation (Metadata GC Threshold)
Event: 55.032 Executing safepoint VM operation: CollectForMetadataAllocation (Metadata GC Threshold) done
Event: 55.105 Executing safepoint VM operation: G1PauseRemark
Event: 55.122 Executing safepoint VM operation: G1PauseRemark done
Event: 55.144 Executing safepoint VM operation: G1PauseCleanup
Event: 55.145 Executing safepoint VM operation: G1PauseCleanup done
Event: 56.159 Executing safepoint VM operation: Cleanup
Event: 56.253 Executing safepoint VM operation: Cleanup done
Event: 57.257 Executing safepoint VM operation: Cleanup
Event: 57.257 Executing safepoint VM operation: Cleanup done
Event: 58.268 Executing safepoint VM operation: Cleanup
Event: 58.706 Executing safepoint VM operation: Cleanup done
Event: 59.707 Executing safepoint VM operation: Cleanup

Memory protections (0 events):
No events

Nmethod flushes (20 events):
Event: 55.119 Thread 0x000002786f799400 flushing  nmethod 0x000002785d425e10
Event: 55.119 Thread 0x000002786f799400 flushing  nmethod 0x000002785d428290
Event: 55.119 Thread 0x000002786f799400 flushing  nmethod 0x000002785d429c10
Event: 55.119 Thread 0x000002786f799400 flushing  nmethod 0x000002785d43b910
Event: 55.119 Thread 0x000002786f799400 flushing  nmethod 0x000002785d43c190
Event: 55.119 Thread 0x000002786f799400 flushing osr nmethod 0x000002785d43c990
Event: 55.119 Thread 0x000002786f799400 flushing  nmethod 0x000002785d43f110
Event: 55.119 Thread 0x000002786f799400 flushing  nmethod 0x000002785d43f590
Event: 55.119 Thread 0x000002786f799400 flushing osr nmethod 0x000002785d43fb90
Event: 55.119 Thread 0x000002786f799400 flushing  nmethod 0x000002785d440e10
Event: 55.119 Thread 0x000002786f799400 flushing  nmethod 0x000002785d441290
Event: 55.119 Thread 0x000002786f799400 flushing  nmethod 0x000002785d441710
Event: 55.119 Thread 0x000002786f799400 flushing  nmethod 0x000002785d442310
Event: 55.119 Thread 0x000002786f799400 flushing  nmethod 0x000002785d474010
Event: 55.119 Thread 0x000002786f799400 flushing  nmethod 0x000002785d474c90
Event: 55.119 Thread 0x000002786f799400 flushing  nmethod 0x000002785d475c90
Event: 55.119 Thread 0x000002786f799400 flushing  nmethod 0x000002785d476010
Event: 55.119 Thread 0x000002786f799400 flushing  nmethod 0x000002785d476910
Event: 55.119 Thread 0x000002786f799400 flushing  nmethod 0x000002785d47cc90
Event: 55.119 Thread 0x000002786f799400 flushing  nmethod 0x000002785d485510

Events (20 events):
Event: 8.350 Thread 0x0000027874d00500 Thread added: 0x0000027874d00b90
Event: 8.356 Thread 0x0000027874d00500 Thread added: 0x0000027874cfd710
Event: 10.754 Thread 0x0000027874d00500 Thread added: 0x0000027874cfdda0
Event: 10.810 Thread 0x0000027874d00500 Thread added: 0x0000027874cff7e0
Event: 11.634 Thread 0x0000027874d00500 Thread added: 0x0000027874cffe70
Event: 16.293 Thread 0x0000027874d00500 Thread added: 0x0000027874d018b0
Event: 16.335 Thread 0x0000027874d00500 Thread added: 0x0000027874cfe430
Event: 17.775 Thread 0x0000027874d00500 Thread added: 0x0000027874d01f40
Event: 17.789 Thread 0x0000027874d00500 Thread added: 0x0000027874cfeac0
Event: 18.403 Thread 0x0000027874d00500 Thread added: 0x0000027874d02c60
Event: 18.531 Thread 0x0000027874d00500 Thread added: 0x0000027874d032f0
Event: 18.945 Thread 0x0000027874d00500 Thread added: 0x0000027874d025d0
Event: 20.386 Thread 0x0000027874d00500 Thread added: 0x0000027874d046a0
Event: 31.383 Thread 0x0000027874d00500 Thread added: 0x0000027876f7e550
Event: 40.943 Thread 0x0000027874d00500 Thread added: 0x0000027876f7cb10
Event: 49.938 Thread 0x0000027874d00500 Thread added: 0x0000027876f7dec0
Event: 52.181 Thread 0x0000027874d00500 Thread added: 0x0000027876f7c480
Event: 52.182 Thread 0x0000027874d00500 Thread added: 0x0000027876f7ff90
Event: 52.182 Thread 0x0000027874d00500 Thread added: 0x0000027876f80620
Event: 56.329 Thread 0x000002786f7ce2b0 Thread added: 0x0000027877ea5050


Dynamic libraries:
0x00007ff7e9cb0000 - 0x00007ff7e9cbe000 	C:\Users\prath\.vscode\extensions\redhat.java-1.55.0-win32-x64\jre\21.0.11-win32-x86_64\bin\java.exe
0x00007ffc74560000 - 0x00007ffc747c6000 	C:\WINDOWS\SYSTEM32\ntdll.dll
0x00007ffc73cc0000 - 0x00007ffc73d89000 	C:\WINDOWS\System32\KERNEL32.DLL
0x00007ffc71b10000 - 0x00007ffc71f10000 	C:\WINDOWS\System32\KERNELBASE.dll
0x00007ffc718f0000 - 0x00007ffc71a3c000 	C:\WINDOWS\System32\ucrtbase.dll
0x00007ffc667a0000 - 0x00007ffc667b8000 	C:\Users\prath\.vscode\extensions\redhat.java-1.55.0-win32-x64\jre\21.0.11-win32-x86_64\bin\jli.dll
0x00007ffc666d0000 - 0x00007ffc666ee000 	C:\Users\prath\.vscode\extensions\redhat.java-1.55.0-win32-x64\jre\21.0.11-win32-x86_64\bin\VCRUNTIME140.dll
0x00007ffc74210000 - 0x00007ffc743d7000 	C:\WINDOWS\System32\USER32.dll
0x00007ffc718c0000 - 0x00007ffc718e7000 	C:\WINDOWS\System32\win32u.dll
0x00007ffc72e90000 - 0x00007ffc72ebb000 	C:\WINDOWS\System32\GDI32.dll
0x00007ffc5bd70000 - 0x00007ffc5c002000 	C:\WINDOWS\WinSxS\amd64_microsoft.windows.common-controls_6595b64144ccf1df_6.0.26100.8737_none_3e092eaee333b772\COMCTL32.dll
0x00007ffc720a0000 - 0x00007ffc721c9000 	C:\WINDOWS\System32\gdi32full.dll
0x00007ffc72de0000 - 0x00007ffc72e89000 	C:\WINDOWS\System32\msvcrt.dll
0x00007ffc71780000 - 0x00007ffc71823000 	C:\WINDOWS\System32\msvcp_win.dll
0x00007ffc741d0000 - 0x00007ffc74202000 	C:\WINDOWS\System32\IMM32.DLL
0x00007ffc66730000 - 0x00007ffc6673c000 	C:\Users\prath\.vscode\extensions\redhat.java-1.55.0-win32-x64\jre\21.0.11-win32-x86_64\bin\vcruntime140_1.dll
0x00007ffbc60c0000 - 0x00007ffbc614d000 	C:\Users\prath\.vscode\extensions\redhat.java-1.55.0-win32-x64\jre\21.0.11-win32-x86_64\bin\msvcp140.dll
0x00007ffb5dfc0000 - 0x00007ffb5ed62000 	C:\Users\prath\.vscode\extensions\redhat.java-1.55.0-win32-x64\jre\21.0.11-win32-x86_64\bin\server\jvm.dll
0x00007ffc72290000 - 0x00007ffc72347000 	C:\WINDOWS\System32\ADVAPI32.dll
0x00007ffc743e0000 - 0x00007ffc7448a000 	C:\WINDOWS\System32\sechost.dll
0x00007ffc73ed0000 - 0x00007ffc73fe8000 	C:\WINDOWS\System32\RPCRT4.dll
0x00007ffc72a10000 - 0x00007ffc72a90000 	C:\WINDOWS\System32\WS2_32.dll
0x00007ffc715e0000 - 0x00007ffc7163e000 	C:\WINDOWS\SYSTEM32\POWRPROF.dll
0x00007ffc6a550000 - 0x00007ffc6a586000 	C:\WINDOWS\SYSTEM32\WINMM.dll
0x00007ffc6a540000 - 0x00007ffc6a54b000 	C:\WINDOWS\SYSTEM32\VERSION.dll
0x00007ffc715c0000 - 0x00007ffc715d4000 	C:\WINDOWS\SYSTEM32\UMPDC.dll
0x00007ffc70460000 - 0x00007ffc7047b000 	C:\WINDOWS\SYSTEM32\kernel.appcore.dll
0x00007ffc66490000 - 0x00007ffc6649a000 	C:\Users\prath\.vscode\extensions\redhat.java-1.55.0-win32-x64\jre\21.0.11-win32-x86_64\bin\jimage.dll
0x00007ffc6ef90000 - 0x00007ffc6f1d2000 	C:\WINDOWS\SYSTEM32\DBGHELP.DLL
0x00007ffc73700000 - 0x00007ffc73a83000 	C:\WINDOWS\System32\combase.dll
0x00007ffc73bc0000 - 0x00007ffc73c99000 	C:\WINDOWS\System32\OLEAUT32.dll
0x00007ffc5d400000 - 0x00007ffc5d43b000 	C:\WINDOWS\SYSTEM32\dbgcore.DLL
0x00007ffc71a50000 - 0x00007ffc71afc000 	C:\WINDOWS\System32\bcryptPrimitives.dll
0x00007ffc61980000 - 0x00007ffc6198f000 	C:\Users\prath\.vscode\extensions\redhat.java-1.55.0-win32-x64\jre\21.0.11-win32-x86_64\bin\instrument.dll
0x00007ffc4fbe0000 - 0x00007ffc4fc00000 	C:\Users\prath\.vscode\extensions\redhat.java-1.55.0-win32-x64\jre\21.0.11-win32-x86_64\bin\java.dll
0x00007ffc72ed0000 - 0x00007ffc73662000 	C:\WINDOWS\System32\SHELL32.dll
0x00007ffc6f210000 - 0x00007ffc6faa2000 	C:\WINDOWS\SYSTEM32\windows.storage.dll
0x00007ffc73dc0000 - 0x00007ffc73eb7000 	C:\WINDOWS\System32\SHCORE.dll
0x00007ffc73b50000 - 0x00007ffc73bb7000 	C:\WINDOWS\System32\shlwapi.dll
0x00007ffc716a0000 - 0x00007ffc716c9000 	C:\WINDOWS\SYSTEM32\profapi.dll
0x00007ffc4bed0000 - 0x00007ffc4bee8000 	C:\Users\prath\.vscode\extensions\redhat.java-1.55.0-win32-x64\jre\21.0.11-win32-x86_64\bin\zip.dll
0x00007ffc61f40000 - 0x00007ffc61f50000 	C:\Users\prath\.vscode\extensions\redhat.java-1.55.0-win32-x64\jre\21.0.11-win32-x86_64\bin\net.dll
0x00007ffc679c0000 - 0x00007ffc67ae9000 	C:\WINDOWS\SYSTEM32\WINHTTP.dll
0x00007ffc70a10000 - 0x00007ffc70a7c000 	C:\WINDOWS\system32\mswsock.dll
0x00007ffc4b780000 - 0x00007ffc4b796000 	C:\Users\prath\.vscode\extensions\redhat.java-1.55.0-win32-x64\jre\21.0.11-win32-x86_64\bin\nio.dll
0x00007ffc60580000 - 0x00007ffc60590000 	C:\Users\prath\.vscode\extensions\redhat.java-1.55.0-win32-x64\jre\21.0.11-win32-x86_64\bin\verify.dll
0x00007ffc4b460000 - 0x00007ffc4b487000 	C:\Users\prath\.gradle\native\c067742578af261105cb4f569cf0c3c89f3d7b1fecec35dd04571415982c5e48\windows-amd64\native-platform.dll
0x00007ffb88350000 - 0x00007ffb88494000 	C:\Users\prath\.gradle\native\100fb08df4bc3b14c8652ba06237920a3bd2aa13389f12d3474272988ae205f9\windows-amd64\native-platform-file-events.dll
0x00007ffc60570000 - 0x00007ffc6057a000 	C:\Users\prath\.vscode\extensions\redhat.java-1.55.0-win32-x64\jre\21.0.11-win32-x86_64\bin\management.dll
0x00007ffc60560000 - 0x00007ffc6056c000 	C:\Users\prath\.vscode\extensions\redhat.java-1.55.0-win32-x64\jre\21.0.11-win32-x86_64\bin\management_ext.dll
0x00007ffc72c10000 - 0x00007ffc72c18000 	C:\WINDOWS\System32\PSAPI.DLL
0x00007ffc70d30000 - 0x00007ffc70d4b000 	C:\WINDOWS\SYSTEM32\CRYPTSP.dll
0x00007ffc703c0000 - 0x00007ffc703f9000 	C:\WINDOWS\system32\rsaenh.dll
0x00007ffc70ad0000 - 0x00007ffc70b02000 	C:\WINDOWS\SYSTEM32\USERENV.dll
0x00007ffc71670000 - 0x00007ffc7169a000 	C:\WINDOWS\SYSTEM32\bcrypt.dll
0x00007ffc70d10000 - 0x00007ffc70d1c000 	C:\WINDOWS\SYSTEM32\CRYPTBASE.dll
0x00007ffc6fde0000 - 0x00007ffc6fe13000 	C:\WINDOWS\SYSTEM32\IPHLPAPI.DLL
0x00007ffc72ec0000 - 0x00007ffc72eca000 	C:\WINDOWS\System32\NSI.dll
0x00007ffc60550000 - 0x00007ffc60559000 	C:\Users\prath\.vscode\extensions\redhat.java-1.55.0-win32-x64\jre\21.0.11-win32-x86_64\bin\extnet.dll
0x00007ffc667e0000 - 0x00007ffc667ee000 	C:\Users\prath\.vscode\extensions\redhat.java-1.55.0-win32-x64\jre\21.0.11-win32-x86_64\bin\sunmscapi.dll
0x00007ffc71f20000 - 0x00007ffc72098000 	C:\WINDOWS\System32\CRYPT32.dll
0x00007ffc70f50000 - 0x00007ffc70f80000 	C:\WINDOWS\SYSTEM32\ncrypt.dll
0x00007ffc70f00000 - 0x00007ffc70f3f000 	C:\WINDOWS\SYSTEM32\NTASN1.dll
0x00007ffc661f0000 - 0x00007ffc661f8000 	C:\WINDOWS\system32\wshunix.dll
0x00007ffc6fe30000 - 0x00007ffc6ff85000 	C:\WINDOWS\SYSTEM32\DNSAPI.dll
0x00007ffc707f0000 - 0x00007ffc707fd000 	C:\WINDOWS\SYSTEM32\DSPARSE.dll
0x00007ffc62510000 - 0x00007ffc6251b000 	C:\Windows\System32\rasadhlp.dll
0x00007ffc656d0000 - 0x00007ffc65756000 	C:\WINDOWS\System32\fwpuclnt.dll

JVMTI agents:
C:\Users\prath\.gradle\wrapper\dists\gradle-8.9-bin\90cnw93cvbtalezasaz0blq0a\gradle-8.9\lib\agents\gradle-instrumentation-agent-8.9.jar path:C:\Users\prath\.vscode\extensions\redhat.java-1.55.0-win32-x64\jre\21.0.11-win32-x86_64\bin\instrument.dll, loaded, initialized, instrumentlib options:none

dbghelp: loaded successfully - version: 4.0.5 - missing functions: none
symbol engine: initialized successfully - sym options: 0x614 - pdb path: .;C:\Users\prath\.vscode\extensions\redhat.java-1.55.0-win32-x64\jre\21.0.11-win32-x86_64\bin;C:\WINDOWS\SYSTEM32;C:\WINDOWS\WinSxS\amd64_microsoft.windows.common-controls_6595b64144ccf1df_6.0.26100.8737_none_3e092eaee333b772;C:\Users\prath\.vscode\extensions\redhat.java-1.55.0-win32-x64\jre\21.0.11-win32-x86_64\bin\server;C:\Users\prath\.gradle\native\c067742578af261105cb4f569cf0c3c89f3d7b1fecec35dd04571415982c5e48\windows-amd64;C:\Users\prath\.gradle\native\100fb08df4bc3b14c8652ba06237920a3bd2aa13389f12d3474272988ae205f9\windows-amd64

VM Arguments:
jvm_args: --add-opens=java.base/java.util=ALL-UNNAMED --add-opens=java.base/java.lang=ALL-UNNAMED --add-opens=java.base/java.lang.invoke=ALL-UNNAMED --add-opens=java.prefs/java.util.prefs=ALL-UNNAMED --add-exports=jdk.compiler/com.sun.tools.javac.api=ALL-UNNAMED --add-exports=jdk.compiler/com.sun.tools.javac.util=ALL-UNNAMED --add-opens=java.base/java.nio.charset=ALL-UNNAMED --add-opens=java.base/java.net=ALL-UNNAMED --add-opens=java.base/java.util.concurrent.atomic=ALL-UNNAMED -XX:MaxMetaspaceSize=384m -XX:+HeapDumpOnOutOfMemoryError -Xms256m -Xmx512m -Dfile.encoding=utf8 -Duser.country=US -Duser.language=en -Duser.variant -javaagent:C:\Users\prath\.gradle\wrapper\dists\gradle-8.9-bin\90cnw93cvbtalezasaz0blq0a\gradle-8.9\lib\agents\gradle-instrumentation-agent-8.9.jar 
java_command: org.gradle.launcher.daemon.bootstrap.GradleDaemon 8.9
java_class_path (initial): C:\Users\prath\.gradle\wrapper\dists\gradle-8.9-bin\90cnw93cvbtalezasaz0blq0a\gradle-8.9\lib\gradle-daemon-main-8.9.jar
Launcher Type: SUN_STANDARD

[Global flags]
     intx CICompilerCount                          = 4                                         {product} {ergonomic}
   size_t CompressedClassSpaceSize                 = 335544320                                 {product} {ergonomic}
     uint ConcGCThreads                            = 3                                         {product} {ergonomic}
     uint G1ConcRefinementThreads                  = 10                                        {product} {ergonomic}
   size_t G1HeapRegionSize                         = 1048576                                   {product} {ergonomic}
    uintx GCDrainStackTargetSize                   = 64                                        {product} {ergonomic}
     bool HeapDumpOnOutOfMemoryError               = true                                   {manageable} {command line}
   size_t InitialHeapSize                          = 268435456                                 {product} {command line}
   size_t MarkStackSize                            = 4194304                                   {product} {ergonomic}
   size_t MaxHeapSize                              = 536870912                                 {product} {command line}
   size_t MaxMetaspaceSize                         = 402653184                                 {product} {command line}
   size_t MaxNewSize                               = 321912832                                 {product} {ergonomic}
   size_t MinHeapDeltaBytes                        = 1048576                                   {product} {ergonomic}
   size_t MinHeapSize                              = 268435456                                 {product} {command line}
    uintx NonNMethodCodeHeapSize                   = 5839372                                {pd product} {ergonomic}
    uintx NonProfiledCodeHeapSize                  = 122909434                              {pd product} {ergonomic}
    uintx ProfiledCodeHeapSize                     = 122909434                              {pd product} {ergonomic}
    uintx ReservedCodeCacheSize                    = 251658240                              {pd product} {ergonomic}
     bool SegmentedCodeCache                       = true                                      {product} {ergonomic}
   size_t SoftMaxHeapSize                          = 536870912                              {manageable} {ergonomic}
     bool UseCompressedOops                        = true                           {product lp64_product} {ergonomic}
     bool UseG1GC                                  = true                                      {product} {ergonomic}
     bool UseLargePagesIndividualAllocation        = false                                  {pd product} {ergonomic}

Logging:
Log output configuration:
 #0: stdout all=warning uptime,level,tags foldmultilines=false
 #1: stderr all=off uptime,level,tags foldmultilines=false

Release file:
JAVA_VERSION="21.0.11" 
MODULES="java.base java.compiler java.datatransfer java.xml java.prefs java.desktop java.instrument java.logging java.management java.security.sasl java.naming java.rmi java.management.rmi java.net.http java.scripting java.security.jgss java.transaction.xa java.sql java.sql.rowset java.xml.crypto java.se java.smartcardio jdk.accessibility jdk.internal.jvmstat jdk.attach jdk.charsets jdk.internal.opt jdk.zipfs jdk.compiler jdk.crypto.ec jdk.crypto.cryptoki jdk.crypto.mscapi jdk.dynalink jdk.internal.ed jdk.editpad jdk.hotspot.agent jdk.httpserver jdk.internal.le jdk.internal.vm.ci jdk.internal.vm.compiler jdk.internal.vm.compiler.management jdk.jartool jdk.javadoc jdk.jcmd jdk.management jdk.management.agent jdk.jconsole jdk.jdeps jdk.jdwp.agent jdk.jdi jdk.jfr jdk.jshell jdk.jsobject jdk.jstatd jdk.localedata jdk.management.jfr jdk.naming.dns jdk.naming.rmi jdk.net jdk.nio.mapmode jdk.random jdk.sctp jdk.security.auth jdk.security.jgss jdk.unsupported jdk.unsupported.desktop jdk.xml.dom" 

Environment Variables:
JAVA_HOME=C:\Program Files\Microsoft\jdk-17.0.19.10-hotspot
CLASSPATH=.;D:\Training\java\mysql-connector-j-9.5.0.jar
PATH=C:\Users\prath\AppData\Local\Android\Sdk;C:\Users\prath\AppData\Local\Android\Sdk\platform-tools;C:\Users\prath\AppData\Local\Android\Sdk\emulator;C:\Program Files\Microsoft\jdk-17.0.19.10-hotspot\bin;C:\Windows\Microsoft.NET\Framework64\v4.0.30319;C:\Program Files (x86)\SQlite;C:\Program Files\MySQL\MySQL Server 8.0\bin;C:\Program Files\VideoLAN\VLC\;D:\Users\prath\AppData\Roaming\Python\Python311\Scripts;C:\Program Files\Python311\Scripts\;C:\Program Files\Python311\;C:\Program Files\Common Files\Oracle\Java\javapath;C:\WINDOWS\system32;C:\WINDOWS;C:\WINDOWS\System32\Wbem;C:\WINDOWS\System32\WindowsPowerShell\v1.0\;C:\WINDOWS\System32\OpenSSH\;C:\Program Files\Java\jdk-18.0.2.1\bin;C:\Program Files\Microsoft SQL Server\140\Tools\Binn\;C:\Program Files\Git\cmd;C:\Program Files\Microsoft SQL Server\150\Tools\Binn\;C:\Program Files\Microsoft SQL Server\Client SDK\ODBC\170\Tools\Binn\;C:\Program Files\dotnet\;C:\Users\prath\AppData\Roaming\Python\Python311\Scripts;C:\Program Files\WireGuard\;C:\Program Files\CodeBlocks\MinGW\bin;C:\Program Files\mysql-connector\mysql-connector-j-9.5.0\mysql-connector-j-9.5.0.jar;C:\Program Files\PostgreSQL\13\bin;C:\Program Files\PostgreSQL\18\bin;C:\Users\prath\AppData\Local\nvm;C:\nvm4w\nodejs;C:\ProgramData\chocolatey\bin;C:\Program Files\nodejs\;C:\Users\prath\AppData\Local\Android\Sdk\platform-tools;C:\Users\prath\AppData\Local\Android\Sdk\emulator;C:\Program Files\Microsoft\jdk-17.0.19.10-hotspot\bin;C:\Users\prath\AppData\Local\Android\Sdk\platform-tools;C:\Users\prath\AppData\Local\Android\Sdk\emulator;C:\Users\prath\AppData\Local\Android\Sdk;C:\Users\prath\AppData\Local\Microsoft\WindowsApps;C:\Users\prath\.dotnet\tools;C:\Users\prath\AppData\Local\Programs\Microsoft VS Code\bin;C:\Users\prath\AppData\Local\Microsoft\GitHubDesktop\bin;C:\Users\prath\AppData\Local\GitHubDesktop\bin;C:\Users\prath\AppData\Local\Programs\Hyper\resources\bin;C:\Program Files\sf\bin;C:\Program Files\Common Files\Oracle\Java\javapath\sf\bin;C:\Users\prath\Downloads\flutter\bin;C:\Users\prath\AppData\Local\nvm;C:\nvm4w\nodejs;C:\Users\prath\AppData\Roaming\npm;C:\Users\prath\AppData\Local\Programs\Antigravity IDE\bin
USERNAME=prath
OS=Windows_NT
PROCESSOR_IDENTIFIER=AMD64 Family 23 Model 104 Stepping 1, AuthenticAMD
TMP=C:\Users\prath\AppData\Local\Temp
TEMP=C:\Users\prath\AppData\Local\Temp




Periodic native trim disabled

---------------  S Y S T E M  ---------------

OS:
 Windows 11 , 64 bit Build 26100 (10.0.26100.8737)
OS uptime: 0 days 3:41 hours
Hyper-V role detected

CPU: total 12 (initial active 12) (12 cores per cpu, 2 threads per core) family 23 model 104 stepping 1 microcode 0x8608103, cx8, cmov, fxsr, ht, mmx, 3dnowpref, sse, sse2, sse3, ssse3, sse4a, sse4.1, sse4.2, popcnt, lzcnt, tsc, tscinvbit, avx, avx2, aes, clmul, bmi1, bmi2, adx, sha, fma, vzeroupper, clflush, clflushopt, hv, rdtscp, rdpid, f16c
Processor Information for the first 12 processors :
  Max Mhz: 2100, Current Mhz: 1686, Mhz Limit: 2100

Memory: 4k page, system-wide physical 5989M (534M free)
TotalPageFile size 24421M (AvailPageFile size 4M)
current process WorkingSet (physical memory assigned to process): 371M, peak: 371M
current process commit charge ("private bytes"): 488M, peak: 490M

vm_info: OpenJDK 64-Bit Server VM (21.0.11+10-LTS) for windows-amd64 JRE (21.0.11+10-LTS), built on 2026-04-21T00:00:00Z by "admin" with MS VC++ 17.12 (VS2022)

END.
