#
# There is insufficient memory for the Java Runtime Environment to continue.
# Native memory allocation (malloc) failed to allocate 1962064 bytes. Error detail: Chunk::new
# Possible reasons:
#   The system is out of physical RAM or swap space
#   This process is running with CompressedOops enabled, and the Java Heap may be blocking the growth of the native heap
# Possible solutions:
#   Reduce memory load on the system
#   Increase physical memory or swap space
#   Check if swap backing store is full
#   Decrease Java heap size (-Xmx/-Xms)
#   Decrease number of Java threads
#   Decrease Java thread stack sizes (-Xss)
#   Set larger code cache with -XX:ReservedCodeCacheSize=
#   JVM is running with Unscaled Compressed Oops mode in which the Java heap is
#     placed in the first 4GB address space. The Java Heap base address is the
#     maximum limit for the native heap growth. Please use -XX:HeapBaseMinAddress
#     to set the Java Heap base and to place the Java Heap above 4GB virtual address.
# This output file may be truncated or incomplete.
#
#  Out of Memory Error (arena.cpp:191), pid=33912, tid=11340
#
# JRE version: OpenJDK Runtime Environment Microsoft-13877129 (17.0.19+10) (build 17.0.19+10-LTS)
# Java VM: OpenJDK 64-Bit Server VM Microsoft-13877129 (17.0.19+10-LTS, mixed mode, sharing, tiered, compressed oops, compressed class ptrs, g1 gc, windows-amd64)
# No core dump will be written. Minidumps are not enabled by default on client versions of Windows
#

---------------  S U M M A R Y ------------

Command Line: org.jetbrains.kotlin.cli.jvm.K2JVMCompiler @D:\Training\project-a\projectvideo-app\projectvideo-frontend\android\app\build\20260722_4227619262139399686.compiler.options

Host: AMD Ryzen 5 5500U with Radeon Graphics         , 12 cores, 5G,  Windows 11 , 64 bit Build 26100 (10.0.26100.8875)
Time: Wed Jul 22 17:41:36 2026 India Standard Time elapsed time: 23.735544 seconds (0d 0h 0m 23s)

---------------  T H R E A D  ---------------

Current thread (0x0000020f7419d580):  JavaThread "C2 CompilerThread1" daemon [_thread_in_native, id=11340, stack(0x000000ede9200000,0x000000ede9300000)]


Current CompileTask:
C2:23735 8189       4       org.jetbrains.kotlin.fir.backend.Fir2IrTypeConverter::toIrType (1744 bytes)

Stack: [0x000000ede9200000,0x000000ede9300000]
Native frames: (J=compiled Java code, j=interpreted, Vv=VM code, C=native code)
V  [jvm.dll+0x68cc89]  (no source info available)
V  [jvm.dll+0x845d89]  (no source info available)
V  [jvm.dll+0x847af8]  (no source info available)
V  [jvm.dll+0x848183]  (no source info available)
V  [jvm.dll+0x24d0bf]  (no source info available)
V  [jvm.dll+0xaed56]  (no source info available)
V  [jvm.dll+0xaf3fc]  (no source info available)
V  [jvm.dll+0x3718be]  (no source info available)
V  [jvm.dll+0x1c07d3]  (no source info available)
V  [jvm.dll+0x21e120]  (no source info available)
V  [jvm.dll+0x21d412]  (no source info available)
V  [jvm.dll+0x1a8db6]  (no source info available)
V  [jvm.dll+0x22dc6b]  (no source info available)
V  [jvm.dll+0x22bdf6]  (no source info available)
V  [jvm.dll+0x7fbecb]  (no source info available)
V  [jvm.dll+0x7f62cc]  (no source info available)
V  [jvm.dll+0x68e227]  (no source info available)
C  [ucrtbase.dll+0x2cd30]  (no source info available)
C  [KERNEL32.DLL+0x2e957]  (no source info available)
C  [ntdll.dll+0xaad6c]  (no source info available)


---------------  P R O C E S S  ---------------

Threads class SMR info:
_java_thread_list=0x0000020f76953620, length=14, elements={
0x0000020f11a9fb80, 0x0000020f2ef5cea0, 0x0000020f2ef5e870, 0x0000020f2ef77f80,
0x0000020f2ef78940, 0x0000020f2ef79300, 0x0000020f2ef7dce0, 0x0000020f2ef7e9d0,
0x0000020f2ef948f0, 0x0000020f2efa1320, 0x0000020f740f00c0, 0x0000020f740f6a10,
0x0000020f7419d580, 0x0000020f7b66efa0
}

Java Threads: ( => current thread )
  0x0000020f11a9fb80 JavaThread "main" [_thread_in_Java, id=672, stack(0x000000ede7300000,0x000000ede7400000)]
  0x0000020f2ef5cea0 JavaThread "Reference Handler" daemon [_thread_blocked, id=25636, stack(0x000000ede7a00000,0x000000ede7b00000)]
  0x0000020f2ef5e870 JavaThread "Finalizer" daemon [_thread_blocked, id=30852, stack(0x000000ede7b00000,0x000000ede7c00000)]
  0x0000020f2ef77f80 JavaThread "Signal Dispatcher" daemon [_thread_blocked, id=34480, stack(0x000000ede7c00000,0x000000ede7d00000)]
  0x0000020f2ef78940 JavaThread "Attach Listener" daemon [_thread_blocked, id=25148, stack(0x000000ede7d00000,0x000000ede7e00000)]
  0x0000020f2ef79300 JavaThread "Service Thread" daemon [_thread_blocked, id=21364, stack(0x000000ede7e00000,0x000000ede7f00000)]
  0x0000020f2ef7dce0 JavaThread "Monitor Deflation Thread" daemon [_thread_blocked, id=25044, stack(0x000000ede7f00000,0x000000ede8000000)]
  0x0000020f2ef7e9d0 JavaThread "C2 CompilerThread0" daemon [_thread_in_native, id=4636, stack(0x000000ede8000000,0x000000ede8100000)]
  0x0000020f2ef948f0 JavaThread "C1 CompilerThread0" daemon [_thread_blocked, id=27528, stack(0x000000ede8100000,0x000000ede8200000)]
  0x0000020f2efa1320 JavaThread "Sweeper thread" daemon [_thread_blocked, id=15388, stack(0x000000ede8200000,0x000000ede8300000)]
  0x0000020f740f00c0 JavaThread "Notification Thread" daemon [_thread_blocked, id=12280, stack(0x000000ede8300000,0x000000ede8400000)]
  0x0000020f740f6a10 JavaThread "Common-Cleaner" daemon [_thread_blocked, id=20960, stack(0x000000ede8500000,0x000000ede8600000)]
=>0x0000020f7419d580 JavaThread "C2 CompilerThread1" daemon [_thread_in_native, id=11340, stack(0x000000ede9200000,0x000000ede9300000)]
  0x0000020f7b66efa0 JavaThread "C2 CompilerThread2" daemon [_thread_in_native, id=27880, stack(0x000000ede9300000,0x000000ede9400000)]

Other Threads:
  0x0000020f2ef57a40 VMThread "VM Thread" [stack: 0x000000ede7900000,0x000000ede7a00000] [id=31092]
  0x0000020f740f65c0 WatcherThread [stack: 0x000000ede8400000,0x000000ede8500000] [id=9384]
  0x0000020f11aee2b0 GCTaskThread "GC Thread#0" [stack: 0x000000ede7400000,0x000000ede7500000] [id=17264]
  0x0000020f74543410 GCTaskThread "GC Thread#1" [stack: 0x000000ede8600000,0x000000ede8700000] [id=26500]
  0x0000020f745428d0 GCTaskThread "GC Thread#2" [stack: 0x000000ede8700000,0x000000ede8800000] [id=21992]
  0x0000020f745436e0 GCTaskThread "GC Thread#3" [stack: 0x000000ede8800000,0x000000ede8900000] [id=6924]
  0x0000020f74542ba0 GCTaskThread "GC Thread#4" [stack: 0x000000ede8900000,0x000000ede8a00000] [id=22736]
  0x0000020f74542060 GCTaskThread "GC Thread#5" [stack: 0x000000ede8a00000,0x000000ede8b00000] [id=11944]
  0x0000020f74543c80 GCTaskThread "GC Thread#6" [stack: 0x000000ede8b00000,0x000000ede8c00000] [id=19064]
  0x0000020f74542330 GCTaskThread "GC Thread#7" [stack: 0x000000ede8c00000,0x000000ede8d00000] [id=580]
  0x0000020f74542600 GCTaskThread "GC Thread#8" [stack: 0x000000ede8d00000,0x000000ede8e00000] [id=27524]
  0x0000020f7497ee70 GCTaskThread "GC Thread#9" [stack: 0x000000ede8f00000,0x000000ede9000000] [id=33436]
  0x0000020f11afadb0 ConcurrentGCThread "G1 Main Marker" [stack: 0x000000ede7500000,0x000000ede7600000] [id=31236]
  0x0000020f11afd890 ConcurrentGCThread "G1 Conc#0" [stack: 0x000000ede7600000,0x000000ede7700000] [id=26676]
  0x0000020f7497d250 ConcurrentGCThread "G1 Conc#1" [stack: 0x000000ede9000000,0x000000ede9100000] [id=28896]
  0x0000020f7497c9e0 ConcurrentGCThread "G1 Conc#2" [stack: 0x000000ede9100000,0x000000ede9200000] [id=34512]
  0x0000020f11b4d920 ConcurrentGCThread "G1 Refine#0" [stack: 0x000000ede7700000,0x000000ede7800000] [id=34440]
  0x0000020f746cdf80 ConcurrentGCThread "G1 Refine#1" [stack: 0x000000ede8e00000,0x000000ede8f00000] [id=19492]
  0x0000020f11b4e100 ConcurrentGCThread "G1 Service" [stack: 0x000000ede7800000,0x000000ede7900000] [id=9336]

Threads with active compile tasks:
C2 CompilerThread0  24343 8654       4       org.jetbrains.kotlin.types.model.TypeSystemContext::typeConstructor (32 bytes)
C2 CompilerThread1  24343 8189       4       org.jetbrains.kotlin.fir.backend.Fir2IrTypeConverter::toIrType (1744 bytes)
C2 CompilerThread2  24343 8549       4       org.jetbrains.kotlin.ir.expressions.IrMemberAccessExpression::initializeTargetShapeExplicitly$ir_tree (440 bytes)

VM state: not at safepoint (normal execution)

VM Mutex/Monitor currently owned by a thread: None

Heap address: 0x00000000a2600000, size: 1498 MB, Compressed Oops mode: 32-bit

CDS archive(s) mapped at: [0x0000020f2f000000-0x0000020f2fbb0000-0x0000020f2fbb0000), size 12255232, SharedBaseAddress: 0x0000020f2f000000, ArchiveRelocationMode: 1.
Compressed class space mapped at: 0x0000020f30000000-0x0000020f70000000, reserved size: 1073741824
Narrow klass base: 0x0000020f2f000000, Narrow klass shift: 0, Narrow klass range: 0x100000000

GC Precious Log:
 CPUs: 12 total, 12 available
 Memory: 5989M
 Large Page Support: Disabled
 NUMA Support: Disabled
 Compressed Oops: Enabled (32-bit)
 Heap Region Size: 1M
 Heap Min Capacity: 8M
 Heap Initial Capacity: 94M
 Heap Max Capacity: 1498M
 Pre-touch: Disabled
 Parallel Workers: 10
 Concurrent Workers: 3
 Concurrent Refinement Workers: 10
 Periodic GC: Disabled

Heap:
 garbage-first heap   total 171008K, used 120363K [0x00000000a2600000, 0x0000000100000000)
  region size 1024K, 59 young (60416K), 9 survivors (9216K)
 Metaspace       used 61527K, committed 61888K, reserved 1114112K
  class space    used 7012K, committed 7168K, reserved 1048576K

Heap Regions: E=young(eden), S=young(survivor), O=old, HS=humongous(starts), HC=humongous(continues), CS=collection set, F=free, OA=open archive, CA=closed archive, TAMS=top-at-mark-start (previous, next)
|   0|0x00000000a2600000, 0x00000000a2700000, 0x00000000a2700000|100%|HS|  |TAMS 0x00000000a2700000, 0x00000000a2600000| Complete 
|   1|0x00000000a2700000, 0x00000000a2800000, 0x00000000a2800000|100%|HC|  |TAMS 0x00000000a2800000, 0x00000000a2700000| Complete 
|   2|0x00000000a2800000, 0x00000000a2900000, 0x00000000a2900000|100%|HC|  |TAMS 0x00000000a2900000, 0x00000000a2800000| Complete 
|   3|0x00000000a2900000, 0x00000000a2a00000, 0x00000000a2a00000|100%| O|  |TAMS 0x00000000a2a00000, 0x00000000a2900000| Untracked 
|   4|0x00000000a2a00000, 0x00000000a2b00000, 0x00000000a2b00000|100%| O|  |TAMS 0x00000000a2b00000, 0x00000000a2a00000| Untracked 
|   5|0x00000000a2b00000, 0x00000000a2c00000, 0x00000000a2c00000|100%| O|  |TAMS 0x00000000a2c00000, 0x00000000a2b00000| Untracked 
|   6|0x00000000a2c00000, 0x00000000a2d00000, 0x00000000a2d00000|100%| O|  |TAMS 0x00000000a2d00000, 0x00000000a2c00000| Untracked 
|   7|0x00000000a2d00000, 0x00000000a2e00000, 0x00000000a2e00000|100%| O|  |TAMS 0x00000000a2e00000, 0x00000000a2d00000| Untracked 
|   8|0x00000000a2e00000, 0x00000000a2f00000, 0x00000000a2f00000|100%| O|  |TAMS 0x00000000a2f00000, 0x00000000a2e00000| Untracked 
|   9|0x00000000a2f00000, 0x00000000a3000000, 0x00000000a3000000|100%| O|  |TAMS 0x00000000a3000000, 0x00000000a2f00000| Untracked 
|  10|0x00000000a3000000, 0x00000000a3100000, 0x00000000a3100000|100%| O|  |TAMS 0x00000000a3100000, 0x00000000a3000000| Untracked 
|  11|0x00000000a3100000, 0x00000000a3200000, 0x00000000a3200000|100%|HS|  |TAMS 0x00000000a3200000, 0x00000000a3100000| Complete 
|  12|0x00000000a3200000, 0x00000000a3300000, 0x00000000a3300000|100%| O|  |TAMS 0x00000000a3300000, 0x00000000a3200000| Untracked 
|  13|0x00000000a3300000, 0x00000000a3400000, 0x00000000a3400000|100%| O|  |TAMS 0x00000000a3400000, 0x00000000a3300000| Untracked 
|  14|0x00000000a3400000, 0x00000000a3500000, 0x00000000a3500000|100%| O|  |TAMS 0x00000000a3500000, 0x00000000a3400000| Untracked 
|  15|0x00000000a3500000, 0x00000000a3600000, 0x00000000a3600000|100%| O|  |TAMS 0x00000000a3600000, 0x00000000a3500000| Untracked 
|  16|0x00000000a3600000, 0x00000000a3700000, 0x00000000a3700000|100%| O|  |TAMS 0x00000000a3700000, 0x00000000a3600000| Untracked 
|  17|0x00000000a3700000, 0x00000000a3800000, 0x00000000a3800000|100%| O|  |TAMS 0x00000000a3800000, 0x00000000a3700000| Untracked 
|  18|0x00000000a3800000, 0x00000000a3900000, 0x00000000a3900000|100%| O|  |TAMS 0x00000000a3900000, 0x00000000a3800000| Untracked 
|  19|0x00000000a3900000, 0x00000000a3a00000, 0x00000000a3a00000|100%| O|  |TAMS 0x00000000a3a00000, 0x00000000a3900000| Untracked 
|  20|0x00000000a3a00000, 0x00000000a3b00000, 0x00000000a3b00000|100%| O|  |TAMS 0x00000000a3b00000, 0x00000000a3a00000| Untracked 
|  21|0x00000000a3b00000, 0x00000000a3c00000, 0x00000000a3c00000|100%| O|  |TAMS 0x00000000a3c00000, 0x00000000a3b00000| Untracked 
|  22|0x00000000a3c00000, 0x00000000a3d00000, 0x00000000a3d00000|100%| O|  |TAMS 0x00000000a3d00000, 0x00000000a3c00000| Untracked 
|  23|0x00000000a3d00000, 0x00000000a3e00000, 0x00000000a3e00000|100%| O|  |TAMS 0x00000000a3e00000, 0x00000000a3d00000| Untracked 
|  24|0x00000000a3e00000, 0x00000000a3f00000, 0x00000000a3f00000|100%| O|  |TAMS 0x00000000a3f00000, 0x00000000a3e00000| Untracked 
|  25|0x00000000a3f00000, 0x00000000a4000000, 0x00000000a4000000|100%| O|  |TAMS 0x00000000a4000000, 0x00000000a3f00000| Untracked 
|  26|0x00000000a4000000, 0x00000000a4100000, 0x00000000a4100000|100%| O|  |TAMS 0x00000000a4100000, 0x00000000a4000000| Untracked 
|  27|0x00000000a4100000, 0x00000000a4200000, 0x00000000a4200000|100%| O|  |TAMS 0x00000000a4200000, 0x00000000a4100000| Untracked 
|  28|0x00000000a4200000, 0x00000000a4300000, 0x00000000a4300000|100%| O|  |TAMS 0x00000000a4300000, 0x00000000a4200000| Untracked 
|  29|0x00000000a4300000, 0x00000000a4400000, 0x00000000a4400000|100%| O|  |TAMS 0x00000000a4400000, 0x00000000a4300000| Untracked 
|  30|0x00000000a4400000, 0x00000000a4500000, 0x00000000a4500000|100%| O|  |TAMS 0x00000000a4500000, 0x00000000a4400000| Untracked 
|  31|0x00000000a4500000, 0x00000000a4600000, 0x00000000a4600000|100%| O|  |TAMS 0x00000000a4600000, 0x00000000a4500000| Untracked 
|  32|0x00000000a4600000, 0x00000000a4700000, 0x00000000a4700000|100%| O|  |TAMS 0x00000000a4700000, 0x00000000a4600000| Untracked 
|  33|0x00000000a4700000, 0x00000000a4800000, 0x00000000a4800000|100%| O|  |TAMS 0x00000000a4800000, 0x00000000a4700000| Untracked 
|  34|0x00000000a4800000, 0x00000000a4900000, 0x00000000a4900000|100%| O|  |TAMS 0x00000000a4900000, 0x00000000a4800000| Untracked 
|  35|0x00000000a4900000, 0x00000000a4a00000, 0x00000000a4a00000|100%| O|  |TAMS 0x00000000a4a00000, 0x00000000a4900000| Untracked 
|  36|0x00000000a4a00000, 0x00000000a4b00000, 0x00000000a4b00000|100%| O|  |TAMS 0x00000000a4b00000, 0x00000000a4a00000| Untracked 
|  37|0x00000000a4b00000, 0x00000000a4c00000, 0x00000000a4c00000|100%| O|  |TAMS 0x00000000a4c00000, 0x00000000a4b00000| Untracked 
|  38|0x00000000a4c00000, 0x00000000a4d00000, 0x00000000a4d00000|100%| O|  |TAMS 0x00000000a4d00000, 0x00000000a4c00000| Untracked 
|  39|0x00000000a4d00000, 0x00000000a4e00000, 0x00000000a4e00000|100%| O|  |TAMS 0x00000000a4e00000, 0x00000000a4d00000| Untracked 
|  40|0x00000000a4e00000, 0x00000000a4f00000, 0x00000000a4f00000|100%| O|  |TAMS 0x00000000a4f00000, 0x00000000a4e00000| Untracked 
|  41|0x00000000a4f00000, 0x00000000a5000000, 0x00000000a5000000|100%| O|  |TAMS 0x00000000a4fe7c00, 0x00000000a4f00000| Untracked 
|  42|0x00000000a5000000, 0x00000000a5100000, 0x00000000a5100000|100%| O|  |TAMS 0x00000000a5000000, 0x00000000a5000000| Untracked 
|  43|0x00000000a5100000, 0x00000000a5200000, 0x00000000a5200000|100%| O|  |TAMS 0x00000000a5100000, 0x00000000a5100000| Untracked 
|  44|0x00000000a5200000, 0x00000000a5300000, 0x00000000a5300000|100%| O|  |TAMS 0x00000000a5200000, 0x00000000a5200000| Untracked 
|  45|0x00000000a5300000, 0x00000000a5400000, 0x00000000a5400000|100%| O|  |TAMS 0x00000000a5300000, 0x00000000a5300000| Untracked 
|  46|0x00000000a5400000, 0x00000000a5500000, 0x00000000a5500000|100%| O|  |TAMS 0x00000000a5400000, 0x00000000a5400000| Untracked 
|  47|0x00000000a5500000, 0x00000000a5600000, 0x00000000a5600000|100%| O|  |TAMS 0x00000000a5500000, 0x00000000a5500000| Untracked 
|  48|0x00000000a5600000, 0x00000000a5700000, 0x00000000a5700000|100%| O|  |TAMS 0x00000000a5600000, 0x00000000a5600000| Untracked 
|  49|0x00000000a5700000, 0x00000000a5800000, 0x00000000a5800000|100%| O|  |TAMS 0x00000000a5700000, 0x00000000a5700000| Untracked 
|  50|0x00000000a5800000, 0x00000000a5900000, 0x00000000a5900000|100%| O|  |TAMS 0x00000000a5800000, 0x00000000a5800000| Untracked 
|  51|0x00000000a5900000, 0x00000000a59b5600, 0x00000000a5a00000| 70%| O|  |TAMS 0x00000000a5900000, 0x00000000a5900000| Untracked 
|  52|0x00000000a5a00000, 0x00000000a5a00000, 0x00000000a5b00000|  0%| F|  |TAMS 0x00000000a5a00000, 0x00000000a5a00000| Untracked 
|  53|0x00000000a5b00000, 0x00000000a5b00000, 0x00000000a5c00000|  0%| F|  |TAMS 0x00000000a5b00000, 0x00000000a5b00000| Untracked 
|  54|0x00000000a5c00000, 0x00000000a5c00000, 0x00000000a5d00000|  0%| F|  |TAMS 0x00000000a5c00000, 0x00000000a5c00000| Untracked 
|  55|0x00000000a5d00000, 0x00000000a5d00000, 0x00000000a5e00000|  0%| F|  |TAMS 0x00000000a5d00000, 0x00000000a5d00000| Untracked 
|  56|0x00000000a5e00000, 0x00000000a5e00000, 0x00000000a5f00000|  0%| F|  |TAMS 0x00000000a5e00000, 0x00000000a5e00000| Untracked 
|  57|0x00000000a5f00000, 0x00000000a5f00000, 0x00000000a6000000|  0%| F|  |TAMS 0x00000000a5f00000, 0x00000000a5f00000| Untracked 
|  58|0x00000000a6000000, 0x00000000a6000000, 0x00000000a6100000|  0%| F|  |TAMS 0x00000000a6000000, 0x00000000a6000000| Untracked 
|  59|0x00000000a6100000, 0x00000000a6100000, 0x00000000a6200000|  0%| F|  |TAMS 0x00000000a6100000, 0x00000000a6100000| Untracked 
|  60|0x00000000a6200000, 0x00000000a6200000, 0x00000000a6300000|  0%| F|  |TAMS 0x00000000a6200000, 0x00000000a6200000| Untracked 
|  61|0x00000000a6300000, 0x00000000a6300000, 0x00000000a6400000|  0%| F|  |TAMS 0x00000000a6300000, 0x00000000a6300000| Untracked 
|  62|0x00000000a6400000, 0x00000000a6400000, 0x00000000a6500000|  0%| F|  |TAMS 0x00000000a6400000, 0x00000000a6400000| Untracked 
|  63|0x00000000a6500000, 0x00000000a6500000, 0x00000000a6600000|  0%| F|  |TAMS 0x00000000a6500000, 0x00000000a6500000| Untracked 
|  64|0x00000000a6600000, 0x00000000a6600000, 0x00000000a6700000|  0%| F|  |TAMS 0x00000000a6600000, 0x00000000a6600000| Untracked 
|  65|0x00000000a6700000, 0x00000000a6700000, 0x00000000a6800000|  0%| F|  |TAMS 0x00000000a6700000, 0x00000000a6700000| Untracked 
|  66|0x00000000a6800000, 0x00000000a6800000, 0x00000000a6900000|  0%| F|  |TAMS 0x00000000a6800000, 0x00000000a6800000| Untracked 
|  67|0x00000000a6900000, 0x00000000a6900000, 0x00000000a6a00000|  0%| F|  |TAMS 0x00000000a6900000, 0x00000000a6900000| Untracked 
|  68|0x00000000a6a00000, 0x00000000a6a00000, 0x00000000a6b00000|  0%| F|  |TAMS 0x00000000a6a00000, 0x00000000a6a00000| Untracked 
|  69|0x00000000a6b00000, 0x00000000a6b00000, 0x00000000a6c00000|  0%| F|  |TAMS 0x00000000a6b00000, 0x00000000a6b00000| Untracked 
|  70|0x00000000a6c00000, 0x00000000a6c00000, 0x00000000a6d00000|  0%| F|  |TAMS 0x00000000a6c00000, 0x00000000a6c00000| Untracked 
|  71|0x00000000a6d00000, 0x00000000a6d00000, 0x00000000a6e00000|  0%| F|  |TAMS 0x00000000a6d00000, 0x00000000a6d00000| Untracked 
|  72|0x00000000a6e00000, 0x00000000a6e00000, 0x00000000a6f00000|  0%| F|  |TAMS 0x00000000a6e00000, 0x00000000a6e00000| Untracked 
|  73|0x00000000a6f00000, 0x00000000a6f00000, 0x00000000a7000000|  0%| F|  |TAMS 0x00000000a6f00000, 0x00000000a6f00000| Untracked 
|  74|0x00000000a7000000, 0x00000000a7000000, 0x00000000a7100000|  0%| F|  |TAMS 0x00000000a7000000, 0x00000000a7000000| Untracked 
|  75|0x00000000a7100000, 0x00000000a7100000, 0x00000000a7200000|  0%| F|  |TAMS 0x00000000a7100000, 0x00000000a7100000| Untracked 
|  76|0x00000000a7200000, 0x00000000a7200000, 0x00000000a7300000|  0%| F|  |TAMS 0x00000000a7200000, 0x00000000a7200000| Untracked 
|  77|0x00000000a7300000, 0x00000000a7300000, 0x00000000a7400000|  0%| F|  |TAMS 0x00000000a7300000, 0x00000000a7300000| Untracked 
|  78|0x00000000a7400000, 0x00000000a7400000, 0x00000000a7500000|  0%| F|  |TAMS 0x00000000a7400000, 0x00000000a7400000| Untracked 
|  79|0x00000000a7500000, 0x00000000a7500000, 0x00000000a7600000|  0%| F|  |TAMS 0x00000000a7500000, 0x00000000a7500000| Untracked 
|  80|0x00000000a7600000, 0x00000000a7600000, 0x00000000a7700000|  0%| F|  |TAMS 0x00000000a7600000, 0x00000000a7600000| Untracked 
|  81|0x00000000a7700000, 0x00000000a7700000, 0x00000000a7800000|  0%| F|  |TAMS 0x00000000a7700000, 0x00000000a7700000| Untracked 
|  82|0x00000000a7800000, 0x00000000a7800000, 0x00000000a7900000|  0%| F|  |TAMS 0x00000000a7800000, 0x00000000a7800000| Untracked 
|  83|0x00000000a7900000, 0x00000000a7900000, 0x00000000a7a00000|  0%| F|  |TAMS 0x00000000a7900000, 0x00000000a7900000| Untracked 
|  84|0x00000000a7a00000, 0x00000000a7a00000, 0x00000000a7b00000|  0%| F|  |TAMS 0x00000000a7a00000, 0x00000000a7a00000| Untracked 
|  85|0x00000000a7b00000, 0x00000000a7b00000, 0x00000000a7c00000|  0%| F|  |TAMS 0x00000000a7b00000, 0x00000000a7b00000| Untracked 
|  86|0x00000000a7c00000, 0x00000000a7c00000, 0x00000000a7d00000|  0%| F|  |TAMS 0x00000000a7c00000, 0x00000000a7c00000| Untracked 
|  87|0x00000000a7d00000, 0x00000000a7d00000, 0x00000000a7e00000|  0%| F|  |TAMS 0x00000000a7d00000, 0x00000000a7d00000| Untracked 
|  88|0x00000000a7e00000, 0x00000000a7e00000, 0x00000000a7f00000|  0%| F|  |TAMS 0x00000000a7e00000, 0x00000000a7e00000| Untracked 
|  89|0x00000000a7f00000, 0x00000000a7f00000, 0x00000000a8000000|  0%| F|  |TAMS 0x00000000a7f00000, 0x00000000a7f00000| Untracked 
|  90|0x00000000a8000000, 0x00000000a8000000, 0x00000000a8100000|  0%| F|  |TAMS 0x00000000a8000000, 0x00000000a8000000| Untracked 
|  91|0x00000000a8100000, 0x00000000a8100000, 0x00000000a8200000|  0%| F|  |TAMS 0x00000000a8100000, 0x00000000a8100000| Untracked 
|  92|0x00000000a8200000, 0x00000000a8200000, 0x00000000a8300000|  0%| F|  |TAMS 0x00000000a8200000, 0x00000000a8200000| Untracked 
|  93|0x00000000a8300000, 0x00000000a8300000, 0x00000000a8400000|  0%| F|  |TAMS 0x00000000a8300000, 0x00000000a8300000| Untracked 
|  94|0x00000000a8400000, 0x00000000a84d59d0, 0x00000000a8500000| 83%| S|CS|TAMS 0x00000000a8400000, 0x00000000a8400000| Complete 
|  95|0x00000000a8500000, 0x00000000a8600000, 0x00000000a8600000|100%| S|CS|TAMS 0x00000000a8500000, 0x00000000a8500000| Complete 
|  96|0x00000000a8600000, 0x00000000a8700000, 0x00000000a8700000|100%| S|CS|TAMS 0x00000000a8600000, 0x00000000a8600000| Complete 
|  97|0x00000000a8700000, 0x00000000a8800000, 0x00000000a8800000|100%| S|CS|TAMS 0x00000000a8700000, 0x00000000a8700000| Complete 
|  98|0x00000000a8800000, 0x00000000a8900000, 0x00000000a8900000|100%| S|CS|TAMS 0x00000000a8800000, 0x00000000a8800000| Complete 
|  99|0x00000000a8900000, 0x00000000a8a00000, 0x00000000a8a00000|100%| S|CS|TAMS 0x00000000a8900000, 0x00000000a8900000| Complete 
| 100|0x00000000a8a00000, 0x00000000a8b00000, 0x00000000a8b00000|100%| S|CS|TAMS 0x00000000a8a00000, 0x00000000a8a00000| Complete 
| 101|0x00000000a8b00000, 0x00000000a8c00000, 0x00000000a8c00000|100%| S|CS|TAMS 0x00000000a8b00000, 0x00000000a8b00000| Complete 
| 102|0x00000000a8c00000, 0x00000000a8d00000, 0x00000000a8d00000|100%| S|CS|TAMS 0x00000000a8c00000, 0x00000000a8c00000| Complete 
| 103|0x00000000a8d00000, 0x00000000a8d00000, 0x00000000a8e00000|  0%| F|  |TAMS 0x00000000a8d00000, 0x00000000a8d00000| Untracked 
| 104|0x00000000a8e00000, 0x00000000a8e00000, 0x00000000a8f00000|  0%| F|  |TAMS 0x00000000a8e00000, 0x00000000a8e00000| Untracked 
| 105|0x00000000a8f00000, 0x00000000a8f00000, 0x00000000a9000000|  0%| F|  |TAMS 0x00000000a8f00000, 0x00000000a8f00000| Untracked 
| 106|0x00000000a9000000, 0x00000000a9000000, 0x00000000a9100000|  0%| F|  |TAMS 0x00000000a9000000, 0x00000000a9000000| Untracked 
| 107|0x00000000a9100000, 0x00000000a9100000, 0x00000000a9200000|  0%| F|  |TAMS 0x00000000a9100000, 0x00000000a9100000| Untracked 
| 108|0x00000000a9200000, 0x00000000a9200000, 0x00000000a9300000|  0%| F|  |TAMS 0x00000000a9200000, 0x00000000a9200000| Untracked 
| 109|0x00000000a9300000, 0x00000000a9400000, 0x00000000a9400000|100%| E|  |TAMS 0x00000000a9300000, 0x00000000a9300000| Complete 
| 110|0x00000000a9400000, 0x00000000a9500000, 0x00000000a9500000|100%| E|CS|TAMS 0x00000000a9400000, 0x00000000a9400000| Complete 
| 111|0x00000000a9500000, 0x00000000a9600000, 0x00000000a9600000|100%| E|CS|TAMS 0x00000000a9500000, 0x00000000a9500000| Complete 
| 112|0x00000000a9600000, 0x00000000a9700000, 0x00000000a9700000|100%| E|CS|TAMS 0x00000000a9600000, 0x00000000a9600000| Complete 
| 113|0x00000000a9700000, 0x00000000a9800000, 0x00000000a9800000|100%| E|CS|TAMS 0x00000000a9700000, 0x00000000a9700000| Complete 
| 114|0x00000000a9800000, 0x00000000a9900000, 0x00000000a9900000|100%| E|CS|TAMS 0x00000000a9800000, 0x00000000a9800000| Complete 
| 115|0x00000000a9900000, 0x00000000a9a00000, 0x00000000a9a00000|100%| E|CS|TAMS 0x00000000a9900000, 0x00000000a9900000| Complete 
| 116|0x00000000a9a00000, 0x00000000a9b00000, 0x00000000a9b00000|100%| E|CS|TAMS 0x00000000a9a00000, 0x00000000a9a00000| Complete 
| 117|0x00000000a9b00000, 0x00000000a9c00000, 0x00000000a9c00000|100%| E|CS|TAMS 0x00000000a9b00000, 0x00000000a9b00000| Complete 
| 118|0x00000000a9c00000, 0x00000000a9d00000, 0x00000000a9d00000|100%| E|CS|TAMS 0x00000000a9c00000, 0x00000000a9c00000| Complete 
| 119|0x00000000a9d00000, 0x00000000a9e00000, 0x00000000a9e00000|100%| E|CS|TAMS 0x00000000a9d00000, 0x00000000a9d00000| Complete 
| 120|0x00000000a9e00000, 0x00000000a9f00000, 0x00000000a9f00000|100%| E|CS|TAMS 0x00000000a9e00000, 0x00000000a9e00000| Complete 
| 121|0x00000000a9f00000, 0x00000000aa000000, 0x00000000aa000000|100%| E|CS|TAMS 0x00000000a9f00000, 0x00000000a9f00000| Complete 
| 122|0x00000000aa000000, 0x00000000aa100000, 0x00000000aa100000|100%| E|CS|TAMS 0x00000000aa000000, 0x00000000aa000000| Complete 
| 123|0x00000000aa100000, 0x00000000aa200000, 0x00000000aa200000|100%| E|CS|TAMS 0x00000000aa100000, 0x00000000aa100000| Complete 
| 124|0x00000000aa200000, 0x00000000aa300000, 0x00000000aa300000|100%| E|CS|TAMS 0x00000000aa200000, 0x00000000aa200000| Complete 
| 125|0x00000000aa300000, 0x00000000aa400000, 0x00000000aa400000|100%| E|CS|TAMS 0x00000000aa300000, 0x00000000aa300000| Complete 
| 126|0x00000000aa400000, 0x00000000aa500000, 0x00000000aa500000|100%| E|CS|TAMS 0x00000000aa400000, 0x00000000aa400000| Complete 
| 127|0x00000000aa500000, 0x00000000aa600000, 0x00000000aa600000|100%| E|CS|TAMS 0x00000000aa500000, 0x00000000aa500000| Complete 
| 128|0x00000000aa600000, 0x00000000aa700000, 0x00000000aa700000|100%| E|CS|TAMS 0x00000000aa600000, 0x00000000aa600000| Complete 
| 129|0x00000000aa700000, 0x00000000aa800000, 0x00000000aa800000|100%| E|CS|TAMS 0x00000000aa700000, 0x00000000aa700000| Complete 
| 130|0x00000000aa800000, 0x00000000aa900000, 0x00000000aa900000|100%| E|CS|TAMS 0x00000000aa800000, 0x00000000aa800000| Complete 
| 131|0x00000000aa900000, 0x00000000aaa00000, 0x00000000aaa00000|100%| E|CS|TAMS 0x00000000aa900000, 0x00000000aa900000| Complete 
| 132|0x00000000aaa00000, 0x00000000aab00000, 0x00000000aab00000|100%| E|CS|TAMS 0x00000000aaa00000, 0x00000000aaa00000| Complete 
| 133|0x00000000aab00000, 0x00000000aac00000, 0x00000000aac00000|100%| E|CS|TAMS 0x00000000aab00000, 0x00000000aab00000| Complete 
| 134|0x00000000aac00000, 0x00000000aad00000, 0x00000000aad00000|100%| E|CS|TAMS 0x00000000aac00000, 0x00000000aac00000| Complete 
| 135|0x00000000aad00000, 0x00000000aae00000, 0x00000000aae00000|100%| E|CS|TAMS 0x00000000aad00000, 0x00000000aad00000| Complete 
| 136|0x00000000aae00000, 0x00000000aaf00000, 0x00000000aaf00000|100%| E|CS|TAMS 0x00000000aae00000, 0x00000000aae00000| Complete 
| 137|0x00000000aaf00000, 0x00000000ab000000, 0x00000000ab000000|100%| E|CS|TAMS 0x00000000aaf00000, 0x00000000aaf00000| Complete 
| 138|0x00000000ab000000, 0x00000000ab100000, 0x00000000ab100000|100%| E|CS|TAMS 0x00000000ab000000, 0x00000000ab000000| Complete 
| 139|0x00000000ab100000, 0x00000000ab200000, 0x00000000ab200000|100%| E|CS|TAMS 0x00000000ab100000, 0x00000000ab100000| Complete 
| 140|0x00000000ab200000, 0x00000000ab300000, 0x00000000ab300000|100%| E|CS|TAMS 0x00000000ab200000, 0x00000000ab200000| Complete 
| 141|0x00000000ab300000, 0x00000000ab400000, 0x00000000ab400000|100%| E|CS|TAMS 0x00000000ab300000, 0x00000000ab300000| Complete 
| 142|0x00000000ab400000, 0x00000000ab500000, 0x00000000ab500000|100%| E|CS|TAMS 0x00000000ab400000, 0x00000000ab400000| Complete 
| 143|0x00000000ab500000, 0x00000000ab600000, 0x00000000ab600000|100%| E|CS|TAMS 0x00000000ab500000, 0x00000000ab500000| Complete 
| 144|0x00000000ab600000, 0x00000000ab700000, 0x00000000ab700000|100%| E|CS|TAMS 0x00000000ab600000, 0x00000000ab600000| Complete 
| 145|0x00000000ab700000, 0x00000000ab800000, 0x00000000ab800000|100%| E|CS|TAMS 0x00000000ab700000, 0x00000000ab700000| Complete 
| 146|0x00000000ab800000, 0x00000000ab900000, 0x00000000ab900000|100%| E|CS|TAMS 0x00000000ab800000, 0x00000000ab800000| Complete 
| 147|0x00000000ab900000, 0x00000000aba00000, 0x00000000aba00000|100%| E|CS|TAMS 0x00000000ab900000, 0x00000000ab900000| Complete 
| 148|0x00000000aba00000, 0x00000000abb00000, 0x00000000abb00000|100%| E|CS|TAMS 0x00000000aba00000, 0x00000000aba00000| Complete 
| 149|0x00000000abb00000, 0x00000000abc00000, 0x00000000abc00000|100%| E|CS|TAMS 0x00000000abb00000, 0x00000000abb00000| Complete 
| 150|0x00000000abc00000, 0x00000000abd00000, 0x00000000abd00000|100%| E|CS|TAMS 0x00000000abc00000, 0x00000000abc00000| Complete 
| 151|0x00000000abd00000, 0x00000000abe00000, 0x00000000abe00000|100%| E|CS|TAMS 0x00000000abd00000, 0x00000000abd00000| Complete 
| 152|0x00000000abe00000, 0x00000000abf00000, 0x00000000abf00000|100%| E|CS|TAMS 0x00000000abe00000, 0x00000000abe00000| Complete 
| 153|0x00000000abf00000, 0x00000000ac000000, 0x00000000ac000000|100%| E|CS|TAMS 0x00000000abf00000, 0x00000000abf00000| Complete 
| 154|0x00000000ac000000, 0x00000000ac100000, 0x00000000ac100000|100%| E|CS|TAMS 0x00000000ac000000, 0x00000000ac000000| Complete 
| 155|0x00000000ac100000, 0x00000000ac200000, 0x00000000ac200000|100%| E|CS|TAMS 0x00000000ac100000, 0x00000000ac100000| Complete 
| 156|0x00000000ac200000, 0x00000000ac300000, 0x00000000ac300000|100%| E|CS|TAMS 0x00000000ac200000, 0x00000000ac200000| Complete 
| 157|0x00000000ac300000, 0x00000000ac400000, 0x00000000ac400000|100%| E|CS|TAMS 0x00000000ac300000, 0x00000000ac300000| Complete 
| 158|0x00000000ac400000, 0x00000000ac500000, 0x00000000ac500000|100%| E|CS|TAMS 0x00000000ac400000, 0x00000000ac400000| Complete 
|1490|0x00000000ff800000, 0x00000000ff900000, 0x00000000ff900000|100%| O|  |TAMS 0x00000000ff900000, 0x00000000ff800000| Untracked 
|1491|0x00000000ff900000, 0x00000000ffa00000, 0x00000000ffa00000|100%| O|  |TAMS 0x00000000ffa00000, 0x00000000ff900000| Untracked 
|1492|0x00000000ffa00000, 0x00000000ffb00000, 0x00000000ffb00000|100%| O|  |TAMS 0x00000000ffb00000, 0x00000000ffa00000| Untracked 
|1493|0x00000000ffb00000, 0x00000000ffc00000, 0x00000000ffc00000|100%| O|  |TAMS 0x00000000ffc00000, 0x00000000ffb00000| Untracked 
|1494|0x00000000ffc00000, 0x00000000ffd00000, 0x00000000ffd00000|100%| O|  |TAMS 0x00000000ffd00000, 0x00000000ffc00000| Untracked 
|1495|0x00000000ffd00000, 0x00000000ffe00000, 0x00000000ffe00000|100%| O|  |TAMS 0x00000000ffe00000, 0x00000000ffd00000| Untracked 
|1496|0x00000000ffe00000, 0x00000000fff00000, 0x00000000fff00000|100%| O|  |TAMS 0x00000000fff00000, 0x00000000ffe00000| Untracked 
|1497|0x00000000fff00000, 0x0000000100000000, 0x0000000100000000|100%| O|  |TAMS 0x0000000100000000, 0x00000000fff00000| Untracked 

Card table byte_map: [0x0000020f28e70000,0x0000020f29160000] _byte_map_base: 0x0000020f2895d000

Marking Bits (Prev, Next): (CMBitMap*) 0x0000020f11aee820, (CMBitMap*) 0x0000020f11aee7e0
 Prev Bits: [0x0000020f2abc0000, 0x0000020f2c328000)
 Next Bits: [0x0000020f29450000, 0x0000020f2abb8000)

Polling page: 0x0000020f0f8d0000

Metaspace:

Usage:
  Non-class:     53.24 MB used.
      Class:      6.85 MB used.
       Both:     60.09 MB used.

Virtual space:
  Non-class space:       64.00 MB reserved,      53.44 MB ( 83%) committed,  1 nodes.
      Class space:        1.00 GB reserved,       7.00 MB ( <1%) committed,  1 nodes.
             Both:        1.06 GB reserved,      60.44 MB (  6%) committed. 

Chunk freelists:
   Non-Class:  9.53 MB
       Class:  9.03 MB
        Both:  18.56 MB

MaxMetaspaceSize: unlimited
CompressedClassSpaceSize: 1.00 GB
Initial GC threshold: 21.00 MB
Current GC threshold: 98.25 MB
CDS: on
MetaspaceReclaimPolicy: balanced
 - commit_granule_bytes: 65536.
 - commit_granule_words: 8192.
 - virtual_space_node_default_size: 8388608.
 - enlarge_chunks_in_place: 1.
 - new_chunks_are_fully_committed: 0.
 - uncommit_free_chunks: 1.
 - use_allocation_guard: 0.
 - handle_deallocations: 1.


Internal statistics:

num_allocs_failed_limit: 9.
num_arena_births: 330.
num_arena_deaths: 0.
num_vsnodes_births: 2.
num_vsnodes_deaths: 0.
num_space_committed: 965.
num_space_uncommitted: 0.
num_chunks_returned_to_freelist: 9.
num_chunks_taken_from_freelist: 2481.
num_chunk_merges: 9.
num_chunk_splits: 2020.
num_chunks_enlarged: 1821.
num_inconsistent_stats: 0.

CodeHeap 'non-profiled nmethods': size=120000Kb used=3558Kb max_used=3769Kb free=116442Kb
 bounds [0x0000020f21100000, 0x0000020f214b0000, 0x0000020f28630000]
CodeHeap 'profiled nmethods': size=120000Kb used=19631Kb max_used=20569Kb free=100369Kb
 bounds [0x0000020f19630000, 0x0000020f1aa70000, 0x0000020f20b60000]
CodeHeap 'non-nmethods': size=5760Kb used=1439Kb max_used=1490Kb free=4320Kb
 bounds [0x0000020f20b60000, 0x0000020f20dd0000, 0x0000020f21100000]
 total_blobs=7972 nmethods=7197 adapters=685
 compilation: enabled
              stopped_count=0, restarted_count=0
 full_count=0

Compilation events (20 events):
Event: 23.445 Thread 0x0000020f2ef948f0 8444       2       org.jetbrains.kotlin.types.AbstractTypeApproximator$$Lambda$745/0x0000020f305447c8::<init> (10 bytes)
Event: 23.445 Thread 0x0000020f2ef948f0 nmethod 8444 0x0000020f19a0d010 code [0x0000020f19a0d1a0, 0x0000020f19a0d2f8]
Event: 23.445 Thread 0x0000020f2ef948f0 8439       2       org.jetbrains.kotlin.fir.resolve.substitution.ConeSubstitutorByMap::<init> (38 bytes)
Event: 23.446 Thread 0x0000020f2ef948f0 nmethod 8439 0x0000020f19a2ae10 code [0x0000020f19a2b080, 0x0000020f19a2b828]
Event: 23.446 Thread 0x0000020f2ef948f0 8438       2       org.jetbrains.kotlin.fir.backend.Fir2IrClassifierStorage::getCachedIrTypeParameter$fir2ir (51 bytes)
Event: 23.447 Thread 0x0000020f2ef948f0 nmethod 8438 0x0000020f19caac10 code [0x0000020f19caae60, 0x0000020f19cab3b8]
Event: 23.453 Thread 0x0000020f7b6704e0 nmethod 8341 0x0000020f2149a510 code [0x0000020f2149a8e0, 0x0000020f2149f980]
Event: 23.454 Thread 0x0000020f7b6704e0 8418       4       org.jetbrains.kotlin.protobuf.CodedOutputStream::refreshBuffer (37 bytes)
Event: 23.456 Thread 0x0000020f2ef948f0 8447       1       kotlin.collections.EmptyList::hashCode (2 bytes)
Event: 23.456 Thread 0x0000020f2ef948f0 nmethod 8447 0x0000020f21265490 code [0x0000020f21265620, 0x0000020f212656f8]
Event: 23.457 Thread 0x0000020f2ef948f0 8449       3       org.jetbrains.kotlin.ir.declarations.IrFunction::setValueParameters (16 bytes)
Event: 23.458 Thread 0x0000020f7b6704e0 nmethod 8418 0x0000020f2123b490 code [0x0000020f2123b620, 0x0000020f2123b978]
Event: 23.458 Thread 0x0000020f7b6704e0 8419       4       org.jetbrains.kotlin.protobuf.ByteString::copyFrom (94 bytes)
Event: 23.458 Thread 0x0000020f2ef948f0 nmethod 8449 0x0000020f199d7e10 code [0x0000020f199d8040, 0x0000020f199d8628]
Event: 23.458 Thread 0x0000020f2ef948f0 8450       2       org.jetbrains.kotlin.fir.scopes.impl.FirClassDeclaredMemberScopeImpl::getCallableNames (10 bytes)
Event: 23.458 Thread 0x0000020f2ef948f0 nmethod 8450 0x0000020f19ed0710 code [0x0000020f19ed08c0, 0x0000020f19ed0a58]
Event: 23.458 Thread 0x0000020f2ef948f0 8448       1       org.jetbrains.kotlin.fir.lazy.Fir2IrLazyProperty::getOrigin (5 bytes)
Event: 23.458 Thread 0x0000020f2ef948f0 nmethod 8448 0x0000020f21265090 code [0x0000020f21265220, 0x0000020f212652f8]
Event: 23.460 Thread 0x0000020f7b6704e0 nmethod 8419 0x0000020f21318110 code [0x0000020f213182a0, 0x0000020f213183c8]
Event: 23.460 Thread 0x0000020f7b6704e0 8349       4       org.jetbrains.kotlin.fir.declarations.utils.FirDeclarationUtilKt::getSuperConeTypes (174 bytes)

GC Heap History (20 events):
Event: 6.654 GC heap before
{Heap before GC invocations=4 (full 0):
 garbage-first heap   total 58368K, used 57758K [0x00000000a2600000, 0x0000000100000000)
  region size 1024K, 45 young (46080K), 4 survivors (4096K)
 Metaspace       used 30198K, committed 30400K, reserved 1114112K
  class space    used 3737K, committed 3840K, reserved 1048576K
}
Event: 6.672 GC heap after
{Heap after GC invocations=5 (full 0):
 garbage-first heap   total 66560K, used 19133K [0x00000000a2600000, 0x0000000100000000)
  region size 1024K, 4 young (4096K), 4 survivors (4096K)
 Metaspace       used 30198K, committed 30400K, reserved 1114112K
  class space    used 3737K, committed 3840K, reserved 1048576K
}
Event: 6.705 GC heap before
{Heap before GC invocations=5 (full 0):
 garbage-first heap   total 66560K, used 20157K [0x00000000a2600000, 0x0000000100000000)
  region size 1024K, 5 young (5120K), 4 survivors (4096K)
 Metaspace       used 30560K, committed 30720K, reserved 1114112K
  class space    used 3766K, committed 3840K, reserved 1048576K
}
Event: 6.714 GC heap after
{Heap after GC invocations=6 (full 0):
 garbage-first heap   total 66560K, used 19462K [0x00000000a2600000, 0x0000000100000000)
  region size 1024K, 1 young (1024K), 1 survivors (1024K)
 Metaspace       used 30560K, committed 30720K, reserved 1114112K
  class space    used 3766K, committed 3840K, reserved 1048576K
}
Event: 7.767 GC heap before
{Heap before GC invocations=6 (full 0):
 garbage-first heap   total 66560K, used 48134K [0x00000000a2600000, 0x0000000100000000)
  region size 1024K, 29 young (29696K), 1 survivors (1024K)
 Metaspace       used 35700K, committed 35904K, reserved 1114112K
  class space    used 4299K, committed 4416K, reserved 1048576K
}
Event: 7.780 GC heap after
{Heap after GC invocations=7 (full 0):
 garbage-first heap   total 110592K, used 22122K [0x00000000a2600000, 0x0000000100000000)
  region size 1024K, 4 young (4096K), 4 survivors (4096K)
 Metaspace       used 35700K, committed 35904K, reserved 1114112K
  class space    used 4299K, committed 4416K, reserved 1048576K
}
Event: 7.825 GC heap before
{Heap before GC invocations=7 (full 0):
 garbage-first heap   total 110592K, used 24170K [0x00000000a2600000, 0x0000000100000000)
  region size 1024K, 7 young (7168K), 4 survivors (4096K)
 Metaspace       used 35776K, committed 35968K, reserved 1114112K
  class space    used 4307K, committed 4416K, reserved 1048576K
}
Event: 7.837 GC heap after
{Heap after GC invocations=8 (full 0):
 garbage-first heap   total 110592K, used 22860K [0x00000000a2600000, 0x0000000100000000)
  region size 1024K, 4 young (4096K), 4 survivors (4096K)
 Metaspace       used 35776K, committed 35968K, reserved 1114112K
  class space    used 4307K, committed 4416K, reserved 1048576K
}
Event: 8.875 GC heap before
{Heap before GC invocations=9 (full 0):
 garbage-first heap   total 81920K, used 68940K [0x00000000a2600000, 0x0000000100000000)
  region size 1024K, 48 young (49152K), 4 survivors (4096K)
 Metaspace       used 38085K, committed 38400K, reserved 1114112K
  class space    used 4536K, committed 4672K, reserved 1048576K
}
Event: 8.906 GC heap after
{Heap after GC invocations=10 (full 0):
 garbage-first heap   total 86016K, used 36200K [0x00000000a2600000, 0x0000000100000000)
  region size 1024K, 6 young (6144K), 6 survivors (6144K)
 Metaspace       used 38085K, committed 38400K, reserved 1114112K
  class space    used 4536K, committed 4672K, reserved 1048576K
}
Event: 8.940 GC heap before
{Heap before GC invocations=10 (full 0):
 garbage-first heap   total 86016K, used 37224K [0x00000000a2600000, 0x0000000100000000)
  region size 1024K, 7 young (7168K), 6 survivors (6144K)
 Metaspace       used 38175K, committed 38464K, reserved 1114112K
  class space    used 4547K, committed 4672K, reserved 1048576K
}
Event: 8.954 GC heap after
{Heap after GC invocations=11 (full 0):
 garbage-first heap   total 86016K, used 37376K [0x00000000a2600000, 0x0000000100000000)
  region size 1024K, 1 young (1024K), 1 survivors (1024K)
 Metaspace       used 38175K, committed 38464K, reserved 1114112K
  class space    used 4547K, committed 4672K, reserved 1048576K
}
Event: 9.793 GC heap before
{Heap before GC invocations=11 (full 0):
 garbage-first heap   total 86016K, used 59904K [0x00000000a2600000, 0x0000000100000000)
  region size 1024K, 24 young (24576K), 1 survivors (1024K)
 Metaspace       used 41763K, committed 42112K, reserved 1114112K
  class space    used 4954K, committed 5120K, reserved 1048576K
}
Event: 9.811 GC heap after
{Heap after GC invocations=12 (full 0):
 garbage-first heap   total 171008K, used 41984K [0x00000000a2600000, 0x0000000100000000)
  region size 1024K, 3 young (3072K), 3 survivors (3072K)
 Metaspace       used 41763K, committed 42112K, reserved 1114112K
  class space    used 4954K, committed 5120K, reserved 1048576K
}
Event: 12.516 GC heap before
{Heap before GC invocations=12 (full 0):
 garbage-first heap   total 171008K, used 98304K [0x00000000a2600000, 0x0000000100000000)
  region size 1024K, 58 young (59392K), 3 survivors (3072K)
 Metaspace       used 50598K, committed 50880K, reserved 1114112K
  class space    used 6073K, committed 6208K, reserved 1048576K
}
Event: 12.534 GC heap after
{Heap after GC invocations=13 (full 0):
 garbage-first heap   total 171008K, used 50068K [0x00000000a2600000, 0x0000000100000000)
  region size 1024K, 8 young (8192K), 8 survivors (8192K)
 Metaspace       used 50598K, committed 50880K, reserved 1114112K
  class space    used 6073K, committed 6208K, reserved 1048576K
}
Event: 15.146 GC heap before
{Heap before GC invocations=13 (full 0):
 garbage-first heap   total 171008K, used 113556K [0x00000000a2600000, 0x0000000100000000)
  region size 1024K, 70 young (71680K), 8 survivors (8192K)
 Metaspace       used 54404K, committed 54720K, reserved 1114112K
  class space    used 6399K, committed 6528K, reserved 1048576K
}
Event: 15.200 GC heap after
{Heap after GC invocations=14 (full 0):
 garbage-first heap   total 171008K, used 60319K [0x00000000a2600000, 0x0000000100000000)
  region size 1024K, 9 young (9216K), 9 survivors (9216K)
 Metaspace       used 54404K, committed 54720K, reserved 1114112K
  class space    used 6399K, committed 6528K, reserved 1048576K
}
Event: 21.635 GC heap before
{Heap before GC invocations=14 (full 0):
 garbage-first heap   total 171008K, used 116639K [0x00000000a2600000, 0x0000000100000000)
  region size 1024K, 65 young (66560K), 9 survivors (9216K)
 Metaspace       used 59891K, committed 60160K, reserved 1114112K
  class space    used 6926K, committed 7040K, reserved 1048576K
}
Event: 21.693 GC heap after
{Heap after GC invocations=15 (full 0):
 garbage-first heap   total 171008K, used 70187K [0x00000000a2600000, 0x0000000100000000)
  region size 1024K, 9 young (9216K), 9 survivors (9216K)
 Metaspace       used 59891K, committed 60160K, reserved 1114112K
  class space    used 6926K, committed 7040K, reserved 1048576K
}

Dll operation events (7 events):
Event: 0.035 Loaded shared library C:\Program Files\Microsoft\jdk-17.0.19.10-hotspot\bin\java.dll
Event: 0.071 Loaded shared library C:\Program Files\Microsoft\jdk-17.0.19.10-hotspot\bin\jsvml.dll
Event: 0.188 Loaded shared library C:\Program Files\Microsoft\jdk-17.0.19.10-hotspot\bin\net.dll
Event: 0.193 Loaded shared library C:\Program Files\Microsoft\jdk-17.0.19.10-hotspot\bin\nio.dll
Event: 0.293 Loaded shared library C:\Program Files\Microsoft\jdk-17.0.19.10-hotspot\bin\zip.dll
Event: 0.348 Loaded shared library C:\Program Files\Microsoft\jdk-17.0.19.10-hotspot\bin\jimage.dll
Event: 3.869 Loaded shared library C:\Program Files\Microsoft\jdk-17.0.19.10-hotspot\bin\verify.dll

Deoptimization events (20 events):
Event: 22.773 Thread 0x0000020f11a9fb80 Uncommon trap: trap_request=0xffffff66 fr.pc=0x0000020f214a6be0 relative=0x0000000000000400
Event: 22.773 Thread 0x0000020f11a9fb80 Uncommon trap: reason=speculate_class_check action=maybe_recompile pc=0x0000020f214a6be0 method=org.jetbrains.kotlin.fir.backend.Fir2IrClassifierStorage.getCachedIrLocalClass(Lorg/jetbrains/kotlin/fir/declarations/FirClass;)Lorg/jetbrains/kotlin/ir/declar
Event: 22.773 Thread 0x0000020f11a9fb80 DEOPT PACKING pc=0x0000020f214a6be0 sp=0x000000ede73fbe70
Event: 22.773 Thread 0x0000020f11a9fb80 DEOPT UNPACKING pc=0x0000020f20bb69a3 sp=0x000000ede73fbe38 mode 2
Event: 22.774 Thread 0x0000020f11a9fb80 Uncommon trap: trap_request=0xffffff66 fr.pc=0x0000020f214a6be0 relative=0x0000000000000400
Event: 22.774 Thread 0x0000020f11a9fb80 Uncommon trap: reason=speculate_class_check action=maybe_recompile pc=0x0000020f214a6be0 method=org.jetbrains.kotlin.fir.backend.Fir2IrClassifierStorage.getCachedIrLocalClass(Lorg/jetbrains/kotlin/fir/declarations/FirClass;)Lorg/jetbrains/kotlin/ir/declar
Event: 22.774 Thread 0x0000020f11a9fb80 DEOPT PACKING pc=0x0000020f214a6be0 sp=0x000000ede73fc0f0
Event: 22.774 Thread 0x0000020f11a9fb80 DEOPT UNPACKING pc=0x0000020f20bb69a3 sp=0x000000ede73fc0b8 mode 2
Event: 22.774 Thread 0x0000020f11a9fb80 Uncommon trap: trap_request=0xffffff66 fr.pc=0x0000020f214a6be0 relative=0x0000000000000400
Event: 22.774 Thread 0x0000020f11a9fb80 Uncommon trap: reason=speculate_class_check action=maybe_recompile pc=0x0000020f214a6be0 method=org.jetbrains.kotlin.fir.backend.Fir2IrClassifierStorage.getCachedIrLocalClass(Lorg/jetbrains/kotlin/fir/declarations/FirClass;)Lorg/jetbrains/kotlin/ir/declar
Event: 22.774 Thread 0x0000020f11a9fb80 DEOPT PACKING pc=0x0000020f214a6be0 sp=0x000000ede73fbe70
Event: 22.774 Thread 0x0000020f11a9fb80 DEOPT UNPACKING pc=0x0000020f20bb69a3 sp=0x000000ede73fbe38 mode 2
Event: 23.117 Thread 0x0000020f11a9fb80 Uncommon trap: trap_request=0xffffffdc fr.pc=0x0000020f214aa6bc relative=0x000000000000029c
Event: 23.117 Thread 0x0000020f11a9fb80 Uncommon trap: reason=class_check action=make_not_entrant pc=0x0000020f214aa6bc method=java.util.ArrayList.toArray([Ljava/lang/Object;)[Ljava/lang/Object; @ 21 c2
Event: 23.117 Thread 0x0000020f11a9fb80 DEOPT PACKING pc=0x0000020f214aa6bc sp=0x000000ede73f85e0
Event: 23.117 Thread 0x0000020f11a9fb80 DEOPT UNPACKING pc=0x0000020f20bb69a3 sp=0x000000ede73f85a0 mode 2
Event: 23.181 Thread 0x0000020f11a9fb80 Uncommon trap: trap_request=0xffffff45 fr.pc=0x0000020f214720dc relative=0x00000000000000bc
Event: 23.437 Thread 0x0000020f11a9fb80 Uncommon trap: reason=unstable_if action=reinterpret pc=0x0000020f214720dc method=org.jetbrains.kotlin.fir.ClassMembersKt.isSubstitutionOrIntersectionOverride(Lorg/jetbrains/kotlin/fir/declarations/FirCallableDeclaration;)Z @ 17 c2
Event: 23.437 Thread 0x0000020f11a9fb80 DEOPT PACKING pc=0x0000020f214720dc sp=0x000000ede73fd2a0
Event: 23.437 Thread 0x0000020f11a9fb80 DEOPT UNPACKING pc=0x0000020f20bb69a3 sp=0x000000ede73fd238 mode 2

Classes loaded (20 events):
Event: 10.565 Loading class java/util/stream/Node$Builder done
Event: 10.565 Loading class java/util/stream/Nodes$ArrayNode
Event: 10.566 Loading class java/util/stream/Nodes$ArrayNode done
Event: 10.566 Loading class java/util/stream/Nodes$FixedNodeBuilder done
Event: 10.738 Loading class java/util/ComparableTimSort
Event: 10.739 Loading class java/util/ComparableTimSort done
Event: 10.855 Loading class java/util/RegularEnumSet$EnumSetIterator
Event: 10.855 Loading class java/util/RegularEnumSet$EnumSetIterator done
Event: 11.005 Loading class java/lang/Character$UnicodeBlock
Event: 11.007 Loading class java/lang/Character$Subset
Event: 11.008 Loading class java/lang/Character$Subset done
Event: 11.008 Loading class java/lang/Character$UnicodeBlock done
Event: 11.701 Loading class java/lang/Byte$ByteCache
Event: 11.702 Loading class java/lang/Byte$ByteCache done
Event: 12.356 Loading class java/lang/Short$ShortCache
Event: 12.358 Loading class java/lang/Short$ShortCache done
Event: 12.943 Loading class java/text/MessageFormat
Event: 12.946 Loading class java/text/MessageFormat done
Event: 13.004 Loading class java/text/ChoiceFormat
Event: 13.006 Loading class java/text/ChoiceFormat done

Classes unloaded (0 events):
No events

Classes redefined (0 events):
No events

Internal exceptions (20 events):
Event: 11.657 Thread 0x0000020f11a9fb80 Exception <a 'java/lang/NoSuchMethodError'{0x00000000aa20e9b0}: 'java.lang.Object java.lang.invoke.Invokers$Holder.linkToTargetMethod(java.lang.Object, java.lang.Object, java.lang.Object, java.lang.Object, int, java.lang.Object)'> (0x00000000aa20e9b0) 
thrown [s\src\hotspot\share\interpreter\linkResolver.cpp, line 759]
Event: 11.680 Thread 0x0000020f11a9fb80 Exception <a 'java/lang/NoSuchMethodError'{0x00000000aa2bf128}: 'java.lang.Object java.lang.invoke.DirectMethodHandle$Holder.invokeStatic(java.lang.Object, java.lang.Object, java.lang.Object, int, java.lang.Object, java.lang.Object)'> (0x00000000aa2bf128) 
thrown [s\src\hotspot\share\interpreter\linkResolver.cpp, line 759]
Event: 12.117 Thread 0x0000020f11a9fb80 Exception <a 'java/lang/NoSuchMethodError'{0x00000000a9727a68}: 'java.lang.Object java.lang.invoke.DirectMethodHandle$Holder.invokeStatic(java.lang.Object, int, java.lang.Object)'> (0x00000000a9727a68) 
thrown [s\src\hotspot\share\interpreter\linkResolver.cpp, line 759]
Event: 13.052 Thread 0x0000020f11a9fb80 Exception <a 'java/lang/NoSuchMethodError'{0x00000000ab9a4840}: 'java.lang.Object java.lang.invoke.DirectMethodHandle$Holder.invokeStaticInit(java.lang.Object, int, int, java.lang.Object)'> (0x00000000ab9a4840) 
thrown [s\src\hotspot\share\interpreter\linkResolver.cpp, line 759]
Event: 13.245 Thread 0x0000020f11a9fb80 Implicit null exception at 0x0000020f211c26cc to 0x0000020f211c27a8
Event: 13.327 Thread 0x0000020f11a9fb80 Implicit null exception at 0x0000020f21321355 to 0x0000020f21321524
Event: 13.352 Thread 0x0000020f11a9fb80 Exception <a 'java/lang/NoSuchMethodError'{0x00000000ab494af8}: 'java.lang.Object java.lang.invoke.DirectMethodHandle$Holder.invokeStatic(java.lang.Object, java.lang.Object, java.lang.Object, java.lang.Object, java.lang.Object, int)'> (0x00000000ab494af8) 
thrown [s\src\hotspot\share\interpreter\linkResolver.cpp, line 759]
Event: 13.570 Thread 0x0000020f11a9fb80 Exception <a 'java/lang/NoSuchMethodError'{0x00000000ab2f2b78}: 'java.lang.Object java.lang.invoke.DirectMethodHandle$Holder.newInvokeSpecial(java.lang.Object, java.lang.Object, int, java.lang.Object, java.lang.Object, java.lang.Object)'> (0x00000000ab2f2b78) 
thrown [s\src\hotspot\share\interpreter\linkResolver.cpp, line 759]
Event: 13.571 Thread 0x0000020f11a9fb80 Exception <a 'java/lang/NoSuchMethodError'{0x00000000ab2f6ee8}: 'java.lang.Object java.lang.invoke.DirectMethodHandle$Holder.invokeSpecial(java.lang.Object, java.lang.Object, java.lang.Object, int, java.lang.Object, java.lang.Object, java.lang.Object)'> (0x00000000ab2f6ee8) 
thrown [s\src\hotspot\share\interpreter\linkResolver.cpp, line 759]
Event: 13.572 Thread 0x0000020f11a9fb80 Exception <a 'java/lang/NoSuchMethodError'{0x00000000ab2fa7c8}: 'java.lang.Object java.lang.invoke.Invokers$Holder.linkToTargetMethod(java.lang.Object, int, java.lang.Object, java.lang.Object, java.lang.Object, java.lang.Object)'> (0x00000000ab2fa7c8) 
thrown [s\src\hotspot\share\interpreter\linkResolver.cpp, line 759]
Event: 14.126 Thread 0x0000020f11a9fb80 Exception <a 'java/lang/NoSuchMethodError'{0x00000000aa6b9c88}: 'java.lang.Object java.lang.invoke.DirectMethodHandle$Holder.newInvokeSpecial(java.lang.Object, java.lang.Object, java.lang.Object, java.lang.Object, java.lang.Object, java.lang.Object, int)'> (0x00000000aa6b9c88) 
thrown [s\src\hotspot\share\interpreter\linkResolver.cpp, line 759]
Event: 14.127 Thread 0x0000020f11a9fb80 Exception <a 'java/lang/NoSuchMethodError'{0x00000000aa6becc8}: 'java.lang.Object java.lang.invoke.DirectMethodHandle$Holder.invokeSpecial(java.lang.Object, java.lang.Object, java.lang.Object, java.lang.Object, java.lang.Object, java.lang.Object, java.lang.Object, int)'> (0x00000000aa6becc8) 
thrown [s\src\hotspot\share\interpreter\linkResolver.cpp, line 759]
Event: 16.571 Thread 0x0000020f11a9fb80 Implicit null exception at 0x0000020f21143274 to 0x0000020f21143984
Event: 16.588 Thread 0x0000020f11a9fb80 Implicit null exception at 0x0000020f211421f4 to 0x0000020f211428ec
Event: 20.577 Thread 0x0000020f11a9fb80 Exception <a 'java/lang/NoSuchMethodError'{0x00000000a92d2128}: 'java.lang.Object java.lang.invoke.DirectMethodHandle$Holder.newInvokeSpecial(java.lang.Object, java.lang.Object, java.lang.Object, java.lang.Object, java.lang.Object, java.lang.Object, java.lang.Object, java.lang.Object, int)'> (0x00000000a92d2128) 
thrown [s\src\hotspot\share\interpreter\linkResolver.cpp, line 759]
Event: 20.577 Thread 0x0000020f11a9fb80 Exception <a 'java/lang/NoSuchMethodError'{0x00000000a92d7938}: 'java.lang.Object java.lang.invoke.DirectMethodHandle$Holder.invokeSpecial(java.lang.Object, java.lang.Object, java.lang.Object, java.lang.Object, java.lang.Object, java.lang.Object, java.lang.Object, java.lang.Object, java.lang.Object, int)'> (0x00000000a92d7938) 
thrown [s\src\hotspot\share\interpreter\linkResolver.cpp, line 759]
Event: 20.890 Thread 0x0000020f11a9fb80 Implicit null exception at 0x0000020f211916e3 to 0x0000020f21193360
Event: 20.959 Thread 0x0000020f11a9fb80 Exception <a 'java/lang/NoSuchMethodError'{0x00000000a90389f8}: 'java.lang.Object java.lang.invoke.DirectMethodHandle$Holder.newInvokeSpecial(java.lang.Object, java.lang.Object, java.lang.Object, java.lang.Object, java.lang.Object, java.lang.Object, java.lang.Object, int)'> (0x00000000a90389f8) 
thrown [s\src\hotspot\share\interpreter\linkResolver.cpp, line 759]
Event: 20.960 Thread 0x0000020f11a9fb80 Exception <a 'java/lang/NoSuchMethodError'{0x00000000a903db00}: 'java.lang.Object java.lang.invoke.DirectMethodHandle$Holder.invokeSpecial(java.lang.Object, java.lang.Object, java.lang.Object, java.lang.Object, java.lang.Object, java.lang.Object, java.lang.Object, java.lang.Object, int)'> (0x00000000a903db00) 
thrown [s\src\hotspot\share\interpreter\linkResolver.cpp, line 759]
Event: 20.960 Thread 0x0000020f11a9fb80 Exception <a 'java/lang/NoSuchMethodError'{0x00000000a9042508}: 'java.lang.Object java.lang.invoke.Invokers$Holder.linkToTargetMethod(java.lang.Object, java.lang.Object, java.lang.Object, java.lang.Object, java.lang.Object, java.lang.Object, int, java.lang.Object)'> (0x00000000a9042508) 
thrown [s\src\hotspot\share\interpreter\linkResolver.cpp, line 759]

VM Operations (20 events):
Event: 20.243 Executing VM operation: HandshakeAllThreads
Event: 20.243 Executing VM operation: HandshakeAllThreads done
Event: 21.250 Executing VM operation: Cleanup
Event: 21.251 Executing VM operation: Cleanup done
Event: 21.634 Executing VM operation: CollectForMetadataAllocation
Event: 21.693 Executing VM operation: CollectForMetadataAllocation done
Event: 21.838 Executing VM operation: G1PauseRemark
Event: 21.856 Executing VM operation: G1PauseRemark done
Event: 21.881 Executing VM operation: G1PauseCleanup
Event: 21.881 Executing VM operation: G1PauseCleanup done
Event: 22.637 Executing VM operation: ICBufferFull
Event: 22.638 Executing VM operation: ICBufferFull done
Event: 22.846 Executing VM operation: HandshakeAllThreads
Event: 22.846 Executing VM operation: HandshakeAllThreads done
Event: 22.866 Executing VM operation: ICBufferFull
Event: 22.866 Executing VM operation: ICBufferFull done
Event: 22.971 Executing VM operation: HandshakeAllThreads
Event: 22.972 Executing VM operation: HandshakeAllThreads done
Event: 23.006 Executing VM operation: HandshakeAllThreads
Event: 23.006 Executing VM operation: HandshakeAllThreads done

Memory protections (0 events):
No events

Nmethod flushes (20 events):
Event: 23.042 Thread 0x0000020f2efa1320 flushing  nmethod 0x0000020f1a668410
Event: 23.042 Thread 0x0000020f2efa1320 flushing  nmethod 0x0000020f1a668d10
Event: 23.042 Thread 0x0000020f2efa1320 flushing  nmethod 0x0000020f1a66ad10
Event: 23.042 Thread 0x0000020f2efa1320 flushing  nmethod 0x0000020f1a66ce90
Event: 23.042 Thread 0x0000020f2efa1320 flushing  nmethod 0x0000020f1a678210
Event: 23.042 Thread 0x0000020f2efa1320 flushing  nmethod 0x0000020f1a679790
Event: 23.042 Thread 0x0000020f2efa1320 flushing  nmethod 0x0000020f1a67b790
Event: 23.042 Thread 0x0000020f2efa1320 flushing  nmethod 0x0000020f1a67be10
Event: 23.042 Thread 0x0000020f2efa1320 flushing  nmethod 0x0000020f1a67f510
Event: 23.042 Thread 0x0000020f2efa1320 flushing  nmethod 0x0000020f1a684010
Event: 23.043 Thread 0x0000020f2efa1320 flushing  nmethod 0x0000020f1a68ea10
Event: 23.043 Thread 0x0000020f2efa1320 flushing  nmethod 0x0000020f1a691410
Event: 23.043 Thread 0x0000020f2efa1320 flushing  nmethod 0x0000020f1a696c10
Event: 23.043 Thread 0x0000020f2efa1320 flushing  nmethod 0x0000020f1a6c2810
Event: 23.043 Thread 0x0000020f2efa1320 flushing  nmethod 0x0000020f1a6e0510
Event: 23.043 Thread 0x0000020f2efa1320 flushing  nmethod 0x0000020f1a6e2810
Event: 23.043 Thread 0x0000020f2efa1320 flushing  nmethod 0x0000020f1a6e6410
Event: 23.044 Thread 0x0000020f2efa1320 flushing  nmethod 0x0000020f1a735290
Event: 23.044 Thread 0x0000020f2efa1320 flushing  nmethod 0x0000020f1a764f10
Event: 23.044 Thread 0x0000020f2efa1320 flushing  nmethod 0x0000020f1a774590

Events (20 events):
Event: 0.077 Thread 0x0000020f11a9fb80 Thread added: 0x0000020f2ef5e870
Event: 0.104 Thread 0x0000020f11a9fb80 Thread added: 0x0000020f2ef77f80
Event: 0.104 Thread 0x0000020f11a9fb80 Thread added: 0x0000020f2ef78940
Event: 0.104 Thread 0x0000020f11a9fb80 Thread added: 0x0000020f2ef79300
Event: 0.104 Thread 0x0000020f11a9fb80 Thread added: 0x0000020f2ef7dce0
Event: 0.104 Thread 0x0000020f11a9fb80 Thread added: 0x0000020f2ef7e9d0
Event: 0.105 Thread 0x0000020f11a9fb80 Thread added: 0x0000020f2ef948f0
Event: 0.105 Thread 0x0000020f11a9fb80 Thread added: 0x0000020f2efa1320
Event: 0.178 Thread 0x0000020f11a9fb80 Thread added: 0x0000020f740f00c0
Event: 0.181 Thread 0x0000020f11a9fb80 Thread added: 0x0000020f740f6a10
Event: 15.816 Thread 0x0000020f2ef948f0 Thread added: 0x0000020f7419fab0
Event: 16.273 Thread 0x0000020f7419fab0 Thread exited: 0x0000020f7419fab0
Event: 19.487 Thread 0x0000020f2ef7e9d0 Thread added: 0x0000020f741a0000
Event: 20.337 Thread 0x0000020f741a0000 Thread exited: 0x0000020f741a0000
Event: 20.803 Thread 0x0000020f2ef948f0 Thread added: 0x0000020f741a0000
Event: 20.967 Thread 0x0000020f2ef948f0 Thread added: 0x0000020f741a0550
Event: 21.545 Thread 0x0000020f741a0550 Thread exited: 0x0000020f741a0550
Event: 21.705 Thread 0x0000020f741a0000 Thread exited: 0x0000020f741a0000
Event: 22.153 Thread 0x0000020f2ef948f0 Thread added: 0x0000020f7419d580
Event: 22.205 Thread 0x0000020f2ef948f0 Thread added: 0x0000020f7b6704e0


Dynamic libraries:
0x00007ff716770000 - 0x00007ff71677e000 	C:\Program Files\Microsoft\jdk-17.0.19.10-hotspot\bin\java.exe
0x00007ff87a540000 - 0x00007ff87a7a6000 	C:\WINDOWS\SYSTEM32\ntdll.dll
0x00007ff879070000 - 0x00007ff879139000 	C:\WINDOWS\System32\KERNEL32.DLL
0x00007ff877820000 - 0x00007ff877c1e000 	C:\WINDOWS\System32\KERNELBASE.dll
0x00007ff878110000 - 0x00007ff87825c000 	C:\WINDOWS\System32\ucrtbase.dll
0x00007ff85e3a0000 - 0x00007ff85e3b8000 	C:\Program Files\Microsoft\jdk-17.0.19.10-hotspot\bin\jli.dll
0x00007ff85f360000 - 0x00007ff85f37e000 	C:\Program Files\Microsoft\jdk-17.0.19.10-hotspot\bin\VCRUNTIME140.dll
0x00007ff878460000 - 0x00007ff878627000 	C:\WINDOWS\System32\USER32.dll
0x00007ff877fb0000 - 0x00007ff877fd7000 	C:\WINDOWS\System32\win32u.dll
0x00007ff864240000 - 0x00007ff8644d2000 	C:\WINDOWS\WinSxS\amd64_microsoft.windows.common-controls_6595b64144ccf1df_6.0.26100.8875_none_3e0d5d42e32fe9dd\COMCTL32.dll
0x00007ff878270000 - 0x00007ff87829b000 	C:\WINDOWS\System32\GDI32.dll
0x00007ff8782a0000 - 0x00007ff878349000 	C:\WINDOWS\System32\msvcrt.dll
0x00007ff877fe0000 - 0x00007ff87810a000 	C:\WINDOWS\System32\gdi32full.dll
0x00007ff877e40000 - 0x00007ff877ee3000 	C:\WINDOWS\System32\msvcp_win.dll
0x00007ff8799c0000 - 0x00007ff8799f2000 	C:\WINDOWS\System32\IMM32.DLL
0x00007ff862310000 - 0x00007ff86231c000 	C:\Program Files\Microsoft\jdk-17.0.19.10-hotspot\bin\vcruntime140_1.dll
0x00007ff81ebd0000 - 0x00007ff81ec59000 	C:\Program Files\Microsoft\jdk-17.0.19.10-hotspot\bin\msvcp140.dll
0x00007fffd9210000 - 0x00007fffd9e8b000 	C:\Program Files\Microsoft\jdk-17.0.19.10-hotspot\bin\server\jvm.dll
0x00007ff878db0000 - 0x00007ff878e67000 	C:\WINDOWS\System32\ADVAPI32.dll
0x00007ff879a00000 - 0x00007ff879aaa000 	C:\WINDOWS\System32\sechost.dll
0x00007ff8797a0000 - 0x00007ff8798b8000 	C:\WINDOWS\System32\RPCRT4.dll
0x00007ff878fe0000 - 0x00007ff879060000 	C:\WINDOWS\System32\WS2_32.dll
0x00007ff8775e0000 - 0x00007ff87763e000 	C:\WINDOWS\SYSTEM32\POWRPROF.dll
0x00007ff870510000 - 0x00007ff870546000 	C:\WINDOWS\SYSTEM32\WINMM.dll
0x00007ff870550000 - 0x00007ff87055b000 	C:\WINDOWS\SYSTEM32\VERSION.dll
0x00007ff8775a0000 - 0x00007ff8775b4000 	C:\WINDOWS\SYSTEM32\UMPDC.dll
0x00007ff876440000 - 0x00007ff87645b000 	C:\WINDOWS\SYSTEM32\kernel.appcore.dll
0x00007ff8619e0000 - 0x00007ff8619ea000 	C:\Program Files\Microsoft\jdk-17.0.19.10-hotspot\bin\jimage.dll
0x00007ff874f70000 - 0x00007ff8751b2000 	C:\WINDOWS\SYSTEM32\DBGHELP.DLL
0x00007ff8786b0000 - 0x00007ff878a33000 	C:\WINDOWS\System32\combase.dll
0x00007ff878a40000 - 0x00007ff878b19000 	C:\WINDOWS\System32\OLEAUT32.dll
0x00007ff863120000 - 0x00007ff86315b000 	C:\WINDOWS\SYSTEM32\dbgcore.DLL
0x00007ff877760000 - 0x00007ff87780c000 	C:\WINDOWS\System32\bcryptPrimitives.dll
0x00007ff85d680000 - 0x00007ff85d6a6000 	C:\Program Files\Microsoft\jdk-17.0.19.10-hotspot\bin\java.dll
0x00007ff81a8a0000 - 0x00007ff81a976000 	C:\Program Files\Microsoft\jdk-17.0.19.10-hotspot\bin\jsvml.dll
0x00007ff879af0000 - 0x00007ff87a282000 	C:\WINDOWS\System32\SHELL32.dll
0x00007ff8751f0000 - 0x00007ff875a82000 	C:\WINDOWS\SYSTEM32\windows.storage.dll
0x00007ff8798c0000 - 0x00007ff8799b7000 	C:\WINDOWS\System32\SHCORE.dll
0x00007ff878f70000 - 0x00007ff878fd7000 	C:\WINDOWS\System32\shlwapi.dll
0x00007ff877680000 - 0x00007ff8776a9000 	C:\WINDOWS\SYSTEM32\profapi.dll
0x00007ff85d2d0000 - 0x00007ff85d2eb000 	C:\Program Files\Microsoft\jdk-17.0.19.10-hotspot\bin\net.dll
0x00007ff86d470000 - 0x00007ff86d597000 	C:\WINDOWS\SYSTEM32\WINHTTP.dll
0x00007ff8769f0000 - 0x00007ff876a5c000 	C:\WINDOWS\system32\mswsock.dll
0x00007ff85c2e0000 - 0x00007ff85c2f6000 	C:\Program Files\Microsoft\jdk-17.0.19.10-hotspot\bin\nio.dll
0x00007ff85be90000 - 0x00007ff85bea8000 	C:\Program Files\Microsoft\jdk-17.0.19.10-hotspot\bin\zip.dll
0x00007ff85df80000 - 0x00007ff85df90000 	C:\Program Files\Microsoft\jdk-17.0.19.10-hotspot\bin\verify.dll

dbghelp: loaded successfully - version: 4.0.5 - missing functions: none
symbol engine: initialized successfully - sym options: 0x614 - pdb path: .;C:\Program Files\Microsoft\jdk-17.0.19.10-hotspot\bin;C:\WINDOWS\SYSTEM32;C:\WINDOWS\WinSxS\amd64_microsoft.windows.common-controls_6595b64144ccf1df_6.0.26100.8875_none_3e0d5d42e32fe9dd;C:\Program Files\Microsoft\jdk-17.0.19.10-hotspot\bin\server

VM Arguments:
java_command: org.jetbrains.kotlin.cli.jvm.K2JVMCompiler @D:\Training\project-a\projectvideo-app\projectvideo-frontend\android\app\build\20260722_4227619262139399686.compiler.options
java_class_path (initial): C:\Users\prath\.gradle\caches\modules-2\files-2.1\org.jetbrains.kotlin\kotlin-compiler-embeddable\2.1.20\4ef56b3316798316bfac7a0ae443391c9e900ea1\kotlin-compiler-embeddable-2.1.20.jar;C:\Users\prath\.gradle\caches\modules-2\files-2.1\org.jetbrains.kotlin\kotlin-stdlib\2.1.20\aa8ca79cd50578314f6d1180c47cbe14c0fee567\kotlin-stdlib-2.1.20.jar;C:\Users\prath\.gradle\caches\modules-2\files-2.1\org.jetbrains.kotlin\kotlin-script-runtime\2.1.20\f7c623d7f7bdb01f5ccd6b437bc0a937fcd7c57e\kotlin-script-runtime-2.1.20.jar;C:\Users\prath\.gradle\caches\modules-2\files-2.1\org.jetbrains.kotlin\kotlin-reflect\1.6.10\1cbe9c92c12a94eea200d23c2bbaedaf3daf5132\kotlin-reflect-1.6.10.jar;C:\Users\prath\.gradle\caches\modules-2\files-2.1\org.jetbrains.kotlin\kotlin-daemon-embeddable\2.1.20\95670fce77befd02a70a0bc3abe8ee4533521334\kotlin-daemon-embeddable-2.1.20.jar;C:\Users\prath\.gradle\caches\modules-2\files-2.1\org.jetbrains.intellij.deps\trove4j\1.0.20200330\3afb14d5f9ceb459d724e907a21145e8ff394f02\trove4j-1.0.20200330.jar;C:\Users\prath\.gradle\caches\modules-2\files-2.1\org.jetbrains.kotlinx\kotlinx-coroutines-core-jvm\1.8.0\ac1dc37a30a93150b704022f8d895ee1bd3a36b3\kotlinx-coroutines-core-jvm-1.8.0.jar;C:\Users\prath\.gradle\caches\modules-2\files-2.1\org.jetbrains\annotations\13.0\919f0dfe192fb4e063e7dacadee7f8bb9a2672a9\annotations-13.0.jar
Launcher Type: SUN_STANDARD

[Global flags]
     intx CICompilerCount                          = 4                                         {product} {ergonomic}
     uint ConcGCThreads                            = 3                                         {product} {ergonomic}
     uint G1ConcRefinementThreads                  = 10                                        {product} {ergonomic}
   size_t G1HeapRegionSize                         = 1048576                                   {product} {ergonomic}
    uintx GCDrainStackTargetSize                   = 64                                        {product} {ergonomic}
   size_t InitialHeapSize                          = 98566144                                  {product} {ergonomic}
   size_t MarkStackSize                            = 4194304                                   {product} {ergonomic}
   size_t MaxHeapSize                              = 1570766848                                {product} {ergonomic}
   size_t MaxNewSize                               = 941621248                                 {product} {ergonomic}
   size_t MinHeapDeltaBytes                        = 1048576                                   {product} {ergonomic}
   size_t MinHeapSize                              = 8388608                                   {product} {ergonomic}
    uintx NonNMethodCodeHeapSize                   = 5839372                                {pd product} {ergonomic}
    uintx NonProfiledCodeHeapSize                  = 122909434                              {pd product} {ergonomic}
    uintx ProfiledCodeHeapSize                     = 122909434                              {pd product} {ergonomic}
    uintx ReservedCodeCacheSize                    = 251658240                              {pd product} {ergonomic}
     bool SegmentedCodeCache                       = true                                      {product} {ergonomic}
   size_t SoftMaxHeapSize                          = 1570766848                             {manageable} {ergonomic}
     bool UseCompressedClassPointers               = true                           {product lp64_product} {ergonomic}
     bool UseCompressedOops                        = true                           {product lp64_product} {ergonomic}
     bool UseG1GC                                  = true                                      {product} {ergonomic}
     bool UseLargePagesIndividualAllocation        = false                                  {pd product} {ergonomic}

Logging:
Log output configuration:
 #0: stdout all=warning uptime,level,tags
 #1: stderr all=off uptime,level,tags

Environment Variables:
JAVA_HOME=C:\Program Files\Microsoft\jdk-17.0.19.10-hotspot
CLASSPATH=.;D:\Training\java\mysql-connector-j-9.5.0.jar
PATH=D:\Training\project-a\projectvideo-app\projectvideo-frontend\node_modules\.bin;D:\Training\project-a\projectvideo-app\projectvideo-frontend\node_modules\.bin;D:\Training\project-a\projectvideo-app\node_modules\.bin;D:\Training\project-a\node_modules\.bin;D:\Training\node_modules\.bin;D:\node_modules\.bin;C:\Users\prath\AppData\Local\nvm\v20.20.2\node_modules\npm\node_modules\@npmcli\run-script\lib\node-gyp-bin;C:\Users\prath\AppData\Local\Android\Sdk;C:\Users\prath\AppData\Local\Android\Sdk\platform-tools;C:\Users\prath\AppData\Local\Android\Sdk\emulator;C:\Program Files\Microsoft\jdk-17.0.19.10-hotspot\bin;C:\Windows\Microsoft.NET\Framework64\v4.0.30319;C:\Program Files (x86)\SQlite;C:\Program Files\MySQL\MySQL Server 8.0\bin;C:\Program Files\VideoLAN\VLC\;D:\Users\prath\AppData\Roaming\Python\Python311\Scripts;C:\Program Files\Python311\Scripts\;C:\Program Files\Python311\;C:\Program Files\Common Files\Oracle\Java\javapath;C:\WINDOWS\system32;C:\WINDOWS;C:\WINDOWS\System32\Wbem;C:\WINDOWS\System32\WindowsPowerShell\v1.0\;C:\WINDOWS\System32\OpenSSH\;C:\Program Files\Java\jdk-18.0.2.1\bin;C:\Program Files\Microsoft SQL Server\140\Tools\Binn\;C:\Program Files\Git\cmd;C:\Program Files\Microsoft SQL Server\150\Tools\Binn\;C:\Program Files\Microsoft SQL Server\Client SDK\ODBC\170\Tools\Binn\;C:\Program Files\dotnet\;C:\Users\prath\AppData\Roaming\Python\Python311\Scripts;C:\Program Files\WireGuard\;C:\Program Files\CodeBlocks\MinGW\bin;C:\Program Files\mysql-connector\mysql-connector-j-9.5.0\mysql-connector-j-9.5.0.jar;C:\Program Files\PostgreSQL\13\bin;C:\Program Files\PostgreSQL\18\bin;C:\Users\prath\AppData\Local\nvm;C:\nvm4w\nodejs;C:\ProgramData\chocolatey\bin;C:\Program Files\nodejs\;C:\Users\prath\AppData\Local\Android\Sdk\platform-tools;C:\Users\prath\AppData\Local\Android\Sdk\emulator;C:\Program Files\Microsoft\jdk-17.0.19.10-hotspot\bin;C:\Users\prath\AppData\Local\Android\Sdk\platform-tools;C:\Users\prath\AppData\Local\Android\Sdk\emulator;C:\Users\prath\AppData\Local\Android\Sdk;C:\Users\prath\AppData\Local\Microsoft\WindowsApps;C:\Users\prath\.dotnet\tools;C:\Users\prath\AppData\Local\Programs\Microsoft VS Code\bin;C:\Users\prath\AppData\Local\Microsoft\GitHubDesktop\bin;C:\Users\prath\AppData\Local\GitHubDesktop\bin;C:\Users\prath\AppData\Local\Programs\Hyper\resources\bin;C:\Program Files\sf\bin;C:\Program Files\Common Files\Oracle\Java\javapath\sf\bin;C:\Users\prath\Downloads\flutter\bin;C:\Users\prath\AppData\Local\nvm;C:\nvm4w\nodejs;C:\Users\prath\AppData\Roaming\npm;C:\Users\prath\AppData\Local\Programs\Antigravity IDE\bin
USERNAME=prath
OS=Windows_NT
PROCESSOR_IDENTIFIER=AMD64 Family 23 Model 104 Stepping 1, AuthenticAMD
TMP=C:\Users\prath\AppData\Local\Temp
TEMP=C:\Users\prath\AppData\Local\Temp



Periodic native trim disabled


---------------  S Y S T E M  ---------------

OS:
 Windows 11 , 64 bit Build 26100 (10.0.26100.8875)
OS uptime: 2 days 22:48 hours
Hyper-V role detected

CPU: total 12 (initial active 12) (12 cores per cpu, 2 threads per core) family 23 model 104 stepping 1 microcode 0x8608103, cx8, cmov, fxsr, ht, mmx, 3dnowpref, sse, sse2, sse3, ssse3, sse4a, sse4.1, sse4.2, popcnt, lzcnt, tsc, tscinvbit, avx, avx2, aes, clmul, bmi1, bmi2, adx, sha, fma, vzeroupper, clflush, clflushopt, hv
Processor Information for the first 12 processors :
  Max Mhz: 2100, Current Mhz: 1988, Mhz Limit: 2100

Memory: 4k page, system-wide physical 5989M (998M free)
TotalPageFile size 24421M (AvailPageFile size 17M)
current process WorkingSet (physical memory assigned to process): 305M, peak: 307M
current process commit charge ("private bytes"): 419M, peak: 425M

vm_info: OpenJDK 64-Bit Server VM (17.0.19+10-LTS) for windows-amd64 JRE (17.0.19+10-LTS), built on Apr 18 2026 18:24:40 by "MicrosoftCorporation" with MS VC++ 17.14 (VS2022)

END.
