#
# There is insufficient memory for the Java Runtime Environment to continue.
# Native memory allocation (malloc) failed to allocate 2063792 bytes. Error detail: Chunk::new
# Possible reasons:
#   The system is out of physical RAM or swap space
#   This process is running with CompressedOops enabled, and the Java Heap may be blocking the growth of the native heap
# Possible solutions:
#   Reduce memory load on the system
#   Increase physical memory or swap space
#   Check if swap backing store is full
#   Decrease Java heap size (-Xmx/-Xms)
#   Decrease number of Java threads
#   Decrease Java thread stack sizes (-Xss)
#   Set larger code cache with -XX:ReservedCodeCacheSize=
#   JVM is running with Unscaled Compressed Oops mode in which the Java heap is
#     placed in the first 4GB address space. The Java Heap base address is the
#     maximum limit for the native heap growth. Please use -XX:HeapBaseMinAddress
#     to set the Java Heap base and to place the Java Heap above 4GB virtual address.
# This output file may be truncated or incomplete.
#
#  Out of Memory Error (arena.cpp:191), pid=27576, tid=34404
#
# JRE version: OpenJDK Runtime Environment Microsoft-13877129 (17.0.19+10) (build 17.0.19+10-LTS)
# Java VM: OpenJDK 64-Bit Server VM Microsoft-13877129 (17.0.19+10-LTS, mixed mode, sharing, tiered, compressed oops, compressed class ptrs, g1 gc, windows-amd64)
# No core dump will be written. Minidumps are not enabled by default on client versions of Windows
#

---------------  S U M M A R Y ------------

Command Line: --add-opens=java.base/java.lang=ALL-UNNAMED --add-opens=java.base/java.lang.invoke=ALL-UNNAMED --add-opens=java.base/java.util=ALL-UNNAMED --add-opens=java.prefs/java.util.prefs=ALL-UNNAMED --add-exports=jdk.compiler/com.sun.tools.javac.api=ALL-UNNAMED --add-exports=jdk.compiler/com.sun.tools.javac.util=ALL-UNNAMED --add-opens=java.base/java.util=ALL-UNNAMED --add-opens=java.prefs/java.util.prefs=ALL-UNNAMED --add-opens=java.base/java.nio.charset=ALL-UNNAMED --add-opens=java.base/java.net=ALL-UNNAMED --add-opens=java.base/java.util.concurrent=ALL-UNNAMED --add-opens=java.base/java.util.concurrent.atomic=ALL-UNNAMED --add-opens=java.xml/javax.xml.namespace=ALL-UNNAMED --add-opens=java.base/java.time=ALL-UNNAMED -XX:MaxMetaspaceSize=512m -Xmx2048m -Dfile.encoding=windows-1252 -Duser.country=US -Duser.language=en -Duser.variant -javaagent:C:\Users\prath\.gradle\wrapper\dists\gradle-9.3.1-bin\23ovyewtku6u96viwx3xl3oks\gradle-9.3.1\lib\agents\gradle-instrumentation-agent-9.3.1.jar org.gradle.launcher.daemon.bootstrap.GradleDaemon 9.3.1

Host: AMD Ryzen 5 5500U with Radeon Graphics         , 12 cores, 5G,  Windows 11 , 64 bit Build 26100 (10.0.26100.8737)
Time: Fri Jul  3 14:16:05 2026 India Standard Time elapsed time: 13.874160 seconds (0d 0h 0m 13s)

---------------  T H R E A D  ---------------

Current thread (0x000001c0313329a0):  JavaThread "C2 CompilerThread0" daemon [_thread_in_native, id=34404, stack(0x0000009325700000,0x0000009325800000)]


Current CompileTask:
C2:13874 3115       4       java.lang.invoke.MethodType::makeImpl (109 bytes)

Stack: [0x0000009325700000,0x0000009325800000]
Native frames: (J=compiled Java code, j=interpreted, Vv=VM code, C=native code)
V  [jvm.dll+0x68cc89]  (no source info available)
V  [jvm.dll+0x845d89]  (no source info available)
V  [jvm.dll+0x847af8]  (no source info available)
V  [jvm.dll+0x848183]  (no source info available)
V  [jvm.dll+0x24d0bf]  (no source info available)
V  [jvm.dll+0xaed56]  (no source info available)
V  [jvm.dll+0xaf3fc]  (no source info available)
V  [jvm.dll+0x3718be]  (no source info available)
V  [jvm.dll+0x33baf5]  (no source info available)
V  [jvm.dll+0x33af5a]  (no source info available)
V  [jvm.dll+0x21dfc9]  (no source info available)
V  [jvm.dll+0x21d412]  (no source info available)
V  [jvm.dll+0x1a8db6]  (no source info available)
V  [jvm.dll+0x22dc6b]  (no source info available)
V  [jvm.dll+0x22bdf6]  (no source info available)
V  [jvm.dll+0x7fbecb]  (no source info available)
V  [jvm.dll+0x7f62cc]  (no source info available)
V  [jvm.dll+0x68e227]  (no source info available)
C  [ucrtbase.dll+0x2cd30]  (no source info available)
C  [KERNEL32.DLL+0x2e957]  (no source info available)
C  [ntdll.dll+0xaad6c]  (no source info available)


---------------  P R O C E S S  ---------------

Threads class SMR info:
_java_thread_list=0x000001c053f5f4c0, length=34, elements={
0x000001c0129f7350, 0x000001c031309540, 0x000001c03130bc30, 0x000001c0313252d0,
0x000001c0313257b0, 0x000001c031325c90, 0x000001c03132a180, 0x000001c0313329a0,
0x000001c03135bc20, 0x000001c031380490, 0x000001c0312f2ce0, 0x000001c0315c3a20,
0x000001c0518cc230, 0x000001c051c7a9f0, 0x000001c051b5c5d0, 0x000001c0513a1980,
0x000001c051e30420, 0x000001c031a8a760, 0x000001c031a874c0, 0x000001c031a89830,
0x000001c031a89320, 0x000001c031a883f0, 0x000001c031a879d0, 0x000001c031a89d40,
0x000001c031a8a250, 0x000001c031a88e10, 0x000001c05379fb80, 0x000001c05379f160,
0x000001c05379ec50, 0x000001c05379f670, 0x000001c0537a0fc0, 0x000001c0537a05a0,
0x000001c0537a0ab0, 0x000001c05379e740
}

Java Threads: ( => current thread )
  0x000001c0129f7350 JavaThread "main" [_thread_blocked, id=7420, stack(0x0000009324a00000,0x0000009324b00000)]
  0x000001c031309540 JavaThread "Reference Handler" daemon [_thread_blocked, id=1380, stack(0x0000009325100000,0x0000009325200000)]
  0x000001c03130bc30 JavaThread "Finalizer" daemon [_thread_blocked, id=31344, stack(0x0000009325200000,0x0000009325300000)]
  0x000001c0313252d0 JavaThread "Signal Dispatcher" daemon [_thread_blocked, id=13268, stack(0x0000009325300000,0x0000009325400000)]
  0x000001c0313257b0 JavaThread "Attach Listener" daemon [_thread_blocked, id=35156, stack(0x0000009325400000,0x0000009325500000)]
  0x000001c031325c90 JavaThread "Service Thread" daemon [_thread_blocked, id=25172, stack(0x0000009325500000,0x0000009325600000)]
  0x000001c03132a180 JavaThread "Monitor Deflation Thread" daemon [_thread_blocked, id=35592, stack(0x0000009325600000,0x0000009325700000)]
=>0x000001c0313329a0 JavaThread "C2 CompilerThread0" daemon [_thread_in_native, id=34404, stack(0x0000009325700000,0x0000009325800000)]
  0x000001c03135bc20 JavaThread "C1 CompilerThread0" daemon [_thread_blocked, id=21612, stack(0x0000009325800000,0x0000009325900000)]
  0x000001c031380490 JavaThread "Sweeper thread" daemon [_thread_blocked, id=28052, stack(0x0000009325900000,0x0000009325a00000)]
  0x000001c0312f2ce0 JavaThread "Common-Cleaner" daemon [_thread_blocked, id=33872, stack(0x0000009325a00000,0x0000009325b00000)]
  0x000001c0315c3a20 JavaThread "Notification Thread" daemon [_thread_blocked, id=32004, stack(0x0000009325b00000,0x0000009325c00000)]
  0x000001c0518cc230 JavaThread "Daemon health stats" [_thread_blocked, id=17908, stack(0x0000009326100000,0x0000009326200000)]
  0x000001c051c7a9f0 JavaThread "Incoming local TCP Connector on port 65511" [_thread_in_native, id=10440, stack(0x0000009326200000,0x0000009326300000)]
  0x000001c051b5c5d0 JavaThread "Daemon periodic checks" [_thread_blocked, id=29964, stack(0x0000009326300000,0x0000009326400000)]
  0x000001c0513a1980 JavaThread "Daemon" [_thread_blocked, id=7192, stack(0x0000009326400000,0x0000009326500000)]
  0x000001c051e30420 JavaThread "Handler for socket connection from /127.0.0.1:65511 to /127.0.0.1:65512" [_thread_in_native, id=16744, stack(0x0000009326500000,0x0000009326600000)]
  0x000001c031a8a760 JavaThread "Cancel handler" [_thread_blocked, id=28204, stack(0x0000009326600000,0x0000009326700000)]
  0x000001c031a874c0 JavaThread "Daemon worker" [_thread_in_vm, id=26280, stack(0x0000009326700000,0x0000009326800000)]
  0x000001c031a89830 JavaThread "Asynchronous log dispatcher for DefaultDaemonConnection: socket connection from /127.0.0.1:65511 to /127.0.0.1:65512" [_thread_blocked, id=35496, stack(0x0000009326800000,0x0000009326900000)]
  0x000001c031a89320 JavaThread "Stdin handler" [_thread_blocked, id=17924, stack(0x0000009326900000,0x0000009326a00000)]
  0x000001c031a883f0 JavaThread "Daemon client event forwarder" [_thread_blocked, id=26176, stack(0x0000009326a00000,0x0000009326b00000)]
  0x000001c031a879d0 JavaThread "Cache worker for journal cache (C:\Users\prath\.gradle\caches\journal-1)" [_thread_blocked, id=26664, stack(0x0000009327000000,0x0000009327100000)]
  0x000001c031a89d40 JavaThread "File lock request listener" [_thread_in_native, id=25756, stack(0x0000009327100000,0x0000009327200000)]
  0x000001c031a8a250 JavaThread "Cache worker for file hash cache (C:\Users\prath\.gradle\caches\9.3.1\fileHashes)" [_thread_blocked, id=13936, stack(0x0000009327200000,0x0000009327300000)]
  0x000001c031a88e10 JavaThread "Cache worker for file hash cache (D:\Training\project-a\CleanVideoApp\android\.gradle\9.3.1\fileHashes)" [_thread_blocked, id=24932, stack(0x0000009327500000,0x0000009327600000)]
  0x000001c05379fb80 JavaThread "Cache worker for Build Output Cleanup Cache (D:\Training\project-a\CleanVideoApp\android\.gradle\buildOutputCleanup)" [_thread_blocked, id=34280, stack(0x0000009327600000,0x0000009327700000)]
  0x000001c05379f160 JavaThread "File watcher server" daemon [_thread_in_native, id=2640, stack(0x0000009327700000,0x0000009327800000)]
  0x000001c05379ec50 JavaThread "File watcher consumer" daemon [_thread_blocked, id=19896, stack(0x0000009327800000,0x0000009327900000)]
  0x000001c05379f670 JavaThread "Cache worker for checksums cache (D:\Training\project-a\CleanVideoApp\android\.gradle\9.3.1\checksums)" [_thread_blocked, id=5808, stack(0x0000009327900000,0x0000009327a00000)]
  0x000001c0537a0fc0 JavaThread "Cache worker for file content cache (C:\Users\prath\.gradle\caches\9.3.1\fileContent)" [_thread_blocked, id=31056, stack(0x0000009327a00000,0x0000009327b00000)]
  0x000001c0537a05a0 JavaThread "Cache worker for cache directory md-supplier (C:\Users\prath\.gradle\caches\9.3.1\md-supplier)" [_thread_blocked, id=26560, stack(0x0000009327b00000,0x0000009327c00000)]
  0x000001c0537a0ab0 JavaThread "Cache worker for cache directory md-rule (C:\Users\prath\.gradle\caches\9.3.1\md-rule)" [_thread_blocked, id=10056, stack(0x0000009327c00000,0x0000009327d00000)]
  0x000001c05379e740 JavaThread "jar transforms" [_thread_blocked, id=25924, stack(0x0000009327f00000,0x0000009328000000)]

Other Threads:
  0x000001c031302cb0 VMThread "VM Thread" [stack: 0x0000009325000000,0x0000009325100000] [id=28860]
  0x000001c0314ea150 WatcherThread [stack: 0x0000009325c00000,0x0000009325d00000] [id=34052]
  0x000001c01076e870 GCTaskThread "GC Thread#0" [stack: 0x0000009324b00000,0x0000009324c00000] [id=26920]
  0x000001c0315e9c20 GCTaskThread "GC Thread#1" [stack: 0x0000009325d00000,0x0000009325e00000] [id=25828]
  0x000001c031600c90 GCTaskThread "GC Thread#2" [stack: 0x0000009325e00000,0x0000009325f00000] [id=8112]
  0x000001c031a56a20 GCTaskThread "GC Thread#3" [stack: 0x0000009325f00000,0x0000009326000000] [id=16156]
  0x000001c031a56fc0 GCTaskThread "GC Thread#4" [stack: 0x0000009326000000,0x0000009326100000] [id=34644]
  0x000001c031a57830 GCTaskThread "GC Thread#5" [stack: 0x0000009326b00000,0x0000009326c00000] [id=30120]
  0x000001c031a56cf0 GCTaskThread "GC Thread#6" [stack: 0x0000009326c00000,0x0000009326d00000] [id=34932]
  0x000001c031a57b00 GCTaskThread "GC Thread#7" [stack: 0x0000009326d00000,0x0000009326e00000] [id=14160]
  0x000001c031a55ee0 GCTaskThread "GC Thread#8" [stack: 0x0000009326e00000,0x0000009326f00000] [id=25380]
  0x000001c031a56750 GCTaskThread "GC Thread#9" [stack: 0x0000009326f00000,0x0000009327000000] [id=23128]
  0x000001c012a604b0 ConcurrentGCThread "G1 Main Marker" [stack: 0x0000009324c00000,0x0000009324d00000] [id=21140]
  0x000001c012a62800 ConcurrentGCThread "G1 Conc#0" [stack: 0x0000009324d00000,0x0000009324e00000] [id=820]
  0x000001c05247ad20 ConcurrentGCThread "G1 Conc#1" [stack: 0x0000009327300000,0x0000009327400000] [id=35188]
  0x000001c05247a780 ConcurrentGCThread "G1 Conc#2" [stack: 0x0000009327400000,0x0000009327500000] [id=7112]
  0x000001c012a9eae0 ConcurrentGCThread "G1 Refine#0" [stack: 0x0000009324e00000,0x0000009324f00000] [id=35204]
  0x000001c0528fe580 ConcurrentGCThread "G1 Refine#1" [stack: 0x0000009327d00000,0x0000009327e00000] [id=27128]
  0x000001c0528fdc80 ConcurrentGCThread "G1 Refine#2" [stack: 0x0000009327e00000,0x0000009327f00000] [id=18736]
  0x000001c0311bde40 ConcurrentGCThread "G1 Service" [stack: 0x0000009324f00000,0x0000009325000000] [id=34636]

Threads with active compile tasks:
C2 CompilerThread0  13942 3115       4       java.lang.invoke.MethodType::makeImpl (109 bytes)

VM state: not at safepoint (normal execution)

VM Mutex/Monitor currently owned by a thread: None

Heap address: 0x0000000080000000, size: 2048 MB, Compressed Oops mode: 32-bit

CDS archive(s) mapped at: [0x000001c032000000-0x000001c032bb0000-0x000001c032bb0000), size 12255232, SharedBaseAddress: 0x000001c032000000, ArchiveRelocationMode: 1.
Compressed class space mapped at: 0x000001c033000000-0x000001c04d000000, reserved size: 436207616
Narrow klass base: 0x000001c032000000, Narrow klass shift: 0, Narrow klass range: 0x100000000

GC Precious Log:
 CPUs: 12 total, 12 available
 Memory: 5989M
 Large Page Support: Disabled
 NUMA Support: Disabled
 Compressed Oops: Enabled (32-bit)
 Heap Region Size: 1M
 Heap Min Capacity: 8M
 Heap Initial Capacity: 94M
 Heap Max Capacity: 2G
 Pre-touch: Disabled
 Parallel Workers: 10
 Concurrent Workers: 3
 Concurrent Refinement Workers: 10
 Periodic GC: Disabled

Heap:
 garbage-first heap   total 89088K, used 40681K [0x0000000080000000, 0x0000000100000000)
  region size 1024K, 18 young (18432K), 6 survivors (6144K)
 Metaspace       used 33929K, committed 34304K, reserved 491520K
  class space    used 4734K, committed 4928K, reserved 425984K

Heap Regions: E=young(eden), S=young(survivor), O=old, HS=humongous(starts), HC=humongous(continues), CS=collection set, F=free, OA=open archive, CA=closed archive, TAMS=top-at-mark-start (previous, next)
|   0|0x0000000080000000, 0x0000000080100000, 0x0000000080100000|100%|HS|  |TAMS 0x0000000080100000, 0x0000000080000000| Complete 
|   1|0x0000000080100000, 0x0000000080200000, 0x0000000080200000|100%|HC|  |TAMS 0x0000000080200000, 0x0000000080100000| Complete 
|   2|0x0000000080200000, 0x0000000080300000, 0x0000000080300000|100%|HC|  |TAMS 0x0000000080300000, 0x0000000080200000| Complete 
|   3|0x0000000080300000, 0x0000000080400000, 0x0000000080400000|100%|HC|  |TAMS 0x0000000080400000, 0x0000000080300000| Complete 
|   4|0x0000000080400000, 0x0000000080500000, 0x0000000080500000|100%| O|  |TAMS 0x0000000080500000, 0x0000000080400000| Untracked 
|   5|0x0000000080500000, 0x0000000080600000, 0x0000000080600000|100%| O|  |TAMS 0x0000000080600000, 0x0000000080500000| Untracked 
|   6|0x0000000080600000, 0x0000000080700000, 0x0000000080700000|100%| O|  |TAMS 0x0000000080700000, 0x0000000080600000| Untracked 
|   7|0x0000000080700000, 0x0000000080800000, 0x0000000080800000|100%|HS|  |TAMS 0x0000000080800000, 0x0000000080700000| Complete 
|   8|0x0000000080800000, 0x0000000080900000, 0x0000000080900000|100%| O|  |TAMS 0x0000000080900000, 0x0000000080800000| Untracked 
|   9|0x0000000080900000, 0x0000000080a00000, 0x0000000080a00000|100%| O|  |TAMS 0x0000000080a00000, 0x0000000080900000| Untracked 
|  10|0x0000000080a00000, 0x0000000080b00000, 0x0000000080b00000|100%| O|  |TAMS 0x0000000080b00000, 0x0000000080a00000| Untracked 
|  11|0x0000000080b00000, 0x0000000080c00000, 0x0000000080c00000|100%| O|  |TAMS 0x0000000080c00000, 0x0000000080b00000| Untracked 
|  12|0x0000000080c00000, 0x0000000080d00000, 0x0000000080d00000|100%| O|  |TAMS 0x0000000080d00000, 0x0000000080c00000| Untracked 
|  13|0x0000000080d00000, 0x0000000080e00000, 0x0000000080e00000|100%| O|  |TAMS 0x0000000080e00000, 0x0000000080d00000| Untracked 
|  14|0x0000000080e00000, 0x0000000080f00000, 0x0000000080f00000|100%| O|  |TAMS 0x0000000080e00000, 0x0000000080e00000| Untracked 
|  15|0x0000000080f00000, 0x0000000081000000, 0x0000000081000000|100%| O|  |TAMS 0x0000000080f00000, 0x0000000080f00000| Untracked 
|  16|0x0000000081000000, 0x0000000081100000, 0x0000000081100000|100%| O|  |TAMS 0x0000000081100000, 0x0000000081000000| Untracked 
|  17|0x0000000081100000, 0x0000000081200000, 0x0000000081200000|100%| O|  |TAMS 0x0000000081200000, 0x0000000081100000| Untracked 
|  18|0x0000000081200000, 0x0000000081300000, 0x0000000081300000|100%| O|  |TAMS 0x0000000081300000, 0x0000000081200000| Untracked 
|  19|0x0000000081300000, 0x0000000081400000, 0x0000000081400000|100%| O|  |TAMS 0x0000000081400000, 0x0000000081300000| Untracked 
|  20|0x0000000081400000, 0x0000000081500000, 0x0000000081500000|100%| O|  |TAMS 0x0000000081500000, 0x0000000081400000| Untracked 
|  21|0x0000000081500000, 0x0000000081600000, 0x0000000081600000|100%| O|  |TAMS 0x0000000081600000, 0x0000000081500000| Untracked 
|  22|0x0000000081600000, 0x000000008167fe00, 0x0000000081700000| 49%| O|  |TAMS 0x000000008167fe00, 0x0000000081600000| Untracked 
|  23|0x0000000081700000, 0x0000000081800000, 0x0000000081800000|100%| O|  |TAMS 0x0000000081700000, 0x0000000081700000| Untracked 
|  24|0x0000000081800000, 0x000000008180d200, 0x0000000081900000|  5%| O|  |TAMS 0x0000000081800000, 0x0000000081800000| Untracked 
|  25|0x0000000081900000, 0x0000000081900000, 0x0000000081a00000|  0%| F|  |TAMS 0x0000000081900000, 0x0000000081900000| Untracked 
|  26|0x0000000081a00000, 0x0000000081a00000, 0x0000000081b00000|  0%| F|  |TAMS 0x0000000081a00000, 0x0000000081a00000| Untracked 
|  27|0x0000000081b00000, 0x0000000081b00000, 0x0000000081c00000|  0%| F|  |TAMS 0x0000000081b00000, 0x0000000081b00000| Untracked 
|  28|0x0000000081c00000, 0x0000000081c00000, 0x0000000081d00000|  0%| F|  |TAMS 0x0000000081c00000, 0x0000000081c00000| Untracked 
|  29|0x0000000081d00000, 0x0000000081d00000, 0x0000000081e00000|  0%| F|  |TAMS 0x0000000081d00000, 0x0000000081d00000| Untracked 
|  30|0x0000000081e00000, 0x0000000081e00000, 0x0000000081f00000|  0%| F|  |TAMS 0x0000000081e00000, 0x0000000081e00000| Untracked 
|  31|0x0000000081f00000, 0x0000000081f00000, 0x0000000082000000|  0%| F|  |TAMS 0x0000000081f00000, 0x0000000081f00000| Untracked 
|  32|0x0000000082000000, 0x0000000082000000, 0x0000000082100000|  0%| F|  |TAMS 0x0000000082000000, 0x0000000082000000| Untracked 
|  33|0x0000000082100000, 0x0000000082100000, 0x0000000082200000|  0%| F|  |TAMS 0x0000000082100000, 0x0000000082100000| Untracked 
|  34|0x0000000082200000, 0x0000000082200000, 0x0000000082300000|  0%| F|  |TAMS 0x0000000082200000, 0x0000000082200000| Untracked 
|  35|0x0000000082300000, 0x0000000082300000, 0x0000000082400000|  0%| F|  |TAMS 0x0000000082300000, 0x0000000082300000| Untracked 
|  36|0x0000000082400000, 0x0000000082400000, 0x0000000082500000|  0%| F|  |TAMS 0x0000000082400000, 0x0000000082400000| Untracked 
|  37|0x0000000082500000, 0x0000000082500000, 0x0000000082600000|  0%| F|  |TAMS 0x0000000082500000, 0x0000000082500000| Untracked 
|  38|0x0000000082600000, 0x0000000082600000, 0x0000000082700000|  0%| F|  |TAMS 0x0000000082600000, 0x0000000082600000| Untracked 
|  39|0x0000000082700000, 0x0000000082700000, 0x0000000082800000|  0%| F|  |TAMS 0x0000000082700000, 0x0000000082700000| Untracked 
|  40|0x0000000082800000, 0x0000000082800000, 0x0000000082900000|  0%| F|  |TAMS 0x0000000082800000, 0x0000000082800000| Untracked 
|  41|0x0000000082900000, 0x000000008292d5e0, 0x0000000082a00000| 17%| S|CS|TAMS 0x0000000082900000, 0x0000000082900000| Complete 
|  42|0x0000000082a00000, 0x0000000082b00000, 0x0000000082b00000|100%| S|CS|TAMS 0x0000000082a00000, 0x0000000082a00000| Complete 
|  43|0x0000000082b00000, 0x0000000082c00000, 0x0000000082c00000|100%| S|CS|TAMS 0x0000000082b00000, 0x0000000082b00000| Complete 
|  44|0x0000000082c00000, 0x0000000082d00000, 0x0000000082d00000|100%| S|CS|TAMS 0x0000000082c00000, 0x0000000082c00000| Complete 
|  45|0x0000000082d00000, 0x0000000082e00000, 0x0000000082e00000|100%| S|CS|TAMS 0x0000000082d00000, 0x0000000082d00000| Complete 
|  46|0x0000000082e00000, 0x0000000082f00000, 0x0000000082f00000|100%| S|CS|TAMS 0x0000000082e00000, 0x0000000082e00000| Complete 
|  47|0x0000000082f00000, 0x0000000082f00000, 0x0000000083000000|  0%| F|  |TAMS 0x0000000082f00000, 0x0000000082f00000| Untracked 
|  48|0x0000000083000000, 0x0000000083000000, 0x0000000083100000|  0%| F|  |TAMS 0x0000000083000000, 0x0000000083000000| Untracked 
|  49|0x0000000083100000, 0x0000000083100000, 0x0000000083200000|  0%| F|  |TAMS 0x0000000083100000, 0x0000000083100000| Untracked 
|  50|0x0000000083200000, 0x0000000083200000, 0x0000000083300000|  0%| F|  |TAMS 0x0000000083200000, 0x0000000083200000| Untracked 
|  51|0x0000000083300000, 0x0000000083300000, 0x0000000083400000|  0%| F|  |TAMS 0x0000000083300000, 0x0000000083300000| Untracked 
|  52|0x0000000083400000, 0x0000000083400000, 0x0000000083500000|  0%| F|  |TAMS 0x0000000083400000, 0x0000000083400000| Untracked 
|  53|0x0000000083500000, 0x0000000083500000, 0x0000000083600000|  0%| F|  |TAMS 0x0000000083500000, 0x0000000083500000| Untracked 
|  54|0x0000000083600000, 0x0000000083600000, 0x0000000083700000|  0%| F|  |TAMS 0x0000000083600000, 0x0000000083600000| Untracked 
|  55|0x0000000083700000, 0x0000000083700000, 0x0000000083800000|  0%| F|  |TAMS 0x0000000083700000, 0x0000000083700000| Untracked 
|  56|0x0000000083800000, 0x0000000083800000, 0x0000000083900000|  0%| F|  |TAMS 0x0000000083800000, 0x0000000083800000| Untracked 
|  57|0x0000000083900000, 0x0000000083900000, 0x0000000083a00000|  0%| F|  |TAMS 0x0000000083900000, 0x0000000083900000| Untracked 
|  58|0x0000000083a00000, 0x0000000083a00000, 0x0000000083b00000|  0%| F|  |TAMS 0x0000000083a00000, 0x0000000083a00000| Untracked 
|  59|0x0000000083b00000, 0x0000000083b00000, 0x0000000083c00000|  0%| F|  |TAMS 0x0000000083b00000, 0x0000000083b00000| Untracked 
|  60|0x0000000083c00000, 0x0000000083c00000, 0x0000000083d00000|  0%| F|  |TAMS 0x0000000083c00000, 0x0000000083c00000| Untracked 
|  61|0x0000000083d00000, 0x0000000083d00000, 0x0000000083e00000|  0%| F|  |TAMS 0x0000000083d00000, 0x0000000083d00000| Untracked 
|  62|0x0000000083e00000, 0x0000000083e00000, 0x0000000083f00000|  0%| F|  |TAMS 0x0000000083e00000, 0x0000000083e00000| Untracked 
|  63|0x0000000083f00000, 0x0000000083f00000, 0x0000000084000000|  0%| F|  |TAMS 0x0000000083f00000, 0x0000000083f00000| Untracked 
|  64|0x0000000084000000, 0x0000000084000000, 0x0000000084100000|  0%| F|  |TAMS 0x0000000084000000, 0x0000000084000000| Untracked 
|  65|0x0000000084100000, 0x0000000084100000, 0x0000000084200000|  0%| F|  |TAMS 0x0000000084100000, 0x0000000084100000| Untracked 
|  66|0x0000000084200000, 0x0000000084200000, 0x0000000084300000|  0%| F|  |TAMS 0x0000000084200000, 0x0000000084200000| Untracked 
|  67|0x0000000084300000, 0x0000000084300000, 0x0000000084400000|  0%| F|  |TAMS 0x0000000084300000, 0x0000000084300000| Untracked 
|  68|0x0000000084400000, 0x0000000084400000, 0x0000000084500000|  0%| F|  |TAMS 0x0000000084400000, 0x0000000084400000| Untracked 
|  69|0x0000000084500000, 0x0000000084500000, 0x0000000084600000|  0%| F|  |TAMS 0x0000000084500000, 0x0000000084500000| Untracked 
|  70|0x0000000084600000, 0x0000000084600000, 0x0000000084700000|  0%| F|  |TAMS 0x0000000084600000, 0x0000000084600000| Untracked 
|  71|0x0000000084700000, 0x0000000084700000, 0x0000000084800000|  0%| F|  |TAMS 0x0000000084700000, 0x0000000084700000| Untracked 
|  72|0x0000000084800000, 0x0000000084800000, 0x0000000084900000|  0%| F|  |TAMS 0x0000000084800000, 0x0000000084800000| Untracked 
|  73|0x0000000084900000, 0x0000000084900000, 0x0000000084a00000|  0%| F|  |TAMS 0x0000000084900000, 0x0000000084900000| Untracked 
|  74|0x0000000084a00000, 0x0000000084a00000, 0x0000000084b00000|  0%| F|  |TAMS 0x0000000084a00000, 0x0000000084a00000| Untracked 
|  75|0x0000000084b00000, 0x0000000084c00000, 0x0000000084c00000|100%| E|  |TAMS 0x0000000084b00000, 0x0000000084b00000| Complete 
|  76|0x0000000084c00000, 0x0000000084d00000, 0x0000000084d00000|100%| E|CS|TAMS 0x0000000084c00000, 0x0000000084c00000| Complete 
|  77|0x0000000084d00000, 0x0000000084e00000, 0x0000000084e00000|100%| E|CS|TAMS 0x0000000084d00000, 0x0000000084d00000| Complete 
|  78|0x0000000084e00000, 0x0000000084f00000, 0x0000000084f00000|100%| E|CS|TAMS 0x0000000084e00000, 0x0000000084e00000| Complete 
|  79|0x0000000084f00000, 0x0000000085000000, 0x0000000085000000|100%| E|CS|TAMS 0x0000000084f00000, 0x0000000084f00000| Complete 
|  80|0x0000000085000000, 0x0000000085100000, 0x0000000085100000|100%| E|CS|TAMS 0x0000000085000000, 0x0000000085000000| Complete 
|  81|0x0000000085100000, 0x0000000085200000, 0x0000000085200000|100%| E|CS|TAMS 0x0000000085100000, 0x0000000085100000| Complete 
|  82|0x0000000085200000, 0x0000000085300000, 0x0000000085300000|100%| E|CS|TAMS 0x0000000085200000, 0x0000000085200000| Complete 
|  83|0x0000000085300000, 0x0000000085400000, 0x0000000085400000|100%| E|CS|TAMS 0x0000000085300000, 0x0000000085300000| Complete 
|  84|0x0000000085400000, 0x0000000085500000, 0x0000000085500000|100%| E|CS|TAMS 0x0000000085400000, 0x0000000085400000| Complete 
|  85|0x0000000085500000, 0x0000000085600000, 0x0000000085600000|100%| E|CS|TAMS 0x0000000085500000, 0x0000000085500000| Complete 
|  93|0x0000000085d00000, 0x0000000085e00000, 0x0000000085e00000|100%| E|CS|TAMS 0x0000000085d00000, 0x0000000085d00000| Complete 

Card table byte_map: [0x000001c029ed0000,0x000001c02a2d0000] _byte_map_base: 0x000001c029ad0000

Marking Bits (Prev, Next): (CMBitMap*) 0x000001c012a4fbc0, (CMBitMap*) 0x000001c012a4fb80
 Prev Bits: [0x000001c02c6d0000, 0x000001c02e6d0000)
 Next Bits: [0x000001c02a6d0000, 0x000001c02c6d0000)

Polling page: 0x000001c010830000

Metaspace:

Usage:
  Non-class:     28.53 MB used.
      Class:      4.63 MB used.
       Both:     33.15 MB used.

Virtual space:
  Non-class space:       64.00 MB reserved,      28.75 MB ( 45%) committed,  1 nodes.
      Class space:      416.00 MB reserved,       4.81 MB (  1%) committed,  1 nodes.
             Both:      480.00 MB reserved,      33.56 MB (  7%) committed. 

Chunk freelists:
   Non-Class:  2.86 MB
       Class:  11.08 MB
        Both:  13.94 MB

MaxMetaspaceSize: 512.00 MB
CompressedClassSpaceSize: 416.00 MB
Initial GC threshold: 21.00 MB
Current GC threshold: 35.12 MB
CDS: on
MetaspaceReclaimPolicy: balanced
 - commit_granule_bytes: 65536.
 - commit_granule_words: 8192.
 - virtual_space_node_default_size: 8388608.
 - enlarge_chunks_in_place: 1.
 - new_chunks_are_fully_committed: 0.
 - uncommit_free_chunks: 1.
 - use_allocation_guard: 0.
 - handle_deallocations: 1.


Internal statistics:

num_allocs_failed_limit: 3.
num_arena_births: 434.
num_arena_deaths: 0.
num_vsnodes_births: 2.
num_vsnodes_deaths: 0.
num_space_committed: 537.
num_space_uncommitted: 0.
num_chunks_returned_to_freelist: 3.
num_chunks_taken_from_freelist: 1729.
num_chunk_merges: 3.
num_chunk_splits: 1152.
num_chunks_enlarged: 828.
num_inconsistent_stats: 0.

CodeHeap 'non-profiled nmethods': size=120000Kb used=1808Kb max_used=1808Kb free=118191Kb
 bounds [0x000001c022050000, 0x000001c0222c0000, 0x000001c029580000]
CodeHeap 'profiled nmethods': size=120000Kb used=7612Kb max_used=7612Kb free=112387Kb
 bounds [0x000001c01a580000, 0x000001c01acf0000, 0x000001c021ab0000]
CodeHeap 'non-nmethods': size=5760Kb used=1596Kb max_used=1629Kb free=4163Kb
 bounds [0x000001c021ab0000, 0x000001c021d20000, 0x000001c022050000]
 total_blobs=4340 nmethods=3677 adapters=574
 compilation: enabled
              stopped_count=0, restarted_count=0
 full_count=0

Compilation events (20 events):
Event: 12.850 Thread 0x000001c03135bc20 3670       1       java.lang.reflect.Field::getType (5 bytes)
Event: 12.850 Thread 0x000001c03135bc20 nmethod 3670 0x000001c022212710 code [0x000001c0222128a0, 0x000001c022212978]
Event: 12.850 Thread 0x000001c03135bc20 3671       2       org.codehaus.groovy.reflection.CachedMethod$$Lambda$515/0x000001c033499798::compare (6 bytes)
Event: 12.851 Thread 0x000001c03135bc20 nmethod 3671 0x000001c01ace1a90 code [0x000001c01ace1c40, 0x000001c01ace1d68]
Event: 12.851 Thread 0x000001c03135bc20 3672       2       org.codehaus.groovy.reflection.CachedMethod::lambda$find$0 (44 bytes)
Event: 12.851 Thread 0x000001c03135bc20 nmethod 3672 0x000001c01ace1e10 code [0x000001c01ace1fe0, 0x000001c01ace2308]
Event: 12.851 Thread 0x000001c03135bc20 3673       2       java.util.LinkedHashMap$LinkedEntryIterator::next (5 bytes)
Event: 12.851 Thread 0x000001c03135bc20 nmethod 3673 0x000001c01ace2490 code [0x000001c01ace2640, 0x000001c01ace2768]
Event: 12.851 Thread 0x000001c03135bc20 3674       2       java.util.LinkedHashMap$LinkedEntryIterator::next (5 bytes)
Event: 12.851 Thread 0x000001c03135bc20 nmethod 3674 0x000001c01ace2810 code [0x000001c01ace29c0, 0x000001c01ace2ae8]
Event: 12.859 Thread 0x000001c03135bc20 3675       3       groovy.lang.MetaClassImpl$1MOPIter::mopArrayIndex (124 bytes)
Event: 12.861 Thread 0x000001c03135bc20 nmethod 3675 0x000001c01ace2b90 code [0x000001c01ace2ee0, 0x000001c01ace4448]
Event: 12.861 Thread 0x000001c03135bc20 3678       3       org.codehaus.groovy.reflection.ReflectionCache::getCachedClass (14 bytes)
Event: 12.861 Thread 0x000001c03135bc20 nmethod 3678 0x000001c01ace4a10 code [0x000001c01ace4c00, 0x000001c01ace5198]
Event: 12.861 Thread 0x000001c03135bc20 3676       2       groovy.lang.MetaBeanProperty::<init> (18 bytes)
Event: 12.862 Thread 0x000001c03135bc20 nmethod 3676 0x000001c01ace5310 code [0x000001c01ace54c0, 0x000001c01ace5738]
Event: 12.862 Thread 0x000001c03135bc20 3677       1       groovy.lang.MetaBeanProperty::getField (5 bytes)
Event: 12.862 Thread 0x000001c03135bc20 nmethod 3677 0x000001c022212a10 code [0x000001c022212ba0, 0x000001c022212c78]
Event: 12.863 Thread 0x000001c03135bc20 3679       3       java.lang.String::regionMatches (150 bytes)
Event: 12.864 Thread 0x000001c03135bc20 nmethod 3679 0x000001c01ace5810 code [0x000001c01ace5a60, 0x000001c01ace6228]

GC Heap History (16 events):
Event: 0.778 GC heap before
{Heap before GC invocations=0 (full 0):
 garbage-first heap   total 96256K, used 23552K [0x0000000080000000, 0x0000000100000000)
  region size 1024K, 23 young (23552K), 0 survivors (0K)
 Metaspace       used 813K, committed 896K, reserved 491520K
  class space    used 59K, committed 128K, reserved 425984K
}
Event: 0.782 GC heap after
{Heap after GC invocations=1 (full 0):
 garbage-first heap   total 96256K, used 1664K [0x0000000080000000, 0x0000000100000000)
  region size 1024K, 2 young (2048K), 2 survivors (2048K)
 Metaspace       used 813K, committed 896K, reserved 491520K
  class space    used 59K, committed 128K, reserved 425984K
}
Event: 2.439 GC heap before
{Heap before GC invocations=1 (full 0):
 garbage-first heap   total 96256K, used 40576K [0x0000000080000000, 0x0000000100000000)
  region size 1024K, 36 young (36864K), 2 survivors (2048K)
 Metaspace       used 4549K, committed 4672K, reserved 491520K
  class space    used 570K, committed 640K, reserved 425984K
}
Event: 2.453 GC heap after
{Heap after GC invocations=2 (full 0):
 garbage-first heap   total 96256K, used 11528K [0x0000000080000000, 0x0000000100000000)
  region size 1024K, 5 young (5120K), 5 survivors (5120K)
 Metaspace       used 4549K, committed 4672K, reserved 491520K
  class space    used 570K, committed 640K, reserved 425984K
}
Event: 3.902 GC heap before
{Heap before GC invocations=2 (full 0):
 garbage-first heap   total 96256K, used 55560K [0x0000000080000000, 0x0000000100000000)
  region size 1024K, 46 young (47104K), 5 survivors (5120K)
 Metaspace       used 4628K, committed 4736K, reserved 491520K
  class space    used 570K, committed 640K, reserved 425984K
}
Event: 3.913 GC heap after
{Heap after GC invocations=3 (full 0):
 garbage-first heap   total 96256K, used 15551K [0x0000000080000000, 0x0000000100000000)
  region size 1024K, 3 young (3072K), 3 survivors (3072K)
 Metaspace       used 4628K, committed 4736K, reserved 491520K
  class space    used 570K, committed 640K, reserved 425984K
}
Event: 6.516 GC heap before
{Heap before GC invocations=3 (full 0):
 garbage-first heap   total 96256K, used 62655K [0x0000000080000000, 0x0000000100000000)
  region size 1024K, 50 young (51200K), 3 survivors (3072K)
 Metaspace       used 12040K, committed 12288K, reserved 491520K
  class space    used 1613K, committed 1728K, reserved 425984K
}
Event: 6.525 GC heap after
{Heap after GC invocations=4 (full 0):
 garbage-first heap   total 96256K, used 20947K [0x0000000080000000, 0x0000000100000000)
  region size 1024K, 7 young (7168K), 7 survivors (7168K)
 Metaspace       used 12040K, committed 12288K, reserved 491520K
  class space    used 1613K, committed 1728K, reserved 425984K
}
Event: 8.296 GC heap before
{Heap before GC invocations=4 (full 0):
 garbage-first heap   total 96256K, used 67027K [0x0000000080000000, 0x0000000100000000)
  region size 1024K, 51 young (52224K), 7 survivors (7168K)
 Metaspace       used 18946K, committed 19264K, reserved 491520K
  class space    used 2540K, committed 2688K, reserved 425984K
}
Event: 8.305 GC heap after
{Heap after GC invocations=5 (full 0):
 garbage-first heap   total 96256K, used 23644K [0x0000000080000000, 0x0000000100000000)
  region size 1024K, 3 young (3072K), 3 survivors (3072K)
 Metaspace       used 18946K, committed 19264K, reserved 491520K
  class space    used 2540K, committed 2688K, reserved 425984K
}
Event: 9.077 GC heap before
{Heap before GC invocations=5 (full 0):
 garbage-first heap   total 96256K, used 43100K [0x0000000080000000, 0x0000000100000000)
  region size 1024K, 23 young (23552K), 3 survivors (3072K)
 Metaspace       used 21199K, committed 21504K, reserved 491520K
  class space    used 2912K, committed 3072K, reserved 425984K
}
Event: 9.083 GC heap after
{Heap after GC invocations=6 (full 0):
 garbage-first heap   total 96256K, used 24331K [0x0000000080000000, 0x0000000100000000)
  region size 1024K, 4 young (4096K), 4 survivors (4096K)
 Metaspace       used 21199K, committed 21504K, reserved 491520K
  class space    used 2912K, committed 3072K, reserved 425984K
}
Event: 10.965 GC heap before
{Heap before GC invocations=7 (full 0):
 garbage-first heap   total 89088K, used 71435K [0x0000000080000000, 0x0000000100000000)
  region size 1024K, 50 young (51200K), 4 survivors (4096K)
 Metaspace       used 26896K, committed 27264K, reserved 491520K
  class space    used 3790K, committed 3968K, reserved 425984K
}
Event: 10.972 GC heap after
{Heap after GC invocations=8 (full 0):
 garbage-first heap   total 89088K, used 26527K [0x0000000080000000, 0x0000000100000000)
  region size 1024K, 6 young (6144K), 6 survivors (6144K)
 Metaspace       used 26896K, committed 27264K, reserved 491520K
  class space    used 3790K, committed 3968K, reserved 425984K
}
Event: 12.440 GC heap before
{Heap before GC invocations=8 (full 0):
 garbage-first heap   total 89088K, used 66463K [0x0000000080000000, 0x0000000100000000)
  region size 1024K, 46 young (47104K), 6 survivors (6144K)
 Metaspace       used 32725K, committed 33152K, reserved 491520K
  class space    used 4532K, committed 4736K, reserved 425984K
}
Event: 12.449 GC heap after
{Heap after GC invocations=9 (full 0):
 garbage-first heap   total 89088K, used 29417K [0x0000000080000000, 0x0000000100000000)
  region size 1024K, 6 young (6144K), 6 survivors (6144K)
 Metaspace       used 32725K, committed 33152K, reserved 491520K
  class space    used 4532K, committed 4736K, reserved 425984K
}

Dll operation events (15 events):
Event: 0.030 Loaded shared library C:\Program Files\Microsoft\jdk-17.0.19.10-hotspot\bin\java.dll
Event: 0.058 Loaded shared library C:\Program Files\Microsoft\jdk-17.0.19.10-hotspot\bin\jsvml.dll
Event: 0.149 Loaded shared library C:\Program Files\Microsoft\jdk-17.0.19.10-hotspot\bin\zip.dll
Event: 0.156 Loaded shared library C:\Program Files\Microsoft\jdk-17.0.19.10-hotspot\bin\instrument.dll
Event: 0.165 Loaded shared library C:\Program Files\Microsoft\jdk-17.0.19.10-hotspot\bin\net.dll
Event: 0.169 Loaded shared library C:\Program Files\Microsoft\jdk-17.0.19.10-hotspot\bin\nio.dll
Event: 0.174 Loaded shared library C:\Program Files\Microsoft\jdk-17.0.19.10-hotspot\bin\zip.dll
Event: 0.787 Loaded shared library C:\Program Files\Microsoft\jdk-17.0.19.10-hotspot\bin\jimage.dll
Event: 1.284 Loaded shared library C:\Program Files\Microsoft\jdk-17.0.19.10-hotspot\bin\verify.dll
Event: 1.334 Loaded shared library C:\Users\prath\.gradle\native\660c5614fbf4a5f2a75b1949f50a0caf5cd603558e7d8a26e50b933a0cfb79d1\windows-amd64\native-platform.dll
Event: 1.360 Loaded shared library C:\Users\prath\.gradle\native\0.2.8\x86_64-windows-gnu\gradle-fileevents.dll
Event: 4.785 Loaded shared library C:\Program Files\Microsoft\jdk-17.0.19.10-hotspot\bin\management.dll
Event: 4.794 Loaded shared library C:\Program Files\Microsoft\jdk-17.0.19.10-hotspot\bin\management_ext.dll
Event: 5.424 Loaded shared library C:\Program Files\Microsoft\jdk-17.0.19.10-hotspot\bin\extnet.dll
Event: 6.011 Loaded shared library C:\Program Files\Microsoft\jdk-17.0.19.10-hotspot\bin\sunmscapi.dll

Deoptimization events (20 events):
Event: 12.703 Thread 0x000001c031a874c0 Uncommon trap: trap_request=0xffffff45 fr.pc=0x000001c02214f800 relative=0x00000000000000e0
Event: 12.703 Thread 0x000001c031a874c0 Uncommon trap: reason=unstable_if action=reinterpret pc=0x000001c02214f800 method=java.lang.ClassLoader.getClassLoadingLock(Ljava/lang/String;)Ljava/lang/Object; @ 6 c2
Event: 12.703 Thread 0x000001c031a874c0 DEOPT PACKING pc=0x000001c02214f800 sp=0x00000093267f85d0
Event: 12.703 Thread 0x000001c031a874c0 DEOPT UNPACKING pc=0x000001c021b069a3 sp=0x00000093267f8570 mode 2
Event: 12.705 Thread 0x000001c031a874c0 Uncommon trap: trap_request=0xffffff45 fr.pc=0x000001c022204d04 relative=0x0000000000000724
Event: 12.705 Thread 0x000001c031a874c0 Uncommon trap: reason=unstable_if action=reinterpret pc=0x000001c022204d04 method=java.lang.Class.getPackageName()Ljava/lang/String; @ 55 c2
Event: 12.705 Thread 0x000001c031a874c0 DEOPT PACKING pc=0x000001c022204d04 sp=0x00000093267f9cd0
Event: 12.705 Thread 0x000001c031a874c0 DEOPT UNPACKING pc=0x000001c021b069a3 sp=0x00000093267f9c90 mode 2
Event: 12.706 Thread 0x000001c031a874c0 Uncommon trap: trap_request=0xffffffde fr.pc=0x000001c0221fafe4 relative=0x0000000000005384
Event: 12.706 Thread 0x000001c031a874c0 Uncommon trap: reason=class_check action=maybe_recompile pc=0x000001c0221fafe4 method=jdk.internal.loader.URLClassPath.getLoader(I)Ljdk/internal/loader/URLClassPath$Loader; @ 190 c2
Event: 12.706 Thread 0x000001c031a874c0 DEOPT PACKING pc=0x000001c0221fafe4 sp=0x00000093267f5290
Event: 12.706 Thread 0x000001c031a874c0 DEOPT UNPACKING pc=0x000001c021b069a3 sp=0x00000093267f52b0 mode 2
Event: 12.712 Thread 0x000001c031a874c0 Uncommon trap: trap_request=0xffffffde fr.pc=0x000001c0221fafe4 relative=0x0000000000005384
Event: 12.712 Thread 0x000001c031a874c0 Uncommon trap: reason=class_check action=maybe_recompile pc=0x000001c0221fafe4 method=jdk.internal.loader.URLClassPath.getLoader(I)Ljdk/internal/loader/URLClassPath$Loader; @ 190 c2
Event: 12.712 Thread 0x000001c031a874c0 DEOPT PACKING pc=0x000001c0221fafe4 sp=0x00000093267f52c0
Event: 12.712 Thread 0x000001c031a874c0 DEOPT UNPACKING pc=0x000001c021b069a3 sp=0x00000093267f52d0 mode 2
Event: 12.751 Thread 0x000001c031a874c0 Uncommon trap: trap_request=0xffffffde fr.pc=0x000001c0221fafe4 relative=0x0000000000005384
Event: 12.751 Thread 0x000001c031a874c0 Uncommon trap: reason=class_check action=maybe_recompile pc=0x000001c0221fafe4 method=jdk.internal.loader.URLClassPath.getLoader(I)Ljdk/internal/loader/URLClassPath$Loader; @ 190 c2
Event: 12.751 Thread 0x000001c031a874c0 DEOPT PACKING pc=0x000001c0221fafe4 sp=0x00000093267f7d80
Event: 12.751 Thread 0x000001c031a874c0 DEOPT UNPACKING pc=0x000001c021b069a3 sp=0x00000093267f7d90 mode 2

Classes loaded (20 events):
Event: 12.477 Loading class java/nio/file/Files$3
Event: 12.477 Loading class java/nio/file/Files$3 done
Event: 12.479 Loading class java/nio/file/FileVisitResult
Event: 12.480 Loading class java/nio/file/FileVisitResult done
Event: 12.601 Loading class java/util/stream/Streams$RangeIntSpliterator
Event: 12.601 Loading class java/util/stream/Streams$RangeIntSpliterator done
Event: 12.693 Loading class jdk/internal/loader/URLClassPath$FileLoader
Event: 12.694 Loading class jdk/internal/loader/URLClassPath$FileLoader done
Event: 12.698 Loading class jdk/internal/loader/URLClassPath$FileLoader$1
Event: 12.698 Loading class jdk/internal/loader/URLClassPath$FileLoader$1 done
Event: 12.833 Loading class sun/reflect/generics/reflectiveObjects/GenericArrayTypeImpl
Event: 12.833 Loading class sun/reflect/generics/reflectiveObjects/GenericArrayTypeImpl done
Event: 12.840 Loading class com/sun/beans/finder/MethodFinder
Event: 12.841 Loading class com/sun/beans/finder/AbstractFinder
Event: 12.841 Loading class com/sun/beans/finder/AbstractFinder done
Event: 12.841 Loading class com/sun/beans/finder/MethodFinder done
Event: 12.841 Loading class com/sun/beans/finder/MethodFinder$1
Event: 12.841 Loading class com/sun/beans/finder/MethodFinder$1 done
Event: 12.841 Loading class com/sun/beans/finder/FinderUtils
Event: 12.842 Loading class com/sun/beans/finder/FinderUtils done

Classes unloaded (0 events):
No events

Classes redefined (0 events):
No events

Internal exceptions (20 events):
Event: 12.732 Thread 0x000001c031a874c0 Exception <a 'java/lang/ClassNotFoundException'{0x00000000851c2f08}: groovy/lang/BindingBeanInfo> (0x00000000851c2f08) 
thrown [s\src\hotspot\share\classfile\systemDictionary.cpp, line 256]
Event: 12.733 Thread 0x000001c031a874c0 Exception <a 'java/lang/ClassNotFoundException'{0x00000000851d9f40}: groovy/lang/BindingCustomizer> (0x00000000851d9f40) 
thrown [s\src\hotspot\share\classfile\systemDictionary.cpp, line 256]
Event: 12.752 Thread 0x000001c031a874c0 Exception <a 'java/lang/ClassNotFoundException'{0x00000000850ab3a8}: settings_5yjghdelqqz2yp35zskv8ek9rBeanInfo> (0x00000000850ab3a8) 
thrown [s\src\hotspot\share\classfile\systemDictionary.cpp, line 256]
Event: 12.753 Thread 0x000001c031a874c0 Exception <a 'java/lang/ClassNotFoundException'{0x00000000850b6868}: org/gradle/initialization/SettingsScriptBeanInfo> (0x00000000850b6868) 
thrown [s\src\hotspot\share\classfile\systemDictionary.cpp, line 256]
Event: 12.754 Thread 0x000001c031a874c0 Exception <a 'java/lang/ClassNotFoundException'{0x00000000850c1fc8}: org/gradle/plugin/use/internal/PluginsAwareScriptBeanInfo> (0x00000000850c1fc8) 
thrown [s\src\hotspot\share\classfile\systemDictionary.cpp, line 256]
Event: 12.755 Thread 0x000001c031a874c0 Exception <a 'java/lang/ClassNotFoundException'{0x00000000850cd4d0}: org/gradle/groovy/scripts/DefaultScriptBeanInfo> (0x00000000850cd4d0) 
thrown [s\src\hotspot\share\classfile\systemDictionary.cpp, line 256]
Event: 12.756 Thread 0x000001c031a874c0 Exception <a 'java/lang/ClassNotFoundException'{0x00000000850d8830}: org/gradle/groovy/scripts/BasicScriptBeanInfo> (0x00000000850d8830) 
thrown [s\src\hotspot\share\classfile\systemDictionary.cpp, line 256]
Event: 12.757 Thread 0x000001c031a874c0 Exception <a 'java/lang/ClassNotFoundException'{0x00000000850e3b20}: org/gradle/groovy/scripts/ScriptBeanInfo> (0x00000000850e3b20) 
thrown [s\src\hotspot\share\classfile\systemDictionary.cpp, line 256]
Event: 12.760 Thread 0x000001c031a874c0 Exception <a 'java/lang/ClassNotFoundException'{0x00000000850fab68}: groovy/lang/ScriptBeanInfo> (0x00000000850fab68) 
thrown [s\src\hotspot\share\classfile\systemDictionary.cpp, line 256]
Event: 12.762 Thread 0x000001c031a874c0 Exception <a 'java/lang/ClassNotFoundException'{0x0000000084f11de0}: groovy/lang/ScriptCustomizer> (0x0000000084f11de0) 
thrown [s\src\hotspot\share\classfile\systemDictionary.cpp, line 256]
Event: 12.764 Thread 0x000001c031a874c0 Exception <a 'java/lang/ClassNotFoundException'{0x0000000084f25888}: org/gradle/groovy/scripts/ScriptCustomizer> (0x0000000084f25888) 
thrown [s\src\hotspot\share\classfile\systemDictionary.cpp, line 256]
Event: 12.767 Thread 0x000001c031a874c0 Exception <a 'java/lang/ClassNotFoundException'{0x0000000084f379d8}: org/gradle/groovy/scripts/BasicScriptCustomizer> (0x0000000084f379d8) 
thrown [s\src\hotspot\share\classfile\systemDictionary.cpp, line 256]
Event: 12.770 Thread 0x000001c031a874c0 Exception <a 'java/lang/ClassNotFoundException'{0x0000000084f4ff50}: org/gradle/groovy/scripts/DefaultScriptCustomizer> (0x0000000084f4ff50) 
thrown [s\src\hotspot\share\classfile\systemDictionary.cpp, line 256]
Event: 12.776 Thread 0x000001c031a874c0 Exception <a 'java/lang/ClassNotFoundException'{0x0000000084f75780}: org/gradle/plugin/use/internal/PluginsAwareScriptCustomizer> (0x0000000084f75780) 
thrown [s\src\hotspot\share\classfile\systemDictionary.cpp, line 256]
Event: 12.781 Thread 0x000001c031a874c0 Exception <a 'java/lang/ClassNotFoundException'{0x0000000084f88af0}: org/gradle/initialization/SettingsScriptCustomizer> (0x0000000084f88af0) 
thrown [s\src\hotspot\share\classfile\systemDictionary.cpp, line 256]
Event: 12.783 Thread 0x000001c031a874c0 Exception <a 'java/lang/ClassNotFoundException'{0x0000000084f97520}: settings_5yjghdelqqz2yp35zskv8ek9rCustomizer> (0x0000000084f97520) 
thrown [s\src\hotspot\share\classfile\systemDictionary.cpp, line 256]
Event: 12.824 Thread 0x000001c031a874c0 Exception <a 'java/lang/ClassNotFoundException'{0x0000000084e538c8}: groovy/lang/Closure$1BeanInfo> (0x0000000084e538c8) 
thrown [s\src\hotspot\share\classfile\systemDictionary.cpp, line 256]
Event: 12.827 Thread 0x000001c031a874c0 Exception <a 'java/lang/ClassNotFoundException'{0x0000000084e6e328}: groovy/lang/ClosureBeanInfo> (0x0000000084e6e328) 
thrown [s\src\hotspot\share\classfile\systemDictionary.cpp, line 256]
Event: 12.831 Thread 0x000001c031a874c0 Exception <a 'java/lang/ClassNotFoundException'{0x0000000084e88fc0}: groovy/lang/ClosureCustomizer> (0x0000000084e88fc0) 
thrown [s\src\hotspot\share\classfile\systemDictionary.cpp, line 256]
Event: 12.840 Thread 0x000001c031a874c0 Exception <a 'java/lang/ClassNotFoundException'{0x0000000084ec9018}: groovy/lang/Closure$1Customizer> (0x0000000084ec9018) 
thrown [s\src\hotspot\share\classfile\systemDictionary.cpp, line 256]

VM Operations (20 events):
Event: 11.879 Executing VM operation: HandshakeAllThreads
Event: 11.880 Executing VM operation: HandshakeAllThreads done
Event: 12.405 Executing VM operation: HandshakeAllThreads
Event: 12.405 Executing VM operation: HandshakeAllThreads done
Event: 12.405 Executing VM operation: Cleanup
Event: 12.405 Executing VM operation: Cleanup done
Event: 12.440 Executing VM operation: HandshakeAllThreads
Event: 12.440 Executing VM operation: HandshakeAllThreads done
Event: 12.440 Executing VM operation: G1CollectForAllocation
Event: 12.449 Executing VM operation: G1CollectForAllocation done
Event: 12.450 Executing VM operation: HandshakeAllThreads
Event: 12.451 Executing VM operation: HandshakeAllThreads done
Event: 12.451 Executing VM operation: HandshakeAllThreads
Event: 12.451 Executing VM operation: HandshakeAllThreads done
Event: 12.699 Executing VM operation: HandshakeAllThreads
Event: 12.699 Executing VM operation: HandshakeAllThreads done
Event: 12.700 Executing VM operation: HandshakeAllThreads
Event: 12.700 Executing VM operation: HandshakeAllThreads done
Event: 13.711 Executing VM operation: Cleanup
Event: 13.711 Executing VM operation: Cleanup done

Memory protections (0 events):
No events

Nmethod flushes (0 events):
No events

Events (20 events):
Event: 5.927 Thread 0x000001c0129f7350 Thread added: 0x000001c051b5c5d0
Event: 6.063 Thread 0x000001c051c7a9f0 Thread added: 0x000001c0513a1980
Event: 6.070 Thread 0x000001c0513a1980 Thread added: 0x000001c051e30420
Event: 6.136 Thread 0x000001c0513a1980 Thread added: 0x000001c031a8a760
Event: 6.157 Thread 0x000001c0513a1980 Thread added: 0x000001c031a874c0
Event: 6.182 Thread 0x000001c031a874c0 Thread added: 0x000001c031a89830
Event: 6.190 Thread 0x000001c031a874c0 Thread added: 0x000001c031a89320
Event: 6.205 Thread 0x000001c031a874c0 Thread added: 0x000001c031a883f0
Event: 7.153 Thread 0x000001c031a874c0 Thread added: 0x000001c031a879d0
Event: 7.170 Thread 0x000001c031a874c0 Thread added: 0x000001c031a89d40
Event: 7.266 Thread 0x000001c031a874c0 Thread added: 0x000001c031a8a250
Event: 9.516 Thread 0x000001c031a874c0 Thread added: 0x000001c031a88e10
Event: 9.590 Thread 0x000001c031a874c0 Thread added: 0x000001c05379fb80
Event: 10.237 Thread 0x000001c031a874c0 Thread added: 0x000001c05379f160
Event: 10.252 Thread 0x000001c031a874c0 Thread added: 0x000001c05379ec50
Event: 10.650 Thread 0x000001c031a874c0 Thread added: 0x000001c05379f670
Event: 10.797 Thread 0x000001c031a874c0 Thread added: 0x000001c0537a0fc0
Event: 11.328 Thread 0x000001c031a874c0 Thread added: 0x000001c0537a05a0
Event: 11.454 Thread 0x000001c031a874c0 Thread added: 0x000001c0537a0ab0
Event: 12.644 Thread 0x000001c031a874c0 Thread added: 0x000001c05379e740


Dynamic libraries:
0x00007ff64d010000 - 0x00007ff64d01e000 	C:\Program Files\Microsoft\jdk-17.0.19.10-hotspot\bin\java.exe
0x00007ffbac220000 - 0x00007ffbac486000 	C:\WINDOWS\SYSTEM32\ntdll.dll
0x00007ffbab560000 - 0x00007ffbab629000 	C:\WINDOWS\System32\KERNEL32.DLL
0x00007ffba9b40000 - 0x00007ffba9f40000 	C:\WINDOWS\System32\KERNELBASE.dll
0x00007ffba9440000 - 0x00007ffba958c000 	C:\WINDOWS\System32\ucrtbase.dll
0x00007ffb69470000 - 0x00007ffb69488000 	C:\Program Files\Microsoft\jdk-17.0.19.10-hotspot\bin\jli.dll
0x00007ffb69450000 - 0x00007ffb6946e000 	C:\Program Files\Microsoft\jdk-17.0.19.10-hotspot\bin\VCRUNTIME140.dll
0x00007ffba9f50000 - 0x00007ffbaa117000 	C:\WINDOWS\System32\USER32.dll
0x00007ffba9990000 - 0x00007ffba99b7000 	C:\WINDOWS\System32\win32u.dll
0x00007ffbab050000 - 0x00007ffbab07b000 	C:\WINDOWS\System32\GDI32.dll
0x00007ffba97a0000 - 0x00007ffba98c9000 	C:\WINDOWS\System32\gdi32full.dll
0x00007ffb94940000 - 0x00007ffb94bd2000 	C:\WINDOWS\WinSxS\amd64_microsoft.windows.common-controls_6595b64144ccf1df_6.0.26100.8737_none_3e092eaee333b772\COMCTL32.dll
0x00007ffba95a0000 - 0x00007ffba9643000 	C:\WINDOWS\System32\msvcp_win.dll
0x00007ffbabde0000 - 0x00007ffbabe89000 	C:\WINDOWS\System32\msvcrt.dll
0x00007ffbaab40000 - 0x00007ffbaab72000 	C:\WINDOWS\System32\IMM32.DLL
0x00007ffb703d0000 - 0x00007ffb703dc000 	C:\Program Files\Microsoft\jdk-17.0.19.10-hotspot\bin\vcruntime140_1.dll
0x00007ffb35930000 - 0x00007ffb359b9000 	C:\Program Files\Microsoft\jdk-17.0.19.10-hotspot\bin\msvcp140.dll
0x00007ffa96ce0000 - 0x00007ffa9795b000 	C:\Program Files\Microsoft\jdk-17.0.19.10-hotspot\bin\server\jvm.dll
0x00007ffbab9c0000 - 0x00007ffbaba77000 	C:\WINDOWS\System32\ADVAPI32.dll
0x00007ffbaa120000 - 0x00007ffbaa1ca000 	C:\WINDOWS\System32\sechost.dll
0x00007ffbabb80000 - 0x00007ffbabc98000 	C:\WINDOWS\System32\RPCRT4.dll
0x00007ffbab080000 - 0x00007ffbab100000 	C:\WINDOWS\System32\WS2_32.dll
0x00007ffba92c0000 - 0x00007ffba931e000 	C:\WINDOWS\SYSTEM32\POWRPROF.dll
0x00007ffba2200000 - 0x00007ffba2236000 	C:\WINDOWS\SYSTEM32\WINMM.dll
0x00007ffba2240000 - 0x00007ffba224b000 	C:\WINDOWS\SYSTEM32\VERSION.dll
0x00007ffba92a0000 - 0x00007ffba92b4000 	C:\WINDOWS\SYSTEM32\UMPDC.dll
0x00007ffba8120000 - 0x00007ffba813b000 	C:\WINDOWS\SYSTEM32\kernel.appcore.dll
0x00007ffb6e530000 - 0x00007ffb6e53a000 	C:\Program Files\Microsoft\jdk-17.0.19.10-hotspot\bin\jimage.dll
0x00007ffba6c50000 - 0x00007ffba6e92000 	C:\WINDOWS\SYSTEM32\DBGHELP.DLL
0x00007ffbab630000 - 0x00007ffbab9b3000 	C:\WINDOWS\System32\combase.dll
0x00007ffbaa9f0000 - 0x00007ffbaaac9000 	C:\WINDOWS\System32\OLEAUT32.dll
0x00007ffb92ff0000 - 0x00007ffb9302b000 	C:\WINDOWS\SYSTEM32\dbgcore.DLL
0x00007ffba9650000 - 0x00007ffba96fc000 	C:\WINDOWS\System32\bcryptPrimitives.dll
0x00007ffb951f0000 - 0x00007ffb951ff000 	C:\Program Files\Microsoft\jdk-17.0.19.10-hotspot\bin\instrument.dll
0x00007ffb34ab0000 - 0x00007ffb34ad6000 	C:\Program Files\Microsoft\jdk-17.0.19.10-hotspot\bin\java.dll
0x00007ffb11ed0000 - 0x00007ffb11fa6000 	C:\Program Files\Microsoft\jdk-17.0.19.10-hotspot\bin\jsvml.dll
0x00007ffbaa1f0000 - 0x00007ffbaa982000 	C:\WINDOWS\System32\SHELL32.dll
0x00007ffba6ed0000 - 0x00007ffba7762000 	C:\WINDOWS\SYSTEM32\windows.storage.dll
0x00007ffbaba80000 - 0x00007ffbabb77000 	C:\WINDOWS\System32\SHCORE.dll
0x00007ffbabe90000 - 0x00007ffbabef7000 	C:\WINDOWS\System32\shlwapi.dll
0x00007ffba9360000 - 0x00007ffba9389000 	C:\WINDOWS\SYSTEM32\profapi.dll
0x00007ffb34a90000 - 0x00007ffb34aa8000 	C:\Program Files\Microsoft\jdk-17.0.19.10-hotspot\bin\zip.dll
0x00007ffb35910000 - 0x00007ffb3592b000 	C:\Program Files\Microsoft\jdk-17.0.19.10-hotspot\bin\net.dll
0x00007ffb9f120000 - 0x00007ffb9f249000 	C:\WINDOWS\SYSTEM32\WINHTTP.dll
0x00007ffba86d0000 - 0x00007ffba873c000 	C:\WINDOWS\system32\mswsock.dll
0x00007ffb35870000 - 0x00007ffb35886000 	C:\Program Files\Microsoft\jdk-17.0.19.10-hotspot\bin\nio.dll
0x00007ffb6d140000 - 0x00007ffb6d150000 	C:\Program Files\Microsoft\jdk-17.0.19.10-hotspot\bin\verify.dll
0x00007ffb6daf0000 - 0x00007ffb6db17000 	C:\Users\prath\.gradle\native\660c5614fbf4a5f2a75b1949f50a0caf5cd603558e7d8a26e50b933a0cfb79d1\windows-amd64\native-platform.dll
0x00007ffb348a0000 - 0x00007ffb34917000 	C:\Users\prath\.gradle\native\0.2.8\x86_64-windows-gnu\gradle-fileevents.dll
0x00007ffb6e360000 - 0x00007ffb6e36a000 	C:\Program Files\Microsoft\jdk-17.0.19.10-hotspot\bin\management.dll
0x00007ffb6e250000 - 0x00007ffb6e25c000 	C:\Program Files\Microsoft\jdk-17.0.19.10-hotspot\bin\management_ext.dll
0x00007ffbaaad0000 - 0x00007ffbaaad8000 	C:\WINDOWS\System32\PSAPI.DLL
0x00007ffba7ab0000 - 0x00007ffba7ae3000 	C:\WINDOWS\SYSTEM32\IPHLPAPI.DLL
0x00007ffbab040000 - 0x00007ffbab04a000 	C:\WINDOWS\System32\NSI.dll
0x00007ffb9ff80000 - 0x00007ffb9ff9d000 	C:\WINDOWS\SYSTEM32\dhcpcsvc6.DLL
0x00007ffb9f0f0000 - 0x00007ffb9f115000 	C:\WINDOWS\SYSTEM32\dhcpcsvc.DLL
0x00007ffba7b40000 - 0x00007ffba7c95000 	C:\WINDOWS\SYSTEM32\DNSAPI.dll
0x00007ffba84d0000 - 0x00007ffba84dd000 	C:\WINDOWS\SYSTEM32\DSPARSE.dll
0x00007ffb6dd50000 - 0x00007ffb6dd59000 	C:\Program Files\Microsoft\jdk-17.0.19.10-hotspot\bin\extnet.dll
0x00007ffba89d0000 - 0x00007ffba89eb000 	C:\WINDOWS\SYSTEM32\CRYPTSP.dll
0x00007ffba8080000 - 0x00007ffba80b9000 	C:\WINDOWS\system32\rsaenh.dll
0x00007ffba8790000 - 0x00007ffba87c2000 	C:\WINDOWS\SYSTEM32\USERENV.dll
0x00007ffba9330000 - 0x00007ffba935a000 	C:\WINDOWS\SYSTEM32\bcrypt.dll
0x00007ffba89f0000 - 0x00007ffba89fc000 	C:\WINDOWS\SYSTEM32\CRYPTBASE.dll
0x00007ffb951e0000 - 0x00007ffb951ee000 	C:\Program Files\Microsoft\jdk-17.0.19.10-hotspot\bin\sunmscapi.dll
0x00007ffba99c0000 - 0x00007ffba9b38000 	C:\WINDOWS\System32\CRYPT32.dll
0x00007ffba8c10000 - 0x00007ffba8c40000 	C:\WINDOWS\SYSTEM32\ncrypt.dll
0x00007ffba8bc0000 - 0x00007ffba8bff000 	C:\WINDOWS\SYSTEM32\NTASN1.dll
0x00007ffb9e230000 - 0x00007ffb9e238000 	C:\WINDOWS\system32\wshunix.dll

dbghelp: loaded successfully - version: 4.0.5 - missing functions: none
symbol engine: initialized successfully - sym options: 0x614 - pdb path: .;C:\Program Files\Microsoft\jdk-17.0.19.10-hotspot\bin;C:\WINDOWS\SYSTEM32;C:\WINDOWS\WinSxS\amd64_microsoft.windows.common-controls_6595b64144ccf1df_6.0.26100.8737_none_3e092eaee333b772;C:\Program Files\Microsoft\jdk-17.0.19.10-hotspot\bin\server;C:\Users\prath\.gradle\native\660c5614fbf4a5f2a75b1949f50a0caf5cd603558e7d8a26e50b933a0cfb79d1\windows-amd64;C:\Users\prath\.gradle\native\0.2.8\x86_64-windows-gnu

VM Arguments:
jvm_args: --add-opens=java.base/java.lang=ALL-UNNAMED --add-opens=java.base/java.lang.invoke=ALL-UNNAMED --add-opens=java.base/java.util=ALL-UNNAMED --add-opens=java.prefs/java.util.prefs=ALL-UNNAMED --add-exports=jdk.compiler/com.sun.tools.javac.api=ALL-UNNAMED --add-exports=jdk.compiler/com.sun.tools.javac.util=ALL-UNNAMED --add-opens=java.base/java.util=ALL-UNNAMED --add-opens=java.prefs/java.util.prefs=ALL-UNNAMED --add-opens=java.base/java.nio.charset=ALL-UNNAMED --add-opens=java.base/java.net=ALL-UNNAMED --add-opens=java.base/java.util.concurrent=ALL-UNNAMED --add-opens=java.base/java.util.concurrent.atomic=ALL-UNNAMED --add-opens=java.xml/javax.xml.namespace=ALL-UNNAMED --add-opens=java.base/java.time=ALL-UNNAMED -XX:MaxMetaspaceSize=512m -Xmx2048m -Dfile.encoding=windows-1252 -Duser.country=US -Duser.language=en -Duser.variant -javaagent:C:\Users\prath\.gradle\wrapper\dists\gradle-9.3.1-bin\23ovyewtku6u96viwx3xl3oks\gradle-9.3.1\lib\agents\gradle-instrumentation-agent-9.3.1.jar 
java_command: org.gradle.launcher.daemon.bootstrap.GradleDaemon 9.3.1
java_class_path (initial): C:\Users\prath\.gradle\wrapper\dists\gradle-9.3.1-bin\23ovyewtku6u96viwx3xl3oks\gradle-9.3.1\lib\gradle-daemon-main-9.3.1.jar
Launcher Type: SUN_STANDARD

[Global flags]
     intx CICompilerCount                          = 4                                         {product} {ergonomic}
   size_t CompressedClassSpaceSize                 = 436207616                                 {product} {ergonomic}
     uint ConcGCThreads                            = 3                                         {product} {ergonomic}
     uint G1ConcRefinementThreads                  = 10                                        {product} {ergonomic}
   size_t G1HeapRegionSize                         = 1048576                                   {product} {ergonomic}
    uintx GCDrainStackTargetSize                   = 64                                        {product} {ergonomic}
   size_t InitialHeapSize                          = 98566144                                  {product} {ergonomic}
   size_t MarkStackSize                            = 4194304                                   {product} {ergonomic}
   size_t MaxHeapSize                              = 2147483648                                {product} {command line}
   size_t MaxMetaspaceSize                         = 536870912                                 {product} {command line}
   size_t MaxNewSize                               = 1287651328                                {product} {ergonomic}
   size_t MinHeapDeltaBytes                        = 1048576                                   {product} {ergonomic}
   size_t MinHeapSize                              = 8388608                                   {product} {ergonomic}
    uintx NonNMethodCodeHeapSize                   = 5839372                                {pd product} {ergonomic}
    uintx NonProfiledCodeHeapSize                  = 122909434                              {pd product} {ergonomic}
    uintx ProfiledCodeHeapSize                     = 122909434                              {pd product} {ergonomic}
    uintx ReservedCodeCacheSize                    = 251658240                              {pd product} {ergonomic}
     bool SegmentedCodeCache                       = true                                      {product} {ergonomic}
   size_t SoftMaxHeapSize                          = 2147483648                             {manageable} {ergonomic}
     bool UseCompressedClassPointers               = true                           {product lp64_product} {ergonomic}
     bool UseCompressedOops                        = true                           {product lp64_product} {ergonomic}
     bool UseG1GC                                  = true                                      {product} {ergonomic}
     bool UseLargePagesIndividualAllocation        = false                                  {pd product} {ergonomic}

Logging:
Log output configuration:
 #0: stdout all=warning uptime,level,tags
 #1: stderr all=off uptime,level,tags

Environment Variables:
JAVA_HOME=C:\Program Files\Microsoft\jdk-17.0.19.10-hotspot
CLASSPATH=.;D:\Training\java\mysql-connector-j-9.5.0.jar
PATH=D:\Training\project-a\CleanVideoApp\node_modules\.bin;D:\Training\project-a\CleanVideoApp\node_modules\.bin;D:\Training\project-a\node_modules\.bin;D:\Training\node_modules\.bin;D:\node_modules\.bin;C:\Users\prath\AppData\Local\nvm\v20.20.2\node_modules\npm\node_modules\@npmcli\run-script\lib\node-gyp-bin;C:\Users\prath\AppData\Local\Android\Sdk;C:\Users\prath\AppData\Local\Android\Sdk\platform-tools;C:\Users\prath\AppData\Local\Android\Sdk\emulator;C:\Program Files\Microsoft\jdk-17.0.19.10-hotspot\bin;C:\Windows\Microsoft.NET\Framework64\v4.0.30319;C:\Program Files (x86)\SQlite;C:\Program Files\MySQL\MySQL Server 8.0\bin;C:\Program Files\VideoLAN\VLC\;D:\Users\prath\AppData\Roaming\Python\Python311\Scripts;C:\Program Files\Python311\Scripts\;C:\Program Files\Python311\;C:\Program Files\Common Files\Oracle\Java\javapath;C:\WINDOWS\system32;C:\WINDOWS;C:\WINDOWS\System32\Wbem;C:\WINDOWS\System32\WindowsPowerShell\v1.0\;C:\WINDOWS\System32\OpenSSH\;C:\Program Files\Java\jdk-18.0.2.1\bin;C:\Program Files\Microsoft SQL Server\140\Tools\Binn\;C:\Program Files\Git\cmd;C:\Program Files\Microsoft SQL Server\150\Tools\Binn\;C:\Program Files\Microsoft SQL Server\Client SDK\ODBC\170\Tools\Binn\;C:\Program Files\dotnet\;C:\Users\prath\AppData\Roaming\Python\Python311\Scripts;C:\Program Files\WireGuard\;C:\Program Files\CodeBlocks\MinGW\bin;C:\Program Files\mysql-connector\mysql-connector-j-9.5.0\mysql-connector-j-9.5.0.jar;C:\Program Files\PostgreSQL\13\bin;C:\Program Files\PostgreSQL\18\bin;C:\Users\prath\AppData\Local\nvm;C:\nvm4w\nodejs;C:\ProgramData\chocolatey\bin;C:\Program Files\nodejs\;C:\Users\prath\AppData\Local\Android\Sdk\platform-tools;C:\Users\prath\AppData\Local\Android\Sdk\emulator;C:\Users\prath\AppData\Local\Android\Sdk\platform-tools;C:\Users\prath\AppData\Local\Android\Sdk\emulator;C:\Users\prath\AppData\Local\Android\Sdk;C:\Users\prath\AppData\Local\Microsoft\WindowsApps;C:\Users\prath\.dotnet\tools;C:\Users\prath\AppData\Local\Programs\Microsoft VS Code\bin;C:\Users\prath\AppData\Local\Microsoft\GitHubDesktop\bin;C:\Users\prath\AppData\Local\GitHubDesktop\bin;C:\Users\prath\AppData\Local\Programs\Hyper\resources\bin;C:\Program Files\sf\bin;C:\Program Files\Common Files\Oracle\Java\javapath\sf\bin;C:\Users\prath\Downloads\flutter\bin;C:\Users\prath\AppData\Local\nvm;C:\nvm4w\nodejs;C:\Users\prath\AppData\Roaming\npm;
USERNAME=prath
OS=Windows_NT
PROCESSOR_IDENTIFIER=AMD64 Family 23 Model 104 Stepping 1, AuthenticAMD
TMP=C:\Users\prath\AppData\Local\Temp
TEMP=C:\Users\prath\AppData\Local\Temp



Periodic native trim disabled


---------------  S Y S T E M  ---------------

OS:
 Windows 11 , 64 bit Build 26100 (10.0.26100.8737)
OS uptime: 0 days 7:03 hours
Hyper-V role detected

CPU: total 12 (initial active 12) (12 cores per cpu, 2 threads per core) family 23 model 104 stepping 1 microcode 0x8608103, cx8, cmov, fxsr, ht, mmx, 3dnowpref, sse, sse2, sse3, ssse3, sse4a, sse4.1, sse4.2, popcnt, lzcnt, tsc, tscinvbit, avx, avx2, aes, clmul, bmi1, bmi2, adx, sha, fma, vzeroupper, clflush, clflushopt, hv
Processor Information for the first 12 processors :
  Max Mhz: 2100, Current Mhz: 1988, Mhz Limit: 2100

Memory: 4k page, system-wide physical 5989M (207M free)
TotalPageFile size 24421M (AvailPageFile size 7M)
current process WorkingSet (physical memory assigned to process): 217M, peak: 217M
current process commit charge ("private bytes"): 271M, peak: 273M

vm_info: OpenJDK 64-Bit Server VM (17.0.19+10-LTS) for windows-amd64 JRE (17.0.19+10-LTS), built on Apr 18 2026 18:24:40 by "MicrosoftCorporation" with MS VC++ 17.14 (VS2022)

END.
