#
# There is insufficient memory for the Java Runtime Environment to continue.
# Native memory allocation (malloc) failed to allocate 1848336 bytes. Error detail: Chunk::new
# Possible reasons:
#   The system is out of physical RAM or swap space
#   This process is running with CompressedOops enabled, and the Java Heap may be blocking the growth of the native heap
# Possible solutions:
#   Reduce memory load on the system
#   Increase physical memory or swap space
#   Check if swap backing store is full
#   Decrease Java heap size (-Xmx/-Xms)
#   Decrease number of Java threads
#   Decrease Java thread stack sizes (-Xss)
#   Set larger code cache with -XX:ReservedCodeCacheSize=
#   JVM is running with Unscaled Compressed Oops mode in which the Java heap is
#     placed in the first 4GB address space. The Java Heap base address is the
#     maximum limit for the native heap growth. Please use -XX:HeapBaseMinAddress
#     to set the Java Heap base and to place the Java Heap above 4GB virtual address.
# This output file may be truncated or incomplete.
#
#  Out of Memory Error (arena.cpp:191), pid=8308, tid=34716
#
# JRE version: OpenJDK Runtime Environment Microsoft-13877129 (17.0.19+10) (build 17.0.19+10-LTS)
# Java VM: OpenJDK 64-Bit Server VM Microsoft-13877129 (17.0.19+10-LTS, mixed mode, sharing, tiered, compressed oops, compressed class ptrs, g1 gc, windows-amd64)
# No core dump will be written. Minidumps are not enabled by default on client versions of Windows
#

---------------  S U M M A R Y ------------

Command Line: --add-opens=java.base/java.lang=ALL-UNNAMED --add-opens=java.base/java.lang.invoke=ALL-UNNAMED --add-opens=java.base/java.util=ALL-UNNAMED --add-opens=java.prefs/java.util.prefs=ALL-UNNAMED --add-exports=jdk.compiler/com.sun.tools.javac.api=ALL-UNNAMED --add-exports=jdk.compiler/com.sun.tools.javac.util=ALL-UNNAMED --add-opens=java.base/java.util=ALL-UNNAMED --add-opens=java.prefs/java.util.prefs=ALL-UNNAMED --add-opens=java.base/java.nio.charset=ALL-UNNAMED --add-opens=java.base/java.net=ALL-UNNAMED --add-opens=java.base/java.util.concurrent=ALL-UNNAMED --add-opens=java.base/java.util.concurrent.atomic=ALL-UNNAMED --add-opens=java.xml/javax.xml.namespace=ALL-UNNAMED --add-opens=java.base/java.time=ALL-UNNAMED -XX:MaxMetaspaceSize=512m -Xmx2048m -Dfile.encoding=windows-1252 -Duser.country=US -Duser.language=en -Duser.variant -javaagent:C:\Users\prath\.gradle\wrapper\dists\gradle-9.3.1-bin\23ovyewtku6u96viwx3xl3oks\gradle-9.3.1\lib\agents\gradle-instrumentation-agent-9.3.1.jar org.gradle.launcher.daemon.bootstrap.GradleDaemon 9.3.1

Host: AMD Ryzen 5 5500U with Radeon Graphics         , 12 cores, 5G,  Windows 11 , 64 bit Build 26100 (10.0.26100.8737)
Time: Fri Jul  3 14:05:10 2026 India Standard Time elapsed time: 46.824655 seconds (0d 0h 0m 46s)

---------------  T H R E A D  ---------------

Current thread (0x00000278c0d0ccd0):  JavaThread "C2 CompilerThread0" daemon [_thread_in_native, id=34716, stack(0x00000085c7400000,0x00000085c7500000)]


Current CompileTask:
C2:46824 9560       4       org.gradle.internal.instantiation.generator.AbstractClassGenerator::inspectType (602 bytes)

Stack: [0x00000085c7400000,0x00000085c7500000]
Native frames: (J=compiled Java code, j=interpreted, Vv=VM code, C=native code)
V  [jvm.dll+0x68cc89]  (no source info available)
V  [jvm.dll+0x845d89]  (no source info available)
V  [jvm.dll+0x847af8]  (no source info available)
V  [jvm.dll+0x848183]  (no source info available)
V  [jvm.dll+0x24d0bf]  (no source info available)
V  [jvm.dll+0xaed56]  (no source info available)
V  [jvm.dll+0xaf3fc]  (no source info available)
V  [jvm.dll+0x37186f]  (no source info available)
V  [jvm.dll+0x33baf5]  (no source info available)
V  [jvm.dll+0x33af5a]  (no source info available)
V  [jvm.dll+0x21dfc9]  (no source info available)
V  [jvm.dll+0x21d412]  (no source info available)
V  [jvm.dll+0x1a8db6]  (no source info available)
V  [jvm.dll+0x22dc6b]  (no source info available)
V  [jvm.dll+0x22bdf6]  (no source info available)
V  [jvm.dll+0x7fbecb]  (no source info available)
V  [jvm.dll+0x7f62cc]  (no source info available)
V  [jvm.dll+0x68e227]  (no source info available)
C  [ucrtbase.dll+0x2cd30]  (no source info available)
C  [KERNEL32.DLL+0x2e957]  (no source info available)
C  [ntdll.dll+0xaad6c]  (no source info available)


---------------  P R O C E S S  ---------------

Threads class SMR info:
_java_thread_list=0x00000278e4b979c0, length=88, elements={
0x00000278a27e71a0, 0x00000278c0ce77a0, 0x00000278c0ce9280, 0x00000278c0d06640,
0x00000278c0d06f10, 0x00000278c0d077e0, 0x00000278c0d0a0c0, 0x00000278c0d0ccd0,
0x00000278c1170090, 0x00000278c11709a0, 0x00000278c12619d0, 0x00000278c13baf20,
0x00000278e1a99fb0, 0x00000278e19dfe20, 0x00000278e1d98670, 0x00000278e19fd040,
0x00000278e19fd8f0, 0x00000278e23489a0, 0x00000278e1f749d0, 0x00000278e1f744c0,
0x00000278e1f73080, 0x00000278e1f74ee0, 0x00000278e1f753f0, 0x00000278e1f75900,
0x00000278e1f75e10, 0x00000278e1f76830, 0x00000278e1f73590, 0x00000278e1f73fb0,
0x00000278e1f73aa0, 0x00000278e234b750, 0x00000278e234a310, 0x00000278e234bc60,
0x00000278e234c170, 0x00000278e234c680, 0x00000278e2348ed0, 0x00000278e234cb90,
0x00000278e234ad30, 0x00000278e23493e0, 0x00000278e23498f0, 0x00000278e234d5b0,
0x00000278e2349e00, 0x00000278e234dac0, 0x00000278e234dfd0, 0x00000278e234e4e0,
0x00000278e234b240, 0x00000278e234e9f0, 0x00000278e234ef00, 0x00000278e2350340,
0x00000278e2350850, 0x00000278e234f410, 0x00000278e234f920, 0x00000278e234fe30,
0x00000278e2b7d3c0, 0x00000278e2b7ceb0, 0x00000278e2b7d8d0, 0x00000278e2b7c9a0,
0x00000278e2b7bf80, 0x00000278e2b7c490, 0x00000278e2b7e2f0, 0x00000278e2b7ba70,
0x00000278e2b7e800, 0x00000278e2b7b560, 0x00000278e2b7dde0, 0x00000278e2b7b050,
0x00000278e2b7f220, 0x00000278e2b824c0, 0x00000278e2b81fb0, 0x00000278e2b81aa0,
0x00000278e2b81590, 0x00000278e2b7ed10, 0x00000278e2b7fc40, 0x00000278e2b80150,
0x00000278e2b7f730, 0x00000278e2b80660, 0x00000278e49360e0, 0x00000278e4938960,
0x00000278e4938e70, 0x00000278e4939380, 0x00000278e4937f40, 0x00000278e4937a30,
0x00000278e4935bd0, 0x00000278e49365f0, 0x00000278e4937520, 0x00000278e4938450,
0x00000278e4937010, 0x00000278e4936b00, 0x00000278e56fb8d0, 0x00000278e56f9a70
}

Java Threads: ( => current thread )
  0x00000278a27e71a0 JavaThread "main" [_thread_blocked, id=22708, stack(0x00000085c6700000,0x00000085c6800000)]
  0x00000278c0ce77a0 JavaThread "Reference Handler" daemon [_thread_blocked, id=28968, stack(0x00000085c6e00000,0x00000085c6f00000)]
  0x00000278c0ce9280 JavaThread "Finalizer" daemon [_thread_blocked, id=34244, stack(0x00000085c6f00000,0x00000085c7000000)]
  0x00000278c0d06640 JavaThread "Signal Dispatcher" daemon [_thread_blocked, id=15476, stack(0x00000085c7000000,0x00000085c7100000)]
  0x00000278c0d06f10 JavaThread "Attach Listener" daemon [_thread_blocked, id=10968, stack(0x00000085c7100000,0x00000085c7200000)]
  0x00000278c0d077e0 JavaThread "Service Thread" daemon [_thread_blocked, id=30604, stack(0x00000085c7200000,0x00000085c7300000)]
  0x00000278c0d0a0c0 JavaThread "Monitor Deflation Thread" daemon [_thread_blocked, id=9996, stack(0x00000085c7300000,0x00000085c7400000)]
=>0x00000278c0d0ccd0 JavaThread "C2 CompilerThread0" daemon [_thread_in_native, id=34716, stack(0x00000085c7400000,0x00000085c7500000)]
  0x00000278c1170090 JavaThread "C1 CompilerThread0" daemon [_thread_blocked, id=31828, stack(0x00000085c7500000,0x00000085c7600000)]
  0x00000278c11709a0 JavaThread "Sweeper thread" daemon [_thread_blocked, id=30304, stack(0x00000085c7600000,0x00000085c7700000)]
  0x00000278c12619d0 JavaThread "Common-Cleaner" daemon [_thread_blocked, id=29880, stack(0x00000085c7700000,0x00000085c7800000)]
  0x00000278c13baf20 JavaThread "Notification Thread" daemon [_thread_blocked, id=31936, stack(0x00000085c7800000,0x00000085c7900000)]
  0x00000278e1a99fb0 JavaThread "Daemon health stats" [_thread_blocked, id=3488, stack(0x00000085c7e00000,0x00000085c7f00000)]
  0x00000278e19dfe20 JavaThread "Incoming local TCP Connector on port 59264" [_thread_in_native, id=35324, stack(0x00000085c7f00000,0x00000085c8000000)]
  0x00000278e1d98670 JavaThread "Daemon periodic checks" [_thread_blocked, id=26300, stack(0x00000085c8000000,0x00000085c8100000)]
  0x00000278e19fd040 JavaThread "Daemon" [_thread_blocked, id=32512, stack(0x00000085c8100000,0x00000085c8200000)]
  0x00000278e19fd8f0 JavaThread "Handler for socket connection from /127.0.0.1:59264 to /127.0.0.1:59265" [_thread_in_native, id=18560, stack(0x00000085c8200000,0x00000085c8300000)]
  0x00000278e23489a0 JavaThread "Cancel handler" [_thread_blocked, id=34960, stack(0x00000085c8300000,0x00000085c8400000)]
  0x00000278e1f749d0 JavaThread "Daemon worker" [_thread_in_vm, id=22736, stack(0x00000085c8400000,0x00000085c8500000)]
  0x00000278e1f744c0 JavaThread "Asynchronous log dispatcher for DefaultDaemonConnection: socket connection from /127.0.0.1:59264 to /127.0.0.1:59265" [_thread_blocked, id=21600, stack(0x00000085c8500000,0x00000085c8600000)]
  0x00000278e1f73080 JavaThread "Stdin handler" [_thread_blocked, id=30172, stack(0x00000085c8600000,0x00000085c8700000)]
  0x00000278e1f74ee0 JavaThread "Daemon client event forwarder" [_thread_blocked, id=30844, stack(0x00000085c8700000,0x00000085c8800000)]
  0x00000278e1f753f0 JavaThread "Cache worker for journal cache (C:\Users\prath\.gradle\caches\journal-1)" [_thread_blocked, id=23960, stack(0x00000085c8d00000,0x00000085c8e00000)]
  0x00000278e1f75900 JavaThread "File lock request listener" [_thread_in_native, id=31260, stack(0x00000085c8e00000,0x00000085c8f00000)]
  0x00000278e1f75e10 JavaThread "Cache worker for file hash cache (C:\Users\prath\.gradle\caches\9.3.1\fileHashes)" [_thread_blocked, id=21040, stack(0x00000085c8f00000,0x00000085c9000000)]
  0x00000278e1f76830 JavaThread "Cache worker for file hash cache (D:\Training\project-a\CleanVideoApp\android\.gradle\9.3.1\fileHashes)" [_thread_blocked, id=30684, stack(0x00000085c9200000,0x00000085c9300000)]
  0x00000278e1f73590 JavaThread "Cache worker for Build Output Cleanup Cache (D:\Training\project-a\CleanVideoApp\android\.gradle\buildOutputCleanup)" [_thread_blocked, id=13276, stack(0x00000085c9300000,0x00000085c9400000)]
  0x00000278e1f73fb0 JavaThread "File watcher server" daemon [_thread_in_native, id=33384, stack(0x00000085c9400000,0x00000085c9500000)]
  0x00000278e1f73aa0 JavaThread "File watcher consumer" daemon [_thread_blocked, id=19064, stack(0x00000085c9500000,0x00000085c9600000)]
  0x00000278e234b750 JavaThread "Cache worker for checksums cache (D:\Training\project-a\CleanVideoApp\android\.gradle\9.3.1\checksums)" [_thread_blocked, id=24560, stack(0x00000085c9600000,0x00000085c9700000)]
  0x00000278e234a310 JavaThread "Cache worker for file content cache (C:\Users\prath\.gradle\caches\9.3.1\fileContent)" [_thread_blocked, id=15372, stack(0x00000085c9700000,0x00000085c9800000)]
  0x00000278e234bc60 JavaThread "Cache worker for cache directory md-supplier (C:\Users\prath\.gradle\caches\9.3.1\md-supplier)" [_thread_blocked, id=24196, stack(0x00000085c9800000,0x00000085c9900000)]
  0x00000278e234c170 JavaThread "Cache worker for cache directory md-rule (C:\Users\prath\.gradle\caches\9.3.1\md-rule)" [_thread_blocked, id=16444, stack(0x00000085c9900000,0x00000085c9a00000)]
  0x00000278e234c680 JavaThread "jar transforms" [_thread_blocked, id=12976, stack(0x00000085c9c00000,0x00000085c9d00000)]
  0x00000278e2348ed0 JavaThread "Cache worker for Build Output Cleanup Cache (D:\Training\project-a\CleanVideoApp\node_modules\@react-native\gradle-plugin\.gradle\buildOutputCleanup)" [_thread_blocked, id=31880, stack(0x00000085c9d00000,0x00000085c9e00000)]
  0x00000278e234cb90 JavaThread "Unconstrained build operations" [_thread_blocked, id=31152, stack(0x00000085c9e00000,0x00000085c9f00000)]
  0x00000278e234ad30 JavaThread "Unconstrained build operations Thread 2" [_thread_blocked, id=17692, stack(0x00000085c9f00000,0x00000085ca000000)]
  0x00000278e23493e0 JavaThread "Unconstrained build operations Thread 3" [_thread_blocked, id=35800, stack(0x00000085ca000000,0x00000085ca100000)]
  0x00000278e23498f0 JavaThread "Unconstrained build operations Thread 4" [_thread_blocked, id=19772, stack(0x00000085ca100000,0x00000085ca200000)]
  0x00000278e234d5b0 JavaThread "Unconstrained build operations Thread 5" [_thread_blocked, id=29608, stack(0x00000085ca200000,0x00000085ca300000)]
  0x00000278e2349e00 JavaThread "Unconstrained build operations Thread 6" [_thread_blocked, id=30828, stack(0x00000085ca300000,0x00000085ca400000)]
  0x00000278e234dac0 JavaThread "Unconstrained build operations Thread 7" [_thread_blocked, id=28108, stack(0x00000085ca400000,0x00000085ca500000)]
  0x00000278e234dfd0 JavaThread "Unconstrained build operations Thread 8" [_thread_blocked, id=30776, stack(0x00000085ca500000,0x00000085ca600000)]
  0x00000278e234e4e0 JavaThread "Unconstrained build operations Thread 9" [_thread_blocked, id=33124, stack(0x00000085ca600000,0x00000085ca700000)]
  0x00000278e234b240 JavaThread "Unconstrained build operations Thread 10" [_thread_blocked, id=13324, stack(0x00000085ca700000,0x00000085ca800000)]
  0x00000278e234e9f0 JavaThread "Unconstrained build operations Thread 11" [_thread_blocked, id=35372, stack(0x00000085ca800000,0x00000085ca900000)]
  0x00000278e234ef00 JavaThread "Unconstrained build operations Thread 12" [_thread_blocked, id=23108, stack(0x00000085ca900000,0x00000085caa00000)]
  0x00000278e2350340 JavaThread "Unconstrained build operations Thread 13" [_thread_blocked, id=7624, stack(0x00000085caa00000,0x00000085cab00000)]
  0x00000278e2350850 JavaThread "Unconstrained build operations Thread 14" [_thread_blocked, id=20000, stack(0x00000085cab00000,0x00000085cac00000)]
  0x00000278e234f410 JavaThread "Unconstrained build operations Thread 15" [_thread_blocked, id=15036, stack(0x00000085cac00000,0x00000085cad00000)]
  0x00000278e234f920 JavaThread "Unconstrained build operations Thread 16" [_thread_blocked, id=31232, stack(0x00000085cad00000,0x00000085cae00000)]
  0x00000278e234fe30 JavaThread "Unconstrained build operations Thread 17" [_thread_blocked, id=12360, stack(0x00000085cae00000,0x00000085caf00000)]
  0x00000278e2b7d3c0 JavaThread "Unconstrained build operations Thread 18" [_thread_blocked, id=6328, stack(0x00000085caf00000,0x00000085cb000000)]
  0x00000278e2b7ceb0 JavaThread "Unconstrained build operations Thread 19" [_thread_blocked, id=29208, stack(0x00000085cb000000,0x00000085cb100000)]
  0x00000278e2b7d8d0 JavaThread "Unconstrained build operations Thread 20" [_thread_blocked, id=1384, stack(0x00000085cb100000,0x00000085cb200000)]
  0x00000278e2b7c9a0 JavaThread "Unconstrained build operations Thread 21" [_thread_blocked, id=33404, stack(0x00000085cb200000,0x00000085cb300000)]
  0x00000278e2b7bf80 JavaThread "Unconstrained build operations Thread 22" [_thread_blocked, id=27244, stack(0x00000085cb300000,0x00000085cb400000)]
  0x00000278e2b7c490 JavaThread "Unconstrained build operations Thread 23" [_thread_blocked, id=35076, stack(0x00000085cb400000,0x00000085cb500000)]
  0x00000278e2b7e2f0 JavaThread "Unconstrained build operations Thread 24" [_thread_blocked, id=32524, stack(0x00000085cb500000,0x00000085cb600000)]
  0x00000278e2b7ba70 JavaThread "Unconstrained build operations Thread 25" [_thread_blocked, id=28704, stack(0x00000085cb600000,0x00000085cb700000)]
  0x00000278e2b7e800 JavaThread "Unconstrained build operations Thread 26" [_thread_blocked, id=24792, stack(0x00000085cb700000,0x00000085cb800000)]
  0x00000278e2b7b560 JavaThread "Unconstrained build operations Thread 27" [_thread_blocked, id=31980, stack(0x00000085cb800000,0x00000085cb900000)]
  0x00000278e2b7dde0 JavaThread "Unconstrained build operations Thread 28" [_thread_blocked, id=32800, stack(0x00000085cb900000,0x00000085cba00000)]
  0x00000278e2b7b050 JavaThread "Unconstrained build operations Thread 29" [_thread_blocked, id=22624, stack(0x00000085cba00000,0x00000085cbb00000)]
  0x00000278e2b7f220 JavaThread "Unconstrained build operations Thread 30" [_thread_blocked, id=32784, stack(0x00000085cbb00000,0x00000085cbc00000)]
  0x00000278e2b824c0 JavaThread "Unconstrained build operations Thread 31" [_thread_blocked, id=31740, stack(0x00000085cbc00000,0x00000085cbd00000)]
  0x00000278e2b81fb0 JavaThread "Unconstrained build operations Thread 32" [_thread_blocked, id=28164, stack(0x00000085cbd00000,0x00000085cbe00000)]
  0x00000278e2b81aa0 JavaThread "Unconstrained build operations Thread 33" [_thread_blocked, id=24912, stack(0x00000085cbe00000,0x00000085cbf00000)]
  0x00000278e2b81590 JavaThread "Unconstrained build operations Thread 34" [_thread_blocked, id=31808, stack(0x00000085cbf00000,0x00000085cc000000)]
  0x00000278e2b7ed10 JavaThread "Unconstrained build operations Thread 35" [_thread_blocked, id=32004, stack(0x00000085cc000000,0x00000085cc100000)]
  0x00000278e2b7fc40 JavaThread "Unconstrained build operations Thread 36" [_thread_blocked, id=33444, stack(0x00000085cc100000,0x00000085cc200000)]
  0x00000278e2b80150 JavaThread "build event listener" [_thread_blocked, id=35308, stack(0x00000085cc400000,0x00000085cc500000)]
  0x00000278e2b7f730 JavaThread "Memory manager" [_thread_blocked, id=18488, stack(0x00000085cc500000,0x00000085cc600000)]
  0x00000278e2b80660 JavaThread "Problems report writer" [_thread_blocked, id=29740, stack(0x00000085cc600000,0x00000085cc700000)]
  0x00000278e49360e0 JavaThread "ForkJoinPool.commonPool-worker-1" daemon [_thread_blocked, id=28776, stack(0x00000085cc700000,0x00000085cc800000)]
  0x00000278e4938960 JavaThread "ForkJoinPool.commonPool-worker-2" daemon [_thread_blocked, id=30544, stack(0x00000085cc800000,0x00000085cc900000)]
  0x00000278e4938e70 JavaThread "ForkJoinPool.commonPool-worker-3" daemon [_thread_blocked, id=23504, stack(0x00000085cc900000,0x00000085cca00000)]
  0x00000278e4939380 JavaThread "ForkJoinPool.commonPool-worker-4" daemon [_thread_blocked, id=17588, stack(0x00000085cca00000,0x00000085ccb00000)]
  0x00000278e4937f40 JavaThread "ForkJoinPool.commonPool-worker-5" daemon [_thread_blocked, id=19068, stack(0x00000085ccb00000,0x00000085ccc00000)]
  0x00000278e4937a30 JavaThread "ForkJoinPool.commonPool-worker-6" daemon [_thread_blocked, id=13944, stack(0x00000085ccc00000,0x00000085ccd00000)]
  0x00000278e4935bd0 JavaThread "ForkJoinPool.commonPool-worker-7" daemon [_thread_blocked, id=27316, stack(0x00000085ccd00000,0x00000085cce00000)]
  0x00000278e49365f0 JavaThread "ForkJoinPool.commonPool-worker-8" daemon [_thread_blocked, id=32544, stack(0x00000085cce00000,0x00000085ccf00000)]
  0x00000278e4937520 JavaThread "ForkJoinPool.commonPool-worker-9" daemon [_thread_blocked, id=33948, stack(0x00000085ccf00000,0x00000085cd000000)]
  0x00000278e4938450 JavaThread "ForkJoinPool.commonPool-worker-10" daemon [_thread_blocked, id=35524, stack(0x00000085cd000000,0x00000085cd100000)]
  0x00000278e4937010 JavaThread "ForkJoinPool.commonPool-worker-11" daemon [_thread_blocked, id=25520, stack(0x00000085cd100000,0x00000085cd200000)]
  0x00000278e4936b00 JavaThread "Exec process" daemon [_thread_blocked, id=26020, stack(0x00000085cd200000,0x00000085cd300000)]
  0x00000278e56fb8d0 JavaThread "Exec process Thread 2" daemon [_thread_blocked, id=3580, stack(0x00000085cd300000,0x00000085cd400000)]
  0x00000278e56f9a70 JavaThread "Exec process Thread 3" daemon [_thread_blocked, id=27008, stack(0x00000085cd400000,0x00000085cd500000)]

Other Threads:
  0x00000278c0ce1390 VMThread "VM Thread" [stack: 0x00000085c6d00000,0x00000085c6e00000] [id=33908]
  0x00000278a27e7bd0 WatcherThread [stack: 0x00000085c7900000,0x00000085c7a00000] [id=30520]
  0x00000278a2844270 GCTaskThread "GC Thread#0" [stack: 0x00000085c6800000,0x00000085c6900000] [id=18300]
  0x00000278c13fa0a0 GCTaskThread "GC Thread#1" [stack: 0x00000085c7a00000,0x00000085c7b00000] [id=32444]
  0x00000278c155e230 GCTaskThread "GC Thread#2" [stack: 0x00000085c7b00000,0x00000085c7c00000] [id=35352]
  0x00000278e1255a40 GCTaskThread "GC Thread#3" [stack: 0x00000085c7c00000,0x00000085c7d00000] [id=11020]
  0x00000278e1255d10 GCTaskThread "GC Thread#4" [stack: 0x00000085c7d00000,0x00000085c7e00000] [id=30504]
  0x00000278e1256850 GCTaskThread "GC Thread#5" [stack: 0x00000085c8800000,0x00000085c8900000] [id=24952]
  0x00000278e1257390 GCTaskThread "GC Thread#6" [stack: 0x00000085c8900000,0x00000085c8a00000] [id=27660]
  0x00000278e1256580 GCTaskThread "GC Thread#7" [stack: 0x00000085c8a00000,0x00000085c8b00000] [id=22644]
  0x00000278e1256b20 GCTaskThread "GC Thread#8" [stack: 0x00000085c8b00000,0x00000085c8c00000] [id=7008]
  0x00000278e1255770 GCTaskThread "GC Thread#9" [stack: 0x00000085c8c00000,0x00000085c8d00000] [id=32532]
  0x00000278a2855240 ConcurrentGCThread "G1 Main Marker" [stack: 0x00000085c6900000,0x00000085c6a00000] [id=33204]
  0x00000278a2857d30 ConcurrentGCThread "G1 Conc#0" [stack: 0x00000085c6a00000,0x00000085c6b00000] [id=30360]
  0x00000278e2570230 ConcurrentGCThread "G1 Conc#1" [stack: 0x00000085c9000000,0x00000085c9100000] [id=14040]
  0x00000278e2571b80 ConcurrentGCThread "G1 Conc#2" [stack: 0x00000085c9100000,0x00000085c9200000] [id=22648]
  0x00000278a288e130 ConcurrentGCThread "G1 Refine#0" [stack: 0x00000085c6b00000,0x00000085c6c00000] [id=31104]
  0x00000278e3f0aa00 ConcurrentGCThread "G1 Refine#1" [stack: 0x00000085c9a00000,0x00000085c9b00000] [id=24600]
  0x00000278e3f0a100 ConcurrentGCThread "G1 Refine#2" [stack: 0x00000085c9b00000,0x00000085c9c00000] [id=24412]
  0x00000278a288e920 ConcurrentGCThread "G1 Service" [stack: 0x00000085c6c00000,0x00000085c6d00000] [id=20352]

Threads with active compile tasks:
C2 CompilerThread0  46903 9560       4       org.gradle.internal.instantiation.generator.AbstractClassGenerator::inspectType (602 bytes)

VM state: not at safepoint (normal execution)

VM Mutex/Monitor currently owned by a thread: None

Heap address: 0x0000000080000000, size: 2048 MB, Compressed Oops mode: 32-bit

CDS archive(s) mapped at: [0x00000278c2000000-0x00000278c2bb0000-0x00000278c2bb0000), size 12255232, SharedBaseAddress: 0x00000278c2000000, ArchiveRelocationMode: 1.
Compressed class space mapped at: 0x00000278c3000000-0x00000278dd000000, reserved size: 436207616
Narrow klass base: 0x00000278c2000000, Narrow klass shift: 0, Narrow klass range: 0x100000000

GC Precious Log:
 CPUs: 12 total, 12 available
 Memory: 5989M
 Large Page Support: Disabled
 NUMA Support: Disabled
 Compressed Oops: Enabled (32-bit)
 Heap Region Size: 1M
 Heap Min Capacity: 8M
 Heap Initial Capacity: 94M
 Heap Max Capacity: 2G
 Pre-touch: Disabled
 Parallel Workers: 10
 Concurrent Workers: 3
 Concurrent Refinement Workers: 10
 Periodic GC: Disabled

Heap:
 garbage-first heap   total 119808K, used 69816K [0x0000000080000000, 0x0000000100000000)
  region size 1024K, 6 young (6144K), 3 survivors (3072K)
 Metaspace       used 76144K, committed 77056K, reserved 557056K
  class space    used 10887K, committed 11328K, reserved 425984K

Heap Regions: E=young(eden), S=young(survivor), O=old, HS=humongous(starts), HC=humongous(continues), CS=collection set, F=free, OA=open archive, CA=closed archive, TAMS=top-at-mark-start (previous, next)
|   0|0x0000000080000000, 0x0000000080100000, 0x0000000080100000|100%|HS|  |TAMS 0x0000000080100000, 0x0000000080000000| Complete 
|   1|0x0000000080100000, 0x0000000080200000, 0x0000000080200000|100%|HC|  |TAMS 0x0000000080200000, 0x0000000080100000| Complete 
|   2|0x0000000080200000, 0x0000000080300000, 0x0000000080300000|100%|HC|  |TAMS 0x0000000080300000, 0x0000000080200000| Complete 
|   3|0x0000000080300000, 0x0000000080400000, 0x0000000080400000|100%|HC|  |TAMS 0x0000000080400000, 0x0000000080300000| Complete 
|   4|0x0000000080400000, 0x0000000080500000, 0x0000000080500000|100%| O|  |TAMS 0x0000000080500000, 0x0000000080400000| Untracked 
|   5|0x0000000080500000, 0x0000000080600000, 0x0000000080600000|100%| O|  |TAMS 0x0000000080600000, 0x0000000080500000| Untracked 
|   6|0x0000000080600000, 0x0000000080700000, 0x0000000080700000|100%| O|  |TAMS 0x0000000080700000, 0x0000000080600000| Untracked 
|   7|0x0000000080700000, 0x0000000080800000, 0x0000000080800000|100%|HS|  |TAMS 0x0000000080800000, 0x0000000080700000| Complete 
|   8|0x0000000080800000, 0x0000000080900000, 0x0000000080900000|100%| O|  |TAMS 0x0000000080900000, 0x0000000080800000| Untracked 
|   9|0x0000000080900000, 0x0000000080a00000, 0x0000000080a00000|100%| O|  |TAMS 0x0000000080a00000, 0x0000000080900000| Untracked 
|  10|0x0000000080a00000, 0x0000000080b00000, 0x0000000080b00000|100%| O|  |TAMS 0x0000000080b00000, 0x0000000080a00000| Untracked 
|  11|0x0000000080b00000, 0x0000000080c00000, 0x0000000080c00000|100%| O|  |TAMS 0x0000000080c00000, 0x0000000080b00000| Untracked 
|  12|0x0000000080c00000, 0x0000000080d00000, 0x0000000080d00000|100%| O|  |TAMS 0x0000000080d00000, 0x0000000080c00000| Untracked 
|  13|0x0000000080d00000, 0x0000000080e00000, 0x0000000080e00000|100%| O|  |TAMS 0x0000000080e00000, 0x0000000080d00000| Untracked 
|  14|0x0000000080e00000, 0x0000000080f00000, 0x0000000080f00000|100%| O|  |TAMS 0x0000000080f00000, 0x0000000080e00000| Untracked 
|  15|0x0000000080f00000, 0x0000000081000000, 0x0000000081000000|100%| O|  |TAMS 0x0000000081000000, 0x0000000080f00000| Untracked 
|  16|0x0000000081000000, 0x0000000081100000, 0x0000000081100000|100%| O|  |TAMS 0x0000000081100000, 0x0000000081000000| Untracked 
|  17|0x0000000081100000, 0x0000000081200000, 0x0000000081200000|100%| O|  |TAMS 0x0000000081200000, 0x0000000081100000| Untracked 
|  18|0x0000000081200000, 0x0000000081300000, 0x0000000081300000|100%| O|  |TAMS 0x0000000081300000, 0x0000000081200000| Untracked 
|  19|0x0000000081300000, 0x0000000081400000, 0x0000000081400000|100%| O|  |TAMS 0x0000000081400000, 0x0000000081300000| Untracked 
|  20|0x0000000081400000, 0x0000000081500000, 0x0000000081500000|100%| O|  |TAMS 0x0000000081500000, 0x0000000081400000| Untracked 
|  21|0x0000000081500000, 0x0000000081600000, 0x0000000081600000|100%| O|  |TAMS 0x0000000081600000, 0x0000000081500000| Untracked 
|  22|0x0000000081600000, 0x0000000081656800, 0x0000000081700000| 33%| O|  |TAMS 0x0000000081656800, 0x0000000081600000| Untracked 
|  23|0x0000000081700000, 0x0000000081800000, 0x0000000081800000|100%| O|  |TAMS 0x0000000081800000, 0x0000000081700000| Untracked 
|  24|0x0000000081800000, 0x0000000081900000, 0x0000000081900000|100%| O|  |TAMS 0x0000000081900000, 0x0000000081800000| Untracked 
|  25|0x0000000081900000, 0x0000000081a00000, 0x0000000081a00000|100%| O|  |TAMS 0x0000000081a00000, 0x0000000081900000| Untracked 
|  26|0x0000000081a00000, 0x0000000081b00000, 0x0000000081b00000|100%| O|  |TAMS 0x0000000081b00000, 0x0000000081a00000| Untracked 
|  27|0x0000000081b00000, 0x0000000081c00000, 0x0000000081c00000|100%| O|  |TAMS 0x0000000081c00000, 0x0000000081b00000| Untracked 
|  28|0x0000000081c00000, 0x0000000081d00000, 0x0000000081d00000|100%| O|  |TAMS 0x0000000081d00000, 0x0000000081c00000| Untracked 
|  29|0x0000000081d00000, 0x0000000081e00000, 0x0000000081e00000|100%| O|  |TAMS 0x0000000081e00000, 0x0000000081d00000| Untracked 
|  30|0x0000000081e00000, 0x0000000081f00000, 0x0000000081f00000|100%| O|  |TAMS 0x0000000081f00000, 0x0000000081e00000| Untracked 
|  31|0x0000000081f00000, 0x0000000082000000, 0x0000000082000000|100%| O|  |TAMS 0x0000000082000000, 0x0000000081f00000| Untracked 
|  32|0x0000000082000000, 0x0000000082100000, 0x0000000082100000|100%| O|  |TAMS 0x0000000082100000, 0x0000000082000000| Untracked 
|  33|0x0000000082100000, 0x0000000082200000, 0x0000000082200000|100%| O|  |TAMS 0x0000000082200000, 0x0000000082100000| Untracked 
|  34|0x0000000082200000, 0x0000000082300000, 0x0000000082300000|100%| O|  |TAMS 0x0000000082300000, 0x0000000082200000| Untracked 
|  35|0x0000000082300000, 0x0000000082400000, 0x0000000082400000|100%| O|  |TAMS 0x0000000082400000, 0x0000000082300000| Untracked 
|  36|0x0000000082400000, 0x0000000082500000, 0x0000000082500000|100%| O|  |TAMS 0x0000000082500000, 0x0000000082400000| Untracked 
|  37|0x0000000082500000, 0x0000000082600000, 0x0000000082600000|100%| O|  |TAMS 0x0000000082600000, 0x0000000082500000| Untracked 
|  38|0x0000000082600000, 0x0000000082700000, 0x0000000082700000|100%| O|  |TAMS 0x0000000082700000, 0x0000000082600000| Untracked 
|  39|0x0000000082700000, 0x0000000082800000, 0x0000000082800000|100%| O|  |TAMS 0x0000000082800000, 0x0000000082700000| Untracked 
|  40|0x0000000082800000, 0x0000000082900000, 0x0000000082900000|100%| O|  |TAMS 0x0000000082900000, 0x0000000082800000| Untracked 
|  41|0x0000000082900000, 0x0000000082a00000, 0x0000000082a00000|100%| O|  |TAMS 0x0000000082a00000, 0x0000000082900000| Untracked 
|  42|0x0000000082a00000, 0x0000000082b00000, 0x0000000082b00000|100%| O|  |TAMS 0x0000000082b00000, 0x0000000082a00000| Untracked 
|  43|0x0000000082b00000, 0x0000000082c00000, 0x0000000082c00000|100%| O|  |TAMS 0x0000000082c00000, 0x0000000082b00000| Untracked 
|  44|0x0000000082c00000, 0x0000000082d00000, 0x0000000082d00000|100%| O|  |TAMS 0x0000000082d00000, 0x0000000082c00000| Untracked 
|  45|0x0000000082d00000, 0x0000000082e00000, 0x0000000082e00000|100%| O|  |TAMS 0x0000000082e00000, 0x0000000082d00000| Untracked 
|  46|0x0000000082e00000, 0x0000000082f00000, 0x0000000082f00000|100%|HS|  |TAMS 0x0000000082f00000, 0x0000000082e00000| Complete 
|  47|0x0000000082f00000, 0x0000000083000000, 0x0000000083000000|100%|HC|  |TAMS 0x0000000083000000, 0x0000000082f00000| Complete 
|  48|0x0000000083000000, 0x0000000083100000, 0x0000000083100000|100%|HC|  |TAMS 0x0000000083100000, 0x0000000083000000| Complete 
|  49|0x0000000083100000, 0x0000000083200000, 0x0000000083200000|100%|HS|  |TAMS 0x0000000083200000, 0x0000000083100000| Complete 
|  50|0x0000000083200000, 0x0000000083300000, 0x0000000083300000|100%|HC|  |TAMS 0x0000000083300000, 0x0000000083200000| Complete 
|  51|0x0000000083300000, 0x0000000083400000, 0x0000000083400000|100%|HC|  |TAMS 0x0000000083400000, 0x0000000083300000| Complete 
|  52|0x0000000083400000, 0x0000000083500000, 0x0000000083500000|100%| O|  |TAMS 0x0000000083500000, 0x0000000083400000| Untracked 
|  53|0x0000000083500000, 0x0000000083600000, 0x0000000083600000|100%| O|  |TAMS 0x0000000083600000, 0x0000000083500000| Untracked 
|  54|0x0000000083600000, 0x0000000083700000, 0x0000000083700000|100%| O|  |TAMS 0x0000000083700000, 0x0000000083600000| Untracked 
|  55|0x0000000083700000, 0x0000000083800000, 0x0000000083800000|100%| O|  |TAMS 0x0000000083800000, 0x0000000083700000| Untracked 
|  56|0x0000000083800000, 0x0000000083900000, 0x0000000083900000|100%| O|  |TAMS 0x0000000083900000, 0x0000000083800000| Untracked 
|  57|0x0000000083900000, 0x0000000083a00000, 0x0000000083a00000|100%| O|  |TAMS 0x0000000083a00000, 0x0000000083900000| Untracked 
|  58|0x0000000083a00000, 0x0000000083b00000, 0x0000000083b00000|100%| O|  |TAMS 0x0000000083b00000, 0x0000000083a00000| Untracked 
|  59|0x0000000083b00000, 0x0000000083c00000, 0x0000000083c00000|100%| O|  |TAMS 0x0000000083c00000, 0x0000000083b00000| Untracked 
|  60|0x0000000083c00000, 0x0000000083d00000, 0x0000000083d00000|100%| O|  |TAMS 0x0000000083d00000, 0x0000000083c00000| Untracked 
|  61|0x0000000083d00000, 0x0000000083e00000, 0x0000000083e00000|100%| O|  |TAMS 0x0000000083e00000, 0x0000000083d00000| Untracked 
|  62|0x0000000083e00000, 0x0000000083f00000, 0x0000000083f00000|100%| O|  |TAMS 0x0000000083e2a800, 0x0000000083e00000| Untracked 
|  63|0x0000000083f00000, 0x0000000084000000, 0x0000000084000000|100%| O|  |TAMS 0x0000000083f00000, 0x0000000083f00000| Untracked 
|  64|0x0000000084000000, 0x00000000840be200, 0x0000000084100000| 74%| O|  |TAMS 0x0000000084000000, 0x0000000084000000| Untracked 
|  65|0x0000000084100000, 0x0000000084100000, 0x0000000084200000|  0%| F|  |TAMS 0x0000000084100000, 0x0000000084100000| Untracked 
|  66|0x0000000084200000, 0x0000000084200000, 0x0000000084300000|  0%| F|  |TAMS 0x0000000084200000, 0x0000000084200000| Untracked 
|  67|0x0000000084300000, 0x0000000084300000, 0x0000000084400000|  0%| F|  |TAMS 0x0000000084300000, 0x0000000084300000| Untracked 
|  68|0x0000000084400000, 0x0000000084400000, 0x0000000084500000|  0%| F|  |TAMS 0x0000000084400000, 0x0000000084400000| Untracked 
|  69|0x0000000084500000, 0x0000000084500000, 0x0000000084600000|  0%| F|  |TAMS 0x0000000084500000, 0x0000000084500000| Untracked 
|  70|0x0000000084600000, 0x0000000084600000, 0x0000000084700000|  0%| F|  |TAMS 0x0000000084600000, 0x0000000084600000| Untracked 
|  71|0x0000000084700000, 0x0000000084700000, 0x0000000084800000|  0%| F|  |TAMS 0x0000000084700000, 0x0000000084700000| Untracked 
|  72|0x0000000084800000, 0x0000000084800000, 0x0000000084900000|  0%| F|  |TAMS 0x0000000084800000, 0x0000000084800000| Untracked 
|  73|0x0000000084900000, 0x0000000084900000, 0x0000000084a00000|  0%| F|  |TAMS 0x0000000084900000, 0x0000000084900000| Untracked 
|  74|0x0000000084a00000, 0x0000000084a00000, 0x0000000084b00000|  0%| F|  |TAMS 0x0000000084a00000, 0x0000000084a00000| Untracked 
|  75|0x0000000084b00000, 0x0000000084b00000, 0x0000000084c00000|  0%| F|  |TAMS 0x0000000084b00000, 0x0000000084b00000| Untracked 
|  76|0x0000000084c00000, 0x0000000084c00000, 0x0000000084d00000|  0%| F|  |TAMS 0x0000000084c00000, 0x0000000084c00000| Untracked 
|  77|0x0000000084d00000, 0x0000000084d00000, 0x0000000084e00000|  0%| F|  |TAMS 0x0000000084d00000, 0x0000000084d00000| Untracked 
|  78|0x0000000084e00000, 0x0000000084e00000, 0x0000000084f00000|  0%| F|  |TAMS 0x0000000084e00000, 0x0000000084e00000| Untracked 
|  79|0x0000000084f00000, 0x0000000084f00000, 0x0000000085000000|  0%| F|  |TAMS 0x0000000084f00000, 0x0000000084f00000| Untracked 
|  80|0x0000000085000000, 0x0000000085000000, 0x0000000085100000|  0%| F|  |TAMS 0x0000000085000000, 0x0000000085000000| Untracked 
|  81|0x0000000085100000, 0x0000000085119850, 0x0000000085200000|  9%| S|CS|TAMS 0x0000000085100000, 0x0000000085100000| Complete 
|  82|0x0000000085200000, 0x0000000085300000, 0x0000000085300000|100%| S|CS|TAMS 0x0000000085200000, 0x0000000085200000| Complete 
|  83|0x0000000085300000, 0x0000000085400000, 0x0000000085400000|100%| S|CS|TAMS 0x0000000085300000, 0x0000000085300000| Complete 
|  84|0x0000000085400000, 0x0000000085400000, 0x0000000085500000|  0%| F|  |TAMS 0x0000000085400000, 0x0000000085400000| Untracked 
|  85|0x0000000085500000, 0x0000000085500000, 0x0000000085600000|  0%| F|  |TAMS 0x0000000085500000, 0x0000000085500000| Untracked 
|  86|0x0000000085600000, 0x0000000085600000, 0x0000000085700000|  0%| F|  |TAMS 0x0000000085600000, 0x0000000085600000| Untracked 
|  87|0x0000000085700000, 0x0000000085700000, 0x0000000085800000|  0%| F|  |TAMS 0x0000000085700000, 0x0000000085700000| Untracked 
|  88|0x0000000085800000, 0x0000000085800000, 0x0000000085900000|  0%| F|  |TAMS 0x0000000085800000, 0x0000000085800000| Untracked 
|  89|0x0000000085900000, 0x0000000085900000, 0x0000000085a00000|  0%| F|  |TAMS 0x0000000085900000, 0x0000000085900000| Untracked 
|  90|0x0000000085a00000, 0x0000000085a00000, 0x0000000085b00000|  0%| F|  |TAMS 0x0000000085a00000, 0x0000000085a00000| Untracked 
|  91|0x0000000085b00000, 0x0000000085b00000, 0x0000000085c00000|  0%| F|  |TAMS 0x0000000085b00000, 0x0000000085b00000| Untracked 
|  92|0x0000000085c00000, 0x0000000085c00000, 0x0000000085d00000|  0%| F|  |TAMS 0x0000000085c00000, 0x0000000085c00000| Untracked 
|  93|0x0000000085d00000, 0x0000000085d00000, 0x0000000085e00000|  0%| F|  |TAMS 0x0000000085d00000, 0x0000000085d00000| Untracked 
|  94|0x0000000085e00000, 0x0000000085e00000, 0x0000000085f00000|  0%| F|  |TAMS 0x0000000085e00000, 0x0000000085e00000| Untracked 
|  95|0x0000000085f00000, 0x0000000085f00000, 0x0000000086000000|  0%| F|  |TAMS 0x0000000085f00000, 0x0000000085f00000| Untracked 
|  96|0x0000000086000000, 0x0000000086000000, 0x0000000086100000|  0%| F|  |TAMS 0x0000000086000000, 0x0000000086000000| Untracked 
|  97|0x0000000086100000, 0x0000000086100000, 0x0000000086200000|  0%| F|  |TAMS 0x0000000086100000, 0x0000000086100000| Untracked 
|  98|0x0000000086200000, 0x0000000086200000, 0x0000000086300000|  0%| F|  |TAMS 0x0000000086200000, 0x0000000086200000| Untracked 
|  99|0x0000000086300000, 0x0000000086300000, 0x0000000086400000|  0%| F|  |TAMS 0x0000000086300000, 0x0000000086300000| Untracked 
| 100|0x0000000086400000, 0x0000000086400000, 0x0000000086500000|  0%| F|  |TAMS 0x0000000086400000, 0x0000000086400000| Untracked 
| 101|0x0000000086500000, 0x0000000086500000, 0x0000000086600000|  0%| F|  |TAMS 0x0000000086500000, 0x0000000086500000| Untracked 
| 102|0x0000000086600000, 0x0000000086600000, 0x0000000086700000|  0%| F|  |TAMS 0x0000000086600000, 0x0000000086600000| Untracked 
| 103|0x0000000086700000, 0x0000000086700000, 0x0000000086800000|  0%| F|  |TAMS 0x0000000086700000, 0x0000000086700000| Untracked 
| 104|0x0000000086800000, 0x0000000086800000, 0x0000000086900000|  0%| F|  |TAMS 0x0000000086800000, 0x0000000086800000| Untracked 
| 105|0x0000000086900000, 0x0000000086900000, 0x0000000086a00000|  0%| F|  |TAMS 0x0000000086900000, 0x0000000086900000| Untracked 
| 106|0x0000000086a00000, 0x0000000086a00000, 0x0000000086b00000|  0%| F|  |TAMS 0x0000000086a00000, 0x0000000086a00000| Untracked 
| 107|0x0000000086b00000, 0x0000000086c00000, 0x0000000086c00000|100%| E|CS|TAMS 0x0000000086b00000, 0x0000000086b00000| Complete 
| 108|0x0000000086c00000, 0x0000000086d00000, 0x0000000086d00000|100%| E|CS|TAMS 0x0000000086c00000, 0x0000000086c00000| Complete 
| 109|0x0000000086d00000, 0x0000000086d00000, 0x0000000086e00000|  0%| F|  |TAMS 0x0000000086d00000, 0x0000000086d00000| Untracked 
| 110|0x0000000086e00000, 0x0000000086e00000, 0x0000000086f00000|  0%| F|  |TAMS 0x0000000086e00000, 0x0000000086e00000| Untracked 
| 111|0x0000000086f00000, 0x0000000086f00000, 0x0000000087000000|  0%| F|  |TAMS 0x0000000086f00000, 0x0000000086f00000| Untracked 
| 112|0x0000000087000000, 0x0000000087000000, 0x0000000087100000|  0%| F|  |TAMS 0x0000000087000000, 0x0000000087000000| Untracked 
| 113|0x0000000087100000, 0x0000000087100000, 0x0000000087200000|  0%| F|  |TAMS 0x0000000087100000, 0x0000000087100000| Untracked 
| 114|0x0000000087200000, 0x0000000087200000, 0x0000000087300000|  0%| F|  |TAMS 0x0000000087200000, 0x0000000087200000| Untracked 
| 115|0x0000000087300000, 0x0000000087371ba8, 0x0000000087400000| 44%| E|  |TAMS 0x0000000087300000, 0x0000000087300000| Complete 
| 116|0x0000000087400000, 0x0000000087500000, 0x0000000087500000|100%| E|CS|TAMS 0x0000000087400000, 0x0000000087400000| Complete 

Card table byte_map: [0x00000278b9cc0000,0x00000278ba0c0000] _byte_map_base: 0x00000278b98c0000

Marking Bits (Prev, Next): (CMBitMap*) 0x00000278a28447b0, (CMBitMap*) 0x00000278a28447f0
 Prev Bits: [0x00000278ba4c0000, 0x00000278bc4c0000)
 Next Bits: [0x00000278bc4c0000, 0x00000278be4c0000)

Polling page: 0x00000278a0620000

Metaspace:

Usage:
  Non-class:     63.73 MB used.
      Class:     10.63 MB used.
       Both:     74.37 MB used.

Virtual space:
  Non-class space:      128.00 MB reserved,      64.19 MB ( 50%) committed,  2 nodes.
      Class space:      416.00 MB reserved,      11.06 MB (  3%) committed,  1 nodes.
             Both:      544.00 MB reserved,      75.25 MB ( 14%) committed. 

Chunk freelists:
   Non-Class:  15.56 MB
       Class:  4.89 MB
        Both:  20.45 MB

MaxMetaspaceSize: 512.00 MB
CompressedClassSpaceSize: 416.00 MB
Initial GC threshold: 21.00 MB
Current GC threshold: 125.25 MB
CDS: on
MetaspaceReclaimPolicy: balanced
 - commit_granule_bytes: 65536.
 - commit_granule_words: 8192.
 - virtual_space_node_default_size: 8388608.
 - enlarge_chunks_in_place: 1.
 - new_chunks_are_fully_committed: 0.
 - uncommit_free_chunks: 1.
 - use_allocation_guard: 0.
 - handle_deallocations: 1.


Internal statistics:

num_allocs_failed_limit: 6.
num_arena_births: 1326.
num_arena_deaths: 2.
num_vsnodes_births: 3.
num_vsnodes_deaths: 0.
num_space_committed: 1204.
num_space_uncommitted: 0.
num_chunks_returned_to_freelist: 10.
num_chunks_taken_from_freelist: 4727.
num_chunk_merges: 6.
num_chunk_splits: 3035.
num_chunks_enlarged: 1924.
num_inconsistent_stats: 0.

CodeHeap 'non-profiled nmethods': size=120000Kb used=4547Kb max_used=4547Kb free=115452Kb
 bounds [0x00000278b1e40000, 0x00000278b22c0000, 0x00000278b9370000]
CodeHeap 'profiled nmethods': size=120000Kb used=16354Kb max_used=16354Kb free=103645Kb
 bounds [0x00000278aa370000, 0x00000278ab370000, 0x00000278b18a0000]
CodeHeap 'non-nmethods': size=5760Kb used=1709Kb max_used=1751Kb free=4050Kb
 bounds [0x00000278b18a0000, 0x00000278b1b10000, 0x00000278b1e40000]
 total_blobs=9572 nmethods=8771 adapters=713
 compilation: enabled
              stopped_count=0, restarted_count=0
 full_count=0

Compilation events (20 events):
Event: 45.487 Thread 0x00000278c1170090 9629       3       org.gradle.internal.snapshot.impl.StringValueSnapshot::isolate (5 bytes)
Event: 45.488 Thread 0x00000278c1170090 nmethod 9629 0x00000278ab35ca90 code [0x00000278ab35cc40, 0x00000278ab35ce98]
Event: 45.498 Thread 0x00000278c1170090 9630       3       java.lang.invoke.MethodHandles$Lookup::newLookup (15 bytes)
Event: 45.499 Thread 0x00000278c1170090 nmethod 9630 0x00000278ab35cf90 code [0x00000278ab35d140, 0x00000278ab35d318]
Event: 45.499 Thread 0x00000278c1170090 9631       3       java.util.stream.AbstractPipeline::evaluate (94 bytes)
Event: 45.499 Thread 0x00000278c1170090 nmethod 9631 0x00000278ab35d410 code [0x00000278ab35d640, 0x00000278ab35dce8]
Event: 45.505 Thread 0x00000278c1170090 9632       3       java.util.Formatter::ensureOpen (16 bytes)
Event: 45.505 Thread 0x00000278c1170090 nmethod 9632 0x00000278ab35df10 code [0x00000278ab35e0c0, 0x00000278ab35e288]
Event: 45.538 Thread 0x00000278c1170090 9634       3       java.lang.ProcessEnvironment$CheckedEntry::getKey (5 bytes)
Event: 45.539 Thread 0x00000278c1170090 nmethod 9634 0x00000278ab35e390 code [0x00000278ab35e540, 0x00000278ab35e888]
Event: 45.539 Thread 0x00000278c1170090 9635       3       java.lang.ProcessEnvironment$CheckedEntry::getKey (13 bytes)
Event: 45.539 Thread 0x00000278c1170090 nmethod 9635 0x00000278ab35e990 code [0x00000278ab35eb40, 0x00000278ab35ee08]
Event: 45.539 Thread 0x00000278c1170090 9636       3       java.lang.ProcessEnvironment$CheckedEntry::getValue (5 bytes)
Event: 45.539 Thread 0x00000278c1170090 nmethod 9636 0x00000278ab35ef10 code [0x00000278ab35f0c0, 0x00000278ab35f408]
Event: 45.553 Thread 0x00000278c1170090 9637       3       java.lang.ProcessEnvironment$EntryComparator::compare (13 bytes)
Event: 45.554 Thread 0x00000278c1170090 nmethod 9637 0x00000278ab35f510 code [0x00000278ab35f720, 0x00000278ab35fe88]
Event: 45.554 Thread 0x00000278c1170090 9638       3       java.lang.ProcessEnvironment$EntryComparator::compare (25 bytes)
Event: 45.554 Thread 0x00000278c1170090 nmethod 9638 0x00000278ab360090 code [0x00000278ab360280, 0x00000278ab360768]
Event: 45.589 Thread 0x00000278c1170090 9641       3       java.lang.ThreadLocal::get (38 bytes)
Event: 45.589 Thread 0x00000278c1170090 nmethod 9641 0x00000278ab360910 code [0x00000278ab360ae0, 0x00000278ab360de8]

GC Heap History (20 events):
Event: 37.821 GC heap before
{Heap before GC invocations=26 (full 0):
 garbage-first heap   total 99328K, used 72395K [0x0000000080000000, 0x0000000100000000)
  region size 1024K, 18 young (18432K), 2 survivors (2048K)
 Metaspace       used 62904K, committed 63744K, reserved 491520K
  class space    used 8975K, committed 9344K, reserved 425984K
}
Event: 37.825 GC heap after
{Heap after GC invocations=27 (full 0):
 garbage-first heap   total 99328K, used 56595K [0x0000000080000000, 0x0000000100000000)
  region size 1024K, 2 young (2048K), 2 survivors (2048K)
 Metaspace       used 62904K, committed 63744K, reserved 491520K
  class space    used 8975K, committed 9344K, reserved 425984K
}
Event: 38.467 GC heap before
{Heap before GC invocations=27 (full 0):
 garbage-first heap   total 99328K, used 76051K [0x0000000080000000, 0x0000000100000000)
  region size 1024K, 21 young (21504K), 2 survivors (2048K)
 Metaspace       used 64156K, committed 64896K, reserved 491520K
  class space    used 9141K, committed 9472K, reserved 425984K
}
Event: 38.471 GC heap after
{Heap after GC invocations=28 (full 0):
 garbage-first heap   total 99328K, used 57818K [0x0000000080000000, 0x0000000100000000)
  region size 1024K, 3 young (3072K), 3 survivors (3072K)
 Metaspace       used 64156K, committed 64896K, reserved 491520K
  class space    used 9141K, committed 9472K, reserved 425984K
}
Event: 39.107 GC heap before
{Heap before GC invocations=29 (full 0):
 garbage-first heap   total 102400K, used 77274K [0x0000000080000000, 0x0000000100000000)
  region size 1024K, 22 young (22528K), 3 survivors (3072K)
 Metaspace       used 65461K, committed 66240K, reserved 491520K
  class space    used 9328K, committed 9664K, reserved 425984K
}
Event: 39.111 GC heap after
{Heap after GC invocations=30 (full 0):
 garbage-first heap   total 102400K, used 58288K [0x0000000080000000, 0x0000000100000000)
  region size 1024K, 2 young (2048K), 2 survivors (2048K)
 Metaspace       used 65461K, committed 66240K, reserved 491520K
  class space    used 9328K, committed 9664K, reserved 425984K
}
Event: 40.254 GC heap before
{Heap before GC invocations=30 (full 0):
 garbage-first heap   total 102400K, used 81840K [0x0000000080000000, 0x0000000100000000)
  region size 1024K, 25 young (25600K), 2 survivors (2048K)
 Metaspace       used 67429K, committed 68224K, reserved 491520K
  class space    used 9674K, committed 10048K, reserved 425984K
}
Event: 40.259 GC heap after
{Heap after GC invocations=31 (full 0):
 garbage-first heap   total 102400K, used 58991K [0x0000000080000000, 0x0000000100000000)
  region size 1024K, 3 young (3072K), 3 survivors (3072K)
 Metaspace       used 67429K, committed 68224K, reserved 491520K
  class space    used 9674K, committed 10048K, reserved 425984K
}
Event: 40.887 GC heap before
{Heap before GC invocations=32 (full 0):
 garbage-first heap   total 106496K, used 80495K [0x0000000080000000, 0x0000000100000000)
  region size 1024K, 25 young (25600K), 3 survivors (3072K)
 Metaspace       used 68696K, committed 69568K, reserved 491520K
  class space    used 9855K, committed 10240K, reserved 425984K
}
Event: 40.891 GC heap after
{Heap after GC invocations=33 (full 0):
 garbage-first heap   total 106496K, used 59729K [0x0000000080000000, 0x0000000100000000)
  region size 1024K, 2 young (2048K), 2 survivors (2048K)
 Metaspace       used 68696K, committed 69568K, reserved 491520K
  class space    used 9855K, committed 10240K, reserved 425984K
}
Event: 40.951 GC heap before
{Heap before GC invocations=33 (full 0):
 garbage-first heap   total 106496K, used 60753K [0x0000000080000000, 0x0000000100000000)
  region size 1024K, 4 young (4096K), 2 survivors (2048K)
 Metaspace       used 68852K, committed 69760K, reserved 491520K
  class space    used 9876K, committed 10304K, reserved 425984K
}
Event: 40.955 GC heap after
{Heap after GC invocations=34 (full 0):
 garbage-first heap   total 106496K, used 59989K [0x0000000080000000, 0x0000000100000000)
  region size 1024K, 3 young (3072K), 3 survivors (3072K)
 Metaspace       used 68852K, committed 69760K, reserved 491520K
  class space    used 9876K, committed 10304K, reserved 425984K
}
Event: 41.753 GC heap before
{Heap before GC invocations=35 (full 0):
 garbage-first heap   total 111616K, used 86613K [0x0000000080000000, 0x0000000100000000)
  region size 1024K, 28 young (28672K), 3 survivors (3072K)
 Metaspace       used 70814K, committed 71680K, reserved 491520K
  class space    used 10143K, committed 10560K, reserved 425984K
}
Event: 41.757 GC heap after
{Heap after GC invocations=36 (full 0):
 garbage-first heap   total 111616K, used 60919K [0x0000000080000000, 0x0000000100000000)
  region size 1024K, 3 young (3072K), 3 survivors (3072K)
 Metaspace       used 70814K, committed 71680K, reserved 491520K
  class space    used 10143K, committed 10560K, reserved 425984K
}
Event: 43.388 GC heap before
{Heap before GC invocations=36 (full 0):
 garbage-first heap   total 111616K, used 90615K [0x0000000080000000, 0x0000000100000000)
  region size 1024K, 32 young (32768K), 3 survivors (3072K)
 Metaspace       used 72238K, committed 73088K, reserved 491520K
  class space    used 10339K, committed 10752K, reserved 425984K
}
Event: 43.393 GC heap after
{Heap after GC invocations=37 (full 0):
 garbage-first heap   total 111616K, used 63090K [0x0000000080000000, 0x0000000100000000)
  region size 1024K, 4 young (4096K), 4 survivors (4096K)
 Metaspace       used 72238K, committed 73088K, reserved 491520K
  class space    used 10339K, committed 10752K, reserved 425984K
}
Event: 44.580 GC heap before
{Heap before GC invocations=38 (full 0):
 garbage-first heap   total 111616K, used 91762K [0x0000000080000000, 0x0000000100000000)
  region size 1024K, 32 young (32768K), 4 survivors (4096K)
 Metaspace       used 73939K, committed 74816K, reserved 491520K
  class space    used 10538K, committed 10944K, reserved 425984K
}
Event: 44.587 GC heap after
{Heap after GC invocations=39 (full 0):
 garbage-first heap   total 111616K, used 65601K [0x0000000080000000, 0x0000000100000000)
  region size 1024K, 3 young (3072K), 3 survivors (3072K)
 Metaspace       used 73939K, committed 74816K, reserved 491520K
  class space    used 10538K, committed 10944K, reserved 425984K
}
Event: 45.490 GC heap before
{Heap before GC invocations=39 (full 0):
 garbage-first heap   total 111616K, used 91201K [0x0000000080000000, 0x0000000100000000)
  region size 1024K, 28 young (28672K), 3 survivors (3072K)
 Metaspace       used 75755K, committed 76672K, reserved 557056K
  class space    used 10827K, committed 11264K, reserved 425984K
}
Event: 45.498 GC heap after
{Heap after GC invocations=40 (full 0):
 garbage-first heap   total 111616K, used 67768K [0x0000000080000000, 0x0000000100000000)
  region size 1024K, 3 young (3072K), 3 survivors (3072K)
 Metaspace       used 75755K, committed 76672K, reserved 557056K
  class space    used 10827K, committed 11264K, reserved 425984K
}

Dll operation events (15 events):
Event: 0.038 Loaded shared library C:\Program Files\Microsoft\jdk-17.0.19.10-hotspot\bin\java.dll
Event: 0.074 Loaded shared library C:\Program Files\Microsoft\jdk-17.0.19.10-hotspot\bin\jsvml.dll
Event: 0.179 Loaded shared library C:\Program Files\Microsoft\jdk-17.0.19.10-hotspot\bin\zip.dll
Event: 0.189 Loaded shared library C:\Program Files\Microsoft\jdk-17.0.19.10-hotspot\bin\instrument.dll
Event: 0.201 Loaded shared library C:\Program Files\Microsoft\jdk-17.0.19.10-hotspot\bin\net.dll
Event: 0.208 Loaded shared library C:\Program Files\Microsoft\jdk-17.0.19.10-hotspot\bin\nio.dll
Event: 0.214 Loaded shared library C:\Program Files\Microsoft\jdk-17.0.19.10-hotspot\bin\zip.dll
Event: 0.961 Loaded shared library C:\Program Files\Microsoft\jdk-17.0.19.10-hotspot\bin\jimage.dll
Event: 1.553 Loaded shared library C:\Program Files\Microsoft\jdk-17.0.19.10-hotspot\bin\verify.dll
Event: 1.629 Loaded shared library C:\Users\prath\.gradle\native\660c5614fbf4a5f2a75b1949f50a0caf5cd603558e7d8a26e50b933a0cfb79d1\windows-amd64\native-platform.dll
Event: 1.676 Loaded shared library C:\Users\prath\.gradle\native\0.2.8\x86_64-windows-gnu\gradle-fileevents.dll
Event: 6.576 Loaded shared library C:\Program Files\Microsoft\jdk-17.0.19.10-hotspot\bin\management.dll
Event: 6.595 Loaded shared library C:\Program Files\Microsoft\jdk-17.0.19.10-hotspot\bin\management_ext.dll
Event: 7.973 Loaded shared library C:\Program Files\Microsoft\jdk-17.0.19.10-hotspot\bin\extnet.dll
Event: 9.090 Loaded shared library C:\Program Files\Microsoft\jdk-17.0.19.10-hotspot\bin\sunmscapi.dll

Deoptimization events (20 events):
Event: 45.472 Thread 0x00000278e1f749d0 Uncommon trap: trap_request=0xffffff45 fr.pc=0x00000278b214affc relative=0x000000000000015c
Event: 45.472 Thread 0x00000278e1f749d0 Uncommon trap: reason=unstable_if action=reinterpret pc=0x00000278b214affc method=java.util.stream.AbstractPipeline.evaluate(Ljava/util/stream/TerminalOp;)Ljava/lang/Object; @ 53 c2
Event: 45.472 Thread 0x00000278e1f749d0 DEOPT PACKING pc=0x00000278b214affc sp=0x00000085c84f5ba0
Event: 45.472 Thread 0x00000278e1f749d0 DEOPT UNPACKING pc=0x00000278b18f69a3 sp=0x00000085c84f5b60 mode 2
Event: 45.472 Thread 0x00000278e1f749d0 Uncommon trap: trap_request=0xffffff45 fr.pc=0x00000278b1ea7324 relative=0x0000000000000104
Event: 45.472 Thread 0x00000278e1f749d0 Uncommon trap: reason=unstable_if action=reinterpret pc=0x00000278b1ea7324 method=java.util.stream.AbstractPipeline.sourceSpliterator(I)Ljava/util/Spliterator; @ 82 c2
Event: 45.472 Thread 0x00000278e1f749d0 DEOPT PACKING pc=0x00000278b1ea7324 sp=0x00000085c84f5b20
Event: 45.472 Thread 0x00000278e1f749d0 DEOPT UNPACKING pc=0x00000278b18f69a3 sp=0x00000085c84f5ab0 mode 2
Event: 45.479 Thread 0x00000278e4937f40 Uncommon trap: trap_request=0xffffff45 fr.pc=0x00000278b21379fc relative=0x00000000000001bc
Event: 45.479 Thread 0x00000278e4937f40 Uncommon trap: reason=unstable_if action=reinterpret pc=0x00000278b21379fc method=java.lang.ThreadLocal.get()Ljava/lang/Object; @ 11 c2
Event: 45.480 Thread 0x00000278e4937f40 DEOPT PACKING pc=0x00000278b21379fc sp=0x00000085ccbfec40
Event: 45.480 Thread 0x00000278e4937f40 DEOPT UNPACKING pc=0x00000278b18f69a3 sp=0x00000085ccbfebd8 mode 2
Event: 45.590 Thread 0x00000278e56f9a70 Uncommon trap: trap_request=0xffffffde fr.pc=0x00000278b1ed0c64 relative=0x0000000000000804
Event: 45.590 Thread 0x00000278e56f9a70 Uncommon trap: reason=class_check action=maybe_recompile pc=0x00000278b1ed0c64 method=java.io.BufferedInputStream.read1([BII)I @ 39 c2
Event: 45.590 Thread 0x00000278e56f9a70 DEOPT PACKING pc=0x00000278b1ed0c64 sp=0x00000085cd4ff1b0
Event: 45.590 Thread 0x00000278e56f9a70 DEOPT UNPACKING pc=0x00000278b18f69a3 sp=0x00000085cd4ff0c8 mode 2
Event: 45.994 Thread 0x00000278e56f9a70 Uncommon trap: trap_request=0xffffffde fr.pc=0x00000278b20c91fc relative=0x00000000000001bc
Event: 45.994 Thread 0x00000278e56f9a70 Uncommon trap: reason=class_check action=maybe_recompile pc=0x00000278b20c91fc method=java.io.BufferedInputStream.read1([BII)I @ 39 c2
Event: 45.994 Thread 0x00000278e56f9a70 DEOPT PACKING pc=0x00000278b20c91fc sp=0x00000085cd4ff110
Event: 45.994 Thread 0x00000278e56f9a70 DEOPT UNPACKING pc=0x00000278b18f69a3 sp=0x00000085cd4ff0b8 mode 2

Classes loaded (20 events):
Event: 43.520 Loading class java/text/CharacterIterator
Event: 43.521 Loading class java/text/CharacterIterator done
Event: 43.580 Loading class jdk/internal/reflect/UnsafeObjectFieldAccessorImpl
Event: 43.580 Loading class jdk/internal/reflect/UnsafeObjectFieldAccessorImpl done
Event: 45.022 Loading class java/lang/AbstractMethodError
Event: 45.023 Loading class java/lang/AbstractMethodError done
Event: 45.468 Loading class java/util/stream/ReferencePipeline$15
Event: 45.469 Loading class java/util/stream/ReferencePipeline$15 done
Event: 45.477 Loading class java/util/stream/ReferencePipeline$15$1
Event: 45.477 Loading class java/util/stream/ReferencePipeline$15$1 done
Event: 45.552 Loading class java/lang/ProcessImpl
Event: 45.553 Loading class java/lang/ProcessImpl done
Event: 45.581 Loading class java/lang/ProcessHandleImpl
Event: 45.582 Loading class java/lang/ProcessHandleImpl done
Event: 45.584 Loading class java/lang/ProcessImpl$2
Event: 45.584 Loading class java/lang/ProcessImpl$2 done
Event: 45.585 Loading class java/lang/Process$PipeInputStream
Event: 45.585 Loading class java/lang/Process$PipeInputStream done
Event: 45.585 Loading class jdk/internal/event/ProcessStartEvent
Event: 45.586 Loading class jdk/internal/event/ProcessStartEvent done

Classes unloaded (3 events):
Event: 35.463 Thread 0x00000278c0ce1390 Unloading class 0x00000278c35ac3e8 '_BuildScript_$_run_closure2'
Event: 35.463 Thread 0x00000278c0ce1390 Unloading class 0x00000278c35ac000 '_BuildScript_$_run_closure1'
Event: 35.463 Thread 0x00000278c0ce1390 Unloading class 0x00000278c35a0800 '_BuildScript_'

Classes redefined (0 events):
No events

Internal exceptions (20 events):
Event: 43.385 Thread 0x00000278e1f749d0 Exception <a 'java/lang/ClassNotFoundException'{0x0000000084dbdf28}: org/gradle/api/internal/project/DefaultProjectCustomizer> (0x0000000084dbdf28) 
thrown [s\src\hotspot\share\classfile\systemDictionary.cpp, line 256]
Event: 43.399 Thread 0x00000278e1f749d0 Exception <a 'java/lang/ClassNotFoundException'{0x0000000086c847d8}: org/gradle/api/internal/project/DefaultProject_DecoratedCustomizer> (0x0000000086c847d8) 
thrown [s\src\hotspot\share\classfile\systemDictionary.cpp, line 256]
Event: 43.485 Thread 0x00000278e1f749d0 Exception <a 'java/lang/IncompatibleClassChangeError'{0x0000000086bf5a50}: Found class java.lang.Object, but interface was expected> (0x0000000086bf5a50) 
thrown [s\src\hotspot\share\interpreter\linkResolver.cpp, line 826]
Event: 43.546 Thread 0x00000278e1f749d0 Exception <a 'java/lang/ClassNotFoundException'{0x00000000869bb5f8}: org/gradle/api/internal/project/DefaultAntBuilderBeanInfo> (0x00000000869bb5f8) 
thrown [s\src\hotspot\share\classfile\systemDictionary.cpp, line 256]
Event: 43.549 Thread 0x00000278e1f749d0 Exception <a 'java/lang/ClassNotFoundException'{0x00000000869dd4e8}: org/gradle/api/internal/project/ant/BasicAntBuilderBeanInfo> (0x00000000869dd4e8) 
thrown [s\src\hotspot\share\classfile\systemDictionary.cpp, line 256]
Event: 43.552 Thread 0x00000278e1f749d0 Exception <a 'java/lang/ClassNotFoundException'{0x00000000869fe490}: org/gradle/api/AntBuilderBeanInfo> (0x00000000869fe490) 
thrown [s\src\hotspot\share\classfile\systemDictionary.cpp, line 256]
Event: 43.554 Thread 0x00000278e1f749d0 Exception <a 'java/lang/ClassNotFoundException'{0x0000000086820b00}: groovy/ant/AntBuilderBeanInfo> (0x0000000086820b00) 
thrown [s\src\hotspot\share\classfile\systemDictionary.cpp, line 256]
Event: 43.558 Thread 0x00000278e1f749d0 Exception <a 'java/lang/ClassNotFoundException'{0x0000000086870138}: groovy/util/BuilderSupportBeanInfo> (0x0000000086870138) 
thrown [s\src\hotspot\share\classfile\systemDictionary.cpp, line 256]
Event: 43.561 Thread 0x00000278e1f749d0 Exception <a 'java/lang/ClassNotFoundException'{0x00000000868bfa48}: groovy/util/BuilderSupportCustomizer> (0x00000000868bfa48) 
thrown [s\src\hotspot\share\classfile\systemDictionary.cpp, line 256]
Event: 43.564 Thread 0x00000278e1f749d0 Exception <a 'java/lang/ClassNotFoundException'{0x00000000868e47b0}: groovy/ant/AntBuilderCustomizer> (0x00000000868e47b0) 
thrown [s\src\hotspot\share\classfile\systemDictionary.cpp, line 256]
Event: 43.567 Thread 0x00000278e1f749d0 Exception <a 'java/lang/ClassNotFoundException'{0x000000008670a6d8}: org/gradle/api/AntBuilderCustomizer> (0x000000008670a6d8) 
thrown [s\src\hotspot\share\classfile\systemDictionary.cpp, line 256]
Event: 43.570 Thread 0x00000278e1f749d0 Exception <a 'java/lang/ClassNotFoundException'{0x00000000867377d0}: org/gradle/api/internal/project/ant/BasicAntBuilderCustomizer> (0x00000000867377d0) 
thrown [s\src\hotspot\share\classfile\systemDictionary.cpp, line 256]
Event: 43.574 Thread 0x00000278e1f749d0 Exception <a 'java/lang/ClassNotFoundException'{0x000000008676c0f0}: org/gradle/api/internal/project/DefaultAntBuilderCustomizer> (0x000000008676c0f0) 
thrown [s\src\hotspot\share\classfile\systemDictionary.cpp, line 256]
Event: 45.277 Thread 0x00000278e1f749d0 Exception <a 'java/lang/NoSuchMethodError'{0x0000000085c2c900}: 'void java.lang.invoke.DirectMethodHandle$Holder.invokeStatic(java.lang.Object, int, java.lang.Object)'> (0x0000000085c2c900) 
thrown [s\src\hotspot\share\interpreter\linkResolver.cpp, line 759]
Event: 45.388 Thread 0x00000278e1f749d0 Exception <a 'java/lang/NoSuchMethodError'{0x0000000085712950}: 'void java.lang.invoke.DirectMethodHandle$Holder.invokeStaticInit(java.lang.Object)'> (0x0000000085712950) 
thrown [s\src\hotspot\share\interpreter\linkResolver.cpp, line 759]
Event: 45.479 Thread 0x00000278e4937f40 Implicit null exception at 0x00000278b213788f to 0x00000278b21379e8
Event: 45.580 Thread 0x00000278e4936b00 Exception <a 'java/lang/NoSuchMethodError'{0x0000000086b65438}: 'void java.lang.invoke.DirectMethodHandle$Holder.invokeStatic(java.lang.Object, long)'> (0x0000000086b65438) 
thrown [s\src\hotspot\share\interpreter\linkResolver.cpp, line 759]
Event: 45.583 Thread 0x00000278e4936b00 Exception <a 'java/lang/NoSuchMethodError'{0x0000000086b704d8}: 'java.lang.Object java.lang.invoke.DirectMethodHandle$Holder.invokeStatic(java.lang.Object, java.lang.Object, long, java.lang.Object)'> (0x0000000086b704d8) 
thrown [s\src\hotspot\share\interpreter\linkResolver.cpp, line 759]
Event: 45.583 Thread 0x00000278e4936b00 Exception <a 'java/lang/NoSuchMethodError'{0x0000000086b73cb0}: 'java.lang.Object java.lang.invoke.DirectMethodHandle$Holder.invokeStaticInit(java.lang.Object, java.lang.Object, long, java.lang.Object)'> (0x0000000086b73cb0) 
thrown [s\src\hotspot\share\interpreter\linkResolver.cpp, line 759]
Event: 46.144 Thread 0x00000278e4936b00 Exception <a 'java/lang/NoSuchMethodError'{0x0000000086b87df0}: 'void java.lang.invoke.DirectMethodHandle$Holder.invokeSpecial(java.lang.Object, java.lang.Object, int)'> (0x0000000086b87df0) 
thrown [s\src\hotspot\share\interpreter\linkResolver.cpp, line 759]

VM Operations (20 events):
Event: 43.393 Executing VM operation: G1CollectForAllocation done
Event: 43.450 Executing VM operation: G1PauseRemark
Event: 43.457 Executing VM operation: G1PauseRemark done
Event: 43.479 Executing VM operation: G1PauseCleanup
Event: 43.479 Executing VM operation: G1PauseCleanup done
Event: 43.500 Executing VM operation: HandshakeAllThreads
Event: 43.500 Executing VM operation: HandshakeAllThreads done
Event: 44.326 Executing VM operation: ICBufferFull
Event: 44.326 Executing VM operation: ICBufferFull done
Event: 44.580 Executing VM operation: G1CollectForAllocation
Event: 44.587 Executing VM operation: G1CollectForAllocation done
Event: 45.112 Executing VM operation: ICBufferFull
Event: 45.112 Executing VM operation: ICBufferFull done
Event: 45.490 Executing VM operation: G1CollectForAllocation
Event: 45.498 Executing VM operation: G1CollectForAllocation done
Event: 45.559 Executing VM operation: G1PauseRemark
Event: 45.566 Executing VM operation: G1PauseRemark done
Event: 45.593 Executing VM operation: G1PauseCleanup
Event: 45.593 Executing VM operation: G1PauseCleanup done
Event: 46.602 Executing VM operation: Cleanup

Memory protections (0 events):
No events

Nmethod flushes (20 events):
Event: 29.331 Thread 0x00000278c11709a0 flushing  nmethod 0x00000278aac6b410
Event: 29.331 Thread 0x00000278c11709a0 flushing  nmethod 0x00000278aac6ba90
Event: 29.331 Thread 0x00000278c11709a0 flushing  nmethod 0x00000278aac6be90
Event: 29.331 Thread 0x00000278c11709a0 flushing  nmethod 0x00000278aac6f490
Event: 29.331 Thread 0x00000278c11709a0 flushing  nmethod 0x00000278aac89510
Event: 29.331 Thread 0x00000278c11709a0 flushing  nmethod 0x00000278aac89a10
Event: 29.332 Thread 0x00000278c11709a0 flushing  nmethod 0x00000278aac8de10
Event: 29.332 Thread 0x00000278c11709a0 flushing  nmethod 0x00000278aac8ef90
Event: 29.332 Thread 0x00000278c11709a0 flushing  nmethod 0x00000278aacad890
Event: 29.332 Thread 0x00000278c11709a0 flushing  nmethod 0x00000278aacaf890
Event: 29.332 Thread 0x00000278c11709a0 flushing  nmethod 0x00000278aacb1a90
Event: 29.332 Thread 0x00000278c11709a0 flushing  nmethod 0x00000278aacd5710
Event: 29.332 Thread 0x00000278c11709a0 flushing  nmethod 0x00000278aace5b10
Event: 29.332 Thread 0x00000278c11709a0 flushing  nmethod 0x00000278aad00d90
Event: 29.332 Thread 0x00000278c11709a0 flushing  nmethod 0x00000278aad01590
Event: 29.332 Thread 0x00000278c11709a0 flushing  nmethod 0x00000278aad12e90
Event: 29.333 Thread 0x00000278c11709a0 flushing  nmethod 0x00000278aad35b90
Event: 41.692 Thread 0x00000278c11709a0 flushing  nmethod 0x00000278aa403390
Event: 41.693 Thread 0x00000278c11709a0 flushing  nmethod 0x00000278aa549b10
Event: 41.693 Thread 0x00000278c11709a0 flushing  nmethod 0x00000278aa573a90

Events (20 events):
Event: 34.638 Thread 0x00000278e1f749d0 Thread added: 0x00000278e2b81590
Event: 34.639 Thread 0x00000278e1f749d0 Thread added: 0x00000278e2b7ed10
Event: 34.641 Thread 0x00000278e1f749d0 Thread added: 0x00000278e2b7fc40
Event: 37.599 Thread 0x00000278e1f749d0 Thread added: 0x00000278e2b80150
Event: 39.303 Thread 0x00000278e1f749d0 Thread added: 0x00000278e2b7f730
Event: 41.079 Thread 0x00000278e1f749d0 Thread added: 0x00000278e2b80660
Event: 45.477 Thread 0x00000278e1f749d0 Thread added: 0x00000278e49360e0
Event: 45.478 Thread 0x00000278e49360e0 Thread added: 0x00000278e4938960
Event: 45.478 Thread 0x00000278e49360e0 Thread added: 0x00000278e4938e70
Event: 45.478 Thread 0x00000278e4938960 Thread added: 0x00000278e4939380
Event: 45.479 Thread 0x00000278e4938960 Thread added: 0x00000278e4937f40
Event: 45.479 Thread 0x00000278e4938e70 Thread added: 0x00000278e4937a30
Event: 45.480 Thread 0x00000278e4938960 Thread added: 0x00000278e4935bd0
Event: 45.480 Thread 0x00000278e4939380 Thread added: 0x00000278e49365f0
Event: 45.480 Thread 0x00000278e4938960 Thread added: 0x00000278e4937520
Event: 45.481 Thread 0x00000278e4938960 Thread added: 0x00000278e4938450
Event: 45.481 Thread 0x00000278e4935bd0 Thread added: 0x00000278e4937010
Event: 45.550 Thread 0x00000278e4938e70 Thread added: 0x00000278e4936b00
Event: 45.589 Thread 0x00000278e4936b00 Thread added: 0x00000278e56fb8d0
Event: 45.589 Thread 0x00000278e4936b00 Thread added: 0x00000278e56f9a70


Dynamic libraries:
0x00007ff64d010000 - 0x00007ff64d01e000 	C:\Program Files\Microsoft\jdk-17.0.19.10-hotspot\bin\java.exe
0x00007ffbac220000 - 0x00007ffbac486000 	C:\WINDOWS\SYSTEM32\ntdll.dll
0x00007ffbab560000 - 0x00007ffbab629000 	C:\WINDOWS\System32\KERNEL32.DLL
0x00007ffba9b40000 - 0x00007ffba9f40000 	C:\WINDOWS\System32\KERNELBASE.dll
0x00007ffba9440000 - 0x00007ffba958c000 	C:\WINDOWS\System32\ucrtbase.dll
0x00007ffb69470000 - 0x00007ffb69488000 	C:\Program Files\Microsoft\jdk-17.0.19.10-hotspot\bin\jli.dll
0x00007ffb69450000 - 0x00007ffb6946e000 	C:\Program Files\Microsoft\jdk-17.0.19.10-hotspot\bin\VCRUNTIME140.dll
0x00007ffba9f50000 - 0x00007ffbaa117000 	C:\WINDOWS\System32\USER32.dll
0x00007ffba9990000 - 0x00007ffba99b7000 	C:\WINDOWS\System32\win32u.dll
0x00007ffb94940000 - 0x00007ffb94bd2000 	C:\WINDOWS\WinSxS\amd64_microsoft.windows.common-controls_6595b64144ccf1df_6.0.26100.8737_none_3e092eaee333b772\COMCTL32.dll
0x00007ffbab050000 - 0x00007ffbab07b000 	C:\WINDOWS\System32\GDI32.dll
0x00007ffbabde0000 - 0x00007ffbabe89000 	C:\WINDOWS\System32\msvcrt.dll
0x00007ffba97a0000 - 0x00007ffba98c9000 	C:\WINDOWS\System32\gdi32full.dll
0x00007ffba95a0000 - 0x00007ffba9643000 	C:\WINDOWS\System32\msvcp_win.dll
0x00007ffbaab40000 - 0x00007ffbaab72000 	C:\WINDOWS\System32\IMM32.DLL
0x00007ffb703d0000 - 0x00007ffb703dc000 	C:\Program Files\Microsoft\jdk-17.0.19.10-hotspot\bin\vcruntime140_1.dll
0x00007ffb35930000 - 0x00007ffb359b9000 	C:\Program Files\Microsoft\jdk-17.0.19.10-hotspot\bin\msvcp140.dll
0x00007ffa96ce0000 - 0x00007ffa9795b000 	C:\Program Files\Microsoft\jdk-17.0.19.10-hotspot\bin\server\jvm.dll
0x00007ffbab9c0000 - 0x00007ffbaba77000 	C:\WINDOWS\System32\ADVAPI32.dll
0x00007ffbaa120000 - 0x00007ffbaa1ca000 	C:\WINDOWS\System32\sechost.dll
0x00007ffbabb80000 - 0x00007ffbabc98000 	C:\WINDOWS\System32\RPCRT4.dll
0x00007ffbab080000 - 0x00007ffbab100000 	C:\WINDOWS\System32\WS2_32.dll
0x00007ffba2200000 - 0x00007ffba2236000 	C:\WINDOWS\SYSTEM32\WINMM.dll
0x00007ffba2240000 - 0x00007ffba224b000 	C:\WINDOWS\SYSTEM32\VERSION.dll
0x00007ffba92c0000 - 0x00007ffba931e000 	C:\WINDOWS\SYSTEM32\POWRPROF.dll
0x00007ffba92a0000 - 0x00007ffba92b4000 	C:\WINDOWS\SYSTEM32\UMPDC.dll
0x00007ffba8120000 - 0x00007ffba813b000 	C:\WINDOWS\SYSTEM32\kernel.appcore.dll
0x00007ffb6e530000 - 0x00007ffb6e53a000 	C:\Program Files\Microsoft\jdk-17.0.19.10-hotspot\bin\jimage.dll
0x00007ffba6c50000 - 0x00007ffba6e92000 	C:\WINDOWS\SYSTEM32\DBGHELP.DLL
0x00007ffbab630000 - 0x00007ffbab9b3000 	C:\WINDOWS\System32\combase.dll
0x00007ffbaa9f0000 - 0x00007ffbaaac9000 	C:\WINDOWS\System32\OLEAUT32.dll
0x00007ffb92ff0000 - 0x00007ffb9302b000 	C:\WINDOWS\SYSTEM32\dbgcore.DLL
0x00007ffba9650000 - 0x00007ffba96fc000 	C:\WINDOWS\System32\bcryptPrimitives.dll
0x00007ffb77db0000 - 0x00007ffb77dbf000 	C:\Program Files\Microsoft\jdk-17.0.19.10-hotspot\bin\instrument.dll
0x00007ffb34ab0000 - 0x00007ffb34ad6000 	C:\Program Files\Microsoft\jdk-17.0.19.10-hotspot\bin\java.dll
0x00007ffb11ed0000 - 0x00007ffb11fa6000 	C:\Program Files\Microsoft\jdk-17.0.19.10-hotspot\bin\jsvml.dll
0x00007ffbaa1f0000 - 0x00007ffbaa982000 	C:\WINDOWS\System32\SHELL32.dll
0x00007ffba6ed0000 - 0x00007ffba7762000 	C:\WINDOWS\SYSTEM32\windows.storage.dll
0x00007ffbaba80000 - 0x00007ffbabb77000 	C:\WINDOWS\System32\SHCORE.dll
0x00007ffbabe90000 - 0x00007ffbabef7000 	C:\WINDOWS\System32\shlwapi.dll
0x00007ffba9360000 - 0x00007ffba9389000 	C:\WINDOWS\SYSTEM32\profapi.dll
0x00007ffb34a90000 - 0x00007ffb34aa8000 	C:\Program Files\Microsoft\jdk-17.0.19.10-hotspot\bin\zip.dll
0x00007ffb35910000 - 0x00007ffb3592b000 	C:\Program Files\Microsoft\jdk-17.0.19.10-hotspot\bin\net.dll
0x00007ffb9f120000 - 0x00007ffb9f249000 	C:\WINDOWS\SYSTEM32\WINHTTP.dll
0x00007ffba86d0000 - 0x00007ffba873c000 	C:\WINDOWS\system32\mswsock.dll
0x00007ffb35870000 - 0x00007ffb35886000 	C:\Program Files\Microsoft\jdk-17.0.19.10-hotspot\bin\nio.dll
0x00007ffb6d140000 - 0x00007ffb6d150000 	C:\Program Files\Microsoft\jdk-17.0.19.10-hotspot\bin\verify.dll
0x00007ffb6daf0000 - 0x00007ffb6db17000 	C:\Users\prath\.gradle\native\660c5614fbf4a5f2a75b1949f50a0caf5cd603558e7d8a26e50b933a0cfb79d1\windows-amd64\native-platform.dll
0x00007ffb348a0000 - 0x00007ffb34917000 	C:\Users\prath\.gradle\native\0.2.8\x86_64-windows-gnu\gradle-fileevents.dll
0x00007ffb6e360000 - 0x00007ffb6e36a000 	C:\Program Files\Microsoft\jdk-17.0.19.10-hotspot\bin\management.dll
0x00007ffb6e250000 - 0x00007ffb6e25c000 	C:\Program Files\Microsoft\jdk-17.0.19.10-hotspot\bin\management_ext.dll
0x00007ffbaaad0000 - 0x00007ffbaaad8000 	C:\WINDOWS\System32\PSAPI.DLL
0x00007ffba7ab0000 - 0x00007ffba7ae3000 	C:\WINDOWS\SYSTEM32\IPHLPAPI.DLL
0x00007ffbab040000 - 0x00007ffbab04a000 	C:\WINDOWS\System32\NSI.dll
0x00007ffb9ff80000 - 0x00007ffb9ff9d000 	C:\WINDOWS\SYSTEM32\dhcpcsvc6.DLL
0x00007ffb9f0f0000 - 0x00007ffb9f115000 	C:\WINDOWS\SYSTEM32\dhcpcsvc.DLL
0x00007ffba7b40000 - 0x00007ffba7c95000 	C:\WINDOWS\SYSTEM32\DNSAPI.dll
0x00007ffba84d0000 - 0x00007ffba84dd000 	C:\WINDOWS\SYSTEM32\DSPARSE.dll
0x00007ffb6dd50000 - 0x00007ffb6dd59000 	C:\Program Files\Microsoft\jdk-17.0.19.10-hotspot\bin\extnet.dll
0x00007ffba89d0000 - 0x00007ffba89eb000 	C:\WINDOWS\SYSTEM32\CRYPTSP.dll
0x00007ffba8080000 - 0x00007ffba80b9000 	C:\WINDOWS\system32\rsaenh.dll
0x00007ffba8790000 - 0x00007ffba87c2000 	C:\WINDOWS\SYSTEM32\USERENV.dll
0x00007ffba9330000 - 0x00007ffba935a000 	C:\WINDOWS\SYSTEM32\bcrypt.dll
0x00007ffba89f0000 - 0x00007ffba89fc000 	C:\WINDOWS\SYSTEM32\CRYPTBASE.dll
0x00007ffb704d0000 - 0x00007ffb704de000 	C:\Program Files\Microsoft\jdk-17.0.19.10-hotspot\bin\sunmscapi.dll
0x00007ffba99c0000 - 0x00007ffba9b38000 	C:\WINDOWS\System32\CRYPT32.dll
0x00007ffba8c10000 - 0x00007ffba8c40000 	C:\WINDOWS\SYSTEM32\ncrypt.dll
0x00007ffba8bc0000 - 0x00007ffba8bff000 	C:\WINDOWS\SYSTEM32\NTASN1.dll
0x00007ffb9e230000 - 0x00007ffb9e238000 	C:\WINDOWS\system32\wshunix.dll

dbghelp: loaded successfully - version: 4.0.5 - missing functions: none
symbol engine: initialized successfully - sym options: 0x614 - pdb path: .;C:\Program Files\Microsoft\jdk-17.0.19.10-hotspot\bin;C:\WINDOWS\SYSTEM32;C:\WINDOWS\WinSxS\amd64_microsoft.windows.common-controls_6595b64144ccf1df_6.0.26100.8737_none_3e092eaee333b772;C:\Program Files\Microsoft\jdk-17.0.19.10-hotspot\bin\server;C:\Users\prath\.gradle\native\660c5614fbf4a5f2a75b1949f50a0caf5cd603558e7d8a26e50b933a0cfb79d1\windows-amd64;C:\Users\prath\.gradle\native\0.2.8\x86_64-windows-gnu

VM Arguments:
jvm_args: --add-opens=java.base/java.lang=ALL-UNNAMED --add-opens=java.base/java.lang.invoke=ALL-UNNAMED --add-opens=java.base/java.util=ALL-UNNAMED --add-opens=java.prefs/java.util.prefs=ALL-UNNAMED --add-exports=jdk.compiler/com.sun.tools.javac.api=ALL-UNNAMED --add-exports=jdk.compiler/com.sun.tools.javac.util=ALL-UNNAMED --add-opens=java.base/java.util=ALL-UNNAMED --add-opens=java.prefs/java.util.prefs=ALL-UNNAMED --add-opens=java.base/java.nio.charset=ALL-UNNAMED --add-opens=java.base/java.net=ALL-UNNAMED --add-opens=java.base/java.util.concurrent=ALL-UNNAMED --add-opens=java.base/java.util.concurrent.atomic=ALL-UNNAMED --add-opens=java.xml/javax.xml.namespace=ALL-UNNAMED --add-opens=java.base/java.time=ALL-UNNAMED -XX:MaxMetaspaceSize=512m -Xmx2048m -Dfile.encoding=windows-1252 -Duser.country=US -Duser.language=en -Duser.variant -javaagent:C:\Users\prath\.gradle\wrapper\dists\gradle-9.3.1-bin\23ovyewtku6u96viwx3xl3oks\gradle-9.3.1\lib\agents\gradle-instrumentation-agent-9.3.1.jar 
java_command: org.gradle.launcher.daemon.bootstrap.GradleDaemon 9.3.1
java_class_path (initial): C:\Users\prath\.gradle\wrapper\dists\gradle-9.3.1-bin\23ovyewtku6u96viwx3xl3oks\gradle-9.3.1\lib\gradle-daemon-main-9.3.1.jar
Launcher Type: SUN_STANDARD

[Global flags]
     intx CICompilerCount                          = 4                                         {product} {ergonomic}
   size_t CompressedClassSpaceSize                 = 436207616                                 {product} {ergonomic}
     uint ConcGCThreads                            = 3                                         {product} {ergonomic}
     uint G1ConcRefinementThreads                  = 10                                        {product} {ergonomic}
   size_t G1HeapRegionSize                         = 1048576                                   {product} {ergonomic}
    uintx GCDrainStackTargetSize                   = 64                                        {product} {ergonomic}
   size_t InitialHeapSize                          = 98566144                                  {product} {ergonomic}
   size_t MarkStackSize                            = 4194304                                   {product} {ergonomic}
   size_t MaxHeapSize                              = 2147483648                                {product} {command line}
   size_t MaxMetaspaceSize                         = 536870912                                 {product} {command line}
   size_t MaxNewSize                               = 1287651328                                {product} {ergonomic}
   size_t MinHeapDeltaBytes                        = 1048576                                   {product} {ergonomic}
   size_t MinHeapSize                              = 8388608                                   {product} {ergonomic}
    uintx NonNMethodCodeHeapSize                   = 5839372                                {pd product} {ergonomic}
    uintx NonProfiledCodeHeapSize                  = 122909434                              {pd product} {ergonomic}
    uintx ProfiledCodeHeapSize                     = 122909434                              {pd product} {ergonomic}
    uintx ReservedCodeCacheSize                    = 251658240                              {pd product} {ergonomic}
     bool SegmentedCodeCache                       = true                                      {product} {ergonomic}
   size_t SoftMaxHeapSize                          = 2147483648                             {manageable} {ergonomic}
     bool UseCompressedClassPointers               = true                           {product lp64_product} {ergonomic}
     bool UseCompressedOops                        = true                           {product lp64_product} {ergonomic}
     bool UseG1GC                                  = true                                      {product} {ergonomic}
     bool UseLargePagesIndividualAllocation        = false                                  {pd product} {ergonomic}

Logging:
Log output configuration:
 #0: stdout all=warning uptime,level,tags
 #1: stderr all=off uptime,level,tags

Environment Variables:
JAVA_HOME=C:\Program Files\Microsoft\jdk-17.0.19.10-hotspot
CLASSPATH=.;D:\Training\java\mysql-connector-j-9.5.0.jar
PATH=D:\Training\project-a\CleanVideoApp\node_modules\.bin;D:\Training\project-a\CleanVideoApp\node_modules\.bin;D:\Training\project-a\node_modules\.bin;D:\Training\node_modules\.bin;D:\node_modules\.bin;C:\Users\prath\AppData\Local\nvm\v20.20.2\node_modules\npm\node_modules\@npmcli\run-script\lib\node-gyp-bin;C:\Users\prath\AppData\Local\Android\Sdk;C:\Users\prath\AppData\Local\Android\Sdk\platform-tools;C:\Users\prath\AppData\Local\Android\Sdk\emulator;C:\Program Files\Microsoft\jdk-17.0.19.10-hotspot\bin;C:\Windows\Microsoft.NET\Framework64\v4.0.30319;C:\Program Files (x86)\SQlite;C:\Program Files\MySQL\MySQL Server 8.0\bin;C:\Program Files\VideoLAN\VLC\;D:\Users\prath\AppData\Roaming\Python\Python311\Scripts;C:\Program Files\Python311\Scripts\;C:\Program Files\Python311\;C:\Program Files\Common Files\Oracle\Java\javapath;C:\WINDOWS\system32;C:\WINDOWS;C:\WINDOWS\System32\Wbem;C:\WINDOWS\System32\WindowsPowerShell\v1.0\;C:\WINDOWS\System32\OpenSSH\;C:\Program Files\Java\jdk-18.0.2.1\bin;C:\Program Files\Microsoft SQL Server\140\Tools\Binn\;C:\Program Files\Git\cmd;C:\Program Files\Microsoft SQL Server\150\Tools\Binn\;C:\Program Files\Microsoft SQL Server\Client SDK\ODBC\170\Tools\Binn\;C:\Program Files\dotnet\;C:\Users\prath\AppData\Roaming\Python\Python311\Scripts;C:\Program Files\WireGuard\;C:\Program Files\CodeBlocks\MinGW\bin;C:\Program Files\mysql-connector\mysql-connector-j-9.5.0\mysql-connector-j-9.5.0.jar;C:\Program Files\PostgreSQL\13\bin;C:\Program Files\PostgreSQL\18\bin;C:\Users\prath\AppData\Local\nvm;C:\nvm4w\nodejs;C:\ProgramData\chocolatey\bin;C:\Program Files\nodejs\;C:\Users\prath\AppData\Local\Android\Sdk\platform-tools;C:\Users\prath\AppData\Local\Android\Sdk\emulator;C:\Users\prath\AppData\Local\Android\Sdk\platform-tools;C:\Users\prath\AppData\Local\Android\Sdk\emulator;C:\Users\prath\AppData\Local\Android\Sdk;C:\Users\prath\AppData\Local\Microsoft\WindowsApps;C:\Users\prath\.dotnet\tools;C:\Users\prath\AppData\Local\Programs\Microsoft VS Code\bin;C:\Users\prath\AppData\Local\Microsoft\GitHubDesktop\bin;C:\Users\prath\AppData\Local\GitHubDesktop\bin;C:\Users\prath\AppData\Local\Programs\Hyper\resources\bin;C:\Program Files\sf\bin;C:\Program Files\Common Files\Oracle\Java\javapath\sf\bin;C:\Users\prath\Downloads\flutter\bin;C:\Users\prath\AppData\Local\nvm;C:\nvm4w\nodejs;C:\Users\prath\AppData\Roaming\npm;
USERNAME=prath
OS=Windows_NT
PROCESSOR_IDENTIFIER=AMD64 Family 23 Model 104 Stepping 1, AuthenticAMD
TMP=C:\Users\prath\AppData\Local\Temp
TEMP=C:\Users\prath\AppData\Local\Temp



Periodic native trim disabled


---------------  S Y S T E M  ---------------

OS:
 Windows 11 , 64 bit Build 26100 (10.0.26100.8737)
OS uptime: 0 days 6:52 hours
Hyper-V role detected

CPU: total 12 (initial active 12) (12 cores per cpu, 2 threads per core) family 23 model 104 stepping 1 microcode 0x8608103, cx8, cmov, fxsr, ht, mmx, 3dnowpref, sse, sse2, sse3, ssse3, sse4a, sse4.1, sse4.2, popcnt, lzcnt, tsc, tscinvbit, avx, avx2, aes, clmul, bmi1, bmi2, adx, sha, fma, vzeroupper, clflush, clflushopt, hv
Processor Information for the first 12 processors :
  Max Mhz: 2100, Current Mhz: 1988, Mhz Limit: 2100

Memory: 4k page, system-wide physical 5989M (193M free)
TotalPageFile size 24421M (AvailPageFile size 62M)
current process WorkingSet (physical memory assigned to process): 291M, peak: 291M
current process commit charge ("private bytes"): 377M, peak: 378M

vm_info: OpenJDK 64-Bit Server VM (17.0.19+10-LTS) for windows-amd64 JRE (17.0.19+10-LTS), built on Apr 18 2026 18:24:40 by "MicrosoftCorporation" with MS VC++ 17.14 (VS2022)

END.
