#
# There is insufficient memory for the Java Runtime Environment to continue.
# Native memory allocation (malloc) failed to allocate 1271216 bytes. Error detail: Chunk::new
# Possible reasons:
#   The system is out of physical RAM or swap space
#   This process is running with CompressedOops enabled, and the Java Heap may be blocking the growth of the native heap
# Possible solutions:
#   Reduce memory load on the system
#   Increase physical memory or swap space
#   Check if swap backing store is full
#   Decrease Java heap size (-Xmx/-Xms)
#   Decrease number of Java threads
#   Decrease Java thread stack sizes (-Xss)
#   Set larger code cache with -XX:ReservedCodeCacheSize=
#   JVM is running with Unscaled Compressed Oops mode in which the Java heap is
#     placed in the first 4GB address space. The Java Heap base address is the
#     maximum limit for the native heap growth. Please use -XX:HeapBaseMinAddress
#     to set the Java Heap base and to place the Java Heap above 4GB virtual address.
# This output file may be truncated or incomplete.
#
#  Out of Memory Error (arena.cpp:191), pid=32928, tid=12916
#
# JRE version: OpenJDK Runtime Environment Microsoft-13877129 (17.0.19+10) (build 17.0.19+10-LTS)
# Java VM: OpenJDK 64-Bit Server VM Microsoft-13877129 (17.0.19+10-LTS, mixed mode, sharing, tiered, compressed oops, compressed class ptrs, g1 gc, windows-amd64)
# No core dump will be written. Minidumps are not enabled by default on client versions of Windows
#

---------------  S U M M A R Y ------------

Command Line: --add-opens=java.base/java.lang=ALL-UNNAMED --add-opens=java.base/java.lang.invoke=ALL-UNNAMED --add-opens=java.base/java.util=ALL-UNNAMED --add-opens=java.prefs/java.util.prefs=ALL-UNNAMED --add-exports=jdk.compiler/com.sun.tools.javac.api=ALL-UNNAMED --add-exports=jdk.compiler/com.sun.tools.javac.util=ALL-UNNAMED --add-opens=java.base/java.util=ALL-UNNAMED --add-opens=java.prefs/java.util.prefs=ALL-UNNAMED --add-opens=java.base/java.nio.charset=ALL-UNNAMED --add-opens=java.base/java.net=ALL-UNNAMED --add-opens=java.base/java.util.concurrent=ALL-UNNAMED --add-opens=java.base/java.util.concurrent.atomic=ALL-UNNAMED --add-opens=java.xml/javax.xml.namespace=ALL-UNNAMED --add-opens=java.base/java.time=ALL-UNNAMED -XX:MaxMetaspaceSize=384m -XX:+HeapDumpOnOutOfMemoryError -Xmx1536m -Dfile.encoding=windows-1252 -Duser.country=US -Duser.language=en -Duser.variant -javaagent:C:\Users\prath\.gradle\wrapper\dists\gradle-9.3.1-bin\23ovyewtku6u96viwx3xl3oks\gradle-9.3.1\lib\agents\gradle-instrumentation-agent-9.3.1.jar org.gradle.launcher.daemon.bootstrap.GradleDaemon 9.3.1

Host: AMD Ryzen 5 5500U with Radeon Graphics         , 12 cores, 5G,  Windows 11 , 64 bit Build 26100 (10.0.26100.8875)
Time: Wed Jul 22 06:25:47 2026 India Standard Time elapsed time: 89.478466 seconds (0d 0h 1m 29s)

---------------  T H R E A D  ---------------

Current thread (0x0000025573550240):  JavaThread "C2 CompilerThread0" daemon [_thread_in_native, id=12916, stack(0x000000c10bb00000,0x000000c10bc00000)]


Current CompileTask:
C2:89478 14630   !   4       java.nio.file.Files::walkFileTree (297 bytes)

Stack: [0x000000c10bb00000,0x000000c10bc00000]
Native frames: (J=compiled Java code, j=interpreted, Vv=VM code, C=native code)
V  [jvm.dll+0x68cc89]  (no source info available)
V  [jvm.dll+0x845d89]  (no source info available)
V  [jvm.dll+0x847af8]  (no source info available)
V  [jvm.dll+0x848183]  (no source info available)
V  [jvm.dll+0x24d0bf]  (no source info available)
V  [jvm.dll+0xaed56]  (no source info available)
V  [jvm.dll+0xaf3fc]  (no source info available)
V  [jvm.dll+0x37186f]  (no source info available)
V  [jvm.dll+0x1c07d3]  (no source info available)
V  [jvm.dll+0x21e120]  (no source info available)
V  [jvm.dll+0x21d412]  (no source info available)
V  [jvm.dll+0x1a8db6]  (no source info available)
V  [jvm.dll+0x22dc6b]  (no source info available)
V  [jvm.dll+0x22bdf6]  (no source info available)
V  [jvm.dll+0x7fbecb]  (no source info available)
V  [jvm.dll+0x7f62cc]  (no source info available)
V  [jvm.dll+0x68e227]  (no source info available)
C  [ucrtbase.dll+0x2cd30]  (no source info available)
C  [KERNEL32.DLL+0x2e957]  (no source info available)
C  [ntdll.dll+0xaad6c]  (no source info available)


---------------  P R O C E S S  ---------------

Threads class SMR info:
_java_thread_list=0x000002557b081900, length=72, elements={
0x0000025555f30980, 0x000002557352c550, 0x000002557352ef30, 0x000002557354cc90,
0x000002557354d560, 0x000002557354de30, 0x000002557354eea0, 0x0000025573550240,
0x0000025573554310, 0x000002557355fb90, 0x00000255735ae960, 0x00000255736ff2a0,
0x000002557973b320, 0x000002557943e740, 0x000002557990e960, 0x0000025578e0b750,
0x00000255780bfa50, 0x0000025578d86180, 0x0000025578d84830, 0x0000025578d870b0,
0x0000025578d85250, 0x0000025578d86690, 0x0000025578d84320, 0x0000025578d84d40,
0x0000025578d86ba0, 0x0000025578d85c70, 0x0000025578d875c0, 0x0000025578d87ad0,
0x0000025579d139b0, 0x0000025579d12570, 0x0000025579d12a80, 0x0000025579d12f90,
0x0000025579d11640, 0x0000025579d13ec0, 0x0000025579d11b50, 0x0000025579d143d0,
0x0000025579d15d20, 0x0000025579d14df0, 0x0000025579d18090, 0x0000025579d17670,
0x0000025579d185a0, 0x0000025579d16c50, 0x0000025579d16230, 0x0000025579e74b80,
0x0000025579e77e20, 0x0000025579e77400, 0x0000025579e76ef0, 0x0000025579e75090,
0x0000025579e77910, 0x0000025579e755a0, 0x0000025579e75ab0, 0x0000025579e78d50,
0x0000025579e75fc0, 0x0000025579e79260, 0x0000025579e7bff0, 0x0000025579e79770,
0x0000025579e7b0c0, 0x0000025579e7a6a0, 0x0000025579e7a190, 0x0000025579e7abb0,
0x0000025579e7bae0, 0x000002557ab07e80, 0x000002557ab050f0, 0x000002557ab08390,
0x000002557ab06020, 0x000002557ab07460, 0x000002557ab06530, 0x000002557ab08db0,
0x000002557ab05600, 0x000002557ab0a700, 0x000002557ab0c050, 0x000002557ab0ca70
}

Java Threads: ( => current thread )
  0x0000025555f30980 JavaThread "main" [_thread_blocked, id=8364, stack(0x000000c10ae00000,0x000000c10af00000)]
  0x000002557352c550 JavaThread "Reference Handler" daemon [_thread_blocked, id=19688, stack(0x000000c10b500000,0x000000c10b600000)]
  0x000002557352ef30 JavaThread "Finalizer" daemon [_thread_blocked, id=11236, stack(0x000000c10b600000,0x000000c10b700000)]
  0x000002557354cc90 JavaThread "Signal Dispatcher" daemon [_thread_blocked, id=33176, stack(0x000000c10b700000,0x000000c10b800000)]
  0x000002557354d560 JavaThread "Attach Listener" daemon [_thread_blocked, id=33256, stack(0x000000c10b800000,0x000000c10b900000)]
  0x000002557354de30 JavaThread "Service Thread" daemon [_thread_blocked, id=32016, stack(0x000000c10b900000,0x000000c10ba00000)]
  0x000002557354eea0 JavaThread "Monitor Deflation Thread" daemon [_thread_blocked, id=11116, stack(0x000000c10ba00000,0x000000c10bb00000)]
=>0x0000025573550240 JavaThread "C2 CompilerThread0" daemon [_thread_in_native, id=12916, stack(0x000000c10bb00000,0x000000c10bc00000)]
  0x0000025573554310 JavaThread "C1 CompilerThread0" daemon [_thread_blocked, id=13292, stack(0x000000c10bc00000,0x000000c10bd00000)]
  0x000002557355fb90 JavaThread "Sweeper thread" daemon [_thread_blocked, id=27320, stack(0x000000c10bd00000,0x000000c10be00000)]
  0x00000255735ae960 JavaThread "Common-Cleaner" daemon [_thread_blocked, id=2572, stack(0x000000c10be00000,0x000000c10bf00000)]
  0x00000255736ff2a0 JavaThread "Notification Thread" daemon [_thread_blocked, id=29188, stack(0x000000c10bf00000,0x000000c10c000000)]
  0x000002557973b320 JavaThread "Daemon health stats" [_thread_blocked, id=5108, stack(0x000000c10c500000,0x000000c10c600000)]
  0x000002557943e740 JavaThread "Incoming local TCP Connector on port 57257" [_thread_in_native, id=26432, stack(0x000000c10c600000,0x000000c10c700000)]
  0x000002557990e960 JavaThread "Daemon periodic checks" [_thread_blocked, id=27332, stack(0x000000c10c700000,0x000000c10c800000)]
  0x0000025578e0b750 JavaThread "Daemon" [_thread_blocked, id=32092, stack(0x000000c10c800000,0x000000c10c900000)]
  0x00000255780bfa50 JavaThread "Handler for socket connection from /127.0.0.1:57257 to /127.0.0.1:57258" [_thread_in_native, id=29740, stack(0x000000c10c900000,0x000000c10ca00000)]
  0x0000025578d86180 JavaThread "Cancel handler" [_thread_blocked, id=16724, stack(0x000000c10ca00000,0x000000c10cb00000)]
  0x0000025578d84830 JavaThread "Daemon worker" [_thread_in_Java, id=32848, stack(0x000000c10cb00000,0x000000c10cc00000)]
  0x0000025578d870b0 JavaThread "Asynchronous log dispatcher for DefaultDaemonConnection: socket connection from /127.0.0.1:57257 to /127.0.0.1:57258" [_thread_blocked, id=30240, stack(0x000000c10cc00000,0x000000c10cd00000)]
  0x0000025578d85250 JavaThread "Stdin handler" [_thread_blocked, id=31824, stack(0x000000c10cd00000,0x000000c10ce00000)]
  0x0000025578d86690 JavaThread "Daemon client event forwarder" [_thread_blocked, id=14084, stack(0x000000c10ce00000,0x000000c10cf00000)]
  0x0000025578d84320 JavaThread "Cache worker for journal cache (C:\Users\prath\.gradle\caches\journal-1)" [_thread_blocked, id=13912, stack(0x000000c10d400000,0x000000c10d500000)]
  0x0000025578d84d40 JavaThread "File lock request listener" [_thread_in_native, id=31092, stack(0x000000c10d500000,0x000000c10d600000)]
  0x0000025578d86ba0 JavaThread "Cache worker for file hash cache (C:\Users\prath\.gradle\caches\9.3.1\fileHashes)" [_thread_blocked, id=14284, stack(0x000000c10d600000,0x000000c10d700000)]
  0x0000025578d85c70 JavaThread "Cache worker for file hash cache (D:\Training\project-a\projectvideo-app\projectvideo-frontend\android\.gradle\9.3.1\fileHashes)" [_thread_blocked, id=28748, stack(0x000000c10d900000,0x000000c10da00000)]
  0x0000025578d875c0 JavaThread "Cache worker for Build Output Cleanup Cache (D:\Training\project-a\projectvideo-app\projectvideo-frontend\android\.gradle\buildOutputCleanup)" [_thread_blocked, id=24496, stack(0x000000c10da00000,0x000000c10db00000)]
  0x0000025578d87ad0 JavaThread "File watcher server" daemon [_thread_in_native, id=25996, stack(0x000000c10db00000,0x000000c10dc00000)]
  0x0000025579d139b0 JavaThread "File watcher consumer" daemon [_thread_blocked, id=9064, stack(0x000000c10dc00000,0x000000c10dd00000)]
  0x0000025579d12570 JavaThread "Cache worker for checksums cache (D:\Training\project-a\projectvideo-app\projectvideo-frontend\android\.gradle\9.3.1\checksums)" [_thread_blocked, id=33296, stack(0x000000c10dd00000,0x000000c10de00000)]
  0x0000025579d12a80 JavaThread "Cache worker for file content cache (C:\Users\prath\.gradle\caches\9.3.1\fileContent)" [_thread_blocked, id=21000, stack(0x000000c10de00000,0x000000c10df00000)]
  0x0000025579d12f90 JavaThread "Cache worker for cache directory md-supplier (C:\Users\prath\.gradle\caches\9.3.1\md-supplier)" [_thread_blocked, id=24400, stack(0x000000c10df00000,0x000000c10e000000)]
  0x0000025579d11640 JavaThread "Cache worker for cache directory md-rule (C:\Users\prath\.gradle\caches\9.3.1\md-rule)" [_thread_blocked, id=24092, stack(0x000000c10e000000,0x000000c10e100000)]
  0x0000025579d13ec0 JavaThread "jar transforms" [_thread_blocked, id=27900, stack(0x000000c10e300000,0x000000c10e400000)]
  0x0000025579d11b50 JavaThread "Cache worker for Build Output Cleanup Cache (D:\Training\project-a\projectvideo-app\projectvideo-frontend\node_modules\@react-native\gradle-plugin\.gradle\buildOutputCleanup)" [_thread_blocked, id=28828, stack(0x000000c10e400000,0x000000c10e500000)]
  0x0000025579d143d0 JavaThread "Unconstrained build operations" [_thread_blocked, id=12188, stack(0x000000c10e600000,0x000000c10e700000)]
  0x0000025579d15d20 JavaThread "Unconstrained build operations Thread 2" [_thread_blocked, id=26500, stack(0x000000c10e700000,0x000000c10e800000)]
  0x0000025579d14df0 JavaThread "Unconstrained build operations Thread 3" [_thread_blocked, id=28332, stack(0x000000c10e800000,0x000000c10e900000)]
  0x0000025579d18090 JavaThread "Unconstrained build operations Thread 4" [_thread_blocked, id=32808, stack(0x000000c10e900000,0x000000c10ea00000)]
  0x0000025579d17670 JavaThread "Unconstrained build operations Thread 5" [_thread_blocked, id=27108, stack(0x000000c10ea00000,0x000000c10eb00000)]
  0x0000025579d185a0 JavaThread "Unconstrained build operations Thread 6" [_thread_blocked, id=19732, stack(0x000000c10eb00000,0x000000c10ec00000)]
  0x0000025579d16c50 JavaThread "build event listener" [_thread_blocked, id=28104, stack(0x000000c10ec00000,0x000000c10ed00000)]
  0x0000025579d16230 JavaThread "Memory manager" [_thread_blocked, id=31132, stack(0x000000c10ed00000,0x000000c10ee00000)]
  0x0000025579e74b80 JavaThread "Problems report writer" [_thread_blocked, id=22716, stack(0x000000c10ee00000,0x000000c10ef00000)]
  0x0000025579e77e20 JavaThread "ForkJoinPool.commonPool-worker-1" daemon [_thread_blocked, id=22100, stack(0x000000c10ef00000,0x000000c10f000000)]
  0x0000025579e77400 JavaThread "ForkJoinPool.commonPool-worker-2" daemon [_thread_blocked, id=3896, stack(0x000000c10f000000,0x000000c10f100000)]
  0x0000025579e76ef0 JavaThread "ForkJoinPool.commonPool-worker-3" daemon [_thread_blocked, id=16228, stack(0x000000c10f100000,0x000000c10f200000)]
  0x0000025579e75090 JavaThread "ForkJoinPool.commonPool-worker-4" daemon [_thread_blocked, id=4360, stack(0x000000c10f200000,0x000000c10f300000)]
  0x0000025579e77910 JavaThread "ForkJoinPool.commonPool-worker-5" daemon [_thread_blocked, id=27836, stack(0x000000c10f300000,0x000000c10f400000)]
  0x0000025579e755a0 JavaThread "ForkJoinPool.commonPool-worker-6" daemon [_thread_blocked, id=28408, stack(0x000000c10f400000,0x000000c10f500000)]
  0x0000025579e75ab0 JavaThread "ForkJoinPool.commonPool-worker-7" daemon [_thread_blocked, id=23840, stack(0x000000c10f500000,0x000000c10f600000)]
  0x0000025579e78d50 JavaThread "ForkJoinPool.commonPool-worker-8" daemon [_thread_blocked, id=3996, stack(0x000000c10f600000,0x000000c10f700000)]
  0x0000025579e75fc0 JavaThread "ForkJoinPool.commonPool-worker-9" daemon [_thread_blocked, id=33080, stack(0x000000c10f700000,0x000000c10f800000)]
  0x0000025579e79260 JavaThread "ForkJoinPool.commonPool-worker-10" daemon [_thread_blocked, id=33460, stack(0x000000c10f800000,0x000000c10f900000)]
  0x0000025579e7bff0 JavaThread "ForkJoinPool.commonPool-worker-11" daemon [_thread_blocked, id=26200, stack(0x000000c10f900000,0x000000c10fa00000)]
  0x0000025579e79770 JavaThread "Exec process" daemon [_thread_blocked, id=29652, stack(0x000000c10fa00000,0x000000c10fb00000)]
  0x0000025579e7b0c0 JavaThread "Exec process Thread 2" daemon [_thread_blocked, id=13352, stack(0x000000c10fb00000,0x000000c10fc00000)]
  0x0000025579e7a6a0 JavaThread "Exec process Thread 3" daemon [_thread_blocked, id=10096, stack(0x000000c10fc00000,0x000000c10fd00000)]
  0x0000025579e7a190 JavaThread "included builds" [_thread_blocked, id=30744, stack(0x000000c10fd00000,0x000000c10fe00000)]
  0x0000025579e7abb0 JavaThread "Cache worker for execution history cache (D:\Training\project-a\projectvideo-app\projectvideo-frontend\node_modules\@react-native\gradle-plugin\.gradle\9.3.1\executionHistory)" [_thread_blocked, id=29672, stack(0x000000c10fe00000,0x000000c10ff00000)]
  0x0000025579e7bae0 JavaThread "Unconstrained build operations Thread 7" [_thread_blocked, id=20584, stack(0x000000c110100000,0x000000c110200000)]
  0x000002557ab07e80 JavaThread "Unconstrained build operations Thread 8" [_thread_blocked, id=26084, stack(0x000000c110200000,0x000000c110300000)]
  0x000002557ab050f0 JavaThread "Unconstrained build operations Thread 9" [_thread_blocked, id=31808, stack(0x000000c110300000,0x000000c110400000)]
  0x000002557ab08390 JavaThread "Unconstrained build operations Thread 10" [_thread_blocked, id=29592, stack(0x000000c110500000,0x000000c110600000)]
  0x000002557ab06020 JavaThread "jar transforms Thread 2" [_thread_blocked, id=24720, stack(0x000000c110400000,0x000000c110500000)]
  0x000002557ab07460 JavaThread "jar transforms Thread 3" [_thread_blocked, id=29480, stack(0x000000c110600000,0x000000c110700000)]
  0x000002557ab06530 JavaThread "jar transforms Thread 4" [_thread_blocked, id=7296, stack(0x000000c110700000,0x000000c110800000)]
  0x000002557ab08db0 JavaThread "jar transforms Thread 5" [_thread_blocked, id=25536, stack(0x000000c110800000,0x000000c110900000)]
  0x000002557ab05600 JavaThread "jar transforms Thread 6" [_thread_blocked, id=33044, stack(0x000000c110900000,0x000000c110a00000)]
  0x000002557ab0a700 JavaThread "build event listener" [_thread_blocked, id=23512, stack(0x000000c10ab00000,0x000000c10ac00000)]
  0x000002557ab0c050 JavaThread "jar transforms Thread 7" [_thread_blocked, id=28280, stack(0x000000c10ac00000,0x000000c10ad00000)]
  0x000002557ab0ca70 JavaThread "jar transforms Thread 8" [_thread_blocked, id=12616, stack(0x000000c10ad00000,0x000000c10ae00000)]

Other Threads:
  0x0000025573528da0 VMThread "VM Thread" [stack: 0x000000c10b400000,0x000000c10b500000] [id=13424]
  0x0000025555f31710 WatcherThread [stack: 0x000000c10c000000,0x000000c10c100000] [id=23372]
  0x0000025555f7ebb0 GCTaskThread "GC Thread#0" [stack: 0x000000c10af00000,0x000000c10b000000] [id=33604]
  0x00000255737faaf0 GCTaskThread "GC Thread#1" [stack: 0x000000c10c100000,0x000000c10c200000] [id=19412]
  0x00000255739088c0 GCTaskThread "GC Thread#2" [stack: 0x000000c10c200000,0x000000c10c300000] [id=24896]
  0x00000255789e9330 GCTaskThread "GC Thread#3" [stack: 0x000000c10c300000,0x000000c10c400000] [id=16804]
  0x00000255789eac80 GCTaskThread "GC Thread#4" [stack: 0x000000c10c400000,0x000000c10c500000] [id=25052]
  0x00000255789e98d0 GCTaskThread "GC Thread#5" [stack: 0x000000c10cf00000,0x000000c10d000000] [id=26344]
  0x00000255789ea9b0 GCTaskThread "GC Thread#6" [stack: 0x000000c10d000000,0x000000c10d100000] [id=10940]
  0x00000255789e9060 GCTaskThread "GC Thread#7" [stack: 0x000000c10d100000,0x000000c10d200000] [id=30168]
  0x00000255789e9ba0 GCTaskThread "GC Thread#8" [stack: 0x000000c10d200000,0x000000c10d300000] [id=26868]
  0x00000255789ea140 GCTaskThread "GC Thread#9" [stack: 0x000000c10d300000,0x000000c10d400000] [id=33680]
  0x0000025555f8ba20 ConcurrentGCThread "G1 Main Marker" [stack: 0x000000c10b000000,0x000000c10b100000] [id=684]
  0x0000025555f8d020 ConcurrentGCThread "G1 Conc#0" [stack: 0x000000c10b100000,0x000000c10b200000] [id=24132]
  0x0000025579b96170 ConcurrentGCThread "G1 Conc#1" [stack: 0x000000c10d700000,0x000000c10d800000] [id=28808]
  0x0000025579b988d0 ConcurrentGCThread "G1 Conc#2" [stack: 0x000000c10d800000,0x000000c10d900000] [id=3700]
  0x00000255733e20c0 ConcurrentGCThread "G1 Refine#0" [stack: 0x000000c10b200000,0x000000c10b300000] [id=30104]
  0x000002557ac1f8a0 ConcurrentGCThread "G1 Refine#1" [stack: 0x000000c10e100000,0x000000c10e200000] [id=4452]
  0x000002557ac1fba0 ConcurrentGCThread "G1 Refine#2" [stack: 0x000000c10e200000,0x000000c10e300000] [id=29140]
  0x0000025555fdbcf0 ConcurrentGCThread "G1 Service" [stack: 0x000000c10b300000,0x000000c10b400000] [id=28212]

Threads with active compile tasks:
C2 CompilerThread0  89593 14630   !   4       java.nio.file.Files::walkFileTree (297 bytes)

VM state: not at safepoint (normal execution)

VM Mutex/Monitor currently owned by a thread: None

Heap address: 0x00000000a0000000, size: 1536 MB, Compressed Oops mode: 32-bit

CDS archive(s) mapped at: [0x0000025500000000-0x0000025500bb0000-0x0000025500bb0000), size 12255232, SharedBaseAddress: 0x0000025500000000, ArchiveRelocationMode: 1.
Compressed class space mapped at: 0x0000025501000000-0x0000025515000000, reserved size: 335544320
Narrow klass base: 0x0000025500000000, Narrow klass shift: 0, Narrow klass range: 0x100000000

GC Precious Log:
 CPUs: 12 total, 12 available
 Memory: 5989M
 Large Page Support: Disabled
 NUMA Support: Disabled
 Compressed Oops: Enabled (32-bit)
 Heap Region Size: 1M
 Heap Min Capacity: 8M
 Heap Initial Capacity: 94M
 Heap Max Capacity: 1536M
 Pre-touch: Disabled
 Parallel Workers: 10
 Concurrent Workers: 3
 Concurrent Refinement Workers: 10
 Periodic GC: Disabled

Heap:
 garbage-first heap   total 240640K, used 173091K [0x00000000a0000000, 0x0000000100000000)
  region size 1024K, 39 young (39936K), 2 survivors (2048K)
 Metaspace       used 109122K, committed 110336K, reserved 458752K
  class space    used 15141K, committed 15744K, reserved 327680K

Heap Regions: E=young(eden), S=young(survivor), O=old, HS=humongous(starts), HC=humongous(continues), CS=collection set, F=free, OA=open archive, CA=closed archive, TAMS=top-at-mark-start (previous, next)
|   0|0x00000000a0000000, 0x00000000a0100000, 0x00000000a0100000|100%|HS|  |TAMS 0x00000000a0100000, 0x00000000a0000000| Complete 
|   1|0x00000000a0100000, 0x00000000a0200000, 0x00000000a0200000|100%|HC|  |TAMS 0x00000000a0200000, 0x00000000a0100000| Complete 
|   2|0x00000000a0200000, 0x00000000a0300000, 0x00000000a0300000|100%|HC|  |TAMS 0x00000000a0300000, 0x00000000a0200000| Complete 
|   3|0x00000000a0300000, 0x00000000a0400000, 0x00000000a0400000|100%|HC|  |TAMS 0x00000000a0400000, 0x00000000a0300000| Complete 
|   4|0x00000000a0400000, 0x00000000a0500000, 0x00000000a0500000|100%| O|  |TAMS 0x00000000a0500000, 0x00000000a0400000| Untracked 
|   5|0x00000000a0500000, 0x00000000a0600000, 0x00000000a0600000|100%| O|  |TAMS 0x00000000a0600000, 0x00000000a0500000| Untracked 
|   6|0x00000000a0600000, 0x00000000a0700000, 0x00000000a0700000|100%| O|  |TAMS 0x00000000a0700000, 0x00000000a0600000| Untracked 
|   7|0x00000000a0700000, 0x00000000a0800000, 0x00000000a0800000|100%|HS|  |TAMS 0x00000000a0800000, 0x00000000a0700000| Complete 
|   8|0x00000000a0800000, 0x00000000a0900000, 0x00000000a0900000|100%| O|  |TAMS 0x00000000a0900000, 0x00000000a0800000| Untracked 
|   9|0x00000000a0900000, 0x00000000a0a00000, 0x00000000a0a00000|100%| O|  |TAMS 0x00000000a0a00000, 0x00000000a0900000| Untracked 
|  10|0x00000000a0a00000, 0x00000000a0b00000, 0x00000000a0b00000|100%| O|  |TAMS 0x00000000a0b00000, 0x00000000a0a00000| Untracked 
|  11|0x00000000a0b00000, 0x00000000a0c00000, 0x00000000a0c00000|100%| O|  |TAMS 0x00000000a0c00000, 0x00000000a0b00000| Untracked 
|  12|0x00000000a0c00000, 0x00000000a0d00000, 0x00000000a0d00000|100%| O|  |TAMS 0x00000000a0d00000, 0x00000000a0c00000| Untracked 
|  13|0x00000000a0d00000, 0x00000000a0e00000, 0x00000000a0e00000|100%| O|  |TAMS 0x00000000a0e00000, 0x00000000a0d00000| Untracked 
|  14|0x00000000a0e00000, 0x00000000a0f00000, 0x00000000a0f00000|100%| O|  |TAMS 0x00000000a0f00000, 0x00000000a0e00000| Untracked 
|  15|0x00000000a0f00000, 0x00000000a1000000, 0x00000000a1000000|100%| O|  |TAMS 0x00000000a1000000, 0x00000000a0f00000| Untracked 
|  16|0x00000000a1000000, 0x00000000a1100000, 0x00000000a1100000|100%| O|  |TAMS 0x00000000a1100000, 0x00000000a1000000| Untracked 
|  17|0x00000000a1100000, 0x00000000a1200000, 0x00000000a1200000|100%| O|  |TAMS 0x00000000a1200000, 0x00000000a1100000| Untracked 
|  18|0x00000000a1200000, 0x00000000a1300000, 0x00000000a1300000|100%| O|  |TAMS 0x00000000a1300000, 0x00000000a1200000| Untracked 
|  19|0x00000000a1300000, 0x00000000a1400000, 0x00000000a1400000|100%| O|  |TAMS 0x00000000a1400000, 0x00000000a1300000| Untracked 
|  20|0x00000000a1400000, 0x00000000a1500000, 0x00000000a1500000|100%| O|  |TAMS 0x00000000a1500000, 0x00000000a1400000| Untracked 
|  21|0x00000000a1500000, 0x00000000a1600000, 0x00000000a1600000|100%| O|  |TAMS 0x00000000a1600000, 0x00000000a1500000| Untracked 
|  22|0x00000000a1600000, 0x00000000a1700000, 0x00000000a1700000|100%| O|  |TAMS 0x00000000a1700000, 0x00000000a1600000| Untracked 
|  23|0x00000000a1700000, 0x00000000a1800000, 0x00000000a1800000|100%| O|  |TAMS 0x00000000a1800000, 0x00000000a1700000| Untracked 
|  24|0x00000000a1800000, 0x00000000a1900000, 0x00000000a1900000|100%| O|  |TAMS 0x00000000a1900000, 0x00000000a1800000| Untracked 
|  25|0x00000000a1900000, 0x00000000a1a00000, 0x00000000a1a00000|100%| O|  |TAMS 0x00000000a1a00000, 0x00000000a1900000| Untracked 
|  26|0x00000000a1a00000, 0x00000000a1b00000, 0x00000000a1b00000|100%| O|  |TAMS 0x00000000a1b00000, 0x00000000a1a00000| Untracked 
|  27|0x00000000a1b00000, 0x00000000a1c00000, 0x00000000a1c00000|100%| O|  |TAMS 0x00000000a1c00000, 0x00000000a1b00000| Untracked 
|  28|0x00000000a1c00000, 0x00000000a1d00000, 0x00000000a1d00000|100%| O|  |TAMS 0x00000000a1d00000, 0x00000000a1c00000| Untracked 
|  29|0x00000000a1d00000, 0x00000000a1e00000, 0x00000000a1e00000|100%| O|  |TAMS 0x00000000a1e00000, 0x00000000a1d00000| Untracked 
|  30|0x00000000a1e00000, 0x00000000a1f00000, 0x00000000a1f00000|100%| O|  |TAMS 0x00000000a1f00000, 0x00000000a1e00000| Untracked 
|  31|0x00000000a1f00000, 0x00000000a2000000, 0x00000000a2000000|100%| O|  |TAMS 0x00000000a2000000, 0x00000000a1f00000| Untracked 
|  32|0x00000000a2000000, 0x00000000a2100000, 0x00000000a2100000|100%| O|  |TAMS 0x00000000a2100000, 0x00000000a2000000| Untracked 
|  33|0x00000000a2100000, 0x00000000a2200000, 0x00000000a2200000|100%| O|  |TAMS 0x00000000a2200000, 0x00000000a2100000| Untracked 
|  34|0x00000000a2200000, 0x00000000a2300000, 0x00000000a2300000|100%| O|  |TAMS 0x00000000a2300000, 0x00000000a2200000| Untracked 
|  35|0x00000000a2300000, 0x00000000a2400000, 0x00000000a2400000|100%| O|  |TAMS 0x00000000a2400000, 0x00000000a2300000| Untracked 
|  36|0x00000000a2400000, 0x00000000a2500000, 0x00000000a2500000|100%| O|  |TAMS 0x00000000a2500000, 0x00000000a2400000| Untracked 
|  37|0x00000000a2500000, 0x00000000a2600000, 0x00000000a2600000|100%| O|  |TAMS 0x00000000a2600000, 0x00000000a2500000| Untracked 
|  38|0x00000000a2600000, 0x00000000a2700000, 0x00000000a2700000|100%| O|  |TAMS 0x00000000a2700000, 0x00000000a2600000| Untracked 
|  39|0x00000000a2700000, 0x00000000a2800000, 0x00000000a2800000|100%| O|  |TAMS 0x00000000a2800000, 0x00000000a2700000| Untracked 
|  40|0x00000000a2800000, 0x00000000a2900000, 0x00000000a2900000|100%| O|  |TAMS 0x00000000a2900000, 0x00000000a2800000| Untracked 
|  41|0x00000000a2900000, 0x00000000a2a00000, 0x00000000a2a00000|100%| O|  |TAMS 0x00000000a2a00000, 0x00000000a2900000| Untracked 
|  42|0x00000000a2a00000, 0x00000000a2b00000, 0x00000000a2b00000|100%| O|  |TAMS 0x00000000a2b00000, 0x00000000a2a00000| Untracked 
|  43|0x00000000a2b00000, 0x00000000a2c00000, 0x00000000a2c00000|100%| O|  |TAMS 0x00000000a2c00000, 0x00000000a2b00000| Untracked 
|  44|0x00000000a2c00000, 0x00000000a2d00000, 0x00000000a2d00000|100%| O|  |TAMS 0x00000000a2d00000, 0x00000000a2c00000| Untracked 
|  45|0x00000000a2d00000, 0x00000000a2e00000, 0x00000000a2e00000|100%| O|  |TAMS 0x00000000a2e00000, 0x00000000a2d00000| Untracked 
|  46|0x00000000a2e00000, 0x00000000a2f00000, 0x00000000a2f00000|100%|HS|  |TAMS 0x00000000a2f00000, 0x00000000a2e00000| Complete 
|  47|0x00000000a2f00000, 0x00000000a3000000, 0x00000000a3000000|100%|HC|  |TAMS 0x00000000a3000000, 0x00000000a2f00000| Complete 
|  48|0x00000000a3000000, 0x00000000a3100000, 0x00000000a3100000|100%|HC|  |TAMS 0x00000000a3100000, 0x00000000a3000000| Complete 
|  49|0x00000000a3100000, 0x00000000a3200000, 0x00000000a3200000|100%|HS|  |TAMS 0x00000000a3200000, 0x00000000a3100000| Complete 
|  50|0x00000000a3200000, 0x00000000a3300000, 0x00000000a3300000|100%|HC|  |TAMS 0x00000000a3300000, 0x00000000a3200000| Complete 
|  51|0x00000000a3300000, 0x00000000a3400000, 0x00000000a3400000|100%|HC|  |TAMS 0x00000000a3400000, 0x00000000a3300000| Complete 
|  52|0x00000000a3400000, 0x00000000a3500000, 0x00000000a3500000|100%| O|  |TAMS 0x00000000a3500000, 0x00000000a3400000| Untracked 
|  53|0x00000000a3500000, 0x00000000a3600000, 0x00000000a3600000|100%| O|  |TAMS 0x00000000a3600000, 0x00000000a3500000| Untracked 
|  54|0x00000000a3600000, 0x00000000a3700000, 0x00000000a3700000|100%|HS|  |TAMS 0x00000000a3700000, 0x00000000a3600000| Complete 
|  55|0x00000000a3700000, 0x00000000a3800000, 0x00000000a3800000|100%| O|  |TAMS 0x00000000a3800000, 0x00000000a3700000| Untracked 
|  56|0x00000000a3800000, 0x00000000a3900000, 0x00000000a3900000|100%| O|  |TAMS 0x00000000a3900000, 0x00000000a3800000| Untracked 
|  57|0x00000000a3900000, 0x00000000a3a00000, 0x00000000a3a00000|100%| O|  |TAMS 0x00000000a3a00000, 0x00000000a3900000| Untracked 
|  58|0x00000000a3a00000, 0x00000000a3b00000, 0x00000000a3b00000|100%| O|  |TAMS 0x00000000a3b00000, 0x00000000a3a00000| Untracked 
|  59|0x00000000a3b00000, 0x00000000a3c00000, 0x00000000a3c00000|100%| O|  |TAMS 0x00000000a3c00000, 0x00000000a3b00000| Untracked 
|  60|0x00000000a3c00000, 0x00000000a3d00000, 0x00000000a3d00000|100%| O|  |TAMS 0x00000000a3d00000, 0x00000000a3c00000| Untracked 
|  61|0x00000000a3d00000, 0x00000000a3e00000, 0x00000000a3e00000|100%|HS|  |TAMS 0x00000000a3e00000, 0x00000000a3d00000| Complete 
|  62|0x00000000a3e00000, 0x00000000a3f00000, 0x00000000a3f00000|100%| O|  |TAMS 0x00000000a3f00000, 0x00000000a3e00000| Untracked 
|  63|0x00000000a3f00000, 0x00000000a4000000, 0x00000000a4000000|100%| O|  |TAMS 0x00000000a4000000, 0x00000000a3f00000| Untracked 
|  64|0x00000000a4000000, 0x00000000a4100000, 0x00000000a4100000|100%| O|  |TAMS 0x00000000a4100000, 0x00000000a4000000| Untracked 
|  65|0x00000000a4100000, 0x00000000a4200000, 0x00000000a4200000|100%|HS|  |TAMS 0x00000000a4200000, 0x00000000a4100000| Complete 
|  66|0x00000000a4200000, 0x00000000a4300000, 0x00000000a4300000|100%|HS|  |TAMS 0x00000000a4300000, 0x00000000a4200000| Complete 
|  67|0x00000000a4300000, 0x00000000a4400000, 0x00000000a4400000|100%| O|  |TAMS 0x00000000a4400000, 0x00000000a4300000| Untracked 
|  68|0x00000000a4400000, 0x00000000a4500000, 0x00000000a4500000|100%| O|  |TAMS 0x00000000a4500000, 0x00000000a4400000| Untracked 
|  69|0x00000000a4500000, 0x00000000a4600000, 0x00000000a4600000|100%| O|  |TAMS 0x00000000a4600000, 0x00000000a4500000| Untracked 
|  70|0x00000000a4600000, 0x00000000a4700000, 0x00000000a4700000|100%|HS|  |TAMS 0x00000000a4700000, 0x00000000a4600000| Complete 
|  71|0x00000000a4700000, 0x00000000a4800000, 0x00000000a4800000|100%| O|  |TAMS 0x00000000a4800000, 0x00000000a4700000| Untracked 
|  72|0x00000000a4800000, 0x00000000a4900000, 0x00000000a4900000|100%| O|  |TAMS 0x00000000a4900000, 0x00000000a4800000| Untracked 
|  73|0x00000000a4900000, 0x00000000a4a00000, 0x00000000a4a00000|100%| O|  |TAMS 0x00000000a4a00000, 0x00000000a4900000| Untracked 
|  74|0x00000000a4a00000, 0x00000000a4b00000, 0x00000000a4b00000|100%| O|  |TAMS 0x00000000a4b00000, 0x00000000a4a00000| Untracked 
|  75|0x00000000a4b00000, 0x00000000a4c00000, 0x00000000a4c00000|100%| O|  |TAMS 0x00000000a4c00000, 0x00000000a4b00000| Untracked 
|  76|0x00000000a4c00000, 0x00000000a4d00000, 0x00000000a4d00000|100%| O|  |TAMS 0x00000000a4d00000, 0x00000000a4c00000| Untracked 
|  77|0x00000000a4d00000, 0x00000000a4e00000, 0x00000000a4e00000|100%| O|  |TAMS 0x00000000a4e00000, 0x00000000a4d00000| Untracked 
|  78|0x00000000a4e00000, 0x00000000a4f00000, 0x00000000a4f00000|100%| O|  |TAMS 0x00000000a4f00000, 0x00000000a4e00000| Untracked 
|  79|0x00000000a4f00000, 0x00000000a5000000, 0x00000000a5000000|100%| O|  |TAMS 0x00000000a5000000, 0x00000000a4f00000| Untracked 
|  80|0x00000000a5000000, 0x00000000a5100000, 0x00000000a5100000|100%| O|  |TAMS 0x00000000a5100000, 0x00000000a5000000| Untracked 
|  81|0x00000000a5100000, 0x00000000a5200000, 0x00000000a5200000|100%| O|  |TAMS 0x00000000a5200000, 0x00000000a5100000| Untracked 
|  82|0x00000000a5200000, 0x00000000a5300000, 0x00000000a5300000|100%|HS|  |TAMS 0x00000000a5300000, 0x00000000a5200000| Complete 
|  83|0x00000000a5300000, 0x00000000a5400000, 0x00000000a5400000|100%| O|  |TAMS 0x00000000a5400000, 0x00000000a5300000| Untracked 
|  84|0x00000000a5400000, 0x00000000a5500000, 0x00000000a5500000|100%| O|  |TAMS 0x00000000a5500000, 0x00000000a5400000| Untracked 
|  85|0x00000000a5500000, 0x00000000a5600000, 0x00000000a5600000|100%| O|  |TAMS 0x00000000a5600000, 0x00000000a5500000| Untracked 
|  86|0x00000000a5600000, 0x00000000a5700000, 0x00000000a5700000|100%|HS|  |TAMS 0x00000000a5600000, 0x00000000a5600000| Complete 
|  87|0x00000000a5700000, 0x00000000a5700000, 0x00000000a5800000|  0%| F|  |TAMS 0x00000000a5700000, 0x00000000a5700000| Untracked 
|  88|0x00000000a5800000, 0x00000000a5800000, 0x00000000a5900000|  0%| F|  |TAMS 0x00000000a5800000, 0x00000000a5800000| Untracked 
|  89|0x00000000a5900000, 0x00000000a5a00000, 0x00000000a5a00000|100%| O|  |TAMS 0x00000000a5a00000, 0x00000000a5900000| Untracked 
|  90|0x00000000a5a00000, 0x00000000a5b00000, 0x00000000a5b00000|100%| O|  |TAMS 0x00000000a5b00000, 0x00000000a5a00000| Untracked 
|  91|0x00000000a5b00000, 0x00000000a5c00000, 0x00000000a5c00000|100%| O|  |TAMS 0x00000000a5c00000, 0x00000000a5b00000| Untracked 
|  92|0x00000000a5c00000, 0x00000000a5d00000, 0x00000000a5d00000|100%| O|  |TAMS 0x00000000a5d00000, 0x00000000a5c00000| Untracked 
|  93|0x00000000a5d00000, 0x00000000a5e00000, 0x00000000a5e00000|100%| O|  |TAMS 0x00000000a5e00000, 0x00000000a5d00000| Untracked 
|  94|0x00000000a5e00000, 0x00000000a5f00000, 0x00000000a5f00000|100%| O|  |TAMS 0x00000000a5f00000, 0x00000000a5e00000| Untracked 
|  95|0x00000000a5f00000, 0x00000000a6000000, 0x00000000a6000000|100%| O|  |TAMS 0x00000000a6000000, 0x00000000a5f00000| Untracked 
|  96|0x00000000a6000000, 0x00000000a6000000, 0x00000000a6100000|  0%| F|  |TAMS 0x00000000a6000000, 0x00000000a6000000| Untracked 
|  97|0x00000000a6100000, 0x00000000a6100000, 0x00000000a6200000|  0%| F|  |TAMS 0x00000000a6100000, 0x00000000a6100000| Untracked 
|  98|0x00000000a6200000, 0x00000000a6300000, 0x00000000a6300000|100%| O|  |TAMS 0x00000000a6300000, 0x00000000a6200000| Untracked 
|  99|0x00000000a6300000, 0x00000000a6400000, 0x00000000a6400000|100%| O|  |TAMS 0x00000000a6400000, 0x00000000a6300000| Untracked 
| 100|0x00000000a6400000, 0x00000000a6500000, 0x00000000a6500000|100%| O|  |TAMS 0x00000000a6500000, 0x00000000a6400000| Untracked 
| 101|0x00000000a6500000, 0x00000000a6600000, 0x00000000a6600000|100%| O|  |TAMS 0x00000000a6600000, 0x00000000a6500000| Untracked 
| 102|0x00000000a6600000, 0x00000000a6700000, 0x00000000a6700000|100%| O|  |TAMS 0x00000000a6700000, 0x00000000a6600000| Untracked 
| 103|0x00000000a6700000, 0x00000000a6800000, 0x00000000a6800000|100%| O|  |TAMS 0x00000000a6800000, 0x00000000a6700000| Untracked 
| 104|0x00000000a6800000, 0x00000000a6900000, 0x00000000a6900000|100%|HS|  |TAMS 0x00000000a6900000, 0x00000000a6800000| Complete 
| 105|0x00000000a6900000, 0x00000000a6a00000, 0x00000000a6a00000|100%| O|  |TAMS 0x00000000a6a00000, 0x00000000a6900000| Untracked 
| 106|0x00000000a6a00000, 0x00000000a6b00000, 0x00000000a6b00000|100%| O|  |TAMS 0x00000000a6b00000, 0x00000000a6a00000| Untracked 
| 107|0x00000000a6b00000, 0x00000000a6c00000, 0x00000000a6c00000|100%|HS|  |TAMS 0x00000000a6c00000, 0x00000000a6b00000| Complete 
| 108|0x00000000a6c00000, 0x00000000a6d00000, 0x00000000a6d00000|100%|HC|  |TAMS 0x00000000a6d00000, 0x00000000a6c00000| Complete 
| 109|0x00000000a6d00000, 0x00000000a6e00000, 0x00000000a6e00000|100%|HC|  |TAMS 0x00000000a6e00000, 0x00000000a6d00000| Complete 
| 110|0x00000000a6e00000, 0x00000000a6f00000, 0x00000000a6f00000|100%| O|  |TAMS 0x00000000a6f00000, 0x00000000a6e00000| Untracked 
| 111|0x00000000a6f00000, 0x00000000a7000000, 0x00000000a7000000|100%| O|  |TAMS 0x00000000a7000000, 0x00000000a6f00000| Untracked 
| 112|0x00000000a7000000, 0x00000000a7100000, 0x00000000a7100000|100%| O|  |TAMS 0x00000000a7100000, 0x00000000a7000000| Untracked 
| 113|0x00000000a7100000, 0x00000000a7200000, 0x00000000a7200000|100%| O|  |TAMS 0x00000000a7200000, 0x00000000a7100000| Untracked 
| 114|0x00000000a7200000, 0x00000000a7300000, 0x00000000a7300000|100%| O|  |TAMS 0x00000000a7300000, 0x00000000a7200000| Untracked 
| 115|0x00000000a7300000, 0x00000000a7400000, 0x00000000a7400000|100%| O|  |TAMS 0x00000000a7400000, 0x00000000a7300000| Untracked 
| 116|0x00000000a7400000, 0x00000000a7500000, 0x00000000a7500000|100%| O|  |TAMS 0x00000000a7500000, 0x00000000a7400000| Untracked 
| 117|0x00000000a7500000, 0x00000000a7600000, 0x00000000a7600000|100%| O|  |TAMS 0x00000000a7600000, 0x00000000a7500000| Untracked 
| 118|0x00000000a7600000, 0x00000000a7700000, 0x00000000a7700000|100%| O|  |TAMS 0x00000000a7700000, 0x00000000a7600000| Untracked 
| 119|0x00000000a7700000, 0x00000000a7800000, 0x00000000a7800000|100%| O|  |TAMS 0x00000000a7800000, 0x00000000a7700000| Untracked 
| 120|0x00000000a7800000, 0x00000000a7900000, 0x00000000a7900000|100%| O|  |TAMS 0x00000000a7900000, 0x00000000a7800000| Untracked 
| 121|0x00000000a7900000, 0x00000000a7a00000, 0x00000000a7a00000|100%| O|  |TAMS 0x00000000a7a00000, 0x00000000a7900000| Untracked 
| 122|0x00000000a7a00000, 0x00000000a7b00000, 0x00000000a7b00000|100%| O|  |TAMS 0x00000000a7b00000, 0x00000000a7a00000| Untracked 
| 123|0x00000000a7b00000, 0x00000000a7c00000, 0x00000000a7c00000|100%| O|  |TAMS 0x00000000a7c00000, 0x00000000a7b00000| Untracked 
| 124|0x00000000a7c00000, 0x00000000a7d00000, 0x00000000a7d00000|100%| O|  |TAMS 0x00000000a7d00000, 0x00000000a7c00000| Untracked 
| 125|0x00000000a7d00000, 0x00000000a7e00000, 0x00000000a7e00000|100%| O|  |TAMS 0x00000000a7e00000, 0x00000000a7d00000| Untracked 
| 126|0x00000000a7e00000, 0x00000000a7f00000, 0x00000000a7f00000|100%| O|  |TAMS 0x00000000a7f00000, 0x00000000a7e00000| Untracked 
| 127|0x00000000a7f00000, 0x00000000a8000000, 0x00000000a8000000|100%| O|  |TAMS 0x00000000a8000000, 0x00000000a7f00000| Untracked 
| 128|0x00000000a8000000, 0x00000000a8000000, 0x00000000a8100000|  0%| F|  |TAMS 0x00000000a8000000, 0x00000000a8000000| Untracked 
| 129|0x00000000a8100000, 0x00000000a8100000, 0x00000000a8200000|  0%| F|  |TAMS 0x00000000a8100000, 0x00000000a8100000| Untracked 
| 130|0x00000000a8200000, 0x00000000a8200000, 0x00000000a8300000|  0%| F|  |TAMS 0x00000000a8200000, 0x00000000a8200000| Untracked 
| 131|0x00000000a8300000, 0x00000000a8300000, 0x00000000a8400000|  0%| F|  |TAMS 0x00000000a8300000, 0x00000000a8300000| Untracked 
| 132|0x00000000a8400000, 0x00000000a8500000, 0x00000000a8500000|100%| O|  |TAMS 0x00000000a8500000, 0x00000000a8400000| Untracked 
| 133|0x00000000a8500000, 0x00000000a8500000, 0x00000000a8600000|  0%| F|  |TAMS 0x00000000a8500000, 0x00000000a8500000| Untracked 
| 134|0x00000000a8600000, 0x00000000a8700000, 0x00000000a8700000|100%| O|  |TAMS 0x00000000a8700000, 0x00000000a8600000| Untracked 
| 135|0x00000000a8700000, 0x00000000a8800000, 0x00000000a8800000|100%| O|  |TAMS 0x00000000a8800000, 0x00000000a8700000| Untracked 
| 136|0x00000000a8800000, 0x00000000a8900000, 0x00000000a8900000|100%| O|  |TAMS 0x00000000a880d600, 0x00000000a8800000| Untracked 
| 137|0x00000000a8900000, 0x00000000a8a00000, 0x00000000a8a00000|100%| O|  |TAMS 0x00000000a8900000, 0x00000000a8900000| Untracked 
| 138|0x00000000a8a00000, 0x00000000a8b00000, 0x00000000a8b00000|100%| O|  |TAMS 0x00000000a8a00000, 0x00000000a8a00000| Untracked 
| 139|0x00000000a8b00000, 0x00000000a8c00000, 0x00000000a8c00000|100%| O|  |TAMS 0x00000000a8b00000, 0x00000000a8b00000| Untracked 
| 140|0x00000000a8c00000, 0x00000000a8d00000, 0x00000000a8d00000|100%| O|  |TAMS 0x00000000a8c00000, 0x00000000a8c00000| Untracked 
| 141|0x00000000a8d00000, 0x00000000a8dce800, 0x00000000a8e00000| 80%| O|  |TAMS 0x00000000a8d00000, 0x00000000a8d00000| Untracked 
| 142|0x00000000a8e00000, 0x00000000a8e00000, 0x00000000a8f00000|  0%| F|  |TAMS 0x00000000a8e00000, 0x00000000a8e00000| Untracked 
| 143|0x00000000a8f00000, 0x00000000a8f00000, 0x00000000a9000000|  0%| F|  |TAMS 0x00000000a8f00000, 0x00000000a8f00000| Untracked 
| 144|0x00000000a9000000, 0x00000000a9000000, 0x00000000a9100000|  0%| F|  |TAMS 0x00000000a9000000, 0x00000000a9000000| Untracked 
| 145|0x00000000a9100000, 0x00000000a9100000, 0x00000000a9200000|  0%| F|  |TAMS 0x00000000a9100000, 0x00000000a9100000| Untracked 
| 146|0x00000000a9200000, 0x00000000a9200000, 0x00000000a9300000|  0%| F|  |TAMS 0x00000000a9200000, 0x00000000a9200000| Untracked 
| 147|0x00000000a9300000, 0x00000000a9300000, 0x00000000a9400000|  0%| F|  |TAMS 0x00000000a9300000, 0x00000000a9300000| Untracked 
| 148|0x00000000a9400000, 0x00000000a9400000, 0x00000000a9500000|  0%| F|  |TAMS 0x00000000a9400000, 0x00000000a9400000| Untracked 
| 149|0x00000000a9500000, 0x00000000a9500000, 0x00000000a9600000|  0%| F|  |TAMS 0x00000000a9500000, 0x00000000a9500000| Untracked 
| 150|0x00000000a9600000, 0x00000000a9600000, 0x00000000a9700000|  0%| F|  |TAMS 0x00000000a9600000, 0x00000000a9600000| Untracked 
| 151|0x00000000a9700000, 0x00000000a9700000, 0x00000000a9800000|  0%| F|  |TAMS 0x00000000a9700000, 0x00000000a9700000| Untracked 
| 152|0x00000000a9800000, 0x00000000a9800000, 0x00000000a9900000|  0%| F|  |TAMS 0x00000000a9800000, 0x00000000a9800000| Untracked 
| 153|0x00000000a9900000, 0x00000000a9900000, 0x00000000a9a00000|  0%| F|  |TAMS 0x00000000a9900000, 0x00000000a9900000| Untracked 
| 154|0x00000000a9a00000, 0x00000000a9a00000, 0x00000000a9b00000|  0%| F|  |TAMS 0x00000000a9a00000, 0x00000000a9a00000| Untracked 
| 155|0x00000000a9b00000, 0x00000000a9b00000, 0x00000000a9c00000|  0%| F|  |TAMS 0x00000000a9b00000, 0x00000000a9b00000| Untracked 
| 156|0x00000000a9c00000, 0x00000000a9c00000, 0x00000000a9d00000|  0%| F|  |TAMS 0x00000000a9c00000, 0x00000000a9c00000| Untracked 
| 157|0x00000000a9d00000, 0x00000000a9d00000, 0x00000000a9e00000|  0%| F|  |TAMS 0x00000000a9d00000, 0x00000000a9d00000| Untracked 
| 158|0x00000000a9e00000, 0x00000000a9e00000, 0x00000000a9f00000|  0%| F|  |TAMS 0x00000000a9e00000, 0x00000000a9e00000| Untracked 
| 159|0x00000000a9f00000, 0x00000000a9f00000, 0x00000000aa000000|  0%| F|  |TAMS 0x00000000a9f00000, 0x00000000a9f00000| Untracked 
| 160|0x00000000aa000000, 0x00000000aa000000, 0x00000000aa100000|  0%| F|  |TAMS 0x00000000aa000000, 0x00000000aa000000| Untracked 
| 161|0x00000000aa100000, 0x00000000aa100000, 0x00000000aa200000|  0%| F|  |TAMS 0x00000000aa100000, 0x00000000aa100000| Untracked 
| 162|0x00000000aa200000, 0x00000000aa200000, 0x00000000aa300000|  0%| F|  |TAMS 0x00000000aa200000, 0x00000000aa200000| Untracked 
| 163|0x00000000aa300000, 0x00000000aa300000, 0x00000000aa400000|  0%| F|  |TAMS 0x00000000aa300000, 0x00000000aa300000| Untracked 
| 164|0x00000000aa400000, 0x00000000aa400000, 0x00000000aa500000|  0%| F|  |TAMS 0x00000000aa400000, 0x00000000aa400000| Untracked 
| 165|0x00000000aa500000, 0x00000000aa500000, 0x00000000aa600000|  0%| F|  |TAMS 0x00000000aa500000, 0x00000000aa500000| Untracked 
| 166|0x00000000aa600000, 0x00000000aa600000, 0x00000000aa700000|  0%| F|  |TAMS 0x00000000aa600000, 0x00000000aa600000| Untracked 
| 167|0x00000000aa700000, 0x00000000aa700000, 0x00000000aa800000|  0%| F|  |TAMS 0x00000000aa700000, 0x00000000aa700000| Untracked 
| 168|0x00000000aa800000, 0x00000000aa800000, 0x00000000aa900000|  0%| F|  |TAMS 0x00000000aa800000, 0x00000000aa800000| Untracked 
| 169|0x00000000aa900000, 0x00000000aa900000, 0x00000000aaa00000|  0%| F|  |TAMS 0x00000000aa900000, 0x00000000aa900000| Untracked 
| 170|0x00000000aaa00000, 0x00000000aaa00000, 0x00000000aab00000|  0%| F|  |TAMS 0x00000000aaa00000, 0x00000000aaa00000| Untracked 
| 171|0x00000000aab00000, 0x00000000aab00000, 0x00000000aac00000|  0%| F|  |TAMS 0x00000000aab00000, 0x00000000aab00000| Untracked 
| 172|0x00000000aac00000, 0x00000000aac00000, 0x00000000aad00000|  0%| F|  |TAMS 0x00000000aac00000, 0x00000000aac00000| Untracked 
| 173|0x00000000aad00000, 0x00000000aad00000, 0x00000000aae00000|  0%| F|  |TAMS 0x00000000aad00000, 0x00000000aad00000| Untracked 
| 174|0x00000000aae00000, 0x00000000aae00000, 0x00000000aaf00000|  0%| F|  |TAMS 0x00000000aae00000, 0x00000000aae00000| Untracked 
| 175|0x00000000aaf00000, 0x00000000aaf00000, 0x00000000ab000000|  0%| F|  |TAMS 0x00000000aaf00000, 0x00000000aaf00000| Untracked 
| 176|0x00000000ab000000, 0x00000000ab000000, 0x00000000ab100000|  0%| F|  |TAMS 0x00000000ab000000, 0x00000000ab000000| Untracked 
| 177|0x00000000ab100000, 0x00000000ab100000, 0x00000000ab200000|  0%| F|  |TAMS 0x00000000ab100000, 0x00000000ab100000| Untracked 
| 178|0x00000000ab200000, 0x00000000ab200000, 0x00000000ab300000|  0%| F|  |TAMS 0x00000000ab200000, 0x00000000ab200000| Untracked 
| 179|0x00000000ab300000, 0x00000000ab300000, 0x00000000ab400000|  0%| F|  |TAMS 0x00000000ab300000, 0x00000000ab300000| Untracked 
| 180|0x00000000ab400000, 0x00000000ab400000, 0x00000000ab500000|  0%| F|  |TAMS 0x00000000ab400000, 0x00000000ab400000| Untracked 
| 181|0x00000000ab500000, 0x00000000ab500000, 0x00000000ab600000|  0%| F|  |TAMS 0x00000000ab500000, 0x00000000ab500000| Untracked 
| 182|0x00000000ab600000, 0x00000000ab600000, 0x00000000ab700000|  0%| F|  |TAMS 0x00000000ab600000, 0x00000000ab600000| Untracked 
| 183|0x00000000ab700000, 0x00000000ab700000, 0x00000000ab800000|  0%| F|  |TAMS 0x00000000ab700000, 0x00000000ab700000| Untracked 
| 184|0x00000000ab800000, 0x00000000ab800000, 0x00000000ab900000|  0%| F|  |TAMS 0x00000000ab800000, 0x00000000ab800000| Untracked 
| 185|0x00000000ab900000, 0x00000000ab900000, 0x00000000aba00000|  0%| F|  |TAMS 0x00000000ab900000, 0x00000000ab900000| Untracked 
| 186|0x00000000aba00000, 0x00000000aba00000, 0x00000000abb00000|  0%| F|  |TAMS 0x00000000aba00000, 0x00000000aba00000| Untracked 
| 187|0x00000000abb00000, 0x00000000abb00000, 0x00000000abc00000|  0%| F|  |TAMS 0x00000000abb00000, 0x00000000abb00000| Untracked 
| 188|0x00000000abc00000, 0x00000000abc00000, 0x00000000abd00000|  0%| F|  |TAMS 0x00000000abc00000, 0x00000000abc00000| Untracked 
| 189|0x00000000abd00000, 0x00000000abd00000, 0x00000000abe00000|  0%| F|  |TAMS 0x00000000abd00000, 0x00000000abd00000| Untracked 
| 190|0x00000000abe00000, 0x00000000abe00000, 0x00000000abf00000|  0%| F|  |TAMS 0x00000000abe00000, 0x00000000abe00000| Untracked 
| 191|0x00000000abf00000, 0x00000000abf00000, 0x00000000ac000000|  0%| F|  |TAMS 0x00000000abf00000, 0x00000000abf00000| Untracked 
| 192|0x00000000ac000000, 0x00000000ac000000, 0x00000000ac100000|  0%| F|  |TAMS 0x00000000ac000000, 0x00000000ac000000| Untracked 
| 193|0x00000000ac100000, 0x00000000ac100000, 0x00000000ac200000|  0%| F|  |TAMS 0x00000000ac100000, 0x00000000ac100000| Untracked 
| 194|0x00000000ac200000, 0x00000000ac200000, 0x00000000ac300000|  0%| F|  |TAMS 0x00000000ac200000, 0x00000000ac200000| Untracked 
| 195|0x00000000ac300000, 0x00000000ac300000, 0x00000000ac400000|  0%| F|  |TAMS 0x00000000ac300000, 0x00000000ac300000| Untracked 
| 196|0x00000000ac400000, 0x00000000ac500000, 0x00000000ac500000|100%| E|  |TAMS 0x00000000ac400000, 0x00000000ac400000| Complete 
| 197|0x00000000ac500000, 0x00000000ac600000, 0x00000000ac600000|100%| E|CS|TAMS 0x00000000ac500000, 0x00000000ac500000| Complete 
| 198|0x00000000ac600000, 0x00000000ac700000, 0x00000000ac700000|100%| E|CS|TAMS 0x00000000ac600000, 0x00000000ac600000| Complete 
| 199|0x00000000ac700000, 0x00000000ac800000, 0x00000000ac800000|100%| E|CS|TAMS 0x00000000ac700000, 0x00000000ac700000| Complete 
| 200|0x00000000ac800000, 0x00000000ac900000, 0x00000000ac900000|100%| E|CS|TAMS 0x00000000ac800000, 0x00000000ac800000| Complete 
| 201|0x00000000ac900000, 0x00000000aca00000, 0x00000000aca00000|100%| E|CS|TAMS 0x00000000ac900000, 0x00000000ac900000| Complete 
| 202|0x00000000aca00000, 0x00000000acb00000, 0x00000000acb00000|100%| E|CS|TAMS 0x00000000aca00000, 0x00000000aca00000| Complete 
| 203|0x00000000acb00000, 0x00000000acc00000, 0x00000000acc00000|100%| E|CS|TAMS 0x00000000acb00000, 0x00000000acb00000| Complete 
| 204|0x00000000acc00000, 0x00000000acd00000, 0x00000000acd00000|100%| E|CS|TAMS 0x00000000acc00000, 0x00000000acc00000| Complete 
| 205|0x00000000acd00000, 0x00000000ace00000, 0x00000000ace00000|100%| E|CS|TAMS 0x00000000acd00000, 0x00000000acd00000| Complete 
| 206|0x00000000ace00000, 0x00000000acf00000, 0x00000000acf00000|100%| E|CS|TAMS 0x00000000ace00000, 0x00000000ace00000| Complete 
| 207|0x00000000acf00000, 0x00000000ad000000, 0x00000000ad000000|100%| E|CS|TAMS 0x00000000acf00000, 0x00000000acf00000| Complete 
| 208|0x00000000ad000000, 0x00000000ad100000, 0x00000000ad100000|100%| E|CS|TAMS 0x00000000ad000000, 0x00000000ad000000| Complete 
| 209|0x00000000ad100000, 0x00000000ad200000, 0x00000000ad200000|100%| E|CS|TAMS 0x00000000ad100000, 0x00000000ad100000| Complete 
| 210|0x00000000ad200000, 0x00000000ad300000, 0x00000000ad300000|100%| E|CS|TAMS 0x00000000ad200000, 0x00000000ad200000| Complete 
| 211|0x00000000ad300000, 0x00000000ad400000, 0x00000000ad400000|100%| E|CS|TAMS 0x00000000ad300000, 0x00000000ad300000| Complete 
| 212|0x00000000ad400000, 0x00000000ad500000, 0x00000000ad500000|100%| E|CS|TAMS 0x00000000ad400000, 0x00000000ad400000| Complete 
| 213|0x00000000ad500000, 0x00000000ad600000, 0x00000000ad600000|100%| E|CS|TAMS 0x00000000ad500000, 0x00000000ad500000| Complete 
| 214|0x00000000ad600000, 0x00000000ad700000, 0x00000000ad700000|100%| E|CS|TAMS 0x00000000ad600000, 0x00000000ad600000| Complete 
| 215|0x00000000ad700000, 0x00000000ad800000, 0x00000000ad800000|100%| E|CS|TAMS 0x00000000ad700000, 0x00000000ad700000| Complete 
| 216|0x00000000ad800000, 0x00000000ad900000, 0x00000000ad900000|100%| E|CS|TAMS 0x00000000ad800000, 0x00000000ad800000| Complete 
| 217|0x00000000ad900000, 0x00000000ada00000, 0x00000000ada00000|100%| E|CS|TAMS 0x00000000ad900000, 0x00000000ad900000| Complete 
| 218|0x00000000ada00000, 0x00000000adb00000, 0x00000000adb00000|100%| E|CS|TAMS 0x00000000ada00000, 0x00000000ada00000| Complete 
| 219|0x00000000adb00000, 0x00000000adc00000, 0x00000000adc00000|100%| E|CS|TAMS 0x00000000adb00000, 0x00000000adb00000| Complete 
| 220|0x00000000adc00000, 0x00000000add00000, 0x00000000add00000|100%| E|CS|TAMS 0x00000000adc00000, 0x00000000adc00000| Complete 
| 221|0x00000000add00000, 0x00000000ade00000, 0x00000000ade00000|100%| E|CS|TAMS 0x00000000add00000, 0x00000000add00000| Complete 
| 222|0x00000000ade00000, 0x00000000ade3a428, 0x00000000adf00000| 22%| S|CS|TAMS 0x00000000ade00000, 0x00000000ade00000| Complete 
| 223|0x00000000adf00000, 0x00000000ae000000, 0x00000000ae000000|100%| S|CS|TAMS 0x00000000adf00000, 0x00000000adf00000| Complete 
| 224|0x00000000ae000000, 0x00000000ae100000, 0x00000000ae100000|100%| E|CS|TAMS 0x00000000ae000000, 0x00000000ae000000| Complete 
| 225|0x00000000ae100000, 0x00000000ae200000, 0x00000000ae200000|100%| E|CS|TAMS 0x00000000ae100000, 0x00000000ae100000| Complete 
| 226|0x00000000ae200000, 0x00000000ae300000, 0x00000000ae300000|100%| E|CS|TAMS 0x00000000ae200000, 0x00000000ae200000| Complete 
| 227|0x00000000ae300000, 0x00000000ae400000, 0x00000000ae400000|100%| E|CS|TAMS 0x00000000ae300000, 0x00000000ae300000| Complete 
| 228|0x00000000ae400000, 0x00000000ae500000, 0x00000000ae500000|100%| E|CS|TAMS 0x00000000ae400000, 0x00000000ae400000| Complete 
| 229|0x00000000ae500000, 0x00000000ae600000, 0x00000000ae600000|100%| E|CS|TAMS 0x00000000ae500000, 0x00000000ae500000| Complete 
| 230|0x00000000ae600000, 0x00000000ae700000, 0x00000000ae700000|100%| E|CS|TAMS 0x00000000ae600000, 0x00000000ae600000| Complete 
| 231|0x00000000ae700000, 0x00000000ae800000, 0x00000000ae800000|100%| E|CS|TAMS 0x00000000ae700000, 0x00000000ae700000| Complete 
| 232|0x00000000ae800000, 0x00000000ae900000, 0x00000000ae900000|100%| E|CS|TAMS 0x00000000ae800000, 0x00000000ae800000| Complete 
| 233|0x00000000ae900000, 0x00000000aea00000, 0x00000000aea00000|100%| E|CS|TAMS 0x00000000ae900000, 0x00000000ae900000| Complete 
| 234|0x00000000aea00000, 0x00000000aeb00000, 0x00000000aeb00000|100%| E|CS|TAMS 0x00000000aea00000, 0x00000000aea00000| Complete 

Card table byte_map: [0x000002556d310000,0x000002556d610000] _byte_map_base: 0x000002556ce10000

Marking Bits (Prev, Next): (CMBitMap*) 0x0000025555f7f130, (CMBitMap*) 0x0000025555f7f0f0
 Prev Bits: [0x000002556f110000, 0x0000025570910000)
 Next Bits: [0x000002556d910000, 0x000002556f110000)

Polling page: 0x0000025553d40000

Metaspace:

Usage:
  Non-class:     91.78 MB used.
      Class:     14.79 MB used.
       Both:    106.56 MB used.

Virtual space:
  Non-class space:      128.00 MB reserved,      92.38 MB ( 72%) committed,  2 nodes.
      Class space:      320.00 MB reserved,      15.38 MB (  5%) committed,  1 nodes.
             Both:      448.00 MB reserved,     107.75 MB ( 24%) committed. 

Chunk freelists:
   Non-Class:  3.58 MB
       Class:  675.00 KB
        Both:  4.24 MB

MaxMetaspaceSize: 384.00 MB
CompressedClassSpaceSize: 320.00 MB
Initial GC threshold: 21.00 MB
Current GC threshold: 179.06 MB
CDS: on
MetaspaceReclaimPolicy: balanced
 - commit_granule_bytes: 65536.
 - commit_granule_words: 8192.
 - virtual_space_node_default_size: 8388608.
 - enlarge_chunks_in_place: 1.
 - new_chunks_are_fully_committed: 0.
 - uncommit_free_chunks: 1.
 - use_allocation_guard: 0.
 - handle_deallocations: 1.


Internal statistics:

num_allocs_failed_limit: 6.
num_arena_births: 1818.
num_arena_deaths: 0.
num_vsnodes_births: 3.
num_vsnodes_deaths: 0.
num_space_committed: 1724.
num_space_uncommitted: 0.
num_chunks_returned_to_freelist: 6.
num_chunks_taken_from_freelist: 6609.
num_chunk_merges: 6.
num_chunk_splits: 4284.
num_chunks_enlarged: 2744.
num_inconsistent_stats: 0.

CodeHeap 'non-profiled nmethods': size=120000Kb used=7886Kb max_used=7886Kb free=112113Kb
 bounds [0x0000025565590000, 0x0000025565d50000, 0x000002556cac0000]
CodeHeap 'profiled nmethods': size=120000Kb used=24930Kb max_used=24930Kb free=95069Kb
 bounds [0x000002555dac0000, 0x000002555f320000, 0x0000025564ff0000]
CodeHeap 'non-nmethods': size=5760Kb used=1801Kb max_used=1844Kb free=3959Kb
 bounds [0x0000025564ff0000, 0x0000025565260000, 0x0000025565590000]
 total_blobs=13724 nmethods=12820 adapters=815
 compilation: enabled
              stopped_count=0, restarted_count=0
 full_count=0

Compilation events (20 events):
Event: 88.473 Thread 0x0000025573554310 nmethod 14723 0x000002555f2ec010 code [0x000002555f2ec200, 0x000002555f2ec628]
Event: 88.473 Thread 0x0000025573554310 14724       3       org.gradle.api.internal.plugins.DefaultPluginRegistry::lookup (39 bytes)
Event: 88.474 Thread 0x0000025573554310 nmethod 14724 0x000002555f2ec790 code [0x000002555f2ec960, 0x000002555f2ecca8]
Event: 88.478 Thread 0x0000025573554310 14725       3       org.gradle.api.internal.collections.SortedSetElementSource::iteratorNoFlush (8 bytes)
Event: 88.478 Thread 0x0000025573554310 nmethod 14725 0x000002555f2ece10 code [0x000002555f2ecfe0, 0x000002555f2ed2f8]
Event: 88.480 Thread 0x0000025573554310 14726       3       org.gradle.api.internal.DefaultNamedDomainObjectSet::<init> (15 bytes)
Event: 88.480 Thread 0x0000025573554310 nmethod 14726 0x000002555f2ed410 code [0x000002555f2ed5c0, 0x000002555f2ed7e8]
Event: 88.480 Thread 0x0000025573554310 14727       3       org.gradle.api.internal.DefaultNamedDomainObjectSet::<init> (18 bytes)
Event: 88.480 Thread 0x0000025573554310 nmethod 14727 0x000002555f2ed910 code [0x000002555f2edac0, 0x000002555f2edc68]
Event: 88.480 Thread 0x0000025573554310 14728       1       org.gradle.api.attributes.LibraryElements$Impl::isImmutable (3 bytes)
Event: 88.481 Thread 0x0000025573554310 nmethod 14728 0x0000025565d42e90 code [0x0000025565d43020, 0x0000025565d430f8]
Event: 88.487 Thread 0x0000025573554310 14729       3       org.gradle.api.internal.FactoryNamedDomainObjectContainer_Decorated::getStore (40 bytes)
Event: 88.488 Thread 0x0000025573554310 nmethod 14729 0x000002555f2edd10 code [0x000002555f2edf00, 0x000002555f2ee418]
Event: 88.489 Thread 0x0000025573554310 14730       3       org.gradle.api.services.internal.DefaultBuildServicesRegistry::doRegisterIfAbsent (17 bytes)
Event: 88.490 Thread 0x0000025573554310 nmethod 14730 0x000002555f2ee610 code [0x000002555f2ee820, 0x000002555f2ef058]
Event: 88.490 Thread 0x0000025573554310 14731       3       org.gradle.api.services.internal.DefaultBuildServicesRegistry$$Lambda$730/0x000002550157b838::<init> (26 bytes)
Event: 88.490 Thread 0x0000025573554310 nmethod 14731 0x000002555f2ef310 code [0x000002555f2ef4c0, 0x000002555f2ef798]
Event: 88.490 Thread 0x0000025573554310 14732       3       org.gradle.api.services.internal.DefaultBuildServicesRegistry$$Lambda$730/0x000002550157b838::apply (24 bytes)
Event: 88.490 Thread 0x0000025573554310 nmethod 14732 0x000002555f2ef890 code [0x000002555f2efa40, 0x000002555f2efcc8]
Event: 88.490 Thread 0x0000025573554310 14733       3       org.gradle.api.services.internal.DefaultBuildServicesRegistry::lambda$doRegisterIfAbsent$6 (74 bytes)

GC Heap History (20 events):
Event: 75.345 GC heap before
{Heap before GC invocations=100 (full 0):
 garbage-first heap   total 157696K, used 141352K [0x00000000a0000000, 0x0000000100000000)
  region size 1024K, 7 young (7168K), 1 survivors (1024K)
 Metaspace       used 108802K, committed 110016K, reserved 458752K
  class space    used 15075K, committed 15680K, reserved 327680K
}
Event: 75.348 GC heap after
{Heap after GC invocations=101 (full 0):
 garbage-first heap   total 157696K, used 135833K [0x00000000a0000000, 0x0000000100000000)
  region size 1024K, 1 young (1024K), 1 survivors (1024K)
 Metaspace       used 108802K, committed 110016K, reserved 458752K
  class space    used 15075K, committed 15680K, reserved 327680K
}
Event: 76.179 GC heap before
{Heap before GC invocations=101 (full 0):
 garbage-first heap   total 157696K, used 140953K [0x00000000a0000000, 0x0000000100000000)
  region size 1024K, 7 young (7168K), 1 survivors (1024K)
 Metaspace       used 108802K, committed 110016K, reserved 458752K
  class space    used 15075K, committed 15680K, reserved 327680K
}
Event: 76.182 GC heap after
{Heap after GC invocations=102 (full 0):
 garbage-first heap   total 157696K, used 136598K [0x00000000a0000000, 0x0000000100000000)
  region size 1024K, 1 young (1024K), 1 survivors (1024K)
 Metaspace       used 108802K, committed 110016K, reserved 458752K
  class space    used 15075K, committed 15680K, reserved 327680K
}
Event: 76.959 GC heap before
{Heap before GC invocations=102 (full 0):
 garbage-first heap   total 157696K, used 141718K [0x00000000a0000000, 0x0000000100000000)
  region size 1024K, 7 young (7168K), 1 survivors (1024K)
 Metaspace       used 108802K, committed 110016K, reserved 458752K
  class space    used 15075K, committed 15680K, reserved 327680K
}
Event: 76.961 GC heap after
{Heap after GC invocations=103 (full 0):
 garbage-first heap   total 157696K, used 137274K [0x00000000a0000000, 0x0000000100000000)
  region size 1024K, 1 young (1024K), 1 survivors (1024K)
 Metaspace       used 108802K, committed 110016K, reserved 458752K
  class space    used 15075K, committed 15680K, reserved 327680K
}
Event: 77.576 GC heap before
{Heap before GC invocations=103 (full 0):
 garbage-first heap   total 157696K, used 142394K [0x00000000a0000000, 0x0000000100000000)
  region size 1024K, 7 young (7168K), 1 survivors (1024K)
 Metaspace       used 108802K, committed 110016K, reserved 458752K
  class space    used 15075K, committed 15680K, reserved 327680K
}
Event: 77.579 GC heap after
{Heap after GC invocations=104 (full 0):
 garbage-first heap   total 157696K, used 137927K [0x00000000a0000000, 0x0000000100000000)
  region size 1024K, 1 young (1024K), 1 survivors (1024K)
 Metaspace       used 108802K, committed 110016K, reserved 458752K
  class space    used 15075K, committed 15680K, reserved 327680K
}
Event: 78.956 GC heap before
{Heap before GC invocations=104 (full 0):
 garbage-first heap   total 157696K, used 143047K [0x00000000a0000000, 0x0000000100000000)
  region size 1024K, 7 young (7168K), 1 survivors (1024K)
 Metaspace       used 108802K, committed 110016K, reserved 458752K
  class space    used 15075K, committed 15680K, reserved 327680K
}
Event: 78.959 GC heap after
{Heap after GC invocations=105 (full 0):
 garbage-first heap   total 157696K, used 138637K [0x00000000a0000000, 0x0000000100000000)
  region size 1024K, 1 young (1024K), 1 survivors (1024K)
 Metaspace       used 108802K, committed 110016K, reserved 458752K
  class space    used 15075K, committed 15680K, reserved 327680K
}
Event: 79.673 GC heap before
{Heap before GC invocations=105 (full 0):
 garbage-first heap   total 157696K, used 144781K [0x00000000a0000000, 0x0000000100000000)
  region size 1024K, 7 young (7168K), 1 survivors (1024K)
 Metaspace       used 108802K, committed 110016K, reserved 458752K
  class space    used 15075K, committed 15680K, reserved 327680K
}
Event: 79.677 GC heap after
{Heap after GC invocations=106 (full 0):
 garbage-first heap   total 157696K, used 139417K [0x00000000a0000000, 0x0000000100000000)
  region size 1024K, 1 young (1024K), 1 survivors (1024K)
 Metaspace       used 108802K, committed 110016K, reserved 458752K
  class space    used 15075K, committed 15680K, reserved 327680K
}
Event: 80.767 GC heap before
{Heap before GC invocations=106 (full 0):
 garbage-first heap   total 157696K, used 144537K [0x00000000a0000000, 0x0000000100000000)
  region size 1024K, 7 young (7168K), 1 survivors (1024K)
 Metaspace       used 108802K, committed 110016K, reserved 458752K
  class space    used 15075K, committed 15680K, reserved 327680K
}
Event: 80.771 GC heap after
{Heap after GC invocations=107 (full 0):
 garbage-first heap   total 157696K, used 140077K [0x00000000a0000000, 0x0000000100000000)
  region size 1024K, 1 young (1024K), 1 survivors (1024K)
 Metaspace       used 108802K, committed 110016K, reserved 458752K
  class space    used 15075K, committed 15680K, reserved 327680K
}
Event: 81.745 GC heap before
{Heap before GC invocations=107 (full 0):
 garbage-first heap   total 157696K, used 146221K [0x00000000a0000000, 0x0000000100000000)
  region size 1024K, 7 young (7168K), 1 survivors (1024K)
 Metaspace       used 108803K, committed 110016K, reserved 458752K
  class space    used 15075K, committed 15680K, reserved 327680K
}
Event: 81.750 GC heap after
{Heap after GC invocations=108 (full 0):
 garbage-first heap   total 157696K, used 140827K [0x00000000a0000000, 0x0000000100000000)
  region size 1024K, 1 young (1024K), 1 survivors (1024K)
 Metaspace       used 108803K, committed 110016K, reserved 458752K
  class space    used 15075K, committed 15680K, reserved 327680K
}
Event: 82.630 GC heap before
{Heap before GC invocations=109 (full 0):
 garbage-first heap   total 240640K, used 150043K [0x00000000a0000000, 0x0000000100000000)
  region size 1024K, 11 young (11264K), 1 survivors (1024K)
 Metaspace       used 108804K, committed 110016K, reserved 458752K
  class space    used 15075K, committed 15680K, reserved 327680K
}
Event: 82.635 GC heap after
{Heap after GC invocations=110 (full 0):
 garbage-first heap   total 240640K, used 141873K [0x00000000a0000000, 0x0000000100000000)
  region size 1024K, 2 young (2048K), 2 survivors (2048K)
 Metaspace       used 108804K, committed 110016K, reserved 458752K
  class space    used 15075K, committed 15680K, reserved 327680K
}
Event: 84.734 GC heap before
{Heap before GC invocations=110 (full 0):
 garbage-first heap   total 240640K, used 150065K [0x00000000a0000000, 0x0000000100000000)
  region size 1024K, 11 young (11264K), 2 survivors (2048K)
 Metaspace       used 108804K, committed 110016K, reserved 458752K
  class space    used 15075K, committed 15680K, reserved 327680K
}
Event: 84.746 GC heap after
{Heap after GC invocations=111 (full 0):
 garbage-first heap   total 240640K, used 136227K [0x00000000a0000000, 0x0000000100000000)
  region size 1024K, 2 young (2048K), 2 survivors (2048K)
 Metaspace       used 108804K, committed 110016K, reserved 458752K
  class space    used 15075K, committed 15680K, reserved 327680K
}

Dll operation events (15 events):
Event: 0.028 Loaded shared library C:\Program Files\Microsoft\jdk-17.0.19.10-hotspot\bin\java.dll
Event: 0.059 Loaded shared library C:\Program Files\Microsoft\jdk-17.0.19.10-hotspot\bin\jsvml.dll
Event: 0.159 Loaded shared library C:\Program Files\Microsoft\jdk-17.0.19.10-hotspot\bin\zip.dll
Event: 0.166 Loaded shared library C:\Program Files\Microsoft\jdk-17.0.19.10-hotspot\bin\instrument.dll
Event: 0.174 Loaded shared library C:\Program Files\Microsoft\jdk-17.0.19.10-hotspot\bin\net.dll
Event: 0.178 Loaded shared library C:\Program Files\Microsoft\jdk-17.0.19.10-hotspot\bin\nio.dll
Event: 0.182 Loaded shared library C:\Program Files\Microsoft\jdk-17.0.19.10-hotspot\bin\zip.dll
Event: 0.905 Loaded shared library C:\Program Files\Microsoft\jdk-17.0.19.10-hotspot\bin\jimage.dll
Event: 1.506 Loaded shared library C:\Program Files\Microsoft\jdk-17.0.19.10-hotspot\bin\verify.dll
Event: 1.573 Loaded shared library C:\Users\prath\.gradle\native\660c5614fbf4a5f2a75b1949f50a0caf5cd603558e7d8a26e50b933a0cfb79d1\windows-amd64\native-platform.dll
Event: 1.600 Loaded shared library C:\Users\prath\.gradle\native\0.2.8\x86_64-windows-gnu\gradle-fileevents.dll
Event: 4.684 Loaded shared library C:\Program Files\Microsoft\jdk-17.0.19.10-hotspot\bin\management.dll
Event: 4.690 Loaded shared library C:\Program Files\Microsoft\jdk-17.0.19.10-hotspot\bin\management_ext.dll
Event: 5.084 Loaded shared library C:\Program Files\Microsoft\jdk-17.0.19.10-hotspot\bin\extnet.dll
Event: 5.514 Loaded shared library C:\Program Files\Microsoft\jdk-17.0.19.10-hotspot\bin\sunmscapi.dll

Deoptimization events (20 events):
Event: 71.948 Thread 0x0000025578d84830 DEOPT PACKING pc=0x000002555f1b86d4 sp=0x000000c10cbf7400
Event: 71.948 Thread 0x0000025578d84830 DEOPT UNPACKING pc=0x0000025565047143 sp=0x000000c10cbf6980 mode 0
Event: 72.026 Thread 0x0000025578d84830 DEOPT PACKING pc=0x000002555f1b86d4 sp=0x000000c10cbf5010
Event: 72.026 Thread 0x0000025578d84830 DEOPT UNPACKING pc=0x0000025565047143 sp=0x000000c10cbf4590 mode 0
Event: 72.081 Thread 0x0000025578d84830 DEOPT PACKING pc=0x000002555f1b86d4 sp=0x000000c10cbf4ff0
Event: 72.081 Thread 0x0000025578d84830 DEOPT UNPACKING pc=0x0000025565047143 sp=0x000000c10cbf4570 mode 0
Event: 72.330 Thread 0x0000025578d84830 DEOPT PACKING pc=0x000002555f1b86d4 sp=0x000000c10cbf4fa0
Event: 72.330 Thread 0x0000025578d84830 DEOPT UNPACKING pc=0x0000025565047143 sp=0x000000c10cbf4520 mode 0
Event: 72.755 Thread 0x0000025578d84830 DEOPT PACKING pc=0x000002555f1b86d4 sp=0x000000c10cbf3c80
Event: 72.755 Thread 0x0000025578d84830 DEOPT UNPACKING pc=0x0000025565047143 sp=0x000000c10cbf3200 mode 0
Event: 73.303 Thread 0x0000025578d84830 DEOPT PACKING pc=0x000002555f05ff4b sp=0x000000c10cbf4fc0
Event: 73.303 Thread 0x0000025578d84830 DEOPT UNPACKING pc=0x0000025565047143 sp=0x000000c10cbf44e0 mode 0
Event: 81.754 Thread 0x000002557973b320 DEOPT PACKING pc=0x000002555e46d5a5 sp=0x000000c10c5fe820
Event: 81.754 Thread 0x000002557973b320 DEOPT UNPACKING pc=0x0000025565047143 sp=0x000000c10c5fdd60 mode 0
Event: 82.458 Thread 0x0000025578d84830 DEOPT PACKING pc=0x000002555f05ff4b sp=0x000000c10cbf7350
Event: 82.458 Thread 0x0000025578d84830 DEOPT UNPACKING pc=0x0000025565047143 sp=0x000000c10cbf6870 mode 0
Event: 88.091 Thread 0x0000025578d84830 Uncommon trap: trap_request=0xffffffde fr.pc=0x000002556580759c relative=0x00000000000011fc
Event: 88.091 Thread 0x0000025578d84830 Uncommon trap: reason=class_check action=maybe_recompile pc=0x000002556580759c method=java.util.concurrent.ConcurrentHashMap.putVal(Ljava/lang/Object;Ljava/lang/Object;Z)Ljava/lang/Object; @ 159 c2
Event: 88.091 Thread 0x0000025578d84830 DEOPT PACKING pc=0x000002556580759c sp=0x000000c10cbf7a90
Event: 88.091 Thread 0x0000025578d84830 DEOPT UNPACKING pc=0x00000255650469a3 sp=0x000000c10cbf7a40 mode 2

Classes loaded (20 events):
Event: 70.605 Loading class jdk/internal/jimage/ImageReader$Node done
Event: 70.605 Loading class jdk/internal/jimage/ImageReader$Directory done
Event: 70.605 Loading class jdk/internal/jrtfs/SystemImage$1
Event: 70.605 Loading class jdk/internal/jrtfs/SystemImage$1 done
Event: 70.606 Loading class jdk/internal/jimage/ImageReader$SharedImageReader$LocationVisitor
Event: 70.606 Loading class jdk/internal/jimage/ImageReader$SharedImageReader$LocationVisitor done
Event: 70.608 Loading class java/nio/ByteBufferAsIntBufferL
Event: 70.608 Loading class java/nio/ByteBufferAsIntBufferL done
Event: 70.611 Loading class jdk/internal/jrtfs/JrtFileAttributes
Event: 70.612 Loading class jdk/internal/jrtfs/JrtFileAttributes done
Event: 70.612 Loading class jdk/internal/jrtfs/JrtDirectoryStream
Event: 70.613 Loading class jdk/internal/jrtfs/JrtDirectoryStream done
Event: 70.615 Loading class jdk/internal/jrtfs/JrtDirectoryStream$1
Event: 70.616 Loading class jdk/internal/jrtfs/JrtDirectoryStream$1 done
Event: 70.616 Loading class jdk/internal/jimage/ImageReader$Resource
Event: 70.617 Loading class jdk/internal/jimage/ImageReader$Resource done
Event: 70.777 Loading class java/util/WeakHashMap$KeyIterator
Event: 70.793 Loading class java/util/WeakHashMap$HashIterator
Event: 70.809 Loading class java/util/WeakHashMap$HashIterator done
Event: 70.809 Loading class java/util/WeakHashMap$KeyIterator done

Classes unloaded (0 events):
No events

Classes redefined (0 events):
No events

Internal exceptions (20 events):
Event: 69.178 Thread 0x0000025578d84830 Exception <a 'java/lang/ClassNotFoundException'{0x00000000a95e3a08}: com/android/build/gradle/internal/api/BaseVariantOutputImplCustomizer> (0x00000000a95e3a08) 
thrown [s\src\hotspot\share\classfile\systemDictionary.cpp, line 256]
Event: 69.180 Thread 0x0000025578d84830 Exception <a 'java/lang/ClassNotFoundException'{0x00000000a940a970}: com/android/build/gradle/internal/api/ApkVariantOutputImplCustomizer> (0x00000000a940a970) 
thrown [s\src\hotspot\share\classfile\systemDictionary.cpp, line 256]
Event: 69.182 Thread 0x0000025578d84830 Exception <a 'java/lang/ClassNotFoundException'{0x00000000a942cde0}: com/android/build/gradle/internal/api/ApkVariantOutputImpl_DecoratedCustomizer> (0x00000000a942cde0) 
thrown [s\src\hotspot\share\classfile\systemDictionary.cpp, line 256]
Event: 69.353 Thread 0x0000025578d84830 Exception <a 'java/lang/ClassNotFoundException'{0x00000000a996d0a8}: com/android/build/gradle/internal/api/ReadOnlyBuildTypeBeanInfo> (0x00000000a996d0a8) 
thrown [s\src\hotspot\share\classfile\systemDictionary.cpp, line 256]
Event: 69.355 Thread 0x0000025578d84830 Exception <a 'java/lang/ClassNotFoundException'{0x00000000a9981a70}: com/android/build/gradle/internal/api/ReadOnlyBaseConfigBeanInfo> (0x00000000a9981a70) 
thrown [s\src\hotspot\share\classfile\systemDictionary.cpp, line 256]
Event: 69.356 Thread 0x0000025578d84830 Exception <a 'java/lang/ClassNotFoundException'{0x00000000a9996138}: com/android/build/gradle/internal/api/ReadOnlyBaseConfigCustomizer> (0x00000000a9996138) 
thrown [s\src\hotspot\share\classfile\systemDictionary.cpp, line 256]
Event: 69.358 Thread 0x0000025578d84830 Exception <a 'java/lang/ClassNotFoundException'{0x00000000a99ba888}: com/android/build/gradle/internal/api/ReadOnlyBuildTypeCustomizer> (0x00000000a99ba888) 
thrown [s\src\hotspot\share\classfile\systemDictionary.cpp, line 256]
Event: 70.208 Thread 0x0000025578d84830 Exception <a 'java/lang/ClassNotFoundException'{0x00000000a91b5500}: build_brm1ea7ykh700a68mpy3kh0ldBeanInfo> (0x00000000a91b5500) 
thrown [s\src\hotspot\share\classfile\systemDictionary.cpp, line 256]
Event: 70.209 Thread 0x0000025578d84830 Exception <a 'java/lang/ClassNotFoundException'{0x00000000a91bce98}: build_brm1ea7ykh700a68mpy3kh0ldCustomizer> (0x00000000a91bce98) 
thrown [s\src\hotspot\share\classfile\systemDictionary.cpp, line 256]
Event: 70.232 Thread 0x0000025578d84830 Exception <a 'java/lang/NoSuchMethodError'{0x00000000a91f5b78}: 'int java.lang.invoke.Invokers$Holder.linkToCallSite(java.lang.Object, java.lang.Object)'> (0x00000000a91f5b78) 
thrown [s\src\hotspot\share\interpreter\linkResolver.cpp, line 759]
Event: 70.236 Thread 0x0000025578d84830 Exception <a 'java/lang/ClassNotFoundException'{0x00000000a900dc48}: java/lang/BooleanBeanInfo> (0x00000000a900dc48) 
thrown [s\src\hotspot\share\classfile\systemDictionary.cpp, line 256]
Event: 70.238 Thread 0x0000025578d84830 Exception <a 'java/lang/ClassNotFoundException'{0x00000000a9014198}: java/lang/BooleanCustomizer> (0x00000000a9014198) 
thrown [s\src\hotspot\share\classfile\systemDictionary.cpp, line 256]
Event: 70.281 Thread 0x0000025578d84830 Exception <a 'java/lang/ClassNotFoundException'{0x00000000a90d6628}: groovy/lang/GString$1BeanInfo> (0x00000000a90d6628) 
thrown [s\src\hotspot\share\classfile\systemDictionary.cpp, line 256]
Event: 70.286 Thread 0x0000025578d84830 Exception <a 'java/lang/ClassNotFoundException'{0x00000000a90f6e70}: groovy/lang/GStringBeanInfo> (0x00000000a90f6e70) 
thrown [s\src\hotspot\share\classfile\systemDictionary.cpp, line 256]
Event: 70.289 Thread 0x0000025578d84830 Exception <a 'java/lang/ClassNotFoundException'{0x00000000a8f16b80}: groovy/lang/GStringCustomizer> (0x00000000a8f16b80) 
thrown [s\src\hotspot\share\classfile\systemDictionary.cpp, line 256]
Event: 70.292 Thread 0x0000025578d84830 Exception <a 'java/lang/ClassNotFoundException'{0x00000000a8f42d00}: groovy/lang/GString$1Customizer> (0x00000000a8f42d00) 
thrown [s\src\hotspot\share\classfile\systemDictionary.cpp, line 256]
Event: 70.324 Thread 0x0000025578d84830 Exception <a 'java/lang/ClassNotFoundException'{0x00000000a98087f8}: org/codehaus/groovy/runtime/GStringImplBeanInfo> (0x00000000a98087f8) 
thrown [s\src\hotspot\share\classfile\systemDictionary.cpp, line 256]
Event: 70.330 Thread 0x0000025578d84830 Exception <a 'java/lang/ClassNotFoundException'{0x00000000a97779d0}: org/codehaus/groovy/runtime/GStringImplCustomizer> (0x00000000a97779d0) 
thrown [s\src\hotspot\share\classfile\systemDictionary.cpp, line 256]
Event: 88.067 Thread 0x0000025578d84830 Exception <a 'java/lang/ClassNotFoundException'{0x00000000acec75c8}: build_brm1ea7ykh700a68mpy3kh0ldBeanInfo> (0x00000000acec75c8) 
thrown [s\src\hotspot\share\classfile\systemDictionary.cpp, line 256]
Event: 88.069 Thread 0x0000025578d84830 Exception <a 'java/lang/ClassNotFoundException'{0x00000000acecec78}: build_brm1ea7ykh700a68mpy3kh0ldCustomizer> (0x00000000acecec78) 
thrown [s\src\hotspot\share\classfile\systemDictionary.cpp, line 256]

VM Operations (20 events):
Event: 81.751 Executing VM operation: G1CollectForAllocation done
Event: 81.977 Executing VM operation: G1PauseRemark
Event: 81.993 Executing VM operation: G1PauseRemark done
Event: 82.047 Executing VM operation: G1PauseCleanup
Event: 82.048 Executing VM operation: G1PauseCleanup done
Event: 82.630 Executing VM operation: G1CollectForAllocation
Event: 82.635 Executing VM operation: G1CollectForAllocation done
Event: 83.646 Executing VM operation: Cleanup
Event: 83.646 Executing VM operation: Cleanup done
Event: 84.648 Executing VM operation: Cleanup
Event: 84.648 Executing VM operation: Cleanup done
Event: 84.734 Executing VM operation: G1CollectForAllocation
Event: 84.746 Executing VM operation: G1CollectForAllocation done
Event: 85.760 Executing VM operation: Cleanup
Event: 85.760 Executing VM operation: Cleanup done
Event: 86.761 Executing VM operation: Cleanup
Event: 86.761 Executing VM operation: Cleanup done
Event: 87.775 Executing VM operation: Cleanup
Event: 87.853 Executing VM operation: Cleanup done
Event: 88.864 Executing VM operation: Cleanup

Memory protections (0 events):
No events

Nmethod flushes (20 events):
Event: 48.940 Thread 0x000002557355fb90 flushing  nmethod 0x000002555eac0290
Event: 48.940 Thread 0x000002557355fb90 flushing  nmethod 0x000002555eac2410
Event: 48.940 Thread 0x000002557355fb90 flushing  nmethod 0x000002555eaded10
Event: 48.940 Thread 0x000002557355fb90 flushing  nmethod 0x000002555eb14c90
Event: 48.940 Thread 0x000002557355fb90 flushing  nmethod 0x000002555eb3b610
Event: 48.940 Thread 0x000002557355fb90 flushing  nmethod 0x000002555eb3e610
Event: 48.940 Thread 0x000002557355fb90 flushing  nmethod 0x000002555eb4b410
Event: 48.940 Thread 0x000002557355fb90 flushing  nmethod 0x000002555eb4be90
Event: 48.940 Thread 0x000002557355fb90 flushing  nmethod 0x000002555eb59d90
Event: 48.940 Thread 0x000002557355fb90 flushing  nmethod 0x000002555eba3310
Event: 48.941 Thread 0x000002557355fb90 flushing  nmethod 0x000002555ebcc290
Event: 48.941 Thread 0x000002557355fb90 flushing  nmethod 0x000002555ebce690
Event: 48.941 Thread 0x000002557355fb90 flushing osr nmethod 0x000002555ec6f790
Event: 48.941 Thread 0x000002557355fb90 flushing  nmethod 0x000002555ec7bc90
Event: 48.941 Thread 0x000002557355fb90 flushing osr nmethod 0x000002555ec8ab90
Event: 48.941 Thread 0x000002557355fb90 flushing  nmethod 0x000002555ec8d410
Event: 48.943 Thread 0x000002557355fb90 flushing  nmethod 0x000002555eda3390
Event: 64.849 Thread 0x000002557355fb90 flushing  nmethod 0x000002555daf4d90
Event: 64.856 Thread 0x000002557355fb90 flushing  nmethod 0x000002555e067510
Event: 64.862 Thread 0x000002557355fb90 flushing  nmethod 0x000002555e440c10

Events (20 events):
Event: 35.956 Thread 0x0000025573554310 Thread added: 0x000002557b5667c0
Event: 36.299 Thread 0x000002557b5667c0 Thread exited: 0x000002557b5667c0
Event: 38.853 Thread 0x0000025579e7a190 Thread added: 0x0000025579e7bae0
Event: 39.087 Thread 0x0000025579e7a190 Thread added: 0x000002557ab07e80
Event: 39.166 Thread 0x0000025579e7a190 Thread added: 0x000002557ab050f0
Event: 39.406 Thread 0x0000025573550240 Thread added: 0x000002557c60d010
Event: 39.709 Thread 0x0000025579e7a190 Thread added: 0x000002557ab08390
Event: 40.382 Thread 0x000002557c60d010 Thread exited: 0x000002557c60d010
Event: 40.606 Thread 0x0000025573554310 Thread added: 0x000002557c60d010
Event: 40.720 Thread 0x000002557c60d010 Thread exited: 0x000002557c60d010
Event: 41.585 Thread 0x0000025578d84830 Thread added: 0x000002557ab06020
Event: 41.626 Thread 0x0000025573554310 Thread added: 0x000002557a867c30
Event: 42.159 Thread 0x000002557a867c30 Thread exited: 0x000002557a867c30
Event: 42.396 Thread 0x0000025578d84830 Thread added: 0x000002557ab07460
Event: 55.670 Thread 0x0000025578d84830 Thread added: 0x000002557ab06530
Event: 56.268 Thread 0x0000025578d84830 Thread added: 0x000002557ab08db0
Event: 56.301 Thread 0x0000025578d84830 Thread added: 0x000002557ab05600
Event: 62.085 Thread 0x0000025578d84830 Thread added: 0x000002557ab0a700
Event: 70.184 Thread 0x0000025578d84830 Thread added: 0x000002557ab0c050
Event: 88.017 Thread 0x0000025578d84830 Thread added: 0x000002557ab0ca70


Dynamic libraries:
0x00007ff66fbf0000 - 0x00007ff66fbfe000 	C:\Program Files\Microsoft\jdk-17.0.19.10-hotspot\bin\java.exe
0x00007ff87a540000 - 0x00007ff87a7a6000 	C:\WINDOWS\SYSTEM32\ntdll.dll
0x00007ff879070000 - 0x00007ff879139000 	C:\WINDOWS\System32\KERNEL32.DLL
0x00007ff877820000 - 0x00007ff877c1e000 	C:\WINDOWS\System32\KERNELBASE.dll
0x00007ff878110000 - 0x00007ff87825c000 	C:\WINDOWS\System32\ucrtbase.dll
0x00007ff83b010000 - 0x00007ff83b028000 	C:\Program Files\Microsoft\jdk-17.0.19.10-hotspot\bin\jli.dll
0x00007ff83d240000 - 0x00007ff83d25e000 	C:\Program Files\Microsoft\jdk-17.0.19.10-hotspot\bin\VCRUNTIME140.dll
0x00007ff878460000 - 0x00007ff878627000 	C:\WINDOWS\System32\USER32.dll
0x00007ff877fb0000 - 0x00007ff877fd7000 	C:\WINDOWS\System32\win32u.dll
0x00007ff864240000 - 0x00007ff8644d2000 	C:\WINDOWS\WinSxS\amd64_microsoft.windows.common-controls_6595b64144ccf1df_6.0.26100.8875_none_3e0d5d42e32fe9dd\COMCTL32.dll
0x00007ff878270000 - 0x00007ff87829b000 	C:\WINDOWS\System32\GDI32.dll
0x00007ff8782a0000 - 0x00007ff878349000 	C:\WINDOWS\System32\msvcrt.dll
0x00007ff877fe0000 - 0x00007ff87810a000 	C:\WINDOWS\System32\gdi32full.dll
0x00007ff877e40000 - 0x00007ff877ee3000 	C:\WINDOWS\System32\msvcp_win.dll
0x00007ff8799c0000 - 0x00007ff8799f2000 	C:\WINDOWS\System32\IMM32.DLL
0x00007ff86c8f0000 - 0x00007ff86c8fc000 	C:\Program Files\Microsoft\jdk-17.0.19.10-hotspot\bin\vcruntime140_1.dll
0x00007ff83a360000 - 0x00007ff83a3e9000 	C:\Program Files\Microsoft\jdk-17.0.19.10-hotspot\bin\msvcp140.dll
0x00007fff5ba70000 - 0x00007fff5c6eb000 	C:\Program Files\Microsoft\jdk-17.0.19.10-hotspot\bin\server\jvm.dll
0x00007ff878db0000 - 0x00007ff878e67000 	C:\WINDOWS\System32\ADVAPI32.dll
0x00007ff879a00000 - 0x00007ff879aaa000 	C:\WINDOWS\System32\sechost.dll
0x00007ff8797a0000 - 0x00007ff8798b8000 	C:\WINDOWS\System32\RPCRT4.dll
0x00007ff878fe0000 - 0x00007ff879060000 	C:\WINDOWS\System32\WS2_32.dll
0x00007ff8775e0000 - 0x00007ff87763e000 	C:\WINDOWS\SYSTEM32\POWRPROF.dll
0x00007ff870510000 - 0x00007ff870546000 	C:\WINDOWS\SYSTEM32\WINMM.dll
0x00007ff870550000 - 0x00007ff87055b000 	C:\WINDOWS\SYSTEM32\VERSION.dll
0x00007ff8775a0000 - 0x00007ff8775b4000 	C:\WINDOWS\SYSTEM32\UMPDC.dll
0x00007ff876440000 - 0x00007ff87645b000 	C:\WINDOWS\SYSTEM32\kernel.appcore.dll
0x00007ff862ab0000 - 0x00007ff862aba000 	C:\Program Files\Microsoft\jdk-17.0.19.10-hotspot\bin\jimage.dll
0x00007ff874f70000 - 0x00007ff8751b2000 	C:\WINDOWS\SYSTEM32\DBGHELP.DLL
0x00007ff8786b0000 - 0x00007ff878a33000 	C:\WINDOWS\System32\combase.dll
0x00007ff878a40000 - 0x00007ff878b19000 	C:\WINDOWS\System32\OLEAUT32.dll
0x00007ff863120000 - 0x00007ff86315b000 	C:\WINDOWS\SYSTEM32\dbgcore.DLL
0x00007ff877760000 - 0x00007ff87780c000 	C:\WINDOWS\System32\bcryptPrimitives.dll
0x00007ff854610000 - 0x00007ff85461f000 	C:\Program Files\Microsoft\jdk-17.0.19.10-hotspot\bin\instrument.dll
0x00007ff839cd0000 - 0x00007ff839cf6000 	C:\Program Files\Microsoft\jdk-17.0.19.10-hotspot\bin\java.dll
0x00007fffe6a20000 - 0x00007fffe6af6000 	C:\Program Files\Microsoft\jdk-17.0.19.10-hotspot\bin\jsvml.dll
0x00007ff879af0000 - 0x00007ff87a282000 	C:\WINDOWS\System32\SHELL32.dll
0x00007ff8751f0000 - 0x00007ff875a82000 	C:\WINDOWS\SYSTEM32\windows.storage.dll
0x00007ff8798c0000 - 0x00007ff8799b7000 	C:\WINDOWS\System32\SHCORE.dll
0x00007ff878f70000 - 0x00007ff878fd7000 	C:\WINDOWS\System32\shlwapi.dll
0x00007ff877680000 - 0x00007ff8776a9000 	C:\WINDOWS\SYSTEM32\profapi.dll
0x00007ff836af0000 - 0x00007ff836b08000 	C:\Program Files\Microsoft\jdk-17.0.19.10-hotspot\bin\zip.dll
0x00007ff8399c0000 - 0x00007ff8399db000 	C:\Program Files\Microsoft\jdk-17.0.19.10-hotspot\bin\net.dll
0x00007ff86d470000 - 0x00007ff86d597000 	C:\WINDOWS\SYSTEM32\WINHTTP.dll
0x00007ff8769f0000 - 0x00007ff876a5c000 	C:\WINDOWS\system32\mswsock.dll
0x00007ff8396d0000 - 0x00007ff8396e6000 	C:\Program Files\Microsoft\jdk-17.0.19.10-hotspot\bin\nio.dll
0x00007ff854a90000 - 0x00007ff854aa0000 	C:\Program Files\Microsoft\jdk-17.0.19.10-hotspot\bin\verify.dll
0x00007ff834370000 - 0x00007ff834397000 	C:\Users\prath\.gradle\native\660c5614fbf4a5f2a75b1949f50a0caf5cd603558e7d8a26e50b933a0cfb79d1\windows-amd64\native-platform.dll
0x00007ff81ba10000 - 0x00007ff81ba87000 	C:\Users\prath\.gradle\native\0.2.8\x86_64-windows-gnu\gradle-fileevents.dll
0x00007ff862310000 - 0x00007ff86231a000 	C:\Program Files\Microsoft\jdk-17.0.19.10-hotspot\bin\management.dll
0x00007ff85faf0000 - 0x00007ff85fafc000 	C:\Program Files\Microsoft\jdk-17.0.19.10-hotspot\bin\management_ext.dll
0x00007ff879ab0000 - 0x00007ff879ab8000 	C:\WINDOWS\System32\PSAPI.DLL
0x00007ff875dd0000 - 0x00007ff875e03000 	C:\WINDOWS\SYSTEM32\IPHLPAPI.DLL
0x00007ff8795d0000 - 0x00007ff8795da000 	C:\WINDOWS\System32\NSI.dll
0x00007ff86d440000 - 0x00007ff86d45d000 	C:\WINDOWS\SYSTEM32\dhcpcsvc6.DLL
0x00007ff86d410000 - 0x00007ff86d435000 	C:\WINDOWS\SYSTEM32\dhcpcsvc.DLL
0x00007ff875e60000 - 0x00007ff875fb6000 	C:\WINDOWS\SYSTEM32\DNSAPI.dll
0x00007ff8767d0000 - 0x00007ff8767dd000 	C:\WINDOWS\SYSTEM32\DSPARSE.dll
0x00007ff855920000 - 0x00007ff855929000 	C:\Program Files\Microsoft\jdk-17.0.19.10-hotspot\bin\extnet.dll
0x00007ff876d10000 - 0x00007ff876d2b000 	C:\WINDOWS\SYSTEM32\CRYPTSP.dll
0x00007ff8763a0000 - 0x00007ff8763d9000 	C:\WINDOWS\system32\rsaenh.dll
0x00007ff876ab0000 - 0x00007ff876ae2000 	C:\WINDOWS\SYSTEM32\USERENV.dll
0x00007ff877650000 - 0x00007ff87767a000 	C:\WINDOWS\SYSTEM32\bcrypt.dll
0x00007ff876cf0000 - 0x00007ff876cfc000 	C:\WINDOWS\SYSTEM32\CRYPTBASE.dll
0x00007ff851b50000 - 0x00007ff851b5e000 	C:\Program Files\Microsoft\jdk-17.0.19.10-hotspot\bin\sunmscapi.dll
0x00007ff877c30000 - 0x00007ff877da8000 	C:\WINDOWS\System32\CRYPT32.dll
0x00007ff876f30000 - 0x00007ff876f60000 	C:\WINDOWS\SYSTEM32\ncrypt.dll
0x00007ff876ee0000 - 0x00007ff876f1f000 	C:\WINDOWS\SYSTEM32\NTASN1.dll
0x00007ff86d710000 - 0x00007ff86d718000 	C:\WINDOWS\system32\wshunix.dll
0x00007ff869140000 - 0x00007ff86914b000 	C:\Windows\System32\rasadhlp.dll
0x00007ff86c110000 - 0x00007ff86c196000 	C:\WINDOWS\System32\fwpuclnt.dll

dbghelp: loaded successfully - version: 4.0.5 - missing functions: none
symbol engine: initialized successfully - sym options: 0x614 - pdb path: .;C:\Program Files\Microsoft\jdk-17.0.19.10-hotspot\bin;C:\WINDOWS\SYSTEM32;C:\WINDOWS\WinSxS\amd64_microsoft.windows.common-controls_6595b64144ccf1df_6.0.26100.8875_none_3e0d5d42e32fe9dd;C:\Program Files\Microsoft\jdk-17.0.19.10-hotspot\bin\server;C:\Users\prath\.gradle\native\660c5614fbf4a5f2a75b1949f50a0caf5cd603558e7d8a26e50b933a0cfb79d1\windows-amd64;C:\Users\prath\.gradle\native\0.2.8\x86_64-windows-gnu

VM Arguments:
jvm_args: --add-opens=java.base/java.lang=ALL-UNNAMED --add-opens=java.base/java.lang.invoke=ALL-UNNAMED --add-opens=java.base/java.util=ALL-UNNAMED --add-opens=java.prefs/java.util.prefs=ALL-UNNAMED --add-exports=jdk.compiler/com.sun.tools.javac.api=ALL-UNNAMED --add-exports=jdk.compiler/com.sun.tools.javac.util=ALL-UNNAMED --add-opens=java.base/java.util=ALL-UNNAMED --add-opens=java.prefs/java.util.prefs=ALL-UNNAMED --add-opens=java.base/java.nio.charset=ALL-UNNAMED --add-opens=java.base/java.net=ALL-UNNAMED --add-opens=java.base/java.util.concurrent=ALL-UNNAMED --add-opens=java.base/java.util.concurrent.atomic=ALL-UNNAMED --add-opens=java.xml/javax.xml.namespace=ALL-UNNAMED --add-opens=java.base/java.time=ALL-UNNAMED -XX:MaxMetaspaceSize=384m -XX:+HeapDumpOnOutOfMemoryError -Xmx1536m -Dfile.encoding=windows-1252 -Duser.country=US -Duser.language=en -Duser.variant -javaagent:C:\Users\prath\.gradle\wrapper\dists\gradle-9.3.1-bin\23ovyewtku6u96viwx3xl3oks\gradle-9.3.1\lib\agents\gradle-instrumentation-agent-9.3.1.jar 
java_command: org.gradle.launcher.daemon.bootstrap.GradleDaemon 9.3.1
java_class_path (initial): C:\Users\prath\.gradle\wrapper\dists\gradle-9.3.1-bin\23ovyewtku6u96viwx3xl3oks\gradle-9.3.1\lib\gradle-daemon-main-9.3.1.jar
Launcher Type: SUN_STANDARD

[Global flags]
     intx CICompilerCount                          = 4                                         {product} {ergonomic}
   size_t CompressedClassSpaceSize                 = 335544320                                 {product} {ergonomic}
     uint ConcGCThreads                            = 3                                         {product} {ergonomic}
     uint G1ConcRefinementThreads                  = 10                                        {product} {ergonomic}
   size_t G1HeapRegionSize                         = 1048576                                   {product} {ergonomic}
    uintx GCDrainStackTargetSize                   = 64                                        {product} {ergonomic}
     bool HeapDumpOnOutOfMemoryError               = true                                   {manageable} {command line}
   size_t InitialHeapSize                          = 98566144                                  {product} {ergonomic}
   size_t MarkStackSize                            = 4194304                                   {product} {ergonomic}
   size_t MaxHeapSize                              = 1610612736                                {product} {command line}
   size_t MaxMetaspaceSize                         = 402653184                                 {product} {command line}
   size_t MaxNewSize                               = 965738496                                 {product} {ergonomic}
   size_t MinHeapDeltaBytes                        = 1048576                                   {product} {ergonomic}
   size_t MinHeapSize                              = 8388608                                   {product} {ergonomic}
    uintx NonNMethodCodeHeapSize                   = 5839372                                {pd product} {ergonomic}
    uintx NonProfiledCodeHeapSize                  = 122909434                              {pd product} {ergonomic}
    uintx ProfiledCodeHeapSize                     = 122909434                              {pd product} {ergonomic}
    uintx ReservedCodeCacheSize                    = 251658240                              {pd product} {ergonomic}
     bool SegmentedCodeCache                       = true                                      {product} {ergonomic}
   size_t SoftMaxHeapSize                          = 1610612736                             {manageable} {ergonomic}
     bool UseCompressedClassPointers               = true                           {product lp64_product} {ergonomic}
     bool UseCompressedOops                        = true                           {product lp64_product} {ergonomic}
     bool UseG1GC                                  = true                                      {product} {ergonomic}
     bool UseLargePagesIndividualAllocation        = false                                  {pd product} {ergonomic}

Logging:
Log output configuration:
 #0: stdout all=warning uptime,level,tags
 #1: stderr all=off uptime,level,tags

Environment Variables:
JAVA_HOME=C:\Program Files\Microsoft\jdk-17.0.19.10-hotspot
CLASSPATH=.;D:\Training\java\mysql-connector-j-9.5.0.jar
PATH=C:\Users\prath\AppData\Local\Android\Sdk;C:\Users\prath\AppData\Local\Android\Sdk\platform-tools;C:\Users\prath\AppData\Local\Android\Sdk\emulator;C:\Program Files\Microsoft\jdk-17.0.19.10-hotspot\bin;C:\Windows\Microsoft.NET\Framework64\v4.0.30319;C:\Program Files (x86)\SQlite;C:\Program Files\MySQL\MySQL Server 8.0\bin;C:\Program Files\VideoLAN\VLC\;D:\Users\prath\AppData\Roaming\Python\Python311\Scripts;C:\Program Files\Python311\Scripts\;C:\Program Files\Python311\;C:\Program Files\Common Files\Oracle\Java\javapath;C:\WINDOWS\system32;C:\WINDOWS;C:\WINDOWS\System32\Wbem;C:\WINDOWS\System32\WindowsPowerShell\v1.0\;C:\WINDOWS\System32\OpenSSH\;C:\Program Files\Java\jdk-18.0.2.1\bin;C:\Program Files\Microsoft SQL Server\140\Tools\Binn\;C:\Program Files\Git\cmd;C:\Program Files\Microsoft SQL Server\150\Tools\Binn\;C:\Program Files\Microsoft SQL Server\Client SDK\ODBC\170\Tools\Binn\;C:\Program Files\dotnet\;C:\Users\prath\AppData\Roaming\Python\Python311\Scripts;C:\Program Files\WireGuard\;C:\Program Files\CodeBlocks\MinGW\bin;C:\Program Files\mysql-connector\mysql-connector-j-9.5.0\mysql-connector-j-9.5.0.jar;C:\Program Files\PostgreSQL\13\bin;C:\Program Files\PostgreSQL\18\bin;C:\Users\prath\AppData\Local\nvm;C:\nvm4w\nodejs;C:\ProgramData\chocolatey\bin;C:\Program Files\nodejs\;C:\Users\prath\AppData\Local\Android\Sdk\platform-tools;C:\Users\prath\AppData\Local\Android\Sdk\emulator;C:\Program Files\Microsoft\jdk-17.0.19.10-hotspot\bin;C:\Users\prath\AppData\Local\Android\Sdk\platform-tools;C:\Users\prath\AppData\Local\Android\Sdk\emulator;C:\Users\prath\AppData\Local\Android\Sdk;C:\Users\prath\AppData\Local\Microsoft\WindowsApps;C:\Users\prath\.dotnet\tools;C:\Users\prath\AppData\Local\Programs\Microsoft VS Code\bin;C:\Users\prath\AppData\Local\Microsoft\GitHubDesktop\bin;C:\Users\prath\AppData\Local\GitHubDesktop\bin;C:\Users\prath\AppData\Local\Programs\Hyper\resources\bin;C:\Program Files\sf\bin;C:\Program Files\Common Files\Oracle\Java\javapath\sf\bin;C:\Users\prath\Downloads\flutter\bin;C:\Users\prath\AppData\Local\nvm;C:\nvm4w\nodejs;C:\Users\prath\AppData\Roaming\npm;C:\Users\prath\AppData\Local\Programs\Antigravity IDE\bin
USERNAME=prath
LANG=en_US.UTF-8
OS=Windows_NT
PROCESSOR_IDENTIFIER=AMD64 Family 23 Model 104 Stepping 1, AuthenticAMD
TMP=C:\Users\prath\AppData\Local\Temp
TEMP=C:\Users\prath\AppData\Local\Temp



Periodic native trim disabled


---------------  S Y S T E M  ---------------

OS:
 Windows 11 , 64 bit Build 26100 (10.0.26100.8875)
OS uptime: 2 days 11:32 hours
Hyper-V role detected

CPU: total 12 (initial active 12) (12 cores per cpu, 2 threads per core) family 23 model 104 stepping 1 microcode 0x8608103, cx8, cmov, fxsr, ht, mmx, 3dnowpref, sse, sse2, sse3, ssse3, sse4a, sse4.1, sse4.2, popcnt, lzcnt, tsc, tscinvbit, avx, avx2, aes, clmul, bmi1, bmi2, adx, sha, fma, vzeroupper, clflush, clflushopt, hv
Processor Information for the first 12 processors :
  Max Mhz: 2100, Current Mhz: 1988, Mhz Limit: 2100

Memory: 4k page, system-wide physical 5989M (26M free)
TotalPageFile size 24421M (AvailPageFile size 0M)
current process WorkingSet (physical memory assigned to process): 325M, peak: 374M
current process commit charge ("private bytes"): 562M, peak: 563M

vm_info: OpenJDK 64-Bit Server VM (17.0.19+10-LTS) for windows-amd64 JRE (17.0.19+10-LTS), built on Apr 18 2026 18:24:40 by "MicrosoftCorporation" with MS VC++ 17.14 (VS2022)

END.
