#
# There is insufficient memory for the Java Runtime Environment to continue.
# Native memory allocation (malloc) failed to allocate 32744 bytes. Error detail: ChunkPool::allocate
# Possible reasons:
#   The system is out of physical RAM or swap space
#   This process is running with CompressedOops enabled, and the Java Heap may be blocking the growth of the native heap
# Possible solutions:
#   Reduce memory load on the system
#   Increase physical memory or swap space
#   Check if swap backing store is full
#   Decrease Java heap size (-Xmx/-Xms)
#   Decrease number of Java threads
#   Decrease Java thread stack sizes (-Xss)
#   Set larger code cache with -XX:ReservedCodeCacheSize=
#   JVM is running with Unscaled Compressed Oops mode in which the Java heap is
#     placed in the first 4GB address space. The Java Heap base address is the
#     maximum limit for the native heap growth. Please use -XX:HeapBaseMinAddress
#     to set the Java Heap base and to place the Java Heap above 4GB virtual address.
# This output file may be truncated or incomplete.
#
#  Out of Memory Error (arena.cpp:79), pid=32624, tid=26436
#
# JRE version: OpenJDK Runtime Environment Microsoft-13877129 (17.0.19+10) (build 17.0.19+10-LTS)
# Java VM: OpenJDK 64-Bit Server VM Microsoft-13877129 (17.0.19+10-LTS, mixed mode, sharing, tiered, compressed oops, compressed class ptrs, g1 gc, windows-amd64)
# No core dump will be written. Minidumps are not enabled by default on client versions of Windows
#

---------------  S U M M A R Y ------------

Command Line: -Xmx64m -Xms64m -Dorg.gradle.appname=gradlew D:\Training\project-a\projectvideo-app\projectvideo-frontend\android\\gradle\wrapper\gradle-wrapper.jar app:installDebug -PreactNativeDevServerPort=8081

Host: AMD Ryzen 5 5500U with Radeon Graphics         , 12 cores, 5G,  Windows 11 , 64 bit Build 26100 (10.0.26100.8875)
Time: Wed Jul 22 06:55:36 2026 India Standard Time elapsed time: 1447.006392 seconds (0d 0h 24m 7s)

---------------  T H R E A D  ---------------

Current thread (0x0000025bb16346b0):  JavaThread "C2 CompilerThread0" daemon [_thread_in_native, id=26436, stack(0x0000007c00b00000,0x0000007c00c00000)]


Current CompileTask:
C2:1447079 2087       4       org.fusesource.jansi.Ansi::appendEscapeSequence (44 bytes)

Stack: [0x0000007c00b00000,0x0000007c00c00000]
Native frames: (J=compiled Java code, j=interpreted, Vv=VM code, C=native code)
V  [jvm.dll+0x68cc89]  (no source info available)
V  [jvm.dll+0x845d89]  (no source info available)
V  [jvm.dll+0x847af8]  (no source info available)
V  [jvm.dll+0x848183]  (no source info available)
V  [jvm.dll+0x24d0bf]  (no source info available)
V  [jvm.dll+0xaef5e]  (no source info available)
V  [jvm.dll+0xaf3fc]  (no source info available)
V  [jvm.dll+0xaee64]  (no source info available)
V  [jvm.dll+0x830b1c]  (no source info available)
V  [jvm.dll+0x225753]  (no source info available)
V  [jvm.dll+0x6b2a01]  (no source info available)
V  [jvm.dll+0x21d1d8]  (no source info available)
V  [jvm.dll+0x1a8db6]  (no source info available)
V  [jvm.dll+0x22dc6b]  (no source info available)
V  [jvm.dll+0x22bdf6]  (no source info available)
V  [jvm.dll+0x7fbecb]  (no source info available)
V  [jvm.dll+0x7f62cc]  (no source info available)
V  [jvm.dll+0x68e227]  (no source info available)
C  [ucrtbase.dll+0x2cd30]  (no source info available)
C  [KERNEL32.DLL+0x2e957]  (no source info available)
C  [ntdll.dll+0xaad6c]  (no source info available)


---------------  P R O C E S S  ---------------

Threads class SMR info:
_java_thread_list=0x0000025bf785bce0, length=13, elements={
0x0000025b9771e4d0, 0x0000025bb160e640, 0x0000025bb160f200, 0x0000025bb162dc60,
0x0000025bb162e620, 0x0000025bb1630ff0, 0x0000025bb16339c0, 0x0000025bb16346b0,
0x0000025bb16385b0, 0x0000025bb1640fc0, 0x0000025bb1789aa0, 0x0000025bb1790800,
0x0000025bf79c09b0
}

Java Threads: ( => current thread )
  0x0000025b9771e4d0 JavaThread "main" [_thread_in_native, id=32464, stack(0x0000007c7fe00000,0x0000007c7ff00000)]
  0x0000025bb160e640 JavaThread "Reference Handler" daemon [_thread_blocked, id=31448, stack(0x0000007c00500000,0x0000007c00600000)]
  0x0000025bb160f200 JavaThread "Finalizer" daemon [_thread_blocked, id=6032, stack(0x0000007c00600000,0x0000007c00700000)]
  0x0000025bb162dc60 JavaThread "Signal Dispatcher" daemon [_thread_blocked, id=13808, stack(0x0000007c00700000,0x0000007c00800000)]
  0x0000025bb162e620 JavaThread "Attach Listener" daemon [_thread_blocked, id=32032, stack(0x0000007c00800000,0x0000007c00900000)]
  0x0000025bb1630ff0 JavaThread "Service Thread" daemon [_thread_blocked, id=32648, stack(0x0000007c00900000,0x0000007c00a00000)]
  0x0000025bb16339c0 JavaThread "Monitor Deflation Thread" daemon [_thread_blocked, id=32660, stack(0x0000007c00a00000,0x0000007c00b00000)]
=>0x0000025bb16346b0 JavaThread "C2 CompilerThread0" daemon [_thread_in_native, id=26436, stack(0x0000007c00b00000,0x0000007c00c00000)]
  0x0000025bb16385b0 JavaThread "C1 CompilerThread0" daemon [_thread_blocked, id=32708, stack(0x0000007c00c00000,0x0000007c00d00000)]
  0x0000025bb1640fc0 JavaThread "Sweeper thread" daemon [_thread_blocked, id=25448, stack(0x0000007c00d00000,0x0000007c00e00000)]
  0x0000025bb1789aa0 JavaThread "Notification Thread" daemon [_thread_blocked, id=31704, stack(0x0000007c00e00000,0x0000007c00f00000)]
  0x0000025bb1790800 JavaThread "Common-Cleaner" daemon [_thread_blocked, id=29784, stack(0x0000007c01000000,0x0000007c01100000)]
  0x0000025bf79c09b0 JavaThread "pool-1-thread-1" [_thread_blocked, id=25164, stack(0x0000007c01400000,0x0000007c01500000)]

Other Threads:
  0x0000025bb160a0f0 VMThread "VM Thread" [stack: 0x0000007c00400000,0x0000007c00500000] [id=15304]
  0x0000025bb178bf90 WatcherThread [stack: 0x0000007c00f00000,0x0000007c01000000] [id=252]
  0x0000025b9773fe30 GCTaskThread "GC Thread#0" [stack: 0x0000007c7ff00000,0x0000007c80000000] [id=21000]
  0x0000025bb19ef390 GCTaskThread "GC Thread#1" [stack: 0x0000007c01100000,0x0000007c01200000] [id=10460]
  0x0000025bb19f1470 GCTaskThread "GC Thread#2" [stack: 0x0000007c01200000,0x0000007c01300000] [id=29292]
  0x0000025bb19f1740 GCTaskThread "GC Thread#3" [stack: 0x0000007c01300000,0x0000007c01400000] [id=27640]
  0x0000025bb19de820 GCTaskThread "GC Thread#4" [stack: 0x0000007c01500000,0x0000007c01600000] [id=32276]
  0x0000025bb19dd1a0 GCTaskThread "GC Thread#5" [stack: 0x0000007c01600000,0x0000007c01700000] [id=3068]
  0x0000025bb19dcc00 GCTaskThread "GC Thread#6" [stack: 0x0000007c01700000,0x0000007c01800000] [id=21940]
  0x0000025bb19de280 GCTaskThread "GC Thread#7" [stack: 0x0000007c01800000,0x0000007c01900000] [id=24120]
  0x0000025bb19dd470 GCTaskThread "GC Thread#8" [stack: 0x0000007c01900000,0x0000007c01a00000] [id=13644]
  0x0000025b97741590 ConcurrentGCThread "G1 Main Marker" [stack: 0x0000007c00000000,0x0000007c00100000] [id=32724]
  0x0000025b97742c80 ConcurrentGCThread "G1 Conc#0" [stack: 0x0000007c00100000,0x0000007c00200000] [id=32748]
  0x0000025b977c85d0 ConcurrentGCThread "G1 Refine#0" [stack: 0x0000007c00200000,0x0000007c00300000] [id=29028]
  0x0000025bb14d00a0 ConcurrentGCThread "G1 Service" [stack: 0x0000007c00300000,0x0000007c00400000] [id=13368]

Threads with active compile tasks:
C2 CompilerThread0  1447313 2087       4       org.fusesource.jansi.Ansi::appendEscapeSequence (44 bytes)

VM state: not at safepoint (normal execution)

VM Mutex/Monitor currently owned by a thread: None

Heap address: 0x00000000fc000000, size: 64 MB, Compressed Oops mode: 32-bit

CDS archive(s) mapped at: [0x0000025bb2000000-0x0000025bb2bb0000-0x0000025bb2bb0000), size 12255232, SharedBaseAddress: 0x0000025bb2000000, ArchiveRelocationMode: 1.
Compressed class space mapped at: 0x0000025bb3000000-0x0000025bf3000000, reserved size: 1073741824
Narrow klass base: 0x0000025bb2000000, Narrow klass shift: 0, Narrow klass range: 0x100000000

GC Precious Log:
 CPUs: 12 total, 12 available
 Memory: 5989M
 Large Page Support: Disabled
 NUMA Support: Disabled
 Compressed Oops: Enabled (32-bit)
 Heap Region Size: 1M
 Heap Min Capacity: 64M
 Heap Initial Capacity: 64M
 Heap Max Capacity: 64M
 Pre-touch: Disabled
 Parallel Workers: 10
 Concurrent Workers: 3
 Concurrent Refinement Workers: 10
 Periodic GC: Disabled

Heap:
 garbage-first heap   total 65536K, used 15049K [0x00000000fc000000, 0x0000000100000000)
  region size 1024K, 4 young (4096K), 1 survivors (1024K)
 Metaspace       used 9997K, committed 10176K, reserved 1114112K
  class space    used 1288K, committed 1408K, reserved 1048576K

Heap Regions: E=young(eden), S=young(survivor), O=old, HS=humongous(starts), HC=humongous(continues), CS=collection set, F=free, OA=open archive, CA=closed archive, TAMS=top-at-mark-start (previous, next)
|   0|0x00000000fc000000, 0x00000000fc100000, 0x00000000fc100000|100%|HS|  |TAMS 0x00000000fc000000, 0x00000000fc000000| Complete 
|   1|0x00000000fc100000, 0x00000000fc200000, 0x00000000fc200000|100%|HC|  |TAMS 0x00000000fc100000, 0x00000000fc100000| Complete 
|   2|0x00000000fc200000, 0x00000000fc300000, 0x00000000fc300000|100%|HC|  |TAMS 0x00000000fc200000, 0x00000000fc200000| Complete 
|   3|0x00000000fc300000, 0x00000000fc400000, 0x00000000fc400000|100%|HC|  |TAMS 0x00000000fc300000, 0x00000000fc300000| Complete 
|   4|0x00000000fc400000, 0x00000000fc500000, 0x00000000fc500000|100%| O|  |TAMS 0x00000000fc400000, 0x00000000fc400000| Untracked 
|   5|0x00000000fc500000, 0x00000000fc600000, 0x00000000fc600000|100%| O|  |TAMS 0x00000000fc500000, 0x00000000fc500000| Untracked 
|   6|0x00000000fc600000, 0x00000000fc700000, 0x00000000fc700000|100%| O|  |TAMS 0x00000000fc600000, 0x00000000fc600000| Untracked 
|   7|0x00000000fc700000, 0x00000000fc800000, 0x00000000fc800000|100%| O|  |TAMS 0x00000000fc700000, 0x00000000fc700000| Untracked 
|   8|0x00000000fc800000, 0x00000000fc900000, 0x00000000fc900000|100%| O|  |TAMS 0x00000000fc800000, 0x00000000fc800000| Untracked 
|   9|0x00000000fc900000, 0x00000000fca00000, 0x00000000fca00000|100%| O|  |TAMS 0x00000000fc900000, 0x00000000fc900000| Untracked 
|  10|0x00000000fca00000, 0x00000000fcb00000, 0x00000000fcb00000|100%| O|  |TAMS 0x00000000fca00000, 0x00000000fca00000| Untracked 
|  11|0x00000000fcb00000, 0x00000000fcbb9208, 0x00000000fcc00000| 72%| O|  |TAMS 0x00000000fcb00000, 0x00000000fcb00000| Untracked 
|  12|0x00000000fcc00000, 0x00000000fcc00000, 0x00000000fcd00000|  0%| F|  |TAMS 0x00000000fcc00000, 0x00000000fcc00000| Untracked 
|  13|0x00000000fcd00000, 0x00000000fcd00000, 0x00000000fce00000|  0%| F|  |TAMS 0x00000000fcd00000, 0x00000000fcd00000| Untracked 
|  14|0x00000000fce00000, 0x00000000fce00000, 0x00000000fcf00000|  0%| F|  |TAMS 0x00000000fce00000, 0x00000000fce00000| Untracked 
|  15|0x00000000fcf00000, 0x00000000fcf00000, 0x00000000fd000000|  0%| F|  |TAMS 0x00000000fcf00000, 0x00000000fcf00000| Untracked 
|  16|0x00000000fd000000, 0x00000000fd000000, 0x00000000fd100000|  0%| F|  |TAMS 0x00000000fd000000, 0x00000000fd000000| Untracked 
|  17|0x00000000fd100000, 0x00000000fd100000, 0x00000000fd200000|  0%| F|  |TAMS 0x00000000fd100000, 0x00000000fd100000| Untracked 
|  18|0x00000000fd200000, 0x00000000fd200000, 0x00000000fd300000|  0%| F|  |TAMS 0x00000000fd200000, 0x00000000fd200000| Untracked 
|  19|0x00000000fd300000, 0x00000000fd300000, 0x00000000fd400000|  0%| F|  |TAMS 0x00000000fd300000, 0x00000000fd300000| Untracked 
|  20|0x00000000fd400000, 0x00000000fd400000, 0x00000000fd500000|  0%| F|  |TAMS 0x00000000fd400000, 0x00000000fd400000| Untracked 
|  21|0x00000000fd500000, 0x00000000fd500000, 0x00000000fd600000|  0%| F|  |TAMS 0x00000000fd500000, 0x00000000fd500000| Untracked 
|  22|0x00000000fd600000, 0x00000000fd600000, 0x00000000fd700000|  0%| F|  |TAMS 0x00000000fd600000, 0x00000000fd600000| Untracked 
|  23|0x00000000fd700000, 0x00000000fd700000, 0x00000000fd800000|  0%| F|  |TAMS 0x00000000fd700000, 0x00000000fd700000| Untracked 
|  24|0x00000000fd800000, 0x00000000fd800000, 0x00000000fd900000|  0%| F|  |TAMS 0x00000000fd800000, 0x00000000fd800000| Untracked 
|  25|0x00000000fd900000, 0x00000000fd900000, 0x00000000fda00000|  0%| F|  |TAMS 0x00000000fd900000, 0x00000000fd900000| Untracked 
|  26|0x00000000fda00000, 0x00000000fda00000, 0x00000000fdb00000|  0%| F|  |TAMS 0x00000000fda00000, 0x00000000fda00000| Untracked 
|  27|0x00000000fdb00000, 0x00000000fdb00000, 0x00000000fdc00000|  0%| F|  |TAMS 0x00000000fdb00000, 0x00000000fdb00000| Untracked 
|  28|0x00000000fdc00000, 0x00000000fdc00000, 0x00000000fdd00000|  0%| F|  |TAMS 0x00000000fdc00000, 0x00000000fdc00000| Untracked 
|  29|0x00000000fdd00000, 0x00000000fdd00000, 0x00000000fde00000|  0%| F|  |TAMS 0x00000000fdd00000, 0x00000000fdd00000| Untracked 
|  30|0x00000000fde00000, 0x00000000fde00000, 0x00000000fdf00000|  0%| F|  |TAMS 0x00000000fde00000, 0x00000000fde00000| Untracked 
|  31|0x00000000fdf00000, 0x00000000fdf00000, 0x00000000fe000000|  0%| F|  |TAMS 0x00000000fdf00000, 0x00000000fdf00000| Untracked 
|  32|0x00000000fe000000, 0x00000000fe000000, 0x00000000fe100000|  0%| F|  |TAMS 0x00000000fe000000, 0x00000000fe000000| Untracked 
|  33|0x00000000fe100000, 0x00000000fe100000, 0x00000000fe200000|  0%| F|  |TAMS 0x00000000fe100000, 0x00000000fe100000| Untracked 
|  34|0x00000000fe200000, 0x00000000fe200000, 0x00000000fe300000|  0%| F|  |TAMS 0x00000000fe200000, 0x00000000fe200000| Untracked 
|  35|0x00000000fe300000, 0x00000000fe300000, 0x00000000fe400000|  0%| F|  |TAMS 0x00000000fe300000, 0x00000000fe300000| Untracked 
|  36|0x00000000fe400000, 0x00000000fe400000, 0x00000000fe500000|  0%| F|  |TAMS 0x00000000fe400000, 0x00000000fe400000| Untracked 
|  37|0x00000000fe500000, 0x00000000fe5f92a8, 0x00000000fe600000| 97%| S|CS|TAMS 0x00000000fe500000, 0x00000000fe500000| Complete 
|  38|0x00000000fe600000, 0x00000000fe600000, 0x00000000fe700000|  0%| F|  |TAMS 0x00000000fe600000, 0x00000000fe600000| Untracked 
|  39|0x00000000fe700000, 0x00000000fe700000, 0x00000000fe800000|  0%| F|  |TAMS 0x00000000fe700000, 0x00000000fe700000| Untracked 
|  40|0x00000000fe800000, 0x00000000fe800000, 0x00000000fe900000|  0%| F|  |TAMS 0x00000000fe800000, 0x00000000fe800000| Untracked 
|  41|0x00000000fe900000, 0x00000000fe900000, 0x00000000fea00000|  0%| F|  |TAMS 0x00000000fe900000, 0x00000000fe900000| Untracked 
|  42|0x00000000fea00000, 0x00000000fea00000, 0x00000000feb00000|  0%| F|  |TAMS 0x00000000fea00000, 0x00000000fea00000| Untracked 
|  43|0x00000000feb00000, 0x00000000feb00000, 0x00000000fec00000|  0%| F|  |TAMS 0x00000000feb00000, 0x00000000feb00000| Untracked 
|  44|0x00000000fec00000, 0x00000000fec00000, 0x00000000fed00000|  0%| F|  |TAMS 0x00000000fec00000, 0x00000000fec00000| Untracked 
|  45|0x00000000fed00000, 0x00000000fed00000, 0x00000000fee00000|  0%| F|  |TAMS 0x00000000fed00000, 0x00000000fed00000| Untracked 
|  46|0x00000000fee00000, 0x00000000fee00000, 0x00000000fef00000|  0%| F|  |TAMS 0x00000000fee00000, 0x00000000fee00000| Untracked 
|  47|0x00000000fef00000, 0x00000000fef00000, 0x00000000ff000000|  0%| F|  |TAMS 0x00000000fef00000, 0x00000000fef00000| Untracked 
|  48|0x00000000ff000000, 0x00000000ff000000, 0x00000000ff100000|  0%| F|  |TAMS 0x00000000ff000000, 0x00000000ff000000| Untracked 
|  49|0x00000000ff100000, 0x00000000ff100000, 0x00000000ff200000|  0%| F|  |TAMS 0x00000000ff100000, 0x00000000ff100000| Untracked 
|  50|0x00000000ff200000, 0x00000000ff200000, 0x00000000ff300000|  0%| F|  |TAMS 0x00000000ff200000, 0x00000000ff200000| Untracked 
|  51|0x00000000ff300000, 0x00000000ff300000, 0x00000000ff400000|  0%| F|  |TAMS 0x00000000ff300000, 0x00000000ff300000| Untracked 
|  52|0x00000000ff400000, 0x00000000ff400000, 0x00000000ff500000|  0%| F|  |TAMS 0x00000000ff400000, 0x00000000ff400000| Untracked 
|  53|0x00000000ff500000, 0x00000000ff500000, 0x00000000ff600000|  0%| F|  |TAMS 0x00000000ff500000, 0x00000000ff500000| Untracked 
|  54|0x00000000ff600000, 0x00000000ff600000, 0x00000000ff700000|  0%| F|  |TAMS 0x00000000ff600000, 0x00000000ff600000| Untracked 
|  55|0x00000000ff700000, 0x00000000ff700000, 0x00000000ff800000|  0%| F|  |TAMS 0x00000000ff700000, 0x00000000ff700000| Untracked 
|  56|0x00000000ff800000, 0x00000000ff800000, 0x00000000ff900000|  0%| F|  |TAMS 0x00000000ff800000, 0x00000000ff800000| Untracked 
|  57|0x00000000ff900000, 0x00000000ff900000, 0x00000000ffa00000|  0%| F|  |TAMS 0x00000000ff900000, 0x00000000ff900000| Untracked 
|  58|0x00000000ffa00000, 0x00000000ffa00000, 0x00000000ffb00000|  0%| F|  |TAMS 0x00000000ffa00000, 0x00000000ffa00000| Untracked 
|  59|0x00000000ffb00000, 0x00000000ffb00000, 0x00000000ffc00000|  0%| F|  |TAMS 0x00000000ffb00000, 0x00000000ffb00000| Untracked 
|  60|0x00000000ffc00000, 0x00000000ffc00000, 0x00000000ffd00000|  0%| F|  |TAMS 0x00000000ffc00000, 0x00000000ffc00000| Untracked 
|  61|0x00000000ffd00000, 0x00000000ffd7a438, 0x00000000ffe00000| 47%| E|  |TAMS 0x00000000ffd00000, 0x00000000ffd00000| Complete 
|  62|0x00000000ffe00000, 0x00000000fff00000, 0x00000000fff00000|100%| E|CS|TAMS 0x00000000ffe00000, 0x00000000ffe00000| Complete 
|  63|0x00000000fff00000, 0x0000000100000000, 0x0000000100000000|100%| E|CS|TAMS 0x00000000fff00000, 0x00000000fff00000| Complete 

Card table byte_map: [0x0000025b97600000,0x0000025b97620000] _byte_map_base: 0x0000025b96e20000

Marking Bits (Prev, Next): (CMBitMap*) 0x0000025b97740460, (CMBitMap*) 0x0000025b977404a0
 Prev Bits: [0x0000025bae810000, 0x0000025bae910000)
 Next Bits: [0x0000025bae910000, 0x0000025baea10000)

Polling page: 0x0000025b957c0000

Metaspace:

Usage:
  Non-class:      8.51 MB used.
      Class:      1.26 MB used.
       Both:      9.76 MB used.

Virtual space:
  Non-class space:       64.00 MB reserved,       8.56 MB ( 13%) committed,  1 nodes.
      Class space:        1.00 GB reserved,       1.38 MB ( <1%) committed,  1 nodes.
             Both:        1.06 GB reserved,       9.94 MB ( <1%) committed. 

Chunk freelists:
   Non-Class:  7.38 MB
       Class:  14.48 MB
        Both:  21.86 MB

MaxMetaspaceSize: unlimited
CompressedClassSpaceSize: 1.00 GB
Initial GC threshold: 21.00 MB
Current GC threshold: 21.00 MB
CDS: on
MetaspaceReclaimPolicy: balanced
 - commit_granule_bytes: 65536.
 - commit_granule_words: 8192.
 - virtual_space_node_default_size: 8388608.
 - enlarge_chunks_in_place: 1.
 - new_chunks_are_fully_committed: 0.
 - uncommit_free_chunks: 1.
 - use_allocation_guard: 0.
 - handle_deallocations: 1.


Internal statistics:

num_allocs_failed_limit: 0.
num_arena_births: 82.
num_arena_deaths: 0.
num_vsnodes_births: 2.
num_vsnodes_deaths: 0.
num_space_committed: 159.
num_space_uncommitted: 0.
num_chunks_returned_to_freelist: 0.
num_chunks_taken_from_freelist: 361.
num_chunk_merges: 0.
num_chunk_splits: 236.
num_chunks_enlarged: 194.
num_inconsistent_stats: 0.

CodeHeap 'non-profiled nmethods': size=120000Kb used=1043Kb max_used=1043Kb free=118956Kb
 bounds [0x0000025ba6d80000, 0x0000025ba6ff0000, 0x0000025bae2b0000]
CodeHeap 'profiled nmethods': size=120000Kb used=3804Kb max_used=3804Kb free=116196Kb
 bounds [0x0000025b9f2b0000, 0x0000025b9f670000, 0x0000025ba67e0000]
CodeHeap 'non-nmethods': size=5760Kb used=1171Kb max_used=1211Kb free=4588Kb
 bounds [0x0000025ba67e0000, 0x0000025ba6a50000, 0x0000025ba6d80000]
 total_blobs=2540 nmethods=2073 adapters=380
 compilation: enabled
              stopped_count=0, restarted_count=0
 full_count=0

Compilation events (20 events):
Event: 1386.972 Thread 0x0000025bb16385b0 nmethod 2077 0x0000025b9f663510 code [0x0000025b9f663740, 0x0000025b9f664028]
Event: 1387.026 Thread 0x0000025bb16385b0 2078       3       org.gradle.internal.logging.console.WorkInProgressRenderer$$Lambda$59/0x0000025bb30c6f78::apply (8 bytes)
Event: 1387.029 Thread 0x0000025bb16385b0 nmethod 2078 0x0000025b9f664310 code [0x0000025b9f6644c0, 0x0000025b9f6646f8]
Event: 1405.320 Thread 0x0000025bb16346b0 2079       4       com.esotericsoftware.kryo.io.Input::readUtf8 (90 bytes)
Event: 1405.359 Thread 0x0000025bb16385b0 2080       3       org.gradle.internal.serialize.kryo.KryoBackedDecoder::maybeReadBytes (11 bytes)
Event: 1405.367 Thread 0x0000025bb16385b0 nmethod 2080 0x0000025b9f664810 code [0x0000025b9f6649c0, 0x0000025b9f664b28]
Event: 1405.368 Thread 0x0000025bb16385b0 2081       3       com.esotericsoftware.kryo.io.Input::read (115 bytes)
Event: 1405.376 Thread 0x0000025bb16385b0 nmethod 2081 0x0000025b9f664c10 code [0x0000025b9f664e00, 0x0000025b9f6653e8]
Event: 1405.637 Thread 0x0000025bb16346b0 nmethod 2079 0x0000025ba6e82810 code [0x0000025ba6e829c0, 0x0000025ba6e83048]
Event: 1405.887 Thread 0x0000025bb16346b0 2082 %     4       org.gradle.internal.logging.text.AbstractLineChoppingStyledTextOutput::doAppend @ 10 (43 bytes)
Event: 1405.887 Thread 0x0000025bb16385b0 2083       1       org.gradle.internal.logging.console.DefaultAnsiExecutor::access$300 (5 bytes)
Event: 1405.908 Thread 0x0000025bb16385b0 nmethod 2083 0x0000025ba6e83410 code [0x0000025ba6e835a0, 0x0000025ba6e83658]
Event: 1405.909 Thread 0x0000025bb16385b0 2084       3       java.lang.System::getProperty (25 bytes)
Event: 1405.931 Thread 0x0000025bb16385b0 nmethod 2084 0x0000025b9f665590 code [0x0000025b9f6657c0, 0x0000025b9f665eb8]
Event: 1406.228 Thread 0x0000025bb16346b0 nmethod 2082% 0x0000025ba6e83710 code [0x0000025ba6e83940, 0x0000025ba6e84460]
Event: 1410.917 Thread 0x0000025bb16385b0 2085       3       org.gradle.internal.logging.sink.GroupingProgressLogEventGenerator$OperationGroup::statusHasChanged (20 bytes)
Event: 1410.918 Thread 0x0000025bb16385b0 nmethod 2085 0x0000025b9f666110 code [0x0000025b9f6662c0, 0x0000025b9f666468]
Event: 1423.401 Thread 0x0000025bb16385b0 2086       3       java.nio.channels.spi.AbstractSelector::begin (48 bytes)
Event: 1423.419 Thread 0x0000025bb16385b0 nmethod 2086 0x0000025b9f666510 code [0x0000025b9f666700, 0x0000025b9f666d78]
Event: 1442.098 Thread 0x0000025bb16346b0 2087       4       org.fusesource.jansi.Ansi::appendEscapeSequence (44 bytes)

GC Heap History (6 events):
Event: 1.327 GC heap before
{Heap before GC invocations=0 (full 0):
 garbage-first heap   total 65536K, used 23552K [0x00000000fc000000, 0x0000000100000000)
  region size 1024K, 23 young (23552K), 0 survivors (0K)
 Metaspace       used 1698K, committed 1792K, reserved 1114112K
  class space    used 158K, committed 192K, reserved 1048576K
}
Event: 1.335 GC heap after
{Heap after GC invocations=1 (full 0):
 garbage-first heap   total 65536K, used 1824K [0x00000000fc000000, 0x0000000100000000)
  region size 1024K, 2 young (2048K), 2 survivors (2048K)
 Metaspace       used 1698K, committed 1792K, reserved 1114112K
  class space    used 158K, committed 192K, reserved 1048576K
}
Event: 3.414 GC heap before
{Heap before GC invocations=1 (full 0):
 garbage-first heap   total 65536K, used 35616K [0x00000000fc000000, 0x0000000100000000)
  region size 1024K, 32 young (32768K), 2 survivors (2048K)
 Metaspace       used 7443K, committed 7616K, reserved 1114112K
  class space    used 984K, committed 1024K, reserved 1048576K
}
Event: 3.424 GC heap after
{Heap after GC invocations=2 (full 0):
 garbage-first heap   total 65536K, used 11945K [0x00000000fc000000, 0x0000000100000000)
  region size 1024K, 4 young (4096K), 4 survivors (4096K)
 Metaspace       used 7443K, committed 7616K, reserved 1114112K
  class space    used 984K, committed 1024K, reserved 1048576K
}
Event: 1299.232 GC heap before
{Heap before GC invocations=2 (full 0):
 garbage-first heap   total 65536K, used 38569K [0x00000000fc000000, 0x0000000100000000)
  region size 1024K, 30 young (30720K), 4 survivors (4096K)
 Metaspace       used 9991K, committed 10176K, reserved 1114112K
  class space    used 1288K, committed 1408K, reserved 1048576K
}
Event: 1299.391 GC heap after
{Heap after GC invocations=3 (full 0):
 garbage-first heap   total 65536K, used 13001K [0x00000000fc000000, 0x0000000100000000)
  region size 1024K, 1 young (1024K), 1 survivors (1024K)
 Metaspace       used 9991K, committed 10176K, reserved 1114112K
  class space    used 1288K, committed 1408K, reserved 1048576K
}

Dll operation events (13 events):
Event: 0.023 Loaded shared library C:\Program Files\Microsoft\jdk-17.0.19.10-hotspot\bin\java.dll
Event: 0.053 Loaded shared library C:\Program Files\Microsoft\jdk-17.0.19.10-hotspot\bin\jsvml.dll
Event: 0.108 Loaded shared library C:\Program Files\Microsoft\jdk-17.0.19.10-hotspot\bin\net.dll
Event: 0.113 Loaded shared library C:\Program Files\Microsoft\jdk-17.0.19.10-hotspot\bin\nio.dll
Event: 0.119 Loaded shared library C:\Program Files\Microsoft\jdk-17.0.19.10-hotspot\bin\zip.dll
Event: 1.341 Loaded shared library C:\Program Files\Microsoft\jdk-17.0.19.10-hotspot\bin\jimage.dll
Event: 2.356 Loaded shared library C:\Program Files\Microsoft\jdk-17.0.19.10-hotspot\bin\management.dll
Event: 2.367 Loaded shared library C:\Program Files\Microsoft\jdk-17.0.19.10-hotspot\bin\management_ext.dll
Event: 2.522 Loaded shared library C:\Users\prath\.gradle\native\660c5614fbf4a5f2a75b1949f50a0caf5cd603558e7d8a26e50b933a0cfb79d1\windows-amd64\native-platform.dll
Event: 2.647 Loaded shared library C:\Users\prath\.gradle\native\jansi\2.4.2\Windows\x86_64\jansi.dll
Event: 3.259 Loaded shared library C:\Program Files\Microsoft\jdk-17.0.19.10-hotspot\bin\extnet.dll
Event: 3.836 Loaded shared library C:\Program Files\Microsoft\jdk-17.0.19.10-hotspot\bin\sunmscapi.dll
Event: 3.936 Loaded shared library C:\Program Files\Microsoft\jdk-17.0.19.10-hotspot\bin\verify.dll

Deoptimization events (20 events):
Event: 3.896 Thread 0x0000025b9771e4d0 DEOPT PACKING pc=0x0000025ba6dbb414 sp=0x0000007c7fefc730
Event: 3.896 Thread 0x0000025b9771e4d0 DEOPT UNPACKING pc=0x0000025ba68369a3 sp=0x0000007c7fefc6c8 mode 2
Event: 3.896 Thread 0x0000025b9771e4d0 Uncommon trap: trap_request=0xffffffde fr.pc=0x0000025ba6dbb754 relative=0x00000000000000b4
Event: 3.896 Thread 0x0000025b9771e4d0 Uncommon trap: reason=class_check action=maybe_recompile pc=0x0000025ba6dbb754 method=java.util.AbstractList$Itr.next()Ljava/lang/Object; @ 14 c2
Event: 3.896 Thread 0x0000025b9771e4d0 DEOPT PACKING pc=0x0000025ba6dbb754 sp=0x0000007c7fefc720
Event: 3.896 Thread 0x0000025b9771e4d0 DEOPT UNPACKING pc=0x0000025ba68369a3 sp=0x0000007c7fefc6b8 mode 2
Event: 3.920 Thread 0x0000025bf79c09b0 Uncommon trap: trap_request=0xffffffde fr.pc=0x0000025ba6dbb414 relative=0x0000000000000074
Event: 3.920 Thread 0x0000025bf79c09b0 Uncommon trap: reason=class_check action=maybe_recompile pc=0x0000025ba6dbb414 method=java.util.AbstractList$Itr.hasNext()Z @ 8 c2
Event: 3.920 Thread 0x0000025bf79c09b0 DEOPT PACKING pc=0x0000025ba6dbb414 sp=0x0000007c014fe9c0
Event: 3.920 Thread 0x0000025bf79c09b0 DEOPT UNPACKING pc=0x0000025ba68369a3 sp=0x0000007c014fe958 mode 2
Event: 3.920 Thread 0x0000025bf79c09b0 Uncommon trap: trap_request=0xffffffde fr.pc=0x0000025ba6dbb754 relative=0x00000000000000b4
Event: 3.920 Thread 0x0000025bf79c09b0 Uncommon trap: reason=class_check action=maybe_recompile pc=0x0000025ba6dbb754 method=java.util.AbstractList$Itr.next()Ljava/lang/Object; @ 14 c2
Event: 3.920 Thread 0x0000025bf79c09b0 DEOPT PACKING pc=0x0000025ba6dbb754 sp=0x0000007c014fe9b0
Event: 3.920 Thread 0x0000025bf79c09b0 DEOPT UNPACKING pc=0x0000025ba68369a3 sp=0x0000007c014fe948 mode 2
Event: 309.651 Thread 0x0000025bf79c09b0 DEOPT PACKING pc=0x0000025b9f5d0af7 sp=0x0000007c014fdf80
Event: 309.652 Thread 0x0000025bf79c09b0 DEOPT UNPACKING pc=0x0000025ba6837143 sp=0x0000007c014fd3f0 mode 0
Event: 314.320 Thread 0x0000025bf79c09b0 DEOPT PACKING pc=0x0000025b9f5e4006 sp=0x0000007c014fea20
Event: 314.320 Thread 0x0000025bf79c09b0 DEOPT UNPACKING pc=0x0000025ba6837143 sp=0x0000007c014fded0 mode 0
Event: 1405.323 Thread 0x0000025b9771e4d0 DEOPT PACKING pc=0x0000025b9f56d055 sp=0x0000007c7fefd1d0
Event: 1405.329 Thread 0x0000025b9771e4d0 DEOPT UNPACKING pc=0x0000025ba6837143 sp=0x0000007c7fefc668 mode 0

Classes loaded (20 events):
Event: 74.797 Loading class jdk/internal/logger/LazyLoggers$LazyLoggerFactories
Event: 74.798 Loading class jdk/internal/logger/LazyLoggers$LazyLoggerFactories done
Event: 74.806 Loading class jdk/internal/logger/LoggerFinderLoader
Event: 74.807 Loading class jdk/internal/logger/LoggerFinderLoader done
Event: 74.822 Loading class jdk/internal/logger/LoggerFinderLoader$TemporaryLoggerFinder
Event: 74.823 Loading class jdk/internal/logger/LoggerFinderLoader$TemporaryLoggerFinder done
Event: 74.828 Loading class sun/util/logging/internal/LoggingProviderImpl$JULWrapper
Event: 74.830 Loading class sun/util/logging/PlatformLogger$ConfigurableBridge$LoggerConfiguration
Event: 74.830 Loading class sun/util/logging/PlatformLogger$ConfigurableBridge$LoggerConfiguration done
Event: 74.830 Loading class sun/util/logging/internal/LoggingProviderImpl$JULWrapper done
Event: 74.831 Loading class java/io/ObjectInputFilter
Event: 74.831 Loading class java/io/ObjectInputFilter done
Event: 74.833 Loading class java/io/ObjectInputFilter$Config$BuiltinFilterFactory
Event: 74.834 Loading class java/io/ObjectInputFilter$Config$BuiltinFilterFactory done
Event: 74.834 Loading class jdk/internal/access/JavaObjectInputFilterAccess
Event: 74.834 Loading class jdk/internal/access/JavaObjectInputFilterAccess done
Event: 74.835 Loading class java/lang/System$Logger$Level
Event: 74.836 Loading class java/lang/System$Logger$Level done
Event: 74.836 Loading class java/io/Bits
Event: 74.837 Loading class java/io/Bits done

Classes unloaded (0 events):
No events

Classes redefined (0 events):
No events

Internal exceptions (20 events):
Event: 2.576 Thread 0x0000025b9771e4d0 Exception <a 'java/lang/NoSuchMethodError'{0x00000000fedf3a70}: 'java.lang.Object java.lang.invoke.Invokers$Holder.invokeExact_MT(java.lang.Object, java.lang.Object, java.lang.Object, java.lang.Object)'> (0x00000000fedf3a70) 
thrown [s\src\hotspot\share\interpreter\linkResolver.cpp, line 759]
Event: 2.586 Thread 0x0000025b9771e4d0 Exception <a 'java/lang/NoSuchMethodError'{0x00000000fec1c040}: 'java.lang.Object java.lang.invoke.DirectMethodHandle$Holder.invokeVirtual(java.lang.Object, java.lang.Object, java.lang.Object)'> (0x00000000fec1c040) 
thrown [s\src\hotspot\share\interpreter\linkResolver.cpp, line 759]
Event: 2.637 Thread 0x0000025b9771e4d0 Exception <a 'java/lang/NullPointerException'{0x00000000fecd2b10}> (0x00000000fecd2b10) 
thrown [s\src\hotspot\share\interpreter\linkResolver.cpp, line 1350]
Event: 2.654 Thread 0x0000025b9771e4d0 Exception <a 'java/lang/NoSuchMethodError'{0x00000000fecfc2a8}: 'void java.lang.invoke.DirectMethodHandle$Holder.invokeStatic(java.lang.Object, long, java.lang.Object)'> (0x00000000fecfc2a8) 
thrown [s\src\hotspot\share\interpreter\linkResolver.cpp, line 759]
Event: 2.655 Thread 0x0000025b9771e4d0 Exception <a 'java/lang/NoSuchMethodError'{0x00000000feb4f590}: 'java.lang.Object java.lang.invoke.DirectMethodHandle$Holder.newInvokeSpecial(java.lang.Object, long, java.lang.Object)'> (0x00000000feb4f590) 
thrown [s\src\hotspot\share\interpreter\linkResolver.cpp, line 759]
Event: 2.658 Thread 0x0000025b9771e4d0 Exception <a 'java/lang/NullPointerException'{0x00000000feb5bc58}> (0x00000000feb5bc58) 
thrown [s\src\hotspot\share\interpreter\linkResolver.cpp, line 1350]
Event: 2.658 Thread 0x0000025b9771e4d0 Exception <a 'java/lang/NullPointerException'{0x00000000feb5c1d8}> (0x00000000feb5c1d8) 
thrown [s\src\hotspot\share\interpreter\linkResolver.cpp, line 1350]
Event: 2.658 Thread 0x0000025b9771e4d0 Exception <a 'java/lang/NullPointerException'{0x00000000feb5c758}> (0x00000000feb5c758) 
thrown [s\src\hotspot\share\interpreter\linkResolver.cpp, line 1350]
Event: 2.660 Thread 0x0000025b9771e4d0 Exception <a 'java/lang/NullPointerException'{0x00000000feb65d30}> (0x00000000feb65d30) 
thrown [s\src\hotspot\share\interpreter\linkResolver.cpp, line 1350]
Event: 2.666 Thread 0x0000025b9771e4d0 Exception <a 'java/lang/NullPointerException'{0x00000000feb82f38}> (0x00000000feb82f38) 
thrown [s\src\hotspot\share\interpreter\linkResolver.cpp, line 1350]
Event: 2.666 Thread 0x0000025b9771e4d0 Exception <a 'java/lang/NullPointerException'{0x00000000feb834b8}> (0x00000000feb834b8) 
thrown [s\src\hotspot\share\interpreter\linkResolver.cpp, line 1350]
Event: 2.666 Thread 0x0000025b9771e4d0 Exception <a 'java/lang/NullPointerException'{0x00000000feb83a38}> (0x00000000feb83a38) 
thrown [s\src\hotspot\share\interpreter\linkResolver.cpp, line 1350]
Event: 2.666 Thread 0x0000025b9771e4d0 Exception <a 'java/lang/NullPointerException'{0x00000000feb83fb8}> (0x00000000feb83fb8) 
thrown [s\src\hotspot\share\interpreter\linkResolver.cpp, line 1350]
Event: 2.819 Thread 0x0000025b9771e4d0 Exception <a 'java/lang/NoSuchMethodError'{0x00000000fe6d84c0}: 'java.lang.Object java.lang.invoke.DirectMethodHandle$Holder.newInvokeSpecial(java.lang.Object, java.lang.Object, java.lang.Object, java.lang.Object, java.lang.Object)'> (0x00000000fe6d84c0) 
thrown [s\src\hotspot\share\interpreter\linkResolver.cpp, line 759]
Event: 2.871 Thread 0x0000025b9771e4d0 Exception <a 'java/lang/NoSuchMethodError'{0x00000000fe44f770}: 'void java.lang.invoke.DirectMethodHandle$Holder.invokeSpecial(java.lang.Object, java.lang.Object, java.lang.Object)'> (0x00000000fe44f770) 
thrown [s\src\hotspot\share\interpreter\linkResolver.cpp, line 759]
Event: 2.876 Thread 0x0000025b9771e4d0 Implicit null exception at 0x0000025ba6dc660b to 0x0000025ba6dc6b4c
Event: 3.266 Thread 0x0000025b9771e4d0 Exception <a 'java/lang/NoSuchMethodError'{0x00000000fe276928}: 'void java.lang.invoke.DirectMethodHandle$Holder.invokeStatic(java.lang.Object, java.lang.Object, java.lang.Object)'> (0x00000000fe276928) 
thrown [s\src\hotspot\share\interpreter\linkResolver.cpp, line 759]
Event: 3.568 Thread 0x0000025b9771e4d0 Exception <a 'java/lang/NoSuchMethodError'{0x00000000ffc6cd10}: 'java.lang.Object java.lang.invoke.DirectMethodHandle$Holder.invokeStaticInit(java.lang.Object, int, int, int, int)'> (0x00000000ffc6cd10) 
thrown [s\src\hotspot\share\interpreter\linkResolver.cpp, line 759]
Event: 3.697 Thread 0x0000025b9771e4d0 Exception <a 'java/lang/NoSuchMethodError'{0x00000000ffcb20e0}: 'java.lang.Object java.lang.invoke.DirectMethodHandle$Holder.invokeStaticInit(java.lang.Object, java.lang.Object, int, int, int, int)'> (0x00000000ffcb20e0) 
thrown [s\src\hotspot\share\interpreter\linkResolver.cpp, line 759]
Event: 3.760 Thread 0x0000025b9771e4d0 Implicit null exception at 0x0000025ba6dc8872 to 0x0000025ba6dc8e40

VM Operations (20 events):
Event: 1069.592 Executing VM operation: Cleanup
Event: 1069.595 Executing VM operation: Cleanup done
Event: 1234.205 Executing VM operation: Cleanup
Event: 1234.219 Executing VM operation: Cleanup done
Event: 1235.226 Executing VM operation: Cleanup
Event: 1235.226 Executing VM operation: Cleanup done
Event: 1236.240 Executing VM operation: Cleanup
Event: 1236.240 Executing VM operation: Cleanup done
Event: 1262.995 Executing VM operation: HandshakeAllThreads
Event: 1262.997 Executing VM operation: HandshakeAllThreads done
Event: 1285.192 Executing VM operation: Cleanup
Event: 1285.192 Executing VM operation: Cleanup done
Event: 1287.214 Executing VM operation: Cleanup
Event: 1287.215 Executing VM operation: Cleanup done
Event: 1299.224 Executing VM operation: G1CollectForAllocation
Event: 1299.391 Executing VM operation: G1CollectForAllocation done
Event: 1323.211 Executing VM operation: HandshakeAllThreads
Event: 1323.211 Executing VM operation: HandshakeAllThreads done
Event: 1383.271 Executing VM operation: HandshakeAllThreads
Event: 1383.272 Executing VM operation: HandshakeAllThreads done

Memory protections (0 events):
No events

Nmethod flushes (0 events):
No events

Events (15 events):
Event: 0.053 Thread 0x0000025b9771e4d0 Thread added: 0x0000025b9771e4d0
Event: 0.057 Thread 0x0000025b9771e4d0 Thread added: 0x0000025bb160e640
Event: 0.057 Thread 0x0000025b9771e4d0 Thread added: 0x0000025bb160f200
Event: 0.075 Thread 0x0000025b9771e4d0 Thread added: 0x0000025bb162dc60
Event: 0.075 Thread 0x0000025b9771e4d0 Thread added: 0x0000025bb162e620
Event: 0.075 Thread 0x0000025b9771e4d0 Thread added: 0x0000025bb1630ff0
Event: 0.075 Thread 0x0000025b9771e4d0 Thread added: 0x0000025bb16339c0
Event: 0.076 Thread 0x0000025b9771e4d0 Thread added: 0x0000025bb16346b0
Event: 0.076 Thread 0x0000025b9771e4d0 Thread added: 0x0000025bb16385b0
Event: 0.076 Thread 0x0000025b9771e4d0 Thread added: 0x0000025bb1640fc0
Event: 0.100 Thread 0x0000025b9771e4d0 Thread added: 0x0000025bb1789aa0
Event: 0.102 Thread 0x0000025b9771e4d0 Thread added: 0x0000025bb1790800
Event: 2.640 Thread 0x0000025b9771e4d0 Thread added: 0x0000025bf7727070
Event: 2.709 Thread 0x0000025bf7727070 Thread exited: 0x0000025bf7727070
Event: 2.715 Thread 0x0000025b9771e4d0 Thread added: 0x0000025bf79c09b0


Dynamic libraries:
0x00007ff7b7ae0000 - 0x00007ff7b7aee000 	C:\Program Files\Microsoft\jdk-17.0.19.10-hotspot\bin\java.exe
0x00007ff87a540000 - 0x00007ff87a7a6000 	C:\WINDOWS\SYSTEM32\ntdll.dll
0x00007ff879070000 - 0x00007ff879139000 	C:\WINDOWS\System32\KERNEL32.DLL
0x00007ff877820000 - 0x00007ff877c1e000 	C:\WINDOWS\System32\KERNELBASE.dll
0x00007ff878110000 - 0x00007ff87825c000 	C:\WINDOWS\System32\ucrtbase.dll
0x00007ff83d240000 - 0x00007ff83d25e000 	C:\Program Files\Microsoft\jdk-17.0.19.10-hotspot\bin\VCRUNTIME140.dll
0x00007ff854640000 - 0x00007ff854658000 	C:\Program Files\Microsoft\jdk-17.0.19.10-hotspot\bin\jli.dll
0x00007ff878460000 - 0x00007ff878627000 	C:\WINDOWS\System32\USER32.dll
0x00007ff877fb0000 - 0x00007ff877fd7000 	C:\WINDOWS\System32\win32u.dll
0x00007ff864240000 - 0x00007ff8644d2000 	C:\WINDOWS\WinSxS\amd64_microsoft.windows.common-controls_6595b64144ccf1df_6.0.26100.8875_none_3e0d5d42e32fe9dd\COMCTL32.dll
0x00007ff8782a0000 - 0x00007ff878349000 	C:\WINDOWS\System32\msvcrt.dll
0x00007ff878270000 - 0x00007ff87829b000 	C:\WINDOWS\System32\GDI32.dll
0x00007ff877fe0000 - 0x00007ff87810a000 	C:\WINDOWS\System32\gdi32full.dll
0x00007ff877e40000 - 0x00007ff877ee3000 	C:\WINDOWS\System32\msvcp_win.dll
0x00007ff8799c0000 - 0x00007ff8799f2000 	C:\WINDOWS\System32\IMM32.DLL
0x00007ff86c8f0000 - 0x00007ff86c8fc000 	C:\Program Files\Microsoft\jdk-17.0.19.10-hotspot\bin\vcruntime140_1.dll
0x00007ff83a3a0000 - 0x00007ff83a429000 	C:\Program Files\Microsoft\jdk-17.0.19.10-hotspot\bin\msvcp140.dll
0x00007fff62000000 - 0x00007fff62c7b000 	C:\Program Files\Microsoft\jdk-17.0.19.10-hotspot\bin\server\jvm.dll
0x00007ff878db0000 - 0x00007ff878e67000 	C:\WINDOWS\System32\ADVAPI32.dll
0x00007ff879a00000 - 0x00007ff879aaa000 	C:\WINDOWS\System32\sechost.dll
0x00007ff8797a0000 - 0x00007ff8798b8000 	C:\WINDOWS\System32\RPCRT4.dll
0x00007ff878fe0000 - 0x00007ff879060000 	C:\WINDOWS\System32\WS2_32.dll
0x00007ff8775e0000 - 0x00007ff87763e000 	C:\WINDOWS\SYSTEM32\POWRPROF.dll
0x00007ff870550000 - 0x00007ff87055b000 	C:\WINDOWS\SYSTEM32\VERSION.dll
0x00007ff870510000 - 0x00007ff870546000 	C:\WINDOWS\SYSTEM32\WINMM.dll
0x00007ff8775a0000 - 0x00007ff8775b4000 	C:\WINDOWS\SYSTEM32\UMPDC.dll
0x00007ff876440000 - 0x00007ff87645b000 	C:\WINDOWS\SYSTEM32\kernel.appcore.dll
0x00007ff862ab0000 - 0x00007ff862aba000 	C:\Program Files\Microsoft\jdk-17.0.19.10-hotspot\bin\jimage.dll
0x00007ff874f70000 - 0x00007ff8751b2000 	C:\WINDOWS\SYSTEM32\DBGHELP.DLL
0x00007ff8786b0000 - 0x00007ff878a33000 	C:\WINDOWS\System32\combase.dll
0x00007ff878a40000 - 0x00007ff878b19000 	C:\WINDOWS\System32\OLEAUT32.dll
0x00007ff863120000 - 0x00007ff86315b000 	C:\WINDOWS\SYSTEM32\dbgcore.DLL
0x00007ff877760000 - 0x00007ff87780c000 	C:\WINDOWS\System32\bcryptPrimitives.dll
0x00007ff83a370000 - 0x00007ff83a396000 	C:\Program Files\Microsoft\jdk-17.0.19.10-hotspot\bin\java.dll
0x00007fffe6a20000 - 0x00007fffe6af6000 	C:\Program Files\Microsoft\jdk-17.0.19.10-hotspot\bin\jsvml.dll
0x00007ff879af0000 - 0x00007ff87a282000 	C:\WINDOWS\System32\SHELL32.dll
0x00007ff8751f0000 - 0x00007ff875a82000 	C:\WINDOWS\SYSTEM32\windows.storage.dll
0x00007ff8798c0000 - 0x00007ff8799b7000 	C:\WINDOWS\System32\SHCORE.dll
0x00007ff878f70000 - 0x00007ff878fd7000 	C:\WINDOWS\System32\shlwapi.dll
0x00007ff877680000 - 0x00007ff8776a9000 	C:\WINDOWS\SYSTEM32\profapi.dll
0x00007ff83cee0000 - 0x00007ff83cefb000 	C:\Program Files\Microsoft\jdk-17.0.19.10-hotspot\bin\net.dll
0x00007ff86d470000 - 0x00007ff86d597000 	C:\WINDOWS\SYSTEM32\WINHTTP.dll
0x00007ff8769f0000 - 0x00007ff876a5c000 	C:\WINDOWS\system32\mswsock.dll
0x00007ff83b010000 - 0x00007ff83b026000 	C:\Program Files\Microsoft\jdk-17.0.19.10-hotspot\bin\nio.dll
0x00007ff839ce0000 - 0x00007ff839cf8000 	C:\Program Files\Microsoft\jdk-17.0.19.10-hotspot\bin\zip.dll
0x00007ff862310000 - 0x00007ff86231a000 	C:\Program Files\Microsoft\jdk-17.0.19.10-hotspot\bin\management.dll
0x00007ff85faf0000 - 0x00007ff85fafc000 	C:\Program Files\Microsoft\jdk-17.0.19.10-hotspot\bin\management_ext.dll
0x00007ff879ab0000 - 0x00007ff879ab8000 	C:\WINDOWS\System32\PSAPI.DLL
0x00007ff839c80000 - 0x00007ff839ca7000 	C:\Users\prath\.gradle\native\660c5614fbf4a5f2a75b1949f50a0caf5cd603558e7d8a26e50b933a0cfb79d1\windows-amd64\native-platform.dll
0x00007ff840c10000 - 0x00007ff840c34000 	C:\Users\prath\.gradle\native\jansi\2.4.2\Windows\x86_64\jansi.dll
0x00007ff875dd0000 - 0x00007ff875e03000 	C:\WINDOWS\SYSTEM32\IPHLPAPI.DLL
0x00007ff8795d0000 - 0x00007ff8795da000 	C:\WINDOWS\System32\NSI.dll
0x00007ff86d440000 - 0x00007ff86d45d000 	C:\WINDOWS\SYSTEM32\dhcpcsvc6.DLL
0x00007ff86d410000 - 0x00007ff86d435000 	C:\WINDOWS\SYSTEM32\dhcpcsvc.DLL
0x00007ff875e60000 - 0x00007ff875fb6000 	C:\WINDOWS\SYSTEM32\DNSAPI.dll
0x00007ff8767d0000 - 0x00007ff8767dd000 	C:\WINDOWS\SYSTEM32\DSPARSE.dll
0x00007ff855920000 - 0x00007ff855929000 	C:\Program Files\Microsoft\jdk-17.0.19.10-hotspot\bin\extnet.dll
0x00007ff876d10000 - 0x00007ff876d2b000 	C:\WINDOWS\SYSTEM32\CRYPTSP.dll
0x00007ff8763a0000 - 0x00007ff8763d9000 	C:\WINDOWS\system32\rsaenh.dll
0x00007ff876ab0000 - 0x00007ff876ae2000 	C:\WINDOWS\SYSTEM32\USERENV.dll
0x00007ff877650000 - 0x00007ff87767a000 	C:\WINDOWS\SYSTEM32\bcrypt.dll
0x00007ff876cf0000 - 0x00007ff876cfc000 	C:\WINDOWS\SYSTEM32\CRYPTBASE.dll
0x00007ff851b50000 - 0x00007ff851b5e000 	C:\Program Files\Microsoft\jdk-17.0.19.10-hotspot\bin\sunmscapi.dll
0x00007ff877c30000 - 0x00007ff877da8000 	C:\WINDOWS\System32\CRYPT32.dll
0x00007ff876f30000 - 0x00007ff876f60000 	C:\WINDOWS\SYSTEM32\ncrypt.dll
0x00007ff876ee0000 - 0x00007ff876f1f000 	C:\WINDOWS\SYSTEM32\NTASN1.dll
0x00007ff86d710000 - 0x00007ff86d718000 	C:\WINDOWS\system32\wshunix.dll
0x00007ff854a90000 - 0x00007ff854aa0000 	C:\Program Files\Microsoft\jdk-17.0.19.10-hotspot\bin\verify.dll

dbghelp: loaded successfully - version: 4.0.5 - missing functions: none
symbol engine: initialized successfully - sym options: 0x614 - pdb path: .;C:\Program Files\Microsoft\jdk-17.0.19.10-hotspot\bin;C:\WINDOWS\SYSTEM32;C:\WINDOWS\WinSxS\amd64_microsoft.windows.common-controls_6595b64144ccf1df_6.0.26100.8875_none_3e0d5d42e32fe9dd;C:\Program Files\Microsoft\jdk-17.0.19.10-hotspot\bin\server;C:\Users\prath\.gradle\native\660c5614fbf4a5f2a75b1949f50a0caf5cd603558e7d8a26e50b933a0cfb79d1\windows-amd64;C:\Users\prath\.gradle\native\jansi\2.4.2\Windows\x86_64

VM Arguments:
jvm_args: -Xmx64m -Xms64m -Dorg.gradle.appname=gradlew 
java_command: D:\Training\project-a\projectvideo-app\projectvideo-frontend\android\\gradle\wrapper\gradle-wrapper.jar app:installDebug -PreactNativeDevServerPort=8081
java_class_path (initial): D:\Training\project-a\projectvideo-app\projectvideo-frontend\android\\gradle\wrapper\gradle-wrapper.jar
Launcher Type: SUN_STANDARD

[Global flags]
     intx CICompilerCount                          = 4                                         {product} {ergonomic}
     uint ConcGCThreads                            = 3                                         {product} {ergonomic}
     uint G1ConcRefinementThreads                  = 10                                        {product} {ergonomic}
   size_t G1HeapRegionSize                         = 1048576                                   {product} {ergonomic}
    uintx GCDrainStackTargetSize                   = 64                                        {product} {ergonomic}
   size_t InitialHeapSize                          = 67108864                                  {product} {command line}
   size_t MarkStackSize                            = 4194304                                   {product} {ergonomic}
   size_t MaxHeapSize                              = 67108864                                  {product} {command line}
   size_t MaxNewSize                               = 39845888                                  {product} {ergonomic}
   size_t MinHeapDeltaBytes                        = 1048576                                   {product} {ergonomic}
   size_t MinHeapSize                              = 67108864                                  {product} {command line}
    uintx NonNMethodCodeHeapSize                   = 5839372                                {pd product} {ergonomic}
    uintx NonProfiledCodeHeapSize                  = 122909434                              {pd product} {ergonomic}
    uintx ProfiledCodeHeapSize                     = 122909434                              {pd product} {ergonomic}
    uintx ReservedCodeCacheSize                    = 251658240                              {pd product} {ergonomic}
     bool SegmentedCodeCache                       = true                                      {product} {ergonomic}
   size_t SoftMaxHeapSize                          = 67108864                               {manageable} {ergonomic}
     bool UseCompressedClassPointers               = true                           {product lp64_product} {ergonomic}
     bool UseCompressedOops                        = true                           {product lp64_product} {ergonomic}
     bool UseG1GC                                  = true                                      {product} {ergonomic}
     bool UseLargePagesIndividualAllocation        = false                                  {pd product} {ergonomic}

Logging:
Log output configuration:
 #0: stdout all=warning uptime,level,tags
 #1: stderr all=off uptime,level,tags

Environment Variables:
JAVA_HOME=C:\Program Files\Microsoft\jdk-17.0.19.10-hotspot
CLASSPATH=.;D:\Training\java\mysql-connector-j-9.5.0.jar
PATH=D:\Training\project-a\projectvideo-app\projectvideo-frontend\node_modules\.bin;D:\Training\project-a\projectvideo-app\projectvideo-frontend\node_modules\.bin;D:\Training\project-a\projectvideo-app\node_modules\.bin;D:\Training\project-a\node_modules\.bin;D:\Training\node_modules\.bin;D:\node_modules\.bin;C:\Users\prath\AppData\Local\nvm\v20.20.2\node_modules\npm\node_modules\@npmcli\run-script\lib\node-gyp-bin;C:\Users\prath\AppData\Local\Android\Sdk;C:\Users\prath\AppData\Local\Android\Sdk\platform-tools;C:\Users\prath\AppData\Local\Android\Sdk\emulator;C:\Program Files\Microsoft\jdk-17.0.19.10-hotspot\bin;C:\Windows\Microsoft.NET\Framework64\v4.0.30319;C:\Program Files (x86)\SQlite;C:\Program Files\MySQL\MySQL Server 8.0\bin;C:\Program Files\VideoLAN\VLC\;D:\Users\prath\AppData\Roaming\Python\Python311\Scripts;C:\Program Files\Python311\Scripts\;C:\Program Files\Python311\;C:\Program Files\Common Files\Oracle\Java\javapath;C:\WINDOWS\system32;C:\WINDOWS;C:\WINDOWS\System32\Wbem;C:\WINDOWS\System32\WindowsPowerShell\v1.0\;C:\WINDOWS\System32\OpenSSH\;C:\Program Files\Java\jdk-18.0.2.1\bin;C:\Program Files\Microsoft SQL Server\140\Tools\Binn\;C:\Program Files\Git\cmd;C:\Program Files\Microsoft SQL Server\150\Tools\Binn\;C:\Program Files\Microsoft SQL Server\Client SDK\ODBC\170\Tools\Binn\;C:\Program Files\dotnet\;C:\Users\prath\AppData\Roaming\Python\Python311\Scripts;C:\Program Files\WireGuard\;C:\Program Files\CodeBlocks\MinGW\bin;C:\Program Files\mysql-connector\mysql-connector-j-9.5.0\mysql-connector-j-9.5.0.jar;C:\Program Files\PostgreSQL\13\bin;C:\Program Files\PostgreSQL\18\bin;C:\Users\prath\AppData\Local\nvm;C:\nvm4w\nodejs;C:\ProgramData\chocolatey\bin;C:\Program Files\nodejs\;C:\Users\prath\AppData\Local\Android\Sdk\platform-tools;C:\Users\prath\AppData\Local\Android\Sdk\emulator;C:\Program Files\Microsoft\jdk-17.0.19.10-hotspot\bin;C:\Users\prath\AppData\Local\Android\Sdk\platform-tools;C:\Users\prath\AppData\Local\Android\Sdk\emulator;C:\Users\prath\AppData\Local\Android\Sdk;C:\Users\prath\AppData\Local\Microsoft\WindowsApps;C:\Users\prath\.dotnet\tools;C:\Users\prath\AppData\Local\Programs\Microsoft VS Code\bin;C:\Users\prath\AppData\Local\Microsoft\GitHubDesktop\bin;C:\Users\prath\AppData\Local\GitHubDesktop\bin;C:\Users\prath\AppData\Local\Programs\Hyper\resources\bin;C:\Program Files\sf\bin;C:\Program Files\Common Files\Oracle\Java\javapath\sf\bin;C:\Users\prath\Downloads\flutter\bin;C:\Users\prath\AppData\Local\nvm;C:\nvm4w\nodejs;C:\Users\prath\AppData\Roaming\npm;C:\Users\prath\AppData\Local\Programs\Antigravity IDE\bin
USERNAME=prath
OS=Windows_NT
PROCESSOR_IDENTIFIER=AMD64 Family 23 Model 104 Stepping 1, AuthenticAMD
TMP=C:\Users\prath\AppData\Local\Temp
TEMP=C:\Users\prath\AppData\Local\Temp



Periodic native trim disabled


---------------  S Y S T E M  ---------------

OS:
 Windows 11 , 64 bit Build 26100 (10.0.26100.8875)
OS uptime: 2 days 12:02 hours
Hyper-V role detected

CPU: total 12 (initial active 12) (12 cores per cpu, 2 threads per core) family 23 model 104 stepping 1 microcode 0x8608103, cx8, cmov, fxsr, ht, mmx, 3dnowpref, sse, sse2, sse3, ssse3, sse4a, sse4.1, sse4.2, popcnt, lzcnt, tsc, tscinvbit, avx, avx2, aes, clmul, bmi1, bmi2, adx, sha, fma, vzeroupper, clflush, clflushopt, hv
Processor Information for the first 12 processors :
  Max Mhz: 2100, Current Mhz: 1988, Mhz Limit: 2100

Memory: 4k page, system-wide physical 5989M (1002M free)
TotalPageFile size 24421M (AvailPageFile size 0M)
current process WorkingSet (physical memory assigned to process): 9M, peak: 108M
current process commit charge ("private bytes"): 171M, peak: 193M

vm_info: OpenJDK 64-Bit Server VM (17.0.19+10-LTS) for windows-amd64 JRE (17.0.19+10-LTS), built on Apr 18 2026 18:24:40 by "MicrosoftCorporation" with MS VC++ 17.14 (VS2022)

END.
