#
# There is insufficient memory for the Java Runtime Environment to continue.
# Native memory allocation (malloc) failed to allocate 36320 bytes. Error detail: Chunk::new
# Possible reasons:
#   The system is out of physical RAM or swap space
#   This process is running with CompressedOops enabled, and the Java Heap may be blocking the growth of the native heap
# Possible solutions:
#   Reduce memory load on the system
#   Increase physical memory or swap space
#   Check if swap backing store is full
#   Decrease Java heap size (-Xmx/-Xms)
#   Decrease number of Java threads
#   Decrease Java thread stack sizes (-Xss)
#   Set larger code cache with -XX:ReservedCodeCacheSize=
#   JVM is running with Unscaled Compressed Oops mode in which the Java heap is
#     placed in the first 4GB address space. The Java Heap base address is the
#     maximum limit for the native heap growth. Please use -XX:HeapBaseMinAddress
#     to set the Java Heap base and to place the Java Heap above 4GB virtual address.
# This output file may be truncated or incomplete.
#
#  Out of Memory Error (arena.cpp:191), pid=17784, tid=18068
#
# JRE version: OpenJDK Runtime Environment Microsoft-13877129 (17.0.19+10) (build 17.0.19+10-LTS)
# Java VM: OpenJDK 64-Bit Server VM Microsoft-13877129 (17.0.19+10-LTS, mixed mode, sharing, tiered, compressed oops, compressed class ptrs, g1 gc, windows-amd64)
# No core dump will be written. Minidumps are not enabled by default on client versions of Windows
#

---------------  S U M M A R Y ------------

Command Line: -Xmx64m -Xms64m -Dorg.gradle.appname=gradlew D:\Training\project-a\projectvideo-app\projectvideo-frontend\android\\gradle\wrapper\gradle-wrapper.jar app:installDebug -PreactNativeDevServerPort=8081

Host: AMD Ryzen 5 5500U with Radeon Graphics         , 12 cores, 5G,  Windows 11 , 64 bit Build 26100 (10.0.26100.8737)
Time: Wed Jul  8 21:40:37 2026 India Standard Time elapsed time: 5.471148 seconds (0d 0h 0m 5s)

---------------  T H R E A D  ---------------

Current thread (0x000001b7d881aaa0):  JavaThread "C2 CompilerThread0" daemon [_thread_in_native, id=18068, stack(0x0000004be3700000,0x0000004be3800000)]


Current CompileTask:
C2:5471 1072   !   4       jdk.internal.loader.URLClassPath$JarLoader::getResource (354 bytes)

Stack: [0x0000004be3700000,0x0000004be3800000]
Native frames: (J=compiled Java code, j=interpreted, Vv=VM code, C=native code)
V  [jvm.dll+0x68cc89]  (no source info available)
V  [jvm.dll+0x845d89]  (no source info available)
V  [jvm.dll+0x847af8]  (no source info available)
V  [jvm.dll+0x848183]  (no source info available)
V  [jvm.dll+0x24d0bf]  (no source info available)
V  [jvm.dll+0xaed56]  (no source info available)
V  [jvm.dll+0xaf3fc]  (no source info available)
V  [jvm.dll+0x2b521e]  (no source info available)
V  [jvm.dll+0x594a44]  (no source info available)
V  [jvm.dll+0x226ed4]  (no source info available)
V  [jvm.dll+0x2272dd]  (no source info available)
V  [jvm.dll+0x220233]  (no source info available)
V  [jvm.dll+0x21d305]  (no source info available)
V  [jvm.dll+0x1a8db6]  (no source info available)
V  [jvm.dll+0x22dc6b]  (no source info available)
V  [jvm.dll+0x22bdf6]  (no source info available)
V  [jvm.dll+0x7fbecb]  (no source info available)
V  [jvm.dll+0x7f62cc]  (no source info available)
V  [jvm.dll+0x68e227]  (no source info available)
C  [ucrtbase.dll+0x2cd30]  (no source info available)
C  [KERNEL32.DLL+0x2e957]  (no source info available)
C  [ntdll.dll+0xaad6c]  (no source info available)


---------------  P R O C E S S  ---------------

Threads class SMR info:
_java_thread_list=0x000001b81e8f9330, length=13, elements={
0x000001b7be94eba0, 0x000001b7d87f75b0, 0x000001b7d87f9f90, 0x000001b7d88124c0,
0x000001b7d8812d90, 0x000001b7d8815670, 0x000001b7d88186f0, 0x000001b7d881aaa0,
0x000001b7d881db90, 0x000001b7d88370c0, 0x000001b7d8978dd0, 0x000001b7d8981580,
0x000001b81eae8030
}

Java Threads: ( => current thread )
  0x000001b7be94eba0 JavaThread "main" [_thread_in_Java, id=34180, stack(0x0000004be2a00000,0x0000004be2b00000)]
  0x000001b7d87f75b0 JavaThread "Reference Handler" daemon [_thread_blocked, id=5308, stack(0x0000004be3100000,0x0000004be3200000)]
  0x000001b7d87f9f90 JavaThread "Finalizer" daemon [_thread_blocked, id=34728, stack(0x0000004be3200000,0x0000004be3300000)]
  0x000001b7d88124c0 JavaThread "Signal Dispatcher" daemon [_thread_blocked, id=32156, stack(0x0000004be3300000,0x0000004be3400000)]
  0x000001b7d8812d90 JavaThread "Attach Listener" daemon [_thread_blocked, id=3828, stack(0x0000004be3400000,0x0000004be3500000)]
  0x000001b7d8815670 JavaThread "Service Thread" daemon [_thread_blocked, id=26520, stack(0x0000004be3500000,0x0000004be3600000)]
  0x000001b7d88186f0 JavaThread "Monitor Deflation Thread" daemon [_thread_blocked, id=26948, stack(0x0000004be3600000,0x0000004be3700000)]
=>0x000001b7d881aaa0 JavaThread "C2 CompilerThread0" daemon [_thread_in_native, id=18068, stack(0x0000004be3700000,0x0000004be3800000)]
  0x000001b7d881db90 JavaThread "C1 CompilerThread0" daemon [_thread_blocked, id=412, stack(0x0000004be3800000,0x0000004be3900000)]
  0x000001b7d88370c0 JavaThread "Sweeper thread" daemon [_thread_blocked, id=31104, stack(0x0000004be3900000,0x0000004be3a00000)]
  0x000001b7d8978dd0 JavaThread "Notification Thread" daemon [_thread_blocked, id=26612, stack(0x0000004be3a00000,0x0000004be3b00000)]
  0x000001b7d8981580 JavaThread "Common-Cleaner" daemon [_thread_blocked, id=27056, stack(0x0000004be3c00000,0x0000004be3d00000)]
  0x000001b81eae8030 JavaThread "pool-1-thread-1" [_thread_in_native, id=10096, stack(0x0000004be4000000,0x0000004be4100000)]

Other Threads:
  0x000001b7d87f39c0 VMThread "VM Thread" [stack: 0x0000004be3000000,0x0000004be3100000] [id=1568]
  0x000001b7d897b2c0 WatcherThread [stack: 0x0000004be3b00000,0x0000004be3c00000] [id=17840]
  0x000001b7be973290 GCTaskThread "GC Thread#0" [stack: 0x0000004be2b00000,0x0000004be2c00000] [id=30304]
  0x000001b7d8c4f1a0 GCTaskThread "GC Thread#1" [stack: 0x0000004be3d00000,0x0000004be3e00000] [id=21332]
  0x000001b81e000480 GCTaskThread "GC Thread#2" [stack: 0x0000004be3e00000,0x0000004be3f00000] [id=21368]
  0x000001b81e000750 GCTaskThread "GC Thread#3" [stack: 0x0000004be3f00000,0x0000004be4000000] [id=20708]
  0x000001b7be974900 ConcurrentGCThread "G1 Main Marker" [stack: 0x0000004be2c00000,0x0000004be2d00000] [id=33692]
  0x000001b7be975f00 ConcurrentGCThread "G1 Conc#0" [stack: 0x0000004be2d00000,0x0000004be2e00000] [id=35468]
  0x000001b7be9e4420 ConcurrentGCThread "G1 Refine#0" [stack: 0x0000004be2e00000,0x0000004be2f00000] [id=30048]
  0x000001b7be9e4c10 ConcurrentGCThread "G1 Service" [stack: 0x0000004be2f00000,0x0000004be3000000] [id=31816]

Threads with active compile tasks:
C2 CompilerThread0  5607 1072   !   4       jdk.internal.loader.URLClassPath$JarLoader::getResource (354 bytes)
C1 CompilerThread0  5607 1155       3       jdk.internal.org.objectweb.asm.Frame::getInputStackSize (6 bytes)

VM state: not at safepoint (normal execution)

VM Mutex/Monitor currently owned by a thread:  ([mutex/lock_event])
[0x000001b7be94e380] CompileStatistics_lock - owner thread: 0x0000000000000000

Heap address: 0x00000000fc000000, size: 64 MB, Compressed Oops mode: 32-bit

CDS archive(s) mapped at: [0x000001b7d9000000-0x000001b7d9bb0000-0x000001b7d9bb0000), size 12255232, SharedBaseAddress: 0x000001b7d9000000, ArchiveRelocationMode: 1.
Compressed class space mapped at: 0x000001b7da000000-0x000001b81a000000, reserved size: 1073741824
Narrow klass base: 0x000001b7d9000000, Narrow klass shift: 0, Narrow klass range: 0x100000000

GC Precious Log:
 CPUs: 12 total, 12 available
 Memory: 5989M
 Large Page Support: Disabled
 NUMA Support: Disabled
 Compressed Oops: Enabled (32-bit)
 Heap Region Size: 1M
 Heap Min Capacity: 64M
 Heap Initial Capacity: 64M
 Heap Max Capacity: 64M
 Pre-touch: Disabled
 Parallel Workers: 10
 Concurrent Workers: 3
 Concurrent Refinement Workers: 10
 Periodic GC: Disabled

Heap:
 garbage-first heap   total 65536K, used 29472K [0x00000000fc000000, 0x0000000100000000)
  region size 1024K, 27 young (27648K), 2 survivors (2048K)
 Metaspace       used 5666K, committed 5888K, reserved 1114112K
  class space    used 741K, committed 832K, reserved 1048576K

Heap Regions: E=young(eden), S=young(survivor), O=old, HS=humongous(starts), HC=humongous(continues), CS=collection set, F=free, OA=open archive, CA=closed archive, TAMS=top-at-mark-start (previous, next)
|   0|0x00000000fc000000, 0x00000000fc100000, 0x00000000fc100000|100%|HS|  |TAMS 0x00000000fc000000, 0x00000000fc000000| Complete 
|   1|0x00000000fc100000, 0x00000000fc200000, 0x00000000fc200000|100%|HC|  |TAMS 0x00000000fc100000, 0x00000000fc100000| Complete 
|   2|0x00000000fc200000, 0x00000000fc300000, 0x00000000fc300000|100%|HC|  |TAMS 0x00000000fc200000, 0x00000000fc200000| Complete 
|   3|0x00000000fc300000, 0x00000000fc400000, 0x00000000fc400000|100%|HC|  |TAMS 0x00000000fc300000, 0x00000000fc300000| Complete 
|   4|0x00000000fc400000, 0x00000000fc400000, 0x00000000fc500000|  0%| F|  |TAMS 0x00000000fc400000, 0x00000000fc400000| Untracked 
|   5|0x00000000fc500000, 0x00000000fc500000, 0x00000000fc600000|  0%| F|  |TAMS 0x00000000fc500000, 0x00000000fc500000| Untracked 
|   6|0x00000000fc600000, 0x00000000fc600000, 0x00000000fc700000|  0%| F|  |TAMS 0x00000000fc600000, 0x00000000fc600000| Untracked 
|   7|0x00000000fc700000, 0x00000000fc700000, 0x00000000fc800000|  0%| F|  |TAMS 0x00000000fc700000, 0x00000000fc700000| Untracked 
|   8|0x00000000fc800000, 0x00000000fc800000, 0x00000000fc900000|  0%| F|  |TAMS 0x00000000fc800000, 0x00000000fc800000| Untracked 
|   9|0x00000000fc900000, 0x00000000fc900000, 0x00000000fca00000|  0%| F|  |TAMS 0x00000000fc900000, 0x00000000fc900000| Untracked 
|  10|0x00000000fca00000, 0x00000000fca00000, 0x00000000fcb00000|  0%| F|  |TAMS 0x00000000fca00000, 0x00000000fca00000| Untracked 
|  11|0x00000000fcb00000, 0x00000000fcb00000, 0x00000000fcc00000|  0%| F|  |TAMS 0x00000000fcb00000, 0x00000000fcb00000| Untracked 
|  12|0x00000000fcc00000, 0x00000000fcc00000, 0x00000000fcd00000|  0%| F|  |TAMS 0x00000000fcc00000, 0x00000000fcc00000| Untracked 
|  13|0x00000000fcd00000, 0x00000000fcd00000, 0x00000000fce00000|  0%| F|  |TAMS 0x00000000fcd00000, 0x00000000fcd00000| Untracked 
|  14|0x00000000fce00000, 0x00000000fce00000, 0x00000000fcf00000|  0%| F|  |TAMS 0x00000000fce00000, 0x00000000fce00000| Untracked 
|  15|0x00000000fcf00000, 0x00000000fcf00000, 0x00000000fd000000|  0%| F|  |TAMS 0x00000000fcf00000, 0x00000000fcf00000| Untracked 
|  16|0x00000000fd000000, 0x00000000fd000000, 0x00000000fd100000|  0%| F|  |TAMS 0x00000000fd000000, 0x00000000fd000000| Untracked 
|  17|0x00000000fd100000, 0x00000000fd100000, 0x00000000fd200000|  0%| F|  |TAMS 0x00000000fd100000, 0x00000000fd100000| Untracked 
|  18|0x00000000fd200000, 0x00000000fd200000, 0x00000000fd300000|  0%| F|  |TAMS 0x00000000fd200000, 0x00000000fd200000| Untracked 
|  19|0x00000000fd300000, 0x00000000fd300000, 0x00000000fd400000|  0%| F|  |TAMS 0x00000000fd300000, 0x00000000fd300000| Untracked 
|  20|0x00000000fd400000, 0x00000000fd400000, 0x00000000fd500000|  0%| F|  |TAMS 0x00000000fd400000, 0x00000000fd400000| Untracked 
|  21|0x00000000fd500000, 0x00000000fd500000, 0x00000000fd600000|  0%| F|  |TAMS 0x00000000fd500000, 0x00000000fd500000| Untracked 
|  22|0x00000000fd600000, 0x00000000fd600000, 0x00000000fd700000|  0%| F|  |TAMS 0x00000000fd600000, 0x00000000fd600000| Untracked 
|  23|0x00000000fd700000, 0x00000000fd700000, 0x00000000fd800000|  0%| F|  |TAMS 0x00000000fd700000, 0x00000000fd700000| Untracked 
|  24|0x00000000fd800000, 0x00000000fd800000, 0x00000000fd900000|  0%| F|  |TAMS 0x00000000fd800000, 0x00000000fd800000| Untracked 
|  25|0x00000000fd900000, 0x00000000fd900000, 0x00000000fda00000|  0%| F|  |TAMS 0x00000000fd900000, 0x00000000fd900000| Untracked 
|  26|0x00000000fda00000, 0x00000000fda00000, 0x00000000fdb00000|  0%| F|  |TAMS 0x00000000fda00000, 0x00000000fda00000| Untracked 
|  27|0x00000000fdb00000, 0x00000000fdb00000, 0x00000000fdc00000|  0%| F|  |TAMS 0x00000000fdb00000, 0x00000000fdb00000| Untracked 
|  28|0x00000000fdc00000, 0x00000000fdc00000, 0x00000000fdd00000|  0%| F|  |TAMS 0x00000000fdc00000, 0x00000000fdc00000| Untracked 
|  29|0x00000000fdd00000, 0x00000000fdd00000, 0x00000000fde00000|  0%| F|  |TAMS 0x00000000fdd00000, 0x00000000fdd00000| Untracked 
|  30|0x00000000fde00000, 0x00000000fde00000, 0x00000000fdf00000|  0%| F|  |TAMS 0x00000000fde00000, 0x00000000fde00000| Untracked 
|  31|0x00000000fdf00000, 0x00000000fdf00000, 0x00000000fe000000|  0%| F|  |TAMS 0x00000000fdf00000, 0x00000000fdf00000| Untracked 
|  32|0x00000000fe000000, 0x00000000fe000000, 0x00000000fe100000|  0%| F|  |TAMS 0x00000000fe000000, 0x00000000fe000000| Untracked 
|  33|0x00000000fe100000, 0x00000000fe100000, 0x00000000fe200000|  0%| F|  |TAMS 0x00000000fe100000, 0x00000000fe100000| Untracked 
|  34|0x00000000fe200000, 0x00000000fe200000, 0x00000000fe300000|  0%| F|  |TAMS 0x00000000fe200000, 0x00000000fe200000| Untracked 
|  35|0x00000000fe300000, 0x00000000fe300000, 0x00000000fe400000|  0%| F|  |TAMS 0x00000000fe300000, 0x00000000fe300000| Untracked 
|  36|0x00000000fe400000, 0x00000000fe400000, 0x00000000fe500000|  0%| F|  |TAMS 0x00000000fe400000, 0x00000000fe400000| Untracked 
|  37|0x00000000fe500000, 0x00000000fe580000, 0x00000000fe600000| 50%| E|  |TAMS 0x00000000fe500000, 0x00000000fe500000| Complete 
|  38|0x00000000fe600000, 0x00000000fe700000, 0x00000000fe700000|100%| E|CS|TAMS 0x00000000fe600000, 0x00000000fe600000| Complete 
|  39|0x00000000fe700000, 0x00000000fe7c8000, 0x00000000fe800000| 78%| S|CS|TAMS 0x00000000fe700000, 0x00000000fe700000| Complete 
|  40|0x00000000fe800000, 0x00000000fe900000, 0x00000000fe900000|100%| S|CS|TAMS 0x00000000fe800000, 0x00000000fe800000| Complete 
|  41|0x00000000fe900000, 0x00000000fea00000, 0x00000000fea00000|100%| E|CS|TAMS 0x00000000fe900000, 0x00000000fe900000| Complete 
|  42|0x00000000fea00000, 0x00000000feb00000, 0x00000000feb00000|100%| E|CS|TAMS 0x00000000fea00000, 0x00000000fea00000| Complete 
|  43|0x00000000feb00000, 0x00000000fec00000, 0x00000000fec00000|100%| E|CS|TAMS 0x00000000feb00000, 0x00000000feb00000| Complete 
|  44|0x00000000fec00000, 0x00000000fed00000, 0x00000000fed00000|100%| E|CS|TAMS 0x00000000fec00000, 0x00000000fec00000| Complete 
|  45|0x00000000fed00000, 0x00000000fee00000, 0x00000000fee00000|100%| E|CS|TAMS 0x00000000fed00000, 0x00000000fed00000| Complete 
|  46|0x00000000fee00000, 0x00000000fef00000, 0x00000000fef00000|100%| E|CS|TAMS 0x00000000fee00000, 0x00000000fee00000| Complete 
|  47|0x00000000fef00000, 0x00000000ff000000, 0x00000000ff000000|100%| E|CS|TAMS 0x00000000fef00000, 0x00000000fef00000| Complete 
|  48|0x00000000ff000000, 0x00000000ff100000, 0x00000000ff100000|100%| E|CS|TAMS 0x00000000ff000000, 0x00000000ff000000| Complete 
|  49|0x00000000ff100000, 0x00000000ff200000, 0x00000000ff200000|100%| E|CS|TAMS 0x00000000ff100000, 0x00000000ff100000| Complete 
|  50|0x00000000ff200000, 0x00000000ff300000, 0x00000000ff300000|100%| E|CS|TAMS 0x00000000ff200000, 0x00000000ff200000| Complete 
|  51|0x00000000ff300000, 0x00000000ff400000, 0x00000000ff400000|100%| E|CS|TAMS 0x00000000ff300000, 0x00000000ff300000| Complete 
|  52|0x00000000ff400000, 0x00000000ff500000, 0x00000000ff500000|100%| E|CS|TAMS 0x00000000ff400000, 0x00000000ff400000| Complete 
|  53|0x00000000ff500000, 0x00000000ff600000, 0x00000000ff600000|100%| E|CS|TAMS 0x00000000ff500000, 0x00000000ff500000| Complete 
|  54|0x00000000ff600000, 0x00000000ff700000, 0x00000000ff700000|100%| E|CS|TAMS 0x00000000ff600000, 0x00000000ff600000| Complete 
|  55|0x00000000ff700000, 0x00000000ff800000, 0x00000000ff800000|100%| E|CS|TAMS 0x00000000ff700000, 0x00000000ff700000| Complete 
|  56|0x00000000ff800000, 0x00000000ff900000, 0x00000000ff900000|100%| E|CS|TAMS 0x00000000ff800000, 0x00000000ff800000| Complete 
|  57|0x00000000ff900000, 0x00000000ffa00000, 0x00000000ffa00000|100%| E|CS|TAMS 0x00000000ff900000, 0x00000000ff900000| Complete 
|  58|0x00000000ffa00000, 0x00000000ffb00000, 0x00000000ffb00000|100%| E|CS|TAMS 0x00000000ffa00000, 0x00000000ffa00000| Complete 
|  59|0x00000000ffb00000, 0x00000000ffc00000, 0x00000000ffc00000|100%| E|CS|TAMS 0x00000000ffb00000, 0x00000000ffb00000| Complete 
|  60|0x00000000ffc00000, 0x00000000ffd00000, 0x00000000ffd00000|100%| E|  |TAMS 0x00000000ffc00000, 0x00000000ffc00000| Complete 
|  61|0x00000000ffd00000, 0x00000000ffe00000, 0x00000000ffe00000|100%| E|CS|TAMS 0x00000000ffd00000, 0x00000000ffd00000| Complete 
|  62|0x00000000ffe00000, 0x00000000fff00000, 0x00000000fff00000|100%| E|CS|TAMS 0x00000000ffe00000, 0x00000000ffe00000| Complete 
|  63|0x00000000fff00000, 0x0000000100000000, 0x0000000100000000|100%| E|CS|TAMS 0x00000000fff00000, 0x00000000fff00000| Complete 

Card table byte_map: [0x000001b7bc7d0000,0x000001b7bc7f0000] _byte_map_base: 0x000001b7bbff0000

Marking Bits (Prev, Next): (CMBitMap*) 0x000001b7be9737d0, (CMBitMap*) 0x000001b7be973810
 Prev Bits: [0x000001b7d5a30000, 0x000001b7d5b30000)
 Next Bits: [0x000001b7d5b30000, 0x000001b7d5c30000)

Polling page: 0x000001b7bc780000

Metaspace:

Usage:
  Non-class:      4.84 MB used.
      Class:    743.17 KB used.
       Both:      5.56 MB used.

Virtual space:
  Non-class space:       64.00 MB reserved,       4.94 MB (  8%) committed,  1 nodes.
      Class space:        1.00 GB reserved,     832.00 KB ( <1%) committed,  1 nodes.
             Both:        1.06 GB reserved,       5.75 MB ( <1%) committed. 

Chunk freelists:
   Non-Class:  9.64 MB
       Class:  15.23 MB
        Both:  24.88 MB

MaxMetaspaceSize: unlimited
CompressedClassSpaceSize: 1.00 GB
Initial GC threshold: 21.00 MB
Current GC threshold: 21.00 MB
CDS: on
MetaspaceReclaimPolicy: balanced
 - commit_granule_bytes: 65536.
 - commit_granule_words: 8192.
 - virtual_space_node_default_size: 8388608.
 - enlarge_chunks_in_place: 1.
 - new_chunks_are_fully_committed: 0.
 - uncommit_free_chunks: 1.
 - use_allocation_guard: 0.
 - handle_deallocations: 1.


Internal statistics:

num_allocs_failed_limit: 0.
num_arena_births: 62.
num_arena_deaths: 0.
num_vsnodes_births: 2.
num_vsnodes_deaths: 0.
num_space_committed: 92.
num_space_uncommitted: 0.
num_chunks_returned_to_freelist: 0.
num_chunks_taken_from_freelist: 217.
num_chunk_merges: 0.
num_chunk_splits: 136.
num_chunks_enlarged: 107.
num_inconsistent_stats: 0.

CodeHeap 'non-profiled nmethods': size=120000Kb used=501Kb max_used=501Kb free=119498Kb
 bounds [0x000001b7cdfb0000, 0x000001b7ce220000, 0x000001b7d54e0000]
CodeHeap 'profiled nmethods': size=120000Kb used=2205Kb max_used=2205Kb free=117795Kb
 bounds [0x000001b7c64e0000, 0x000001b7c6750000, 0x000001b7cda10000]
CodeHeap 'non-nmethods': size=5760Kb used=1142Kb max_used=1148Kb free=4617Kb
 bounds [0x000001b7cda10000, 0x000001b7cdc80000, 0x000001b7cdfb0000]
 total_blobs=1584 nmethods=1153 adapters=344
 compilation: enabled
              stopped_count=0, restarted_count=0
 full_count=0

Compilation events (20 events):
Event: 3.399 Thread 0x000001b7d881aaa0 1080       4       java.lang.StringBuilder::<init> (7 bytes)
Event: 3.402 Thread 0x000001b7d881aaa0 nmethod 1080 0x000001b7ce02ac10 code [0x000001b7ce02ada0, 0x000001b7ce02af58]
Event: 3.402 Thread 0x000001b7d881aaa0 1100       4       java.lang.StringLatin1::indexOf (121 bytes)
Event: 3.406 Thread 0x000001b7d881db90 1102       3       java.lang.ClassLoader::defineClass (43 bytes)
Event: 3.407 Thread 0x000001b7d881db90 nmethod 1102 0x000001b7c66ed090 code [0x000001b7c66ed280, 0x000001b7c66ed778]
Event: 3.407 Thread 0x000001b7d881db90 1103       3       java.lang.ClassLoader::preDefineClass (118 bytes)
Event: 3.409 Thread 0x000001b7d881db90 nmethod 1103 0x000001b7c66eda10 code [0x000001b7c66edd80, 0x000001b7c66ef018]
Event: 3.409 Thread 0x000001b7d881db90 1104       3       java.lang.ClassLoader::checkCerts (121 bytes)
Event: 3.411 Thread 0x000001b7d881db90 nmethod 1104 0x000001b7c66ef710 code [0x000001b7c66efa00, 0x000001b7c66f0828]
Event: 3.411 Thread 0x000001b7d881db90 1106       3       java.lang.ClassLoader::getNamedPackage (73 bytes)
Event: 3.412 Thread 0x000001b7d881db90 nmethod 1106 0x000001b7c66f0d90 code [0x000001b7c66f0f80, 0x000001b7c66f14c8]
Event: 3.412 Thread 0x000001b7d881db90 1105       3       java.lang.ClassLoader::defineClassSourceLocation (28 bytes)
Event: 3.412 Thread 0x000001b7d881db90 nmethod 1105 0x000001b7c66f1690 code [0x000001b7c66f1860, 0x000001b7c66f1be8]
Event: 3.413 Thread 0x000001b7d881db90 1107       3       java.util.WeakHashMap::put (160 bytes)
Event: 3.414 Thread 0x000001b7d881db90 nmethod 1107 0x000001b7c66f1d90 code [0x000001b7c66f2020, 0x000001b7c66f3028]
Event: 3.416 Thread 0x000001b7d881aaa0 nmethod 1100 0x000001b7ce02b010 code [0x000001b7ce02b1a0, 0x000001b7ce02b678]
Event: 3.416 Thread 0x000001b7d881aaa0 1101       4       java.util.concurrent.ConcurrentHashMap::setTabAt (20 bytes)
Event: 3.418 Thread 0x000001b7d881aaa0 nmethod 1101 0x000001b7ce02b910 code [0x000001b7ce02ba80, 0x000001b7ce02bb98]
Event: 3.418 Thread 0x000001b7d881aaa0 1072   !   4       jdk.internal.loader.URLClassPath$JarLoader::getResource (354 bytes)
Event: 5.449 Thread 0x000001b7d881db90 1108       3       org.fusesource.jansi.internal.JansiLoader$1::accept (26 bytes)

GC Heap History (2 events):
Event: 1.195 GC heap before
{Heap before GC invocations=0 (full 0):
 garbage-first heap   total 65536K, used 23552K [0x00000000fc000000, 0x0000000100000000)
  region size 1024K, 23 young (23552K), 0 survivors (0K)
 Metaspace       used 1683K, committed 1792K, reserved 1114112K
  class space    used 158K, committed 192K, reserved 1048576K
}
Event: 1.203 GC heap after
{Heap after GC invocations=1 (full 0):
 garbage-first heap   total 65536K, used 1824K [0x00000000fc000000, 0x0000000100000000)
  region size 1024K, 2 young (2048K), 2 survivors (2048K)
 Metaspace       used 1683K, committed 1792K, reserved 1114112K
  class space    used 158K, committed 192K, reserved 1048576K
}

Dll operation events (10 events):
Event: 0.024 Loaded shared library C:\Program Files\Microsoft\jdk-17.0.19.10-hotspot\bin\java.dll
Event: 0.118 Loaded shared library C:\Program Files\Microsoft\jdk-17.0.19.10-hotspot\bin\jsvml.dll
Event: 0.178 Loaded shared library C:\Program Files\Microsoft\jdk-17.0.19.10-hotspot\bin\net.dll
Event: 0.183 Loaded shared library C:\Program Files\Microsoft\jdk-17.0.19.10-hotspot\bin\nio.dll
Event: 0.191 Loaded shared library C:\Program Files\Microsoft\jdk-17.0.19.10-hotspot\bin\zip.dll
Event: 1.212 Loaded shared library C:\Program Files\Microsoft\jdk-17.0.19.10-hotspot\bin\jimage.dll
Event: 3.132 Loaded shared library C:\Program Files\Microsoft\jdk-17.0.19.10-hotspot\bin\management.dll
Event: 3.145 Loaded shared library C:\Program Files\Microsoft\jdk-17.0.19.10-hotspot\bin\management_ext.dll
Event: 3.280 Loaded shared library C:\Users\prath\.gradle\native\660c5614fbf4a5f2a75b1949f50a0caf5cd603558e7d8a26e50b933a0cfb79d1\windows-amd64\native-platform.dll
Event: 3.380 Loaded shared library C:\Users\prath\.gradle\native\jansi\2.4.2\Windows\x86_64\jansi.dll

Deoptimization events (20 events):
Event: 3.079 Thread 0x000001b7be94eba0 Uncommon trap: trap_request=0xffffff45 fr.pc=0x000001b7cdfbf3f8 relative=0x0000000000000058
Event: 3.079 Thread 0x000001b7be94eba0 Uncommon trap: reason=unstable_if action=reinterpret pc=0x000001b7cdfbf3f8 method=java.util.regex.Pattern.has(I)Z @ 6 c2
Event: 3.079 Thread 0x000001b7be94eba0 DEOPT PACKING pc=0x000001b7cdfbf3f8 sp=0x0000004be2afdca0
Event: 3.079 Thread 0x000001b7be94eba0 DEOPT UNPACKING pc=0x000001b7cda669a3 sp=0x0000004be2afdc30 mode 2
Event: 3.185 Thread 0x000001b7be94eba0 Uncommon trap: trap_request=0xffffff45 fr.pc=0x000001b7ce0176e8 relative=0x0000000000000248
Event: 3.185 Thread 0x000001b7be94eba0 Uncommon trap: reason=unstable_if action=reinterpret pc=0x000001b7ce0176e8 method=java.lang.String.startsWith(Ljava/lang/String;I)Z @ 14 c2
Event: 3.185 Thread 0x000001b7be94eba0 DEOPT PACKING pc=0x000001b7ce0176e8 sp=0x0000004be2afdb90
Event: 3.185 Thread 0x000001b7be94eba0 DEOPT UNPACKING pc=0x000001b7cda669a3 sp=0x0000004be2afdaf0 mode 2
Event: 3.191 Thread 0x000001b7be94eba0 Uncommon trap: trap_request=0xffffff45 fr.pc=0x000001b7ce0157dc relative=0x000000000000059c
Event: 3.191 Thread 0x000001b7be94eba0 Uncommon trap: reason=unstable_if action=reinterpret pc=0x000001b7ce0157dc method=java.util.HashMap.hash(Ljava/lang/Object;)I @ 1 c2
Event: 3.191 Thread 0x000001b7be94eba0 DEOPT PACKING pc=0x000001b7ce0157dc sp=0x0000004be2afdf70
Event: 3.191 Thread 0x000001b7be94eba0 DEOPT UNPACKING pc=0x000001b7cda669a3 sp=0x0000004be2afde18 mode 2
Event: 3.225 Thread 0x000001b7be94eba0 Uncommon trap: trap_request=0xffffff45 fr.pc=0x000001b7cdfdc5ec relative=0x000000000000042c
Event: 3.225 Thread 0x000001b7be94eba0 Uncommon trap: reason=unstable_if action=reinterpret pc=0x000001b7cdfdc5ec method=java.util.Properties.loadConvert([CIILjava/lang/StringBuilder;)Ljava/lang/String; @ 26 c2
Event: 3.225 Thread 0x000001b7be94eba0 DEOPT PACKING pc=0x000001b7cdfdc5ec sp=0x0000004be2afc740
Event: 3.225 Thread 0x000001b7be94eba0 DEOPT UNPACKING pc=0x000001b7cda669a3 sp=0x0000004be2afc700 mode 2
Event: 3.377 Thread 0x000001b81eae8030 Uncommon trap: trap_request=0xffffff45 fr.pc=0x000001b7ce00deac relative=0x000000000000140c
Event: 3.377 Thread 0x000001b81eae8030 Uncommon trap: reason=unstable_if action=reinterpret pc=0x000001b7ce00deac method=java.util.jar.JarFile.getVersionedEntry(Ljava/lang/String;Ljava/util/jar/JarEntry;)Ljava/util/jar/JarEntry; @ 26 c2
Event: 3.377 Thread 0x000001b81eae8030 DEOPT PACKING pc=0x000001b7ce00deac sp=0x0000004be40ff330
Event: 3.377 Thread 0x000001b81eae8030 DEOPT UNPACKING pc=0x000001b7cda669a3 sp=0x0000004be40ff2b0 mode 2

Classes loaded (20 events):
Event: 3.331 Loading class jdk/internal/reflect/Label
Event: 3.331 Loading class jdk/internal/reflect/Label done
Event: 3.331 Loading class jdk/internal/reflect/Label$PatchInfo
Event: 3.331 Loading class jdk/internal/reflect/Label$PatchInfo done
Event: 3.332 Loading class jdk/internal/reflect/MethodAccessorGenerator$1
Event: 3.332 Loading class jdk/internal/reflect/MethodAccessorGenerator$1 done
Event: 3.332 Loading class jdk/internal/reflect/ClassDefiner
Event: 3.332 Loading class jdk/internal/reflect/ClassDefiner done
Event: 3.332 Loading class jdk/internal/reflect/ClassDefiner$1
Event: 3.332 Loading class jdk/internal/reflect/ClassDefiner$1 done
Event: 3.332 Loading class jdk/internal/reflect/BootstrapConstructorAccessorImpl
Event: 3.332 Loading class jdk/internal/reflect/BootstrapConstructorAccessorImpl done
Event: 3.335 Loading class java/lang/Class$EnclosingMethodInfo
Event: 3.336 Loading class java/lang/Class$EnclosingMethodInfo done
Event: 3.363 Loading class java/io/UnsupportedEncodingException
Event: 3.364 Loading class java/io/UnsupportedEncodingException done
Event: 3.364 Loading class java/nio/charset/UnsupportedCharsetException
Event: 3.364 Loading class java/nio/charset/UnsupportedCharsetException done
Event: 3.370 Loading class java/io/IOError
Event: 3.370 Loading class java/io/IOError done

Classes unloaded (0 events):
No events

Classes redefined (0 events):
No events

Internal exceptions (20 events):
Event: 3.126 Thread 0x000001b7be94eba0 Exception <a 'java/lang/NoSuchMethodError'{0x00000000fefee370}: 'java.lang.Object java.lang.invoke.DirectMethodHandle$Holder.invokeStaticInit(java.lang.Object)'> (0x00000000fefee370) 
thrown [s\src\hotspot\share\interpreter\linkResolver.cpp, line 759]
Event: 3.170 Thread 0x000001b7be94eba0 Exception <a 'java/lang/NoSuchMethodError'{0x00000000fee09200}: 'int java.lang.invoke.DirectMethodHandle$Holder.invokeSpecial(java.lang.Object, java.lang.Object, java.lang.Object)'> (0x00000000fee09200) 
thrown [s\src\hotspot\share\interpreter\linkResolver.cpp, line 759]
Event: 3.187 Thread 0x000001b7be94eba0 Exception <a 'java/lang/NoSuchMethodError'{0x00000000fee46240}: 'void java.lang.invoke.DirectMethodHandle$Holder.invokeStatic(java.lang.Object, java.lang.Object)'> (0x00000000fee46240) 
thrown [s\src\hotspot\share\interpreter\linkResolver.cpp, line 759]
Event: 3.191 Thread 0x000001b7be94eba0 Implicit null exception at 0x000001b7ce01528a to 0x000001b7ce0157bc
Event: 3.308 Thread 0x000001b7be94eba0 Exception <a 'java/lang/NoSuchMethodError'{0x00000000fedeb1c0}: 'java.lang.Object java.lang.invoke.Invokers$Holder.invoker(java.lang.Object, java.lang.Object, java.lang.Object)'> (0x00000000fedeb1c0) 
thrown [s\src\hotspot\share\interpreter\linkResolver.cpp, line 759]
Event: 3.311 Thread 0x000001b7be94eba0 Exception <a 'java/lang/NoSuchMethodError'{0x00000000fedf4318}: 'java.lang.Object java.lang.invoke.DirectMethodHandle$Holder.invokeStatic(java.lang.Object, java.lang.Object, int)'> (0x00000000fedf4318) 
thrown [s\src\hotspot\share\interpreter\linkResolver.cpp, line 759]
Event: 3.313 Thread 0x000001b7be94eba0 Exception <a 'java/lang/NoSuchMethodError'{0x00000000fec00260}: 'void java.lang.invoke.DelegatingMethodHandle$Holder.delegate(java.lang.Object, java.lang.Object, int, java.lang.Object)'> (0x00000000fec00260) 
thrown [s\src\hotspot\share\interpreter\linkResolver.cpp, line 759]
Event: 3.318 Thread 0x000001b7be94eba0 Exception <a 'java/lang/NoSuchMethodError'{0x00000000fec138a8}: 'java.lang.Object java.lang.invoke.Invokers$Holder.invokeExact_MT(java.lang.Object, java.lang.Object, java.lang.Object, java.lang.Object)'> (0x00000000fec138a8) 
thrown [s\src\hotspot\share\interpreter\linkResolver.cpp, line 759]
Event: 3.334 Thread 0x000001b7be94eba0 Exception <a 'java/lang/NoSuchMethodError'{0x00000000fec42440}: 'java.lang.Object java.lang.invoke.DirectMethodHandle$Holder.invokeVirtual(java.lang.Object, java.lang.Object, java.lang.Object)'> (0x00000000fec42440) 
thrown [s\src\hotspot\share\interpreter\linkResolver.cpp, line 759]
Event: 3.370 Thread 0x000001b7be94eba0 Exception <a 'java/lang/NullPointerException'{0x00000000fecf0b50}> (0x00000000fecf0b50) 
thrown [s\src\hotspot\share\interpreter\linkResolver.cpp, line 1350]
Event: 3.386 Thread 0x000001b7be94eba0 Exception <a 'java/lang/NoSuchMethodError'{0x00000000feb1c0e8}: 'void java.lang.invoke.DirectMethodHandle$Holder.invokeStatic(java.lang.Object, long, java.lang.Object)'> (0x00000000feb1c0e8) 
thrown [s\src\hotspot\share\interpreter\linkResolver.cpp, line 759]
Event: 3.388 Thread 0x000001b7be94eba0 Exception <a 'java/lang/NoSuchMethodError'{0x00000000feb223f8}: 'java.lang.Object java.lang.invoke.DirectMethodHandle$Holder.newInvokeSpecial(java.lang.Object, long, java.lang.Object)'> (0x00000000feb223f8) 
thrown [s\src\hotspot\share\interpreter\linkResolver.cpp, line 759]
Event: 3.391 Thread 0x000001b7be94eba0 Exception <a 'java/lang/NullPointerException'{0x00000000feb2eb68}> (0x00000000feb2eb68) 
thrown [s\src\hotspot\share\interpreter\linkResolver.cpp, line 1350]
Event: 3.391 Thread 0x000001b7be94eba0 Exception <a 'java/lang/NullPointerException'{0x00000000feb2f0e8}> (0x00000000feb2f0e8) 
thrown [s\src\hotspot\share\interpreter\linkResolver.cpp, line 1350]
Event: 3.391 Thread 0x000001b7be94eba0 Exception <a 'java/lang/NullPointerException'{0x00000000feb2f668}> (0x00000000feb2f668) 
thrown [s\src\hotspot\share\interpreter\linkResolver.cpp, line 1350]
Event: 3.393 Thread 0x000001b7be94eba0 Exception <a 'java/lang/NullPointerException'{0x00000000feb38c40}> (0x00000000feb38c40) 
thrown [s\src\hotspot\share\interpreter\linkResolver.cpp, line 1350]
Event: 3.397 Thread 0x000001b7be94eba0 Exception <a 'java/lang/NullPointerException'{0x00000000feb55e48}> (0x00000000feb55e48) 
thrown [s\src\hotspot\share\interpreter\linkResolver.cpp, line 1350]
Event: 3.397 Thread 0x000001b7be94eba0 Exception <a 'java/lang/NullPointerException'{0x00000000feb563c8}> (0x00000000feb563c8) 
thrown [s\src\hotspot\share\interpreter\linkResolver.cpp, line 1350]
Event: 3.397 Thread 0x000001b7be94eba0 Exception <a 'java/lang/NullPointerException'{0x00000000feb56948}> (0x00000000feb56948) 
thrown [s\src\hotspot\share\interpreter\linkResolver.cpp, line 1350]
Event: 3.397 Thread 0x000001b7be94eba0 Exception <a 'java/lang/NullPointerException'{0x00000000feb56ec8}> (0x00000000feb56ec8) 
thrown [s\src\hotspot\share\interpreter\linkResolver.cpp, line 1350]

VM Operations (20 events):
Event: 0.193 Executing VM operation: HandshakeAllThreads
Event: 0.194 Executing VM operation: HandshakeAllThreads done
Event: 1.193 Executing VM operation: G1CollectForAllocation
Event: 1.203 Executing VM operation: G1CollectForAllocation done
Event: 1.293 Executing VM operation: HandshakeAllThreads
Event: 1.293 Executing VM operation: HandshakeAllThreads done
Event: 2.299 Executing VM operation: Cleanup
Event: 2.719 Executing VM operation: Cleanup done
Event: 3.093 Executing VM operation: HandshakeAllThreads
Event: 3.093 Executing VM operation: HandshakeAllThreads done
Event: 3.100 Executing VM operation: HandshakeAllThreads
Event: 3.100 Executing VM operation: HandshakeAllThreads done
Event: 3.100 Executing VM operation: HandshakeAllThreads
Event: 3.100 Executing VM operation: HandshakeAllThreads done
Event: 3.186 Executing VM operation: HandshakeAllThreads
Event: 3.186 Executing VM operation: HandshakeAllThreads done
Event: 3.310 Executing VM operation: HandshakeAllThreads
Event: 3.310 Executing VM operation: HandshakeAllThreads done
Event: 4.313 Executing VM operation: Cleanup
Event: 5.449 Executing VM operation: Cleanup done

Memory protections (0 events):
No events

Nmethod flushes (0 events):
No events

Events (14 events):
Event: 0.118 Thread 0x000001b7be94eba0 Thread added: 0x000001b7be94eba0
Event: 0.122 Thread 0x000001b7be94eba0 Thread added: 0x000001b7d87f75b0
Event: 0.122 Thread 0x000001b7be94eba0 Thread added: 0x000001b7d87f9f90
Event: 0.142 Thread 0x000001b7be94eba0 Thread added: 0x000001b7d88124c0
Event: 0.142 Thread 0x000001b7be94eba0 Thread added: 0x000001b7d8812d90
Event: 0.142 Thread 0x000001b7be94eba0 Thread added: 0x000001b7d8815670
Event: 0.142 Thread 0x000001b7be94eba0 Thread added: 0x000001b7d88186f0
Event: 0.143 Thread 0x000001b7be94eba0 Thread added: 0x000001b7d881aaa0
Event: 0.143 Thread 0x000001b7be94eba0 Thread added: 0x000001b7d881db90
Event: 0.143 Thread 0x000001b7be94eba0 Thread added: 0x000001b7d88370c0
Event: 0.167 Thread 0x000001b7be94eba0 Thread added: 0x000001b7d8978dd0
Event: 0.169 Thread 0x000001b7be94eba0 Thread added: 0x000001b7d8981580
Event: 3.374 Thread 0x000001b7be94eba0 Thread added: 0x000001b81eae8030
Event: 5.449 Thread 0x000001b81eae8030 Thread exited: 0x000001b81eae8030


Dynamic libraries:
0x00007ff735020000 - 0x00007ff73502e000 	C:\Program Files\Microsoft\jdk-17.0.19.10-hotspot\bin\java.exe
0x00007ffe8f580000 - 0x00007ffe8f7e6000 	C:\WINDOWS\SYSTEM32\ntdll.dll
0x00007ffe8d300000 - 0x00007ffe8d3c9000 	C:\WINDOWS\System32\KERNEL32.DLL
0x00007ffe8cba0000 - 0x00007ffe8cfa0000 	C:\WINDOWS\System32\KERNELBASE.dll
0x00007ffe8c8d0000 - 0x00007ffe8ca1c000 	C:\WINDOWS\System32\ucrtbase.dll
0x00007ffe54890000 - 0x00007ffe548a8000 	C:\Program Files\Microsoft\jdk-17.0.19.10-hotspot\bin\jli.dll
0x00007ffe548b0000 - 0x00007ffe548ce000 	C:\Program Files\Microsoft\jdk-17.0.19.10-hotspot\bin\VCRUNTIME140.dll
0x00007ffe8e1e0000 - 0x00007ffe8e3a7000 	C:\WINDOWS\System32\USER32.dll
0x00007ffe8ca30000 - 0x00007ffe8ca57000 	C:\WINDOWS\System32\win32u.dll
0x00007ffe765f0000 - 0x00007ffe76882000 	C:\WINDOWS\WinSxS\amd64_microsoft.windows.common-controls_6595b64144ccf1df_6.0.26100.8737_none_3e092eaee333b772\COMCTL32.dll
0x00007ffe8e1b0000 - 0x00007ffe8e1db000 	C:\WINDOWS\System32\GDI32.dll
0x00007ffe8ebb0000 - 0x00007ffe8ec59000 	C:\WINDOWS\System32\msvcrt.dll
0x00007ffe8c7a0000 - 0x00007ffe8c8c9000 	C:\WINDOWS\System32\gdi32full.dll
0x00007ffe8caf0000 - 0x00007ffe8cb93000 	C:\WINDOWS\System32\msvcp_win.dll
0x00007ffe8ef70000 - 0x00007ffe8efa2000 	C:\WINDOWS\System32\IMM32.DLL
0x00007ffe62920000 - 0x00007ffe6292c000 	C:\Program Files\Microsoft\jdk-17.0.19.10-hotspot\bin\vcruntime140_1.dll
0x00007ffe00110000 - 0x00007ffe00199000 	C:\Program Files\Microsoft\jdk-17.0.19.10-hotspot\bin\msvcp140.dll
0x00007ffda5b00000 - 0x00007ffda677b000 	C:\Program Files\Microsoft\jdk-17.0.19.10-hotspot\bin\server\jvm.dll
0x00007ffe8f200000 - 0x00007ffe8f2b7000 	C:\WINDOWS\System32\ADVAPI32.dll
0x00007ffe8f2c0000 - 0x00007ffe8f36a000 	C:\WINDOWS\System32\sechost.dll
0x00007ffe8f420000 - 0x00007ffe8f538000 	C:\WINDOWS\System32\RPCRT4.dll
0x00007ffe8d3d0000 - 0x00007ffe8d450000 	C:\WINDOWS\System32\WS2_32.dll
0x00007ffe8c600000 - 0x00007ffe8c65e000 	C:\WINDOWS\SYSTEM32\POWRPROF.dll
0x00007ffe85580000 - 0x00007ffe855b6000 	C:\WINDOWS\SYSTEM32\WINMM.dll
0x00007ffe85660000 - 0x00007ffe8566b000 	C:\WINDOWS\SYSTEM32\VERSION.dll
0x00007ffe8c5e0000 - 0x00007ffe8c5f4000 	C:\WINDOWS\SYSTEM32\UMPDC.dll
0x00007ffe8b480000 - 0x00007ffe8b49b000 	C:\WINDOWS\SYSTEM32\kernel.appcore.dll
0x00007ffe554b0000 - 0x00007ffe554ba000 	C:\Program Files\Microsoft\jdk-17.0.19.10-hotspot\bin\jimage.dll
0x00007ffe89fb0000 - 0x00007ffe8a1f2000 	C:\WINDOWS\SYSTEM32\DBGHELP.DLL
0x00007ffe8d470000 - 0x00007ffe8d7f3000 	C:\WINDOWS\System32\combase.dll
0x00007ffe8e3b0000 - 0x00007ffe8e489000 	C:\WINDOWS\System32\OLEAUT32.dll
0x00007ffe73fa0000 - 0x00007ffe73fdb000 	C:\WINDOWS\SYSTEM32\dbgcore.DLL
0x00007ffe8d1f0000 - 0x00007ffe8d29c000 	C:\WINDOWS\System32\bcryptPrimitives.dll
0x00007ffe4ea80000 - 0x00007ffe4eaa6000 	C:\Program Files\Microsoft\jdk-17.0.19.10-hotspot\bin\java.dll
0x00007ffe00030000 - 0x00007ffe00106000 	C:\Program Files\Microsoft\jdk-17.0.19.10-hotspot\bin\jsvml.dll
0x00007ffe8d800000 - 0x00007ffe8df92000 	C:\WINDOWS\System32\SHELL32.dll
0x00007ffe8a230000 - 0x00007ffe8aac2000 	C:\WINDOWS\SYSTEM32\windows.storage.dll
0x00007ffe8f100000 - 0x00007ffe8f1f7000 	C:\WINDOWS\System32\SHCORE.dll
0x00007ffe8eb40000 - 0x00007ffe8eba7000 	C:\WINDOWS\System32\shlwapi.dll
0x00007ffe8c6c0000 - 0x00007ffe8c6e9000 	C:\WINDOWS\SYSTEM32\profapi.dll
0x00007ffe4ee20000 - 0x00007ffe4ee3b000 	C:\Program Files\Microsoft\jdk-17.0.19.10-hotspot\bin\net.dll
0x00007ffe82aa0000 - 0x00007ffe82bc9000 	C:\WINDOWS\SYSTEM32\WINHTTP.dll
0x00007ffe8ba30000 - 0x00007ffe8ba9c000 	C:\WINDOWS\system32\mswsock.dll
0x00007ffe4e690000 - 0x00007ffe4e6a6000 	C:\Program Files\Microsoft\jdk-17.0.19.10-hotspot\bin\nio.dll
0x00007ffe547a0000 - 0x00007ffe547b8000 	C:\Program Files\Microsoft\jdk-17.0.19.10-hotspot\bin\zip.dll
0x00007ffe4f230000 - 0x00007ffe4f23a000 	C:\Program Files\Microsoft\jdk-17.0.19.10-hotspot\bin\management.dll
0x00007ffe4e680000 - 0x00007ffe4e68c000 	C:\Program Files\Microsoft\jdk-17.0.19.10-hotspot\bin\management_ext.dll
0x00007ffe8d460000 - 0x00007ffe8d468000 	C:\WINDOWS\System32\PSAPI.DLL
0x00007ffe64790000 - 0x00007ffe647b7000 	C:\Users\prath\.gradle\native\660c5614fbf4a5f2a75b1949f50a0caf5cd603558e7d8a26e50b933a0cfb79d1\windows-amd64\native-platform.dll
0x00007ffe17730000 - 0x00007ffe17754000 	C:\Users\prath\.gradle\native\jansi\2.4.2\Windows\x86_64\jansi.dll

dbghelp: loaded successfully - version: 4.0.5 - missing functions: none
symbol engine: initialized successfully - sym options: 0x614 - pdb path: .;C:\Program Files\Microsoft\jdk-17.0.19.10-hotspot\bin;C:\WINDOWS\SYSTEM32;C:\WINDOWS\WinSxS\amd64_microsoft.windows.common-controls_6595b64144ccf1df_6.0.26100.8737_none_3e092eaee333b772;C:\Program Files\Microsoft\jdk-17.0.19.10-hotspot\bin\server;C:\Users\prath\.gradle\native\660c5614fbf4a5f2a75b1949f50a0caf5cd603558e7d8a26e50b933a0cfb79d1\windows-amd64;C:\Users\prath\.gradle\native\jansi\2.4.2\Windows\x86_64

VM Arguments:
jvm_args: -Xmx64m -Xms64m -Dorg.gradle.appname=gradlew 
java_command: D:\Training\project-a\projectvideo-app\projectvideo-frontend\android\\gradle\wrapper\gradle-wrapper.jar app:installDebug -PreactNativeDevServerPort=8081
java_class_path (initial): D:\Training\project-a\projectvideo-app\projectvideo-frontend\android\\gradle\wrapper\gradle-wrapper.jar
Launcher Type: SUN_STANDARD

[Global flags]
     intx CICompilerCount                          = 4                                         {product} {ergonomic}
     uint ConcGCThreads                            = 3                                         {product} {ergonomic}
     uint G1ConcRefinementThreads                  = 10                                        {product} {ergonomic}
   size_t G1HeapRegionSize                         = 1048576                                   {product} {ergonomic}
    uintx GCDrainStackTargetSize                   = 64                                        {product} {ergonomic}
   size_t InitialHeapSize                          = 67108864                                  {product} {command line}
   size_t MarkStackSize                            = 4194304                                   {product} {ergonomic}
   size_t MaxHeapSize                              = 67108864                                  {product} {command line}
   size_t MaxNewSize                               = 39845888                                  {product} {ergonomic}
   size_t MinHeapDeltaBytes                        = 1048576                                   {product} {ergonomic}
   size_t MinHeapSize                              = 67108864                                  {product} {command line}
    uintx NonNMethodCodeHeapSize                   = 5839372                                {pd product} {ergonomic}
    uintx NonProfiledCodeHeapSize                  = 122909434                              {pd product} {ergonomic}
    uintx ProfiledCodeHeapSize                     = 122909434                              {pd product} {ergonomic}
    uintx ReservedCodeCacheSize                    = 251658240                              {pd product} {ergonomic}
     bool SegmentedCodeCache                       = true                                      {product} {ergonomic}
   size_t SoftMaxHeapSize                          = 67108864                               {manageable} {ergonomic}
     bool UseCompressedClassPointers               = true                           {product lp64_product} {ergonomic}
     bool UseCompressedOops                        = true                           {product lp64_product} {ergonomic}
     bool UseG1GC                                  = true                                      {product} {ergonomic}
     bool UseLargePagesIndividualAllocation        = false                                  {pd product} {ergonomic}

Logging:
Log output configuration:
 #0: stdout all=warning uptime,level,tags
 #1: stderr all=off uptime,level,tags

Environment Variables:
JAVA_HOME=C:\Program Files\Microsoft\jdk-17.0.19.10-hotspot
CLASSPATH=.;D:\Training\java\mysql-connector-j-9.5.0.jar
PATH=D:\Training\project-a\projectvideo-app\projectvideo-frontend\node_modules\.bin;D:\Training\project-a\projectvideo-app\projectvideo-frontend\node_modules\.bin;D:\Training\project-a\projectvideo-app\node_modules\.bin;D:\Training\project-a\node_modules\.bin;D:\Training\node_modules\.bin;D:\node_modules\.bin;C:\Users\prath\AppData\Local\nvm\v20.20.2\node_modules\npm\node_modules\@npmcli\run-script\lib\node-gyp-bin;C:\Users\prath\AppData\Local\Android\Sdk;C:\Users\prath\AppData\Local\Android\Sdk\platform-tools;C:\Users\prath\AppData\Local\Android\Sdk\emulator;C:\Program Files\Microsoft\jdk-17.0.19.10-hotspot\bin;C:\Windows\Microsoft.NET\Framework64\v4.0.30319;C:\Program Files (x86)\SQlite;C:\Program Files\MySQL\MySQL Server 8.0\bin;C:\Program Files\VideoLAN\VLC\;D:\Users\prath\AppData\Roaming\Python\Python311\Scripts;C:\Program Files\Python311\Scripts\;C:\Program Files\Python311\;C:\Program Files\Common Files\Oracle\Java\javapath;C:\WINDOWS\system32;C:\WINDOWS;C:\WINDOWS\System32\Wbem;C:\WINDOWS\System32\WindowsPowerShell\v1.0\;C:\WINDOWS\System32\OpenSSH\;C:\Program Files\Java\jdk-18.0.2.1\bin;C:\Program Files\Microsoft SQL Server\140\Tools\Binn\;C:\Program Files\Git\cmd;C:\Program Files\Microsoft SQL Server\150\Tools\Binn\;C:\Program Files\Microsoft SQL Server\Client SDK\ODBC\170\Tools\Binn\;C:\Program Files\dotnet\;C:\Users\prath\AppData\Roaming\Python\Python311\Scripts;C:\Program Files\WireGuard\;C:\Program Files\CodeBlocks\MinGW\bin;C:\Program Files\mysql-connector\mysql-connector-j-9.5.0\mysql-connector-j-9.5.0.jar;C:\Program Files\PostgreSQL\13\bin;C:\Program Files\PostgreSQL\18\bin;C:\Users\prath\AppData\Local\nvm;C:\nvm4w\nodejs;C:\ProgramData\chocolatey\bin;C:\Program Files\nodejs\;C:\Users\prath\AppData\Local\Android\Sdk\platform-tools;C:\Users\prath\AppData\Local\Android\Sdk\emulator;C:\Program Files\Microsoft\jdk-17.0.19.10-hotspot\bin;C:\Users\prath\AppData\Local\Android\Sdk\platform-tools;C:\Users\prath\AppData\Local\Android\Sdk\emulator;C:\Users\prath\AppData\Local\Android\Sdk;C:\Users\prath\AppData\Local\Microsoft\WindowsApps;C:\Users\prath\.dotnet\tools;C:\Users\prath\AppData\Local\Programs\Microsoft VS Code\bin;C:\Users\prath\AppData\Local\Microsoft\GitHubDesktop\bin;C:\Users\prath\AppData\Local\GitHubDesktop\bin;C:\Users\prath\AppData\Local\Programs\Hyper\resources\bin;C:\Program Files\sf\bin;C:\Program Files\Common Files\Oracle\Java\javapath\sf\bin;C:\Users\prath\Downloads\flutter\bin;C:\Users\prath\AppData\Local\nvm;C:\nvm4w\nodejs;C:\Users\prath\AppData\Roaming\npm;C:\Users\prath\AppData\Local\Programs\Antigravity IDE\bin
USERNAME=prath
LANG=en_US.UTF-8
OS=Windows_NT
PROCESSOR_IDENTIFIER=AMD64 Family 23 Model 104 Stepping 1, AuthenticAMD
TMP=C:\Users\prath\AppData\Local\Temp
TEMP=C:\Users\prath\AppData\Local\Temp



Periodic native trim disabled


---------------  S Y S T E M  ---------------

OS:
 Windows 11 , 64 bit Build 26100 (10.0.26100.8737)
OS uptime: 0 days 4:53 hours
Hyper-V role detected

CPU: total 12 (initial active 12) (12 cores per cpu, 2 threads per core) family 23 model 104 stepping 1 microcode 0x8608103, cx8, cmov, fxsr, ht, mmx, 3dnowpref, sse, sse2, sse3, ssse3, sse4a, sse4.1, sse4.2, popcnt, lzcnt, tsc, tscinvbit, avx, avx2, aes, clmul, bmi1, bmi2, adx, sha, fma, vzeroupper, clflush, clflushopt, hv
Processor Information for the first 12 processors :
  Max Mhz: 2100, Current Mhz: 1988, Mhz Limit: 2100

Memory: 4k page, system-wide physical 5989M (276M free)
TotalPageFile size 24421M (AvailPageFile size 4M)
current process WorkingSet (physical memory assigned to process): 84M, peak: 84M
current process commit charge ("private bytes"): 165M, peak: 166M

vm_info: OpenJDK 64-Bit Server VM (17.0.19+10-LTS) for windows-amd64 JRE (17.0.19+10-LTS), built on Apr 18 2026 18:24:40 by "MicrosoftCorporation" with MS VC++ 17.14 (VS2022)

END.
